
corePC.elf:     file format elf32-littleriscv


Disassembly of section .text:

10000000 <_ftext>:
10000000:	0b00006f          	j	100000b0 <crt_init>
10000004:	00000013          	nop
10000008:	00000013          	nop
1000000c:	00000013          	nop
10000010:	00000013          	nop
10000014:	00000013          	nop
10000018:	00000013          	nop
1000001c:	00000013          	nop

10000020 <trap_entry>:
10000020:	fe112e23          	sw	ra,-4(sp)
10000024:	fe512c23          	sw	t0,-8(sp)
10000028:	fe612a23          	sw	t1,-12(sp)
1000002c:	fe712823          	sw	t2,-16(sp)
10000030:	fea12623          	sw	a0,-20(sp)
10000034:	feb12423          	sw	a1,-24(sp)
10000038:	fec12223          	sw	a2,-28(sp)
1000003c:	fed12023          	sw	a3,-32(sp)
10000040:	fce12e23          	sw	a4,-36(sp)
10000044:	fcf12c23          	sw	a5,-40(sp)
10000048:	fd012a23          	sw	a6,-44(sp)
1000004c:	fd112823          	sw	a7,-48(sp)
10000050:	fdc12623          	sw	t3,-52(sp)
10000054:	fdd12423          	sw	t4,-56(sp)
10000058:	fde12223          	sw	t5,-60(sp)
1000005c:	fdf12023          	sw	t6,-64(sp)
10000060:	fc010113          	addi	sp,sp,-64
10000064:	110000ef          	jal	ra,10000174 <isr>
10000068:	03c12083          	lw	ra,60(sp)
1000006c:	03812283          	lw	t0,56(sp)
10000070:	03412303          	lw	t1,52(sp)
10000074:	03012383          	lw	t2,48(sp)
10000078:	02c12503          	lw	a0,44(sp)
1000007c:	02812583          	lw	a1,40(sp)
10000080:	02412603          	lw	a2,36(sp)
10000084:	02012683          	lw	a3,32(sp)
10000088:	01c12703          	lw	a4,28(sp)
1000008c:	01812783          	lw	a5,24(sp)
10000090:	01412803          	lw	a6,20(sp)
10000094:	01012883          	lw	a7,16(sp)
10000098:	00c12e03          	lw	t3,12(sp)
1000009c:	00812e83          	lw	t4,8(sp)
100000a0:	00412f03          	lw	t5,4(sp)
100000a4:	00012f83          	lw	t6,0(sp)
100000a8:	04010113          	addi	sp,sp,64
100000ac:	30200073          	mret

100000b0 <crt_init>:
100000b0:	60000113          	li	sp,1536
100000b4:	00000517          	auipc	a0,0x0
100000b8:	f6c50513          	addi	a0,a0,-148 # 10000020 <trap_entry>
100000bc:	30551073          	csrw	mtvec,a0

100000c0 <data_init>:
100000c0:	00000513          	li	a0,0
100000c4:	00000593          	li	a1,0
100000c8:	00001617          	auipc	a2,0x1
100000cc:	81860613          	addi	a2,a2,-2024 # 100008e0 <_etext>

100000d0 <data_loop>:
100000d0:	00b50c63          	beq	a0,a1,100000e8 <bss_init>
100000d4:	00062683          	lw	a3,0(a2)
100000d8:	00d52023          	sw	a3,0(a0)
100000dc:	00450513          	addi	a0,a0,4
100000e0:	00460613          	addi	a2,a2,4
100000e4:	fedff06f          	j	100000d0 <data_loop>

100000e8 <bss_init>:
100000e8:	00000513          	li	a0,0
100000ec:	00800593          	li	a1,8

100000f0 <bss_loop>:
100000f0:	00b50863          	beq	a0,a1,10000100 <bss_done>
100000f4:	00052023          	sw	zero,0(a0)
100000f8:	00450513          	addi	a0,a0,4
100000fc:	ff5ff06f          	j	100000f0 <bss_loop>

10000100 <bss_done>:
10000100:	00001537          	lui	a0,0x1
10000104:	88050513          	addi	a0,a0,-1920 # 880 <_fstack+0x280>
10000108:	30451073          	csrw	mie,a0
1000010c:	2f0000ef          	jal	ra,100003fc <main>

10000110 <infinit_loop>:
10000110:	0000006f          	j	10000110 <infinit_loop>

10000114 <flush_cpu_icache>:
10000114:	ff010113          	addi	sp,sp,-16
10000118:	00812623          	sw	s0,12(sp)
1000011c:	01010413          	addi	s0,sp,16
10000120:	00000013          	nop
10000124:	00c12403          	lw	s0,12(sp)
10000128:	01010113          	addi	sp,sp,16
1000012c:	00008067          	ret

10000130 <flush_cpu_dcache>:
10000130:	ff010113          	addi	sp,sp,-16
10000134:	00812623          	sw	s0,12(sp)
10000138:	01010413          	addi	s0,sp,16
1000013c:	00000013          	nop
10000140:	00c12403          	lw	s0,12(sp)
10000144:	01010113          	addi	sp,sp,16
10000148:	00008067          	ret

1000014c <irq_setmask>:
1000014c:	fe010113          	addi	sp,sp,-32
10000150:	00812e23          	sw	s0,28(sp)
10000154:	02010413          	addi	s0,sp,32
10000158:	fea42623          	sw	a0,-20(s0)
1000015c:	fec42783          	lw	a5,-20(s0)
10000160:	bc079073          	csrw	0xbc0,a5
10000164:	00000013          	nop
10000168:	01c12403          	lw	s0,28(sp)
1000016c:	02010113          	addi	sp,sp,32
10000170:	00008067          	ret

10000174 <isr>:
10000174:	ff010113          	addi	sp,sp,-16
10000178:	00112623          	sw	ra,12(sp)
1000017c:	00812423          	sw	s0,8(sp)
10000180:	01010413          	addi	s0,sp,16
10000184:	00000513          	li	a0,0
10000188:	fc5ff0ef          	jal	ra,1000014c <irq_setmask>
1000018c:	f00037b7          	lui	a5,0xf0003
10000190:	03878793          	addi	a5,a5,56 # f0003038 <_etext+0xe0002758>
10000194:	00a00713          	li	a4,10
10000198:	00e7a023          	sw	a4,0(a5)
1000019c:	f00037b7          	lui	a5,0xf0003
100001a0:	03c78793          	addi	a5,a5,60 # f000303c <_etext+0xe000275c>
100001a4:	00020737          	lui	a4,0x20
100001a8:	00e7a023          	sw	a4,0(a5)
100001ac:	00100713          	li	a4,1
100001b0:	00e01023          	sh	a4,0(zero) # 0 <flag>
100001b4:	00000013          	nop
100001b8:	00c12083          	lw	ra,12(sp)
100001bc:	00812403          	lw	s0,8(sp)
100001c0:	01010113          	addi	sp,sp,16
100001c4:	00008067          	ret

100001c8 <flush_cpu_icache>:
100001c8:	ff010113          	addi	sp,sp,-16
100001cc:	00812623          	sw	s0,12(sp)
100001d0:	01010413          	addi	s0,sp,16
100001d4:	00000013          	nop
100001d8:	00c12403          	lw	s0,12(sp)
100001dc:	01010113          	addi	sp,sp,16
100001e0:	00008067          	ret

100001e4 <flush_cpu_dcache>:
100001e4:	ff010113          	addi	sp,sp,-16
100001e8:	00812623          	sw	s0,12(sp)
100001ec:	01010413          	addi	s0,sp,16
100001f0:	00000013          	nop
100001f4:	00c12403          	lw	s0,12(sp)
100001f8:	01010113          	addi	sp,sp,16
100001fc:	00008067          	ret

10000200 <putchar>:
10000200:	fe010113          	addi	sp,sp,-32
10000204:	00112e23          	sw	ra,28(sp)
10000208:	00812c23          	sw	s0,24(sp)
1000020c:	02010413          	addi	s0,sp,32
10000210:	00050793          	mv	a5,a0
10000214:	fef407a3          	sb	a5,-17(s0)
10000218:	fef44703          	lbu	a4,-17(s0)
1000021c:	00a00793          	li	a5,10
10000220:	00f71663          	bne	a4,a5,1000022c <putchar+0x2c>
10000224:	00d00513          	li	a0,13
10000228:	fd9ff0ef          	jal	ra,10000200 <putchar>
1000022c:	00000013          	nop
10000230:	f00067b7          	lui	a5,0xf0006
10000234:	80478793          	addi	a5,a5,-2044 # f0005804 <_etext+0xe0004f24>
10000238:	0007a703          	lw	a4,0(a5)
1000023c:	00100793          	li	a5,1
10000240:	fef708e3          	beq	a4,a5,10000230 <putchar+0x30>
10000244:	f00067b7          	lui	a5,0xf0006
10000248:	80078793          	addi	a5,a5,-2048 # f0005800 <_etext+0xe0004f20>
1000024c:	fef44703          	lbu	a4,-17(s0)
10000250:	00e7a023          	sw	a4,0(a5)
10000254:	00000013          	nop
10000258:	01c12083          	lw	ra,28(sp)
1000025c:	01812403          	lw	s0,24(sp)
10000260:	02010113          	addi	sp,sp,32
10000264:	00008067          	ret

10000268 <print>:
10000268:	fe010113          	addi	sp,sp,-32
1000026c:	00112e23          	sw	ra,28(sp)
10000270:	00812c23          	sw	s0,24(sp)
10000274:	02010413          	addi	s0,sp,32
10000278:	fea42623          	sw	a0,-20(s0)
1000027c:	01c0006f          	j	10000298 <print+0x30>
10000280:	fec42783          	lw	a5,-20(s0)
10000284:	00178713          	addi	a4,a5,1
10000288:	fee42623          	sw	a4,-20(s0)
1000028c:	0007c783          	lbu	a5,0(a5)
10000290:	00078513          	mv	a0,a5
10000294:	f6dff0ef          	jal	ra,10000200 <putchar>
10000298:	fec42783          	lw	a5,-20(s0)
1000029c:	0007c783          	lbu	a5,0(a5)
100002a0:	fe0790e3          	bnez	a5,10000280 <print+0x18>
100002a4:	00000013          	nop
100002a8:	00000013          	nop
100002ac:	01c12083          	lw	ra,28(sp)
100002b0:	01812403          	lw	s0,24(sp)
100002b4:	02010113          	addi	sp,sp,32
100002b8:	00008067          	ret

100002bc <wbWrite>:
100002bc:	fd010113          	addi	sp,sp,-48
100002c0:	02812623          	sw	s0,44(sp)
100002c4:	03010413          	addi	s0,sp,48
100002c8:	fca42e23          	sw	a0,-36(s0)
100002cc:	fcb42c23          	sw	a1,-40(s0)
100002d0:	fdc42783          	lw	a5,-36(s0)
100002d4:	fef42623          	sw	a5,-20(s0)
100002d8:	300007b7          	lui	a5,0x30000
100002dc:	fec42683          	lw	a3,-20(s0)
100002e0:	ffff8737          	lui	a4,0xffff8
100002e4:	00e6f733          	and	a4,a3,a4
100002e8:	00e7a023          	sw	a4,0(a5) # 30000000 <_etext+0x1ffff720>
100002ec:	fec42703          	lw	a4,-20(s0)
100002f0:	000107b7          	lui	a5,0x10
100002f4:	fff78793          	addi	a5,a5,-1 # ffff <_fstack+0xf9ff>
100002f8:	00f77733          	and	a4,a4,a5
100002fc:	300087b7          	lui	a5,0x30008
10000300:	00f767b3          	or	a5,a4,a5
10000304:	fef42423          	sw	a5,-24(s0)
10000308:	fe842783          	lw	a5,-24(s0)
1000030c:	fd842703          	lw	a4,-40(s0)
10000310:	00e7a023          	sw	a4,0(a5) # 30008000 <_etext+0x20007720>
10000314:	00000013          	nop
10000318:	02c12403          	lw	s0,44(sp)
1000031c:	03010113          	addi	sp,sp,48
10000320:	00008067          	ret

10000324 <wbRead>:
10000324:	fd010113          	addi	sp,sp,-48
10000328:	02812623          	sw	s0,44(sp)
1000032c:	03010413          	addi	s0,sp,48
10000330:	fca42e23          	sw	a0,-36(s0)
10000334:	fdc42783          	lw	a5,-36(s0)
10000338:	fef42623          	sw	a5,-20(s0)
1000033c:	300007b7          	lui	a5,0x30000
10000340:	fec42683          	lw	a3,-20(s0)
10000344:	ffff8737          	lui	a4,0xffff8
10000348:	00e6f733          	and	a4,a3,a4
1000034c:	00e7a023          	sw	a4,0(a5) # 30000000 <_etext+0x1ffff720>
10000350:	fec42703          	lw	a4,-20(s0)
10000354:	000107b7          	lui	a5,0x10
10000358:	fff78793          	addi	a5,a5,-1 # ffff <_fstack+0xf9ff>
1000035c:	00f77733          	and	a4,a4,a5
10000360:	300087b7          	lui	a5,0x30008
10000364:	00f767b3          	or	a5,a4,a5
10000368:	fef42423          	sw	a5,-24(s0)
1000036c:	fe842783          	lw	a5,-24(s0)
10000370:	0007a783          	lw	a5,0(a5) # 30008000 <_etext+0x20007720>
10000374:	00078513          	mv	a0,a5
10000378:	02c12403          	lw	s0,44(sp)
1000037c:	03010113          	addi	sp,sp,48
10000380:	00008067          	ret

10000384 <nextTest>:
10000384:	fe010113          	addi	sp,sp,-32
10000388:	00112e23          	sw	ra,28(sp)
1000038c:	00812c23          	sw	s0,24(sp)
10000390:	02010413          	addi	s0,sp,32
10000394:	00050793          	mv	a5,a0
10000398:	fef407a3          	sb	a5,-17(s0)
1000039c:	fef44783          	lbu	a5,-17(s0)
100003a0:	00078c63          	beqz	a5,100003b8 <nextTest+0x34>
100003a4:	000035b7          	lui	a1,0x3
100003a8:	330317b7          	lui	a5,0x33031
100003ac:	01478513          	addi	a0,a5,20 # 33031014 <_etext+0x23030734>
100003b0:	f0dff0ef          	jal	ra,100002bc <wbWrite>
100003b4:	0240006f          	j	100003d8 <nextTest+0x54>
100003b8:	000015b7          	lui	a1,0x1
100003bc:	330317b7          	lui	a5,0x33031
100003c0:	01878513          	addi	a0,a5,24 # 33031018 <_etext+0x23030738>
100003c4:	ef9ff0ef          	jal	ra,100002bc <wbWrite>
100003c8:	000025b7          	lui	a1,0x2
100003cc:	330317b7          	lui	a5,0x33031
100003d0:	01478513          	addi	a0,a5,20 # 33031014 <_etext+0x23030734>
100003d4:	ee9ff0ef          	jal	ra,100002bc <wbWrite>
100003d8:	000025b7          	lui	a1,0x2
100003dc:	330317b7          	lui	a5,0x33031
100003e0:	01878513          	addi	a0,a5,24 # 33031018 <_etext+0x23030738>
100003e4:	ed9ff0ef          	jal	ra,100002bc <wbWrite>
100003e8:	00000013          	nop
100003ec:	01c12083          	lw	ra,28(sp)
100003f0:	01812403          	lw	s0,24(sp)
100003f4:	02010113          	addi	sp,sp,32
100003f8:	00008067          	ret

100003fc <main>:
100003fc:	fe010113          	addi	sp,sp,-32
10000400:	00112e23          	sw	ra,28(sp)
10000404:	00812c23          	sw	s0,24(sp)
10000408:	02010413          	addi	s0,sp,32
1000040c:	f00047b7          	lui	a5,0xf0004
10000410:	80078793          	addi	a5,a5,-2048 # f0003800 <_etext+0xe0002f20>
10000414:	00100713          	li	a4,1
10000418:	00e7a023          	sw	a4,0(a5)
1000041c:	260007b7          	lui	a5,0x26000
10000420:	05478793          	addi	a5,a5,84 # 26000054 <_etext+0x15fff774>
10000424:	00002737          	lui	a4,0x2
10000428:	80870713          	addi	a4,a4,-2040 # 1808 <_fstack+0x1208>
1000042c:	00e7a023          	sw	a4,0(a5)
10000430:	260007b7          	lui	a5,0x26000
10000434:	05878793          	addi	a5,a5,88 # 26000058 <_etext+0x15fff778>
10000438:	00002737          	lui	a4,0x2
1000043c:	80870713          	addi	a4,a4,-2040 # 1808 <_fstack+0x1208>
10000440:	00e7a023          	sw	a4,0(a5)
10000444:	260007b7          	lui	a5,0x26000
10000448:	00100713          	li	a4,1
1000044c:	00e7a023          	sw	a4,0(a5) # 26000000 <_etext+0x15fff720>
10000450:	00000013          	nop
10000454:	260007b7          	lui	a5,0x26000
10000458:	0007a703          	lw	a4,0(a5) # 26000000 <_etext+0x15fff720>
1000045c:	00100793          	li	a5,1
10000460:	fef70ae3          	beq	a4,a5,10000454 <main+0x58>
10000464:	00100793          	li	a5,1
10000468:	fef407a3          	sb	a5,-17(s0)
1000046c:	000015b7          	lui	a1,0x1
10000470:	330317b7          	lui	a5,0x33031
10000474:	01078513          	addi	a0,a5,16 # 33031010 <_etext+0x23030730>
10000478:	e45ff0ef          	jal	ra,100002bc <wbWrite>
1000047c:	ffffd7b7          	lui	a5,0xffffd
10000480:	fff78593          	addi	a1,a5,-1 # ffffcfff <_etext+0xefffc71f>
10000484:	33031537          	lui	a0,0x33031
10000488:	e35ff0ef          	jal	ra,100002bc <wbWrite>
1000048c:	01300593          	li	a1,19
10000490:	30000537          	lui	a0,0x30000
10000494:	e29ff0ef          	jal	ra,100002bc <wbWrite>
10000498:	01300593          	li	a1,19
1000049c:	300007b7          	lui	a5,0x30000
100004a0:	10078513          	addi	a0,a5,256 # 30000100 <_etext+0x1ffff820>
100004a4:	e19ff0ef          	jal	ra,100002bc <wbWrite>
100004a8:	01300593          	li	a1,19
100004ac:	300007b7          	lui	a5,0x30000
100004b0:	10478513          	addi	a0,a5,260 # 30000104 <_etext+0x1ffff824>
100004b4:	e09ff0ef          	jal	ra,100002bc <wbWrite>
100004b8:	ffdff7b7          	lui	a5,0xffdff
100004bc:	06f78593          	addi	a1,a5,111 # ffdff06f <_etext+0xefdfe78f>
100004c0:	300007b7          	lui	a5,0x30000
100004c4:	10878513          	addi	a0,a5,264 # 30000108 <_etext+0x1ffff828>
100004c8:	df5ff0ef          	jal	ra,100002bc <wbWrite>
100004cc:	01300593          	li	a1,19
100004d0:	31000537          	lui	a0,0x31000
100004d4:	de9ff0ef          	jal	ra,100002bc <wbWrite>
100004d8:	01300593          	li	a1,19
100004dc:	310007b7          	lui	a5,0x31000
100004e0:	10078513          	addi	a0,a5,256 # 31000100 <_etext+0x20fff820>
100004e4:	dd9ff0ef          	jal	ra,100002bc <wbWrite>
100004e8:	01300593          	li	a1,19
100004ec:	310007b7          	lui	a5,0x31000
100004f0:	10478513          	addi	a0,a5,260 # 31000104 <_etext+0x20fff824>
100004f4:	dc9ff0ef          	jal	ra,100002bc <wbWrite>
100004f8:	ffdff7b7          	lui	a5,0xffdff
100004fc:	06f78593          	addi	a1,a5,111 # ffdff06f <_etext+0xefdfe78f>
10000500:	310007b7          	lui	a5,0x31000
10000504:	10878513          	addi	a0,a5,264 # 31000108 <_etext+0x20fff828>
10000508:	db5ff0ef          	jal	ra,100002bc <wbWrite>
1000050c:	30000537          	lui	a0,0x30000
10000510:	e15ff0ef          	jal	ra,10000324 <wbRead>
10000514:	00050713          	mv	a4,a0
10000518:	01300793          	li	a5,19
1000051c:	00f70463          	beq	a4,a5,10000524 <main+0x128>
10000520:	fe0407a3          	sb	zero,-17(s0)
10000524:	300007b7          	lui	a5,0x30000
10000528:	10078513          	addi	a0,a5,256 # 30000100 <_etext+0x1ffff820>
1000052c:	df9ff0ef          	jal	ra,10000324 <wbRead>
10000530:	00050713          	mv	a4,a0
10000534:	01300793          	li	a5,19
10000538:	00f70463          	beq	a4,a5,10000540 <main+0x144>
1000053c:	fe0407a3          	sb	zero,-17(s0)
10000540:	300007b7          	lui	a5,0x30000
10000544:	10478513          	addi	a0,a5,260 # 30000104 <_etext+0x1ffff824>
10000548:	dddff0ef          	jal	ra,10000324 <wbRead>
1000054c:	00050713          	mv	a4,a0
10000550:	01300793          	li	a5,19
10000554:	00f70463          	beq	a4,a5,1000055c <main+0x160>
10000558:	fe0407a3          	sb	zero,-17(s0)
1000055c:	300007b7          	lui	a5,0x30000
10000560:	10878513          	addi	a0,a5,264 # 30000108 <_etext+0x1ffff828>
10000564:	dc1ff0ef          	jal	ra,10000324 <wbRead>
10000568:	00050713          	mv	a4,a0
1000056c:	ffdff7b7          	lui	a5,0xffdff
10000570:	06f78793          	addi	a5,a5,111 # ffdff06f <_etext+0xefdfe78f>
10000574:	00f70463          	beq	a4,a5,1000057c <main+0x180>
10000578:	fe0407a3          	sb	zero,-17(s0)
1000057c:	fef44783          	lbu	a5,-17(s0)
10000580:	00078513          	mv	a0,a5
10000584:	e01ff0ef          	jal	ra,10000384 <nextTest>
10000588:	31000537          	lui	a0,0x31000
1000058c:	d99ff0ef          	jal	ra,10000324 <wbRead>
10000590:	00050713          	mv	a4,a0
10000594:	01300793          	li	a5,19
10000598:	00f70463          	beq	a4,a5,100005a0 <main+0x1a4>
1000059c:	fe0407a3          	sb	zero,-17(s0)
100005a0:	310007b7          	lui	a5,0x31000
100005a4:	10078513          	addi	a0,a5,256 # 31000100 <_etext+0x20fff820>
100005a8:	d7dff0ef          	jal	ra,10000324 <wbRead>
100005ac:	00050713          	mv	a4,a0
100005b0:	01300793          	li	a5,19
100005b4:	00f70463          	beq	a4,a5,100005bc <main+0x1c0>
100005b8:	fe0407a3          	sb	zero,-17(s0)
100005bc:	310007b7          	lui	a5,0x31000
100005c0:	10478513          	addi	a0,a5,260 # 31000104 <_etext+0x20fff824>
100005c4:	d61ff0ef          	jal	ra,10000324 <wbRead>
100005c8:	00050713          	mv	a4,a0
100005cc:	01300793          	li	a5,19
100005d0:	00f70463          	beq	a4,a5,100005d8 <main+0x1dc>
100005d4:	fe0407a3          	sb	zero,-17(s0)
100005d8:	310007b7          	lui	a5,0x31000
100005dc:	10878513          	addi	a0,a5,264 # 31000108 <_etext+0x20fff828>
100005e0:	d45ff0ef          	jal	ra,10000324 <wbRead>
100005e4:	00050713          	mv	a4,a0
100005e8:	ffdff7b7          	lui	a5,0xffdff
100005ec:	06f78793          	addi	a5,a5,111 # ffdff06f <_etext+0xefdfe78f>
100005f0:	00f70463          	beq	a4,a5,100005f8 <main+0x1fc>
100005f4:	fe0407a3          	sb	zero,-17(s0)
100005f8:	fef44783          	lbu	a5,-17(s0)
100005fc:	00078513          	mv	a0,a5
10000600:	d85ff0ef          	jal	ra,10000384 <nextTest>
10000604:	30800537          	lui	a0,0x30800
10000608:	d1dff0ef          	jal	ra,10000324 <wbRead>
1000060c:	00050793          	mv	a5,a0
10000610:	00078463          	beqz	a5,10000618 <main+0x21c>
10000614:	fe0407a3          	sb	zero,-17(s0)
10000618:	fef44783          	lbu	a5,-17(s0)
1000061c:	00078513          	mv	a0,a5
10000620:	d65ff0ef          	jal	ra,10000384 <nextTest>
10000624:	30810537          	lui	a0,0x30810
10000628:	cfdff0ef          	jal	ra,10000324 <wbRead>
1000062c:	00050793          	mv	a5,a0
10000630:	00078463          	beqz	a5,10000638 <main+0x23c>
10000634:	fe0407a3          	sb	zero,-17(s0)
10000638:	fef44783          	lbu	a5,-17(s0)
1000063c:	00078513          	mv	a0,a5
10000640:	d45ff0ef          	jal	ra,10000384 <nextTest>
10000644:	00000593          	li	a1,0
10000648:	308107b7          	lui	a5,0x30810
1000064c:	00878513          	addi	a0,a5,8 # 30810008 <_etext+0x2080f728>
10000650:	c6dff0ef          	jal	ra,100002bc <wbWrite>
10000654:	30810537          	lui	a0,0x30810
10000658:	ccdff0ef          	jal	ra,10000324 <wbRead>
1000065c:	00050713          	mv	a4,a0
10000660:	00400793          	li	a5,4
10000664:	00f70463          	beq	a4,a5,1000066c <main+0x270>
10000668:	fe0407a3          	sb	zero,-17(s0)
1000066c:	fef44783          	lbu	a5,-17(s0)
10000670:	00078513          	mv	a0,a5
10000674:	d11ff0ef          	jal	ra,10000384 <nextTest>
10000678:	308107b7          	lui	a5,0x30810
1000067c:	01078513          	addi	a0,a5,16 # 30810010 <_etext+0x2080f730>
10000680:	ca5ff0ef          	jal	ra,10000324 <wbRead>
10000684:	00050713          	mv	a4,a0
10000688:	01300793          	li	a5,19
1000068c:	00f70463          	beq	a4,a5,10000694 <main+0x298>
10000690:	fe0407a3          	sb	zero,-17(s0)
10000694:	fef44783          	lbu	a5,-17(s0)
10000698:	00078513          	mv	a0,a5
1000069c:	ce9ff0ef          	jal	ra,10000384 <nextTest>
100006a0:	10000593          	li	a1,256
100006a4:	308107b7          	lui	a5,0x30810
100006a8:	00478513          	addi	a0,a5,4 # 30810004 <_etext+0x2080f724>
100006ac:	c11ff0ef          	jal	ra,100002bc <wbWrite>
100006b0:	30810537          	lui	a0,0x30810
100006b4:	c71ff0ef          	jal	ra,10000324 <wbRead>
100006b8:	00050713          	mv	a4,a0
100006bc:	10400793          	li	a5,260
100006c0:	00f70463          	beq	a4,a5,100006c8 <main+0x2cc>
100006c4:	fe0407a3          	sb	zero,-17(s0)
100006c8:	fef44783          	lbu	a5,-17(s0)
100006cc:	00078513          	mv	a0,a5
100006d0:	cb5ff0ef          	jal	ra,10000384 <nextTest>
100006d4:	00100593          	li	a1,1
100006d8:	30800537          	lui	a0,0x30800
100006dc:	be1ff0ef          	jal	ra,100002bc <wbWrite>
100006e0:	308007b7          	lui	a5,0x30800
100006e4:	00478513          	addi	a0,a5,4 # 30800004 <_etext+0x207ff724>
100006e8:	c3dff0ef          	jal	ra,10000324 <wbRead>
100006ec:	00050713          	mv	a4,a0
100006f0:	01000793          	li	a5,16
100006f4:	00f70463          	beq	a4,a5,100006fc <main+0x300>
100006f8:	fe0407a3          	sb	zero,-17(s0)
100006fc:	fef44783          	lbu	a5,-17(s0)
10000700:	00078513          	mv	a0,a5
10000704:	c81ff0ef          	jal	ra,10000384 <nextTest>
10000708:	00000593          	li	a1,0
1000070c:	30800537          	lui	a0,0x30800
10000710:	badff0ef          	jal	ra,100002bc <wbWrite>
10000714:	30800537          	lui	a0,0x30800
10000718:	c0dff0ef          	jal	ra,10000324 <wbRead>
1000071c:	00050793          	mv	a5,a0
10000720:	00078463          	beqz	a5,10000728 <main+0x32c>
10000724:	fe0407a3          	sb	zero,-17(s0)
10000728:	fef44783          	lbu	a5,-17(s0)
1000072c:	00078513          	mv	a0,a5
10000730:	c55ff0ef          	jal	ra,10000384 <nextTest>
10000734:	30810537          	lui	a0,0x30810
10000738:	bedff0ef          	jal	ra,10000324 <wbRead>
1000073c:	fea42423          	sw	a0,-24(s0)
10000740:	fe842703          	lw	a4,-24(s0)
10000744:	10400793          	li	a5,260
10000748:	00f70a63          	beq	a4,a5,1000075c <main+0x360>
1000074c:	fe842703          	lw	a4,-24(s0)
10000750:	10800793          	li	a5,264
10000754:	00f70463          	beq	a4,a5,1000075c <main+0x360>
10000758:	fe0407a3          	sb	zero,-17(s0)
1000075c:	fef44783          	lbu	a5,-17(s0)
10000760:	00078513          	mv	a0,a5
10000764:	c21ff0ef          	jal	ra,10000384 <nextTest>
10000768:	31800537          	lui	a0,0x31800
1000076c:	bb9ff0ef          	jal	ra,10000324 <wbRead>
10000770:	00050793          	mv	a5,a0
10000774:	00078463          	beqz	a5,1000077c <main+0x380>
10000778:	fe0407a3          	sb	zero,-17(s0)
1000077c:	fef44783          	lbu	a5,-17(s0)
10000780:	00078513          	mv	a0,a5
10000784:	c01ff0ef          	jal	ra,10000384 <nextTest>
10000788:	31810537          	lui	a0,0x31810
1000078c:	b99ff0ef          	jal	ra,10000324 <wbRead>
10000790:	00050793          	mv	a5,a0
10000794:	00078463          	beqz	a5,1000079c <main+0x3a0>
10000798:	fe0407a3          	sb	zero,-17(s0)
1000079c:	fef44783          	lbu	a5,-17(s0)
100007a0:	00078513          	mv	a0,a5
100007a4:	be1ff0ef          	jal	ra,10000384 <nextTest>
100007a8:	00000593          	li	a1,0
100007ac:	318107b7          	lui	a5,0x31810
100007b0:	00878513          	addi	a0,a5,8 # 31810008 <_etext+0x2180f728>
100007b4:	b09ff0ef          	jal	ra,100002bc <wbWrite>
100007b8:	31810537          	lui	a0,0x31810
100007bc:	b69ff0ef          	jal	ra,10000324 <wbRead>
100007c0:	00050713          	mv	a4,a0
100007c4:	00400793          	li	a5,4
100007c8:	00f70463          	beq	a4,a5,100007d0 <main+0x3d4>
100007cc:	fe0407a3          	sb	zero,-17(s0)
100007d0:	fef44783          	lbu	a5,-17(s0)
100007d4:	00078513          	mv	a0,a5
100007d8:	badff0ef          	jal	ra,10000384 <nextTest>
100007dc:	318107b7          	lui	a5,0x31810
100007e0:	01078513          	addi	a0,a5,16 # 31810010 <_etext+0x2180f730>
100007e4:	b41ff0ef          	jal	ra,10000324 <wbRead>
100007e8:	00050713          	mv	a4,a0
100007ec:	01300793          	li	a5,19
100007f0:	00f70463          	beq	a4,a5,100007f8 <main+0x3fc>
100007f4:	fe0407a3          	sb	zero,-17(s0)
100007f8:	fef44783          	lbu	a5,-17(s0)
100007fc:	00078513          	mv	a0,a5
10000800:	b85ff0ef          	jal	ra,10000384 <nextTest>
10000804:	10000593          	li	a1,256
10000808:	318107b7          	lui	a5,0x31810
1000080c:	00478513          	addi	a0,a5,4 # 31810004 <_etext+0x2180f724>
10000810:	aadff0ef          	jal	ra,100002bc <wbWrite>
10000814:	31810537          	lui	a0,0x31810
10000818:	b0dff0ef          	jal	ra,10000324 <wbRead>
1000081c:	00050713          	mv	a4,a0
10000820:	10400793          	li	a5,260
10000824:	00f70463          	beq	a4,a5,1000082c <main+0x430>
10000828:	fe0407a3          	sb	zero,-17(s0)
1000082c:	fef44783          	lbu	a5,-17(s0)
10000830:	00078513          	mv	a0,a5
10000834:	b51ff0ef          	jal	ra,10000384 <nextTest>
10000838:	00100593          	li	a1,1
1000083c:	31800537          	lui	a0,0x31800
10000840:	a7dff0ef          	jal	ra,100002bc <wbWrite>
10000844:	318007b7          	lui	a5,0x31800
10000848:	00478513          	addi	a0,a5,4 # 31800004 <_etext+0x217ff724>
1000084c:	ad9ff0ef          	jal	ra,10000324 <wbRead>
10000850:	00050713          	mv	a4,a0
10000854:	01000793          	li	a5,16
10000858:	00f70463          	beq	a4,a5,10000860 <main+0x464>
1000085c:	fe0407a3          	sb	zero,-17(s0)
10000860:	fef44783          	lbu	a5,-17(s0)
10000864:	00078513          	mv	a0,a5
10000868:	b1dff0ef          	jal	ra,10000384 <nextTest>
1000086c:	00000593          	li	a1,0
10000870:	31800537          	lui	a0,0x31800
10000874:	a49ff0ef          	jal	ra,100002bc <wbWrite>
10000878:	31800537          	lui	a0,0x31800
1000087c:	aa9ff0ef          	jal	ra,10000324 <wbRead>
10000880:	00050793          	mv	a5,a0
10000884:	00078463          	beqz	a5,1000088c <main+0x490>
10000888:	fe0407a3          	sb	zero,-17(s0)
1000088c:	fef44783          	lbu	a5,-17(s0)
10000890:	00078513          	mv	a0,a5
10000894:	af1ff0ef          	jal	ra,10000384 <nextTest>
10000898:	31810537          	lui	a0,0x31810
1000089c:	a89ff0ef          	jal	ra,10000324 <wbRead>
100008a0:	fea42423          	sw	a0,-24(s0)
100008a4:	fe842703          	lw	a4,-24(s0)
100008a8:	10400793          	li	a5,260
100008ac:	00f70a63          	beq	a4,a5,100008c0 <main+0x4c4>
100008b0:	fe842703          	lw	a4,-24(s0)
100008b4:	10800793          	li	a5,264
100008b8:	00f70463          	beq	a4,a5,100008c0 <main+0x4c4>
100008bc:	fe0407a3          	sb	zero,-17(s0)
100008c0:	fef44783          	lbu	a5,-17(s0)
100008c4:	00078513          	mv	a0,a5
100008c8:	abdff0ef          	jal	ra,10000384 <nextTest>
100008cc:	00000013          	nop
100008d0:	01c12083          	lw	ra,28(sp)
100008d4:	01812403          	lw	s0,24(sp)
100008d8:	02010113          	addi	sp,sp,32
100008dc:	00008067          	ret
