
coreMemory.elf:     file format elf32-littleriscv


Disassembly of section .text:

14000000 <_start>:
14000000:	00000517          	auipc	a0,0x0
14000004:	07450513          	addi	a0,a0,116 # 14000074 <_trap>
14000008:	30551073          	csrw	mtvec,a0
1400000c:	ec000197          	auipc	gp,0xec000
14000010:	7f418193          	addi	gp,gp,2036 # 800 <_global_pointer$>
14000014:	ec001117          	auipc	sp,0xec001
14000018:	fec10113          	addi	sp,sp,-20 # 1000 <_stack_top>
1400001c:	00010433          	add	s0,sp,zero
14000020:	00000517          	auipc	a0,0x0
14000024:	75850513          	addi	a0,a0,1880 # 14000778 <_etext>
14000028:	ec000597          	auipc	a1,0xec000
1400002c:	fd858593          	addi	a1,a1,-40 # 0 <testInstructionsInSRAM>
14000030:	ec000617          	auipc	a2,0xec000
14000034:	5b860613          	addi	a2,a2,1464 # 5e8 <_ebss>
14000038:	00c5dc63          	bge	a1,a2,14000050 <end_init_data>

1400003c <loop_init_data>:
1400003c:	00052683          	lw	a3,0(a0)
14000040:	00d5a023          	sw	a3,0(a1)
14000044:	00450513          	addi	a0,a0,4
14000048:	00458593          	addi	a1,a1,4
1400004c:	fec5c8e3          	blt	a1,a2,1400003c <loop_init_data>

14000050 <end_init_data>:
14000050:	5e800513          	li	a0,1512
14000054:	5e800593          	li	a1,1512
14000058:	00b55863          	bge	a0,a1,14000068 <end_init_bss>

1400005c <loop_init_bss>:
1400005c:	00052023          	sw	zero,0(a0)
14000060:	00450513          	addi	a0,a0,4
14000064:	feb54ce3          	blt	a0,a1,1400005c <loop_init_bss>

14000068 <end_init_bss>:
14000068:	620000ef          	jal	ra,14000688 <main>
1400006c:	00100073          	ebreak

14000070 <_exit>:
14000070:	000000ef          	jal	ra,14000070 <_exit>

14000074 <_trap>:
14000074:	0000006f          	j	14000074 <_trap>

14000078 <flashData>:
14000078:	12345678 deadbeef abcdef01 0f1e2d3c     xV4.........<-..

14000088 <flashString>:
14000088:	6c6c6548 6f77206f 21646c72 00000000     Hello world!....

14000098 <digitalWrite>:
14000098:	00b52023          	sw	a1,0(a0)
1400009c:	00008067          	ret

140000a0 <setupTests>:
140000a0:	ff010113          	addi	sp,sp,-16
140000a4:	00112623          	sw	ra,12(sp)
140000a8:	000015b7          	lui	a1,0x1
140000ac:	13031537          	lui	a0,0x13031
140000b0:	01050513          	addi	a0,a0,16 # 13031010 <_stack_top+0x13030010>
140000b4:	fe5ff0ef          	jal	ra,14000098 <digitalWrite>
140000b8:	00c12083          	lw	ra,12(sp)
140000bc:	01010113          	addi	sp,sp,16
140000c0:	00008067          	ret

140000c4 <testPass>:
140000c4:	ff010113          	addi	sp,sp,-16
140000c8:	00112623          	sw	ra,12(sp)
140000cc:	00812423          	sw	s0,8(sp)
140000d0:	000035b7          	lui	a1,0x3
140000d4:	13031437          	lui	s0,0x13031
140000d8:	01440513          	addi	a0,s0,20 # 13031014 <_stack_top+0x13030014>
140000dc:	fbdff0ef          	jal	ra,14000098 <digitalWrite>
140000e0:	000025b7          	lui	a1,0x2
140000e4:	01840513          	addi	a0,s0,24
140000e8:	fb1ff0ef          	jal	ra,14000098 <digitalWrite>
140000ec:	00c12083          	lw	ra,12(sp)
140000f0:	00812403          	lw	s0,8(sp)
140000f4:	01010113          	addi	sp,sp,16
140000f8:	00008067          	ret

140000fc <testFail>:
140000fc:	ff010113          	addi	sp,sp,-16
14000100:	00112623          	sw	ra,12(sp)
14000104:	00812423          	sw	s0,8(sp)
14000108:	000015b7          	lui	a1,0x1
1400010c:	13031437          	lui	s0,0x13031
14000110:	01840513          	addi	a0,s0,24 # 13031018 <_stack_top+0x13030018>
14000114:	f85ff0ef          	jal	ra,14000098 <digitalWrite>
14000118:	000025b7          	lui	a1,0x2
1400011c:	01440513          	addi	a0,s0,20
14000120:	f79ff0ef          	jal	ra,14000098 <digitalWrite>
14000124:	0000006f          	j	14000124 <testFail+0x28>

14000128 <assert>:
14000128:	ff010113          	addi	sp,sp,-16
1400012c:	00112623          	sw	ra,12(sp)
14000130:	00050a63          	beqz	a0,14000144 <assert+0x1c>
14000134:	f91ff0ef          	jal	ra,140000c4 <testPass>
14000138:	00c12083          	lw	ra,12(sp)
1400013c:	01010113          	addi	sp,sp,16
14000140:	00008067          	ret
14000144:	fb9ff0ef          	jal	ra,140000fc <testFail>

14000148 <completeTestSection>:
14000148:	ff010113          	addi	sp,sp,-16
1400014c:	00112623          	sw	ra,12(sp)
14000150:	00812423          	sw	s0,8(sp)
14000154:	000045b7          	lui	a1,0x4
14000158:	13031437          	lui	s0,0x13031
1400015c:	01440513          	addi	a0,s0,20 # 13031014 <_stack_top+0x13030014>
14000160:	f39ff0ef          	jal	ra,14000098 <digitalWrite>
14000164:	000045b7          	lui	a1,0x4
14000168:	01840513          	addi	a0,s0,24
1400016c:	f2dff0ef          	jal	ra,14000098 <digitalWrite>
14000170:	00c12083          	lw	ra,12(sp)
14000174:	00812403          	lw	s0,8(sp)
14000178:	01010113          	addi	sp,sp,16
1400017c:	00008067          	ret

14000180 <testInstructionsInFlash>:
14000180:	fd010113          	addi	sp,sp,-48
14000184:	02112623          	sw	ra,44(sp)
14000188:	02812423          	sw	s0,40(sp)
1400018c:	02912223          	sw	s1,36(sp)
14000190:	03212023          	sw	s2,32(sp)
14000194:	5c800413          	li	s0,1480
14000198:	00042503          	lw	a0,0(s0)
1400019c:	edcbb7b7          	lui	a5,0xedcbb
140001a0:	98878793          	addi	a5,a5,-1656 # edcba988 <_etext+0xd9cba210>
140001a4:	00f50533          	add	a0,a0,a5
140001a8:	00153513          	seqz	a0,a0
140001ac:	f7dff0ef          	jal	ra,14000128 <assert>
140001b0:	00442503          	lw	a0,4(s0)
140001b4:	215247b7          	lui	a5,0x21524
140001b8:	11178793          	addi	a5,a5,273 # 21524111 <_etext+0xd523999>
140001bc:	00f50533          	add	a0,a0,a5
140001c0:	00153513          	seqz	a0,a0
140001c4:	f65ff0ef          	jal	ra,14000128 <assert>
140001c8:	00842503          	lw	a0,8(s0)
140001cc:	543217b7          	lui	a5,0x54321
140001d0:	0ff78793          	addi	a5,a5,255 # 543210ff <_etext+0x40320987>
140001d4:	00f50533          	add	a0,a0,a5
140001d8:	00153513          	seqz	a0,a0
140001dc:	f4dff0ef          	jal	ra,14000128 <assert>
140001e0:	00c42503          	lw	a0,12(s0)
140001e4:	f0e1d7b7          	lui	a5,0xf0e1d
140001e8:	2c478793          	addi	a5,a5,708 # f0e1d2c4 <_etext+0xdce1cb4c>
140001ec:	00f50533          	add	a0,a0,a5
140001f0:	00153513          	seqz	a0,a0
140001f4:	f35ff0ef          	jal	ra,14000128 <assert>
140001f8:	00045503          	lhu	a0,0(s0)
140001fc:	ffffb937          	lui	s2,0xffffb
14000200:	98890913          	addi	s2,s2,-1656 # ffffa988 <_etext+0xebffa210>
14000204:	01250533          	add	a0,a0,s2
14000208:	00153513          	seqz	a0,a0
1400020c:	f1dff0ef          	jal	ra,14000128 <assert>
14000210:	00245503          	lhu	a0,2(s0)
14000214:	fffff4b7          	lui	s1,0xfffff
14000218:	dcc48493          	addi	s1,s1,-564 # ffffedcc <_etext+0xebffe654>
1400021c:	00950533          	add	a0,a0,s1
14000220:	00153513          	seqz	a0,a0
14000224:	f05ff0ef          	jal	ra,14000128 <assert>
14000228:	00445503          	lhu	a0,4(s0)
1400022c:	ffff47b7          	lui	a5,0xffff4
14000230:	11178793          	addi	a5,a5,273 # ffff4111 <_etext+0xebff3999>
14000234:	00f50533          	add	a0,a0,a5
14000238:	00153513          	seqz	a0,a0
1400023c:	eedff0ef          	jal	ra,14000128 <assert>
14000240:	00645503          	lhu	a0,6(s0)
14000244:	ffff27b7          	lui	a5,0xffff2
14000248:	15378793          	addi	a5,a5,339 # ffff2153 <_etext+0xebff19db>
1400024c:	00f50533          	add	a0,a0,a5
14000250:	00153513          	seqz	a0,a0
14000254:	ed5ff0ef          	jal	ra,14000128 <assert>
14000258:	00045503          	lhu	a0,0(s0)
1400025c:	01051513          	slli	a0,a0,0x10
14000260:	41055513          	srai	a0,a0,0x10
14000264:	01250533          	add	a0,a0,s2
14000268:	00153513          	seqz	a0,a0
1400026c:	ebdff0ef          	jal	ra,14000128 <assert>
14000270:	00245503          	lhu	a0,2(s0)
14000274:	01051513          	slli	a0,a0,0x10
14000278:	41055513          	srai	a0,a0,0x10
1400027c:	00950533          	add	a0,a0,s1
14000280:	00153513          	seqz	a0,a0
14000284:	ea5ff0ef          	jal	ra,14000128 <assert>
14000288:	00445503          	lhu	a0,4(s0)
1400028c:	01051513          	slli	a0,a0,0x10
14000290:	41055513          	srai	a0,a0,0x10
14000294:	000047b7          	lui	a5,0x4
14000298:	11178793          	addi	a5,a5,273 # 4111 <_stack_top+0x3111>
1400029c:	00f50533          	add	a0,a0,a5
140002a0:	00153513          	seqz	a0,a0
140002a4:	e85ff0ef          	jal	ra,14000128 <assert>
140002a8:	00645503          	lhu	a0,6(s0)
140002ac:	01051513          	slli	a0,a0,0x10
140002b0:	41055513          	srai	a0,a0,0x10
140002b4:	000027b7          	lui	a5,0x2
140002b8:	15378793          	addi	a5,a5,339 # 2153 <_stack_top+0x1153>
140002bc:	00f50533          	add	a0,a0,a5
140002c0:	00153513          	seqz	a0,a0
140002c4:	e65ff0ef          	jal	ra,14000128 <assert>
140002c8:	00144503          	lbu	a0,1(s0)
140002cc:	00244783          	lbu	a5,2(s0)
140002d0:	00879793          	slli	a5,a5,0x8
140002d4:	00f56533          	or	a0,a0,a5
140002d8:	ffffd7b7          	lui	a5,0xffffd
140002dc:	baa78793          	addi	a5,a5,-1110 # ffffcbaa <_etext+0xebffc432>
140002e0:	00f50533          	add	a0,a0,a5
140002e4:	00153513          	seqz	a0,a0
140002e8:	e41ff0ef          	jal	ra,14000128 <assert>
140002ec:	00344503          	lbu	a0,3(s0)
140002f0:	00444783          	lbu	a5,4(s0)
140002f4:	00879793          	slli	a5,a5,0x8
140002f8:	00f56533          	or	a0,a0,a5
140002fc:	ffff17b7          	lui	a5,0xffff1
14000300:	0ee78793          	addi	a5,a5,238 # ffff10ee <_etext+0xebff0976>
14000304:	00f50533          	add	a0,a0,a5
14000308:	00153513          	seqz	a0,a0
1400030c:	e1dff0ef          	jal	ra,14000128 <assert>
14000310:	00544503          	lbu	a0,5(s0)
14000314:	00644783          	lbu	a5,6(s0)
14000318:	00879793          	slli	a5,a5,0x8
1400031c:	00f56533          	or	a0,a0,a5
14000320:	ffff57b7          	lui	a5,0xffff5
14000324:	24278793          	addi	a5,a5,578 # ffff5242 <_etext+0xebff4aca>
14000328:	00f50533          	add	a0,a0,a5
1400032c:	00153513          	seqz	a0,a0
14000330:	df9ff0ef          	jal	ra,14000128 <assert>
14000334:	00744503          	lbu	a0,7(s0)
14000338:	00844783          	lbu	a5,8(s0)
1400033c:	00879793          	slli	a5,a5,0x8
14000340:	00f56533          	or	a0,a0,a5
14000344:	e2250513          	addi	a0,a0,-478
14000348:	00153513          	seqz	a0,a0
1400034c:	dddff0ef          	jal	ra,14000128 <assert>
14000350:	5d800413          	li	s0,1496
14000354:	00044503          	lbu	a0,0(s0)
14000358:	fb850513          	addi	a0,a0,-72
1400035c:	00153513          	seqz	a0,a0
14000360:	dc9ff0ef          	jal	ra,14000128 <assert>
14000364:	00144503          	lbu	a0,1(s0)
14000368:	f9b50513          	addi	a0,a0,-101
1400036c:	00153513          	seqz	a0,a0
14000370:	db9ff0ef          	jal	ra,14000128 <assert>
14000374:	00244503          	lbu	a0,2(s0)
14000378:	f9450513          	addi	a0,a0,-108
1400037c:	00153513          	seqz	a0,a0
14000380:	da9ff0ef          	jal	ra,14000128 <assert>
14000384:	00444503          	lbu	a0,4(s0)
14000388:	f9150513          	addi	a0,a0,-111
1400038c:	00153513          	seqz	a0,a0
14000390:	d99ff0ef          	jal	ra,14000128 <assert>
14000394:	00644503          	lbu	a0,6(s0)
14000398:	f8950513          	addi	a0,a0,-119
1400039c:	00153513          	seqz	a0,a0
140003a0:	d89ff0ef          	jal	ra,14000128 <assert>
140003a4:	00744503          	lbu	a0,7(s0)
140003a8:	f9150513          	addi	a0,a0,-111
140003ac:	00153513          	seqz	a0,a0
140003b0:	d79ff0ef          	jal	ra,14000128 <assert>
140003b4:	00944503          	lbu	a0,9(s0)
140003b8:	f9450513          	addi	a0,a0,-108
140003bc:	00153513          	seqz	a0,a0
140003c0:	d69ff0ef          	jal	ra,14000128 <assert>
140003c4:	00b44503          	lbu	a0,11(s0)
140003c8:	fdf50513          	addi	a0,a0,-33
140003cc:	00153513          	seqz	a0,a0
140003d0:	d59ff0ef          	jal	ra,14000128 <assert>
140003d4:	00000693          	li	a3,0
140003d8:	0280006f          	j	14000400 <testInstructionsInFlash+0x280>
140003dc:	00269713          	slli	a4,a3,0x2
140003e0:	140007b7          	lui	a5,0x14000
140003e4:	07878793          	addi	a5,a5,120 # 14000078 <flashData>
140003e8:	00e787b3          	add	a5,a5,a4
140003ec:	0007a783          	lw	a5,0(a5)
140003f0:	02070713          	addi	a4,a4,32
140003f4:	00270733          	add	a4,a4,sp
140003f8:	fef72823          	sw	a5,-16(a4)
140003fc:	00168693          	addi	a3,a3,1
14000400:	00300793          	li	a5,3
14000404:	fcd7dce3          	bge	a5,a3,140003dc <testInstructionsInFlash+0x25c>
14000408:	00000713          	li	a4,0
1400040c:	0240006f          	j	14000430 <testInstructionsInFlash+0x2b0>
14000410:	140007b7          	lui	a5,0x14000
14000414:	08878793          	addi	a5,a5,136 # 14000088 <flashString>
14000418:	00e787b3          	add	a5,a5,a4
1400041c:	0007c683          	lbu	a3,0(a5)
14000420:	02070793          	addi	a5,a4,32
14000424:	002787b3          	add	a5,a5,sp
14000428:	fed78223          	sb	a3,-28(a5)
1400042c:	00170713          	addi	a4,a4,1
14000430:	00b00793          	li	a5,11
14000434:	fce7dee3          	bge	a5,a4,14000410 <testInstructionsInFlash+0x290>
14000438:	01012503          	lw	a0,16(sp)
1400043c:	edcbb7b7          	lui	a5,0xedcbb
14000440:	98878793          	addi	a5,a5,-1656 # edcba988 <_etext+0xd9cba210>
14000444:	00f50533          	add	a0,a0,a5
14000448:	00153513          	seqz	a0,a0
1400044c:	cddff0ef          	jal	ra,14000128 <assert>
14000450:	01412503          	lw	a0,20(sp)
14000454:	215247b7          	lui	a5,0x21524
14000458:	11178793          	addi	a5,a5,273 # 21524111 <_etext+0xd523999>
1400045c:	00f50533          	add	a0,a0,a5
14000460:	00153513          	seqz	a0,a0
14000464:	cc5ff0ef          	jal	ra,14000128 <assert>
14000468:	01812503          	lw	a0,24(sp)
1400046c:	543217b7          	lui	a5,0x54321
14000470:	0ff78793          	addi	a5,a5,255 # 543210ff <_etext+0x40320987>
14000474:	00f50533          	add	a0,a0,a5
14000478:	00153513          	seqz	a0,a0
1400047c:	cadff0ef          	jal	ra,14000128 <assert>
14000480:	01c12503          	lw	a0,28(sp)
14000484:	f0e1d7b7          	lui	a5,0xf0e1d
14000488:	2c478793          	addi	a5,a5,708 # f0e1d2c4 <_etext+0xdce1cb4c>
1400048c:	00f50533          	add	a0,a0,a5
14000490:	00153513          	seqz	a0,a0
14000494:	c95ff0ef          	jal	ra,14000128 <assert>
14000498:	01015503          	lhu	a0,16(sp)
1400049c:	ffffb4b7          	lui	s1,0xffffb
140004a0:	98848493          	addi	s1,s1,-1656 # ffffa988 <_etext+0xebffa210>
140004a4:	00950533          	add	a0,a0,s1
140004a8:	00153513          	seqz	a0,a0
140004ac:	c7dff0ef          	jal	ra,14000128 <assert>
140004b0:	01215503          	lhu	a0,18(sp)
140004b4:	fffff437          	lui	s0,0xfffff
140004b8:	dcc40413          	addi	s0,s0,-564 # ffffedcc <_etext+0xebffe654>
140004bc:	00850533          	add	a0,a0,s0
140004c0:	00153513          	seqz	a0,a0
140004c4:	c65ff0ef          	jal	ra,14000128 <assert>
140004c8:	01415503          	lhu	a0,20(sp)
140004cc:	ffff47b7          	lui	a5,0xffff4
140004d0:	11178793          	addi	a5,a5,273 # ffff4111 <_etext+0xebff3999>
140004d4:	00f50533          	add	a0,a0,a5
140004d8:	00153513          	seqz	a0,a0
140004dc:	c4dff0ef          	jal	ra,14000128 <assert>
140004e0:	01615503          	lhu	a0,22(sp)
140004e4:	ffff27b7          	lui	a5,0xffff2
140004e8:	15378793          	addi	a5,a5,339 # ffff2153 <_etext+0xebff19db>
140004ec:	00f50533          	add	a0,a0,a5
140004f0:	00153513          	seqz	a0,a0
140004f4:	c35ff0ef          	jal	ra,14000128 <assert>
140004f8:	01015503          	lhu	a0,16(sp)
140004fc:	01051513          	slli	a0,a0,0x10
14000500:	41055513          	srai	a0,a0,0x10
14000504:	00950533          	add	a0,a0,s1
14000508:	00153513          	seqz	a0,a0
1400050c:	c1dff0ef          	jal	ra,14000128 <assert>
14000510:	01215503          	lhu	a0,18(sp)
14000514:	01051513          	slli	a0,a0,0x10
14000518:	41055513          	srai	a0,a0,0x10
1400051c:	00850533          	add	a0,a0,s0
14000520:	00153513          	seqz	a0,a0
14000524:	c05ff0ef          	jal	ra,14000128 <assert>
14000528:	01415503          	lhu	a0,20(sp)
1400052c:	01051513          	slli	a0,a0,0x10
14000530:	41055513          	srai	a0,a0,0x10
14000534:	000047b7          	lui	a5,0x4
14000538:	11178793          	addi	a5,a5,273 # 4111 <_stack_top+0x3111>
1400053c:	00f50533          	add	a0,a0,a5
14000540:	00153513          	seqz	a0,a0
14000544:	be5ff0ef          	jal	ra,14000128 <assert>
14000548:	01615503          	lhu	a0,22(sp)
1400054c:	01051513          	slli	a0,a0,0x10
14000550:	41055513          	srai	a0,a0,0x10
14000554:	000027b7          	lui	a5,0x2
14000558:	15378793          	addi	a5,a5,339 # 2153 <_stack_top+0x1153>
1400055c:	00f50533          	add	a0,a0,a5
14000560:	00153513          	seqz	a0,a0
14000564:	bc5ff0ef          	jal	ra,14000128 <assert>
14000568:	01114503          	lbu	a0,17(sp)
1400056c:	01214783          	lbu	a5,18(sp)
14000570:	00879793          	slli	a5,a5,0x8
14000574:	00f56533          	or	a0,a0,a5
14000578:	ffffd7b7          	lui	a5,0xffffd
1400057c:	baa78793          	addi	a5,a5,-1110 # ffffcbaa <_etext+0xebffc432>
14000580:	00f50533          	add	a0,a0,a5
14000584:	00153513          	seqz	a0,a0
14000588:	ba1ff0ef          	jal	ra,14000128 <assert>
1400058c:	01314503          	lbu	a0,19(sp)
14000590:	01414783          	lbu	a5,20(sp)
14000594:	00879793          	slli	a5,a5,0x8
14000598:	00f56533          	or	a0,a0,a5
1400059c:	ffff17b7          	lui	a5,0xffff1
140005a0:	0ee78793          	addi	a5,a5,238 # ffff10ee <_etext+0xebff0976>
140005a4:	00f50533          	add	a0,a0,a5
140005a8:	00153513          	seqz	a0,a0
140005ac:	b7dff0ef          	jal	ra,14000128 <assert>
140005b0:	01514503          	lbu	a0,21(sp)
140005b4:	01614783          	lbu	a5,22(sp)
140005b8:	00879793          	slli	a5,a5,0x8
140005bc:	00f56533          	or	a0,a0,a5
140005c0:	ffff57b7          	lui	a5,0xffff5
140005c4:	24278793          	addi	a5,a5,578 # ffff5242 <_etext+0xebff4aca>
140005c8:	00f50533          	add	a0,a0,a5
140005cc:	00153513          	seqz	a0,a0
140005d0:	b59ff0ef          	jal	ra,14000128 <assert>
140005d4:	01714503          	lbu	a0,23(sp)
140005d8:	01814783          	lbu	a5,24(sp)
140005dc:	00879793          	slli	a5,a5,0x8
140005e0:	00f56533          	or	a0,a0,a5
140005e4:	e2250513          	addi	a0,a0,-478
140005e8:	00153513          	seqz	a0,a0
140005ec:	b3dff0ef          	jal	ra,14000128 <assert>
140005f0:	00414503          	lbu	a0,4(sp)
140005f4:	fb850513          	addi	a0,a0,-72
140005f8:	00153513          	seqz	a0,a0
140005fc:	b2dff0ef          	jal	ra,14000128 <assert>
14000600:	00514503          	lbu	a0,5(sp)
14000604:	f9b50513          	addi	a0,a0,-101
14000608:	00153513          	seqz	a0,a0
1400060c:	b1dff0ef          	jal	ra,14000128 <assert>
14000610:	00614503          	lbu	a0,6(sp)
14000614:	f9450513          	addi	a0,a0,-108
14000618:	00153513          	seqz	a0,a0
1400061c:	b0dff0ef          	jal	ra,14000128 <assert>
14000620:	00814503          	lbu	a0,8(sp)
14000624:	f9150513          	addi	a0,a0,-111
14000628:	00153513          	seqz	a0,a0
1400062c:	afdff0ef          	jal	ra,14000128 <assert>
14000630:	00a14503          	lbu	a0,10(sp)
14000634:	f8950513          	addi	a0,a0,-119
14000638:	00153513          	seqz	a0,a0
1400063c:	aedff0ef          	jal	ra,14000128 <assert>
14000640:	00b14503          	lbu	a0,11(sp)
14000644:	f9150513          	addi	a0,a0,-111
14000648:	00153513          	seqz	a0,a0
1400064c:	addff0ef          	jal	ra,14000128 <assert>
14000650:	00d14503          	lbu	a0,13(sp)
14000654:	f9450513          	addi	a0,a0,-108
14000658:	00153513          	seqz	a0,a0
1400065c:	acdff0ef          	jal	ra,14000128 <assert>
14000660:	00f14503          	lbu	a0,15(sp)
14000664:	fdf50513          	addi	a0,a0,-33
14000668:	00153513          	seqz	a0,a0
1400066c:	abdff0ef          	jal	ra,14000128 <assert>
14000670:	02c12083          	lw	ra,44(sp)
14000674:	02812403          	lw	s0,40(sp)
14000678:	02412483          	lw	s1,36(sp)
1400067c:	02012903          	lw	s2,32(sp)
14000680:	03010113          	addi	sp,sp,48
14000684:	00008067          	ret

14000688 <main>:
14000688:	ff010113          	addi	sp,sp,-16
1400068c:	00112623          	sw	ra,12(sp)
14000690:	00812423          	sw	s0,8(sp)
14000694:	a0dff0ef          	jal	ra,140000a0 <setupTests>
14000698:	000000e7          	jalr	zero # 0 <testInstructionsInSRAM>
1400069c:	aadff0ef          	jal	ra,14000148 <completeTestSection>
140006a0:	ae1ff0ef          	jal	ra,14000180 <testInstructionsInFlash>
140006a4:	aa5ff0ef          	jal	ra,14000148 <completeTestSection>
140006a8:	00000413          	li	s0,0
140006ac:	0340006f          	j	140006e0 <main+0x58>
140006b0:	00241713          	slli	a4,s0,0x2
140006b4:	140007b7          	lui	a5,0x14000
140006b8:	07878793          	addi	a5,a5,120 # 14000078 <flashData>
140006bc:	00e787b3          	add	a5,a5,a4
140006c0:	0007a503          	lw	a0,0(a5)
140006c4:	5c800793          	li	a5,1480
140006c8:	00e787b3          	add	a5,a5,a4
140006cc:	0007a783          	lw	a5,0(a5)
140006d0:	40f50533          	sub	a0,a0,a5
140006d4:	00153513          	seqz	a0,a0
140006d8:	a51ff0ef          	jal	ra,14000128 <assert>
140006dc:	00140413          	addi	s0,s0,1
140006e0:	00300793          	li	a5,3
140006e4:	fc87d6e3          	bge	a5,s0,140006b0 <main+0x28>
140006e8:	00000413          	li	s0,0
140006ec:	0340006f          	j	14000720 <main+0x98>
140006f0:	00141713          	slli	a4,s0,0x1
140006f4:	140007b7          	lui	a5,0x14000
140006f8:	07878793          	addi	a5,a5,120 # 14000078 <flashData>
140006fc:	00e787b3          	add	a5,a5,a4
14000700:	0007d503          	lhu	a0,0(a5)
14000704:	5c800793          	li	a5,1480
14000708:	00e787b3          	add	a5,a5,a4
1400070c:	0007d783          	lhu	a5,0(a5)
14000710:	40f50533          	sub	a0,a0,a5
14000714:	00153513          	seqz	a0,a0
14000718:	a11ff0ef          	jal	ra,14000128 <assert>
1400071c:	00140413          	addi	s0,s0,1
14000720:	00700793          	li	a5,7
14000724:	fc87d6e3          	bge	a5,s0,140006f0 <main+0x68>
14000728:	00000413          	li	s0,0
1400072c:	0300006f          	j	1400075c <main+0xd4>
14000730:	140007b7          	lui	a5,0x14000
14000734:	08878793          	addi	a5,a5,136 # 14000088 <flashString>
14000738:	008787b3          	add	a5,a5,s0
1400073c:	0007c503          	lbu	a0,0(a5)
14000740:	5d800793          	li	a5,1496
14000744:	008787b3          	add	a5,a5,s0
14000748:	0007c783          	lbu	a5,0(a5)
1400074c:	40f50533          	sub	a0,a0,a5
14000750:	00153513          	seqz	a0,a0
14000754:	9d5ff0ef          	jal	ra,14000128 <assert>
14000758:	00140413          	addi	s0,s0,1
1400075c:	00b00793          	li	a5,11
14000760:	fc87d8e3          	bge	a5,s0,14000730 <main+0xa8>
14000764:	9e5ff0ef          	jal	ra,14000148 <completeTestSection>
14000768:	00c12083          	lw	ra,12(sp)
1400076c:	00812403          	lw	s0,8(sp)
14000770:	01010113          	addi	sp,sp,16
14000774:	00008067          	ret

Disassembly of section .data:

00000000 <testInstructionsInSRAM>:
   0:	fd010113          	addi	sp,sp,-48
   4:	02112623          	sw	ra,44(sp)
   8:	02812423          	sw	s0,40(sp)
   c:	02912223          	sw	s1,36(sp)
  10:	03212023          	sw	s2,32(sp)
  14:	5c800413          	li	s0,1480
  18:	00042503          	lw	a0,0(s0)
  1c:	edcbb7b7          	lui	a5,0xedcbb
  20:	98878793          	addi	a5,a5,-1656 # edcba988 <_etext+0xd9cba210>
  24:	00f50533          	add	a0,a0,a5
  28:	00153513          	seqz	a0,a0
  2c:	14000097          	auipc	ra,0x14000
  30:	0fc080e7          	jalr	252(ra) # 14000128 <assert>
  34:	00442503          	lw	a0,4(s0)
  38:	215247b7          	lui	a5,0x21524
  3c:	11178793          	addi	a5,a5,273 # 21524111 <_etext+0xd523999>
  40:	00f50533          	add	a0,a0,a5
  44:	00153513          	seqz	a0,a0
  48:	14000097          	auipc	ra,0x14000
  4c:	0e0080e7          	jalr	224(ra) # 14000128 <assert>
  50:	00842503          	lw	a0,8(s0)
  54:	543217b7          	lui	a5,0x54321
  58:	0ff78793          	addi	a5,a5,255 # 543210ff <_etext+0x40320987>
  5c:	00f50533          	add	a0,a0,a5
  60:	00153513          	seqz	a0,a0
  64:	14000097          	auipc	ra,0x14000
  68:	0c4080e7          	jalr	196(ra) # 14000128 <assert>
  6c:	00c42503          	lw	a0,12(s0)
  70:	f0e1d7b7          	lui	a5,0xf0e1d
  74:	2c478793          	addi	a5,a5,708 # f0e1d2c4 <_etext+0xdce1cb4c>
  78:	00f50533          	add	a0,a0,a5
  7c:	00153513          	seqz	a0,a0
  80:	14000097          	auipc	ra,0x14000
  84:	0a8080e7          	jalr	168(ra) # 14000128 <assert>
  88:	00045503          	lhu	a0,0(s0)
  8c:	ffffb937          	lui	s2,0xffffb
  90:	98890913          	addi	s2,s2,-1656 # ffffa988 <_etext+0xebffa210>
  94:	01250533          	add	a0,a0,s2
  98:	00153513          	seqz	a0,a0
  9c:	14000097          	auipc	ra,0x14000
  a0:	08c080e7          	jalr	140(ra) # 14000128 <assert>
  a4:	00245503          	lhu	a0,2(s0)
  a8:	fffff4b7          	lui	s1,0xfffff
  ac:	dcc48493          	addi	s1,s1,-564 # ffffedcc <_etext+0xebffe654>
  b0:	00950533          	add	a0,a0,s1
  b4:	00153513          	seqz	a0,a0
  b8:	14000097          	auipc	ra,0x14000
  bc:	070080e7          	jalr	112(ra) # 14000128 <assert>
  c0:	00445503          	lhu	a0,4(s0)
  c4:	ffff47b7          	lui	a5,0xffff4
  c8:	11178793          	addi	a5,a5,273 # ffff4111 <_etext+0xebff3999>
  cc:	00f50533          	add	a0,a0,a5
  d0:	00153513          	seqz	a0,a0
  d4:	14000097          	auipc	ra,0x14000
  d8:	054080e7          	jalr	84(ra) # 14000128 <assert>
  dc:	00645503          	lhu	a0,6(s0)
  e0:	ffff27b7          	lui	a5,0xffff2
  e4:	15378793          	addi	a5,a5,339 # ffff2153 <_etext+0xebff19db>
  e8:	00f50533          	add	a0,a0,a5
  ec:	00153513          	seqz	a0,a0
  f0:	14000097          	auipc	ra,0x14000
  f4:	038080e7          	jalr	56(ra) # 14000128 <assert>
  f8:	00045503          	lhu	a0,0(s0)
  fc:	01051513          	slli	a0,a0,0x10
 100:	41055513          	srai	a0,a0,0x10
 104:	01250533          	add	a0,a0,s2
 108:	00153513          	seqz	a0,a0
 10c:	14000097          	auipc	ra,0x14000
 110:	01c080e7          	jalr	28(ra) # 14000128 <assert>
 114:	00245503          	lhu	a0,2(s0)
 118:	01051513          	slli	a0,a0,0x10
 11c:	41055513          	srai	a0,a0,0x10
 120:	00950533          	add	a0,a0,s1
 124:	00153513          	seqz	a0,a0
 128:	14000097          	auipc	ra,0x14000
 12c:	000080e7          	jalr	ra # 14000128 <assert>
 130:	00445503          	lhu	a0,4(s0)
 134:	01051513          	slli	a0,a0,0x10
 138:	41055513          	srai	a0,a0,0x10
 13c:	000047b7          	lui	a5,0x4
 140:	11178793          	addi	a5,a5,273 # 4111 <_stack_top+0x3111>
 144:	00f50533          	add	a0,a0,a5
 148:	00153513          	seqz	a0,a0
 14c:	14000097          	auipc	ra,0x14000
 150:	fdc080e7          	jalr	-36(ra) # 14000128 <assert>
 154:	00645503          	lhu	a0,6(s0)
 158:	01051513          	slli	a0,a0,0x10
 15c:	41055513          	srai	a0,a0,0x10
 160:	000027b7          	lui	a5,0x2
 164:	15378793          	addi	a5,a5,339 # 2153 <_stack_top+0x1153>
 168:	00f50533          	add	a0,a0,a5
 16c:	00153513          	seqz	a0,a0
 170:	14000097          	auipc	ra,0x14000
 174:	fb8080e7          	jalr	-72(ra) # 14000128 <assert>
 178:	00144503          	lbu	a0,1(s0)
 17c:	00244783          	lbu	a5,2(s0)
 180:	00879793          	slli	a5,a5,0x8
 184:	00f56533          	or	a0,a0,a5
 188:	ffffd7b7          	lui	a5,0xffffd
 18c:	baa78793          	addi	a5,a5,-1110 # ffffcbaa <_etext+0xebffc432>
 190:	00f50533          	add	a0,a0,a5
 194:	00153513          	seqz	a0,a0
 198:	14000097          	auipc	ra,0x14000
 19c:	f90080e7          	jalr	-112(ra) # 14000128 <assert>
 1a0:	00344503          	lbu	a0,3(s0)
 1a4:	00444783          	lbu	a5,4(s0)
 1a8:	00879793          	slli	a5,a5,0x8
 1ac:	00f56533          	or	a0,a0,a5
 1b0:	ffff17b7          	lui	a5,0xffff1
 1b4:	0ee78793          	addi	a5,a5,238 # ffff10ee <_etext+0xebff0976>
 1b8:	00f50533          	add	a0,a0,a5
 1bc:	00153513          	seqz	a0,a0
 1c0:	14000097          	auipc	ra,0x14000
 1c4:	f68080e7          	jalr	-152(ra) # 14000128 <assert>
 1c8:	00544503          	lbu	a0,5(s0)
 1cc:	00644783          	lbu	a5,6(s0)
 1d0:	00879793          	slli	a5,a5,0x8
 1d4:	00f56533          	or	a0,a0,a5
 1d8:	ffff57b7          	lui	a5,0xffff5
 1dc:	24278793          	addi	a5,a5,578 # ffff5242 <_etext+0xebff4aca>
 1e0:	00f50533          	add	a0,a0,a5
 1e4:	00153513          	seqz	a0,a0
 1e8:	14000097          	auipc	ra,0x14000
 1ec:	f40080e7          	jalr	-192(ra) # 14000128 <assert>
 1f0:	00744503          	lbu	a0,7(s0)
 1f4:	00844783          	lbu	a5,8(s0)
 1f8:	00879793          	slli	a5,a5,0x8
 1fc:	00f56533          	or	a0,a0,a5
 200:	e2250513          	addi	a0,a0,-478
 204:	00153513          	seqz	a0,a0
 208:	14000097          	auipc	ra,0x14000
 20c:	f20080e7          	jalr	-224(ra) # 14000128 <assert>
 210:	5d800413          	li	s0,1496
 214:	00044503          	lbu	a0,0(s0)
 218:	fb850513          	addi	a0,a0,-72
 21c:	00153513          	seqz	a0,a0
 220:	14000097          	auipc	ra,0x14000
 224:	f08080e7          	jalr	-248(ra) # 14000128 <assert>
 228:	00144503          	lbu	a0,1(s0)
 22c:	f9b50513          	addi	a0,a0,-101
 230:	00153513          	seqz	a0,a0
 234:	14000097          	auipc	ra,0x14000
 238:	ef4080e7          	jalr	-268(ra) # 14000128 <assert>
 23c:	00244503          	lbu	a0,2(s0)
 240:	f9450513          	addi	a0,a0,-108
 244:	00153513          	seqz	a0,a0
 248:	14000097          	auipc	ra,0x14000
 24c:	ee0080e7          	jalr	-288(ra) # 14000128 <assert>
 250:	00444503          	lbu	a0,4(s0)
 254:	f9150513          	addi	a0,a0,-111
 258:	00153513          	seqz	a0,a0
 25c:	14000097          	auipc	ra,0x14000
 260:	ecc080e7          	jalr	-308(ra) # 14000128 <assert>
 264:	00644503          	lbu	a0,6(s0)
 268:	f8950513          	addi	a0,a0,-119
 26c:	00153513          	seqz	a0,a0
 270:	14000097          	auipc	ra,0x14000
 274:	eb8080e7          	jalr	-328(ra) # 14000128 <assert>
 278:	00744503          	lbu	a0,7(s0)
 27c:	f9150513          	addi	a0,a0,-111
 280:	00153513          	seqz	a0,a0
 284:	14000097          	auipc	ra,0x14000
 288:	ea4080e7          	jalr	-348(ra) # 14000128 <assert>
 28c:	00944503          	lbu	a0,9(s0)
 290:	f9450513          	addi	a0,a0,-108
 294:	00153513          	seqz	a0,a0
 298:	14000097          	auipc	ra,0x14000
 29c:	e90080e7          	jalr	-368(ra) # 14000128 <assert>
 2a0:	00b44503          	lbu	a0,11(s0)
 2a4:	fdf50513          	addi	a0,a0,-33
 2a8:	00153513          	seqz	a0,a0
 2ac:	14000097          	auipc	ra,0x14000
 2b0:	e7c080e7          	jalr	-388(ra) # 14000128 <assert>
 2b4:	00000693          	li	a3,0
 2b8:	0280006f          	j	2e0 <_stack_size+0xe0>
 2bc:	00269713          	slli	a4,a3,0x2
 2c0:	140007b7          	lui	a5,0x14000
 2c4:	07878793          	addi	a5,a5,120 # 14000078 <flashData>
 2c8:	00e787b3          	add	a5,a5,a4
 2cc:	0007a783          	lw	a5,0(a5)
 2d0:	02070713          	addi	a4,a4,32
 2d4:	00270733          	add	a4,a4,sp
 2d8:	fef72823          	sw	a5,-16(a4)
 2dc:	00168693          	addi	a3,a3,1
 2e0:	00300793          	li	a5,3
 2e4:	fcd7dce3          	bge	a5,a3,2bc <_stack_size+0xbc>
 2e8:	00000713          	li	a4,0
 2ec:	0240006f          	j	310 <_stack_size+0x110>
 2f0:	140007b7          	lui	a5,0x14000
 2f4:	08878793          	addi	a5,a5,136 # 14000088 <flashString>
 2f8:	00e787b3          	add	a5,a5,a4
 2fc:	0007c683          	lbu	a3,0(a5)
 300:	02070793          	addi	a5,a4,32
 304:	002787b3          	add	a5,a5,sp
 308:	fed78223          	sb	a3,-28(a5)
 30c:	00170713          	addi	a4,a4,1
 310:	00b00793          	li	a5,11
 314:	fce7dee3          	bge	a5,a4,2f0 <_stack_size+0xf0>
 318:	01012503          	lw	a0,16(sp)
 31c:	edcbb7b7          	lui	a5,0xedcbb
 320:	98878793          	addi	a5,a5,-1656 # edcba988 <_etext+0xd9cba210>
 324:	00f50533          	add	a0,a0,a5
 328:	00153513          	seqz	a0,a0
 32c:	14000097          	auipc	ra,0x14000
 330:	dfc080e7          	jalr	-516(ra) # 14000128 <assert>
 334:	01412503          	lw	a0,20(sp)
 338:	215247b7          	lui	a5,0x21524
 33c:	11178793          	addi	a5,a5,273 # 21524111 <_etext+0xd523999>
 340:	00f50533          	add	a0,a0,a5
 344:	00153513          	seqz	a0,a0
 348:	14000097          	auipc	ra,0x14000
 34c:	de0080e7          	jalr	-544(ra) # 14000128 <assert>
 350:	01812503          	lw	a0,24(sp)
 354:	543217b7          	lui	a5,0x54321
 358:	0ff78793          	addi	a5,a5,255 # 543210ff <_etext+0x40320987>
 35c:	00f50533          	add	a0,a0,a5
 360:	00153513          	seqz	a0,a0
 364:	14000097          	auipc	ra,0x14000
 368:	dc4080e7          	jalr	-572(ra) # 14000128 <assert>
 36c:	01c12503          	lw	a0,28(sp)
 370:	f0e1d7b7          	lui	a5,0xf0e1d
 374:	2c478793          	addi	a5,a5,708 # f0e1d2c4 <_etext+0xdce1cb4c>
 378:	00f50533          	add	a0,a0,a5
 37c:	00153513          	seqz	a0,a0
 380:	14000097          	auipc	ra,0x14000
 384:	da8080e7          	jalr	-600(ra) # 14000128 <assert>
 388:	01015503          	lhu	a0,16(sp)
 38c:	ffffb4b7          	lui	s1,0xffffb
 390:	98848493          	addi	s1,s1,-1656 # ffffa988 <_etext+0xebffa210>
 394:	00950533          	add	a0,a0,s1
 398:	00153513          	seqz	a0,a0
 39c:	14000097          	auipc	ra,0x14000
 3a0:	d8c080e7          	jalr	-628(ra) # 14000128 <assert>
 3a4:	01215503          	lhu	a0,18(sp)
 3a8:	fffff437          	lui	s0,0xfffff
 3ac:	dcc40413          	addi	s0,s0,-564 # ffffedcc <_etext+0xebffe654>
 3b0:	00850533          	add	a0,a0,s0
 3b4:	00153513          	seqz	a0,a0
 3b8:	14000097          	auipc	ra,0x14000
 3bc:	d70080e7          	jalr	-656(ra) # 14000128 <assert>
 3c0:	01415503          	lhu	a0,20(sp)
 3c4:	ffff47b7          	lui	a5,0xffff4
 3c8:	11178793          	addi	a5,a5,273 # ffff4111 <_etext+0xebff3999>
 3cc:	00f50533          	add	a0,a0,a5
 3d0:	00153513          	seqz	a0,a0
 3d4:	14000097          	auipc	ra,0x14000
 3d8:	d54080e7          	jalr	-684(ra) # 14000128 <assert>
 3dc:	01615503          	lhu	a0,22(sp)
 3e0:	ffff27b7          	lui	a5,0xffff2
 3e4:	15378793          	addi	a5,a5,339 # ffff2153 <_etext+0xebff19db>
 3e8:	00f50533          	add	a0,a0,a5
 3ec:	00153513          	seqz	a0,a0
 3f0:	14000097          	auipc	ra,0x14000
 3f4:	d38080e7          	jalr	-712(ra) # 14000128 <assert>
 3f8:	01015503          	lhu	a0,16(sp)
 3fc:	01051513          	slli	a0,a0,0x10
 400:	41055513          	srai	a0,a0,0x10
 404:	00950533          	add	a0,a0,s1
 408:	00153513          	seqz	a0,a0
 40c:	14000097          	auipc	ra,0x14000
 410:	d1c080e7          	jalr	-740(ra) # 14000128 <assert>
 414:	01215503          	lhu	a0,18(sp)
 418:	01051513          	slli	a0,a0,0x10
 41c:	41055513          	srai	a0,a0,0x10
 420:	00850533          	add	a0,a0,s0
 424:	00153513          	seqz	a0,a0
 428:	14000097          	auipc	ra,0x14000
 42c:	d00080e7          	jalr	-768(ra) # 14000128 <assert>
 430:	01415503          	lhu	a0,20(sp)
 434:	01051513          	slli	a0,a0,0x10
 438:	41055513          	srai	a0,a0,0x10
 43c:	000047b7          	lui	a5,0x4
 440:	11178793          	addi	a5,a5,273 # 4111 <_stack_top+0x3111>
 444:	00f50533          	add	a0,a0,a5
 448:	00153513          	seqz	a0,a0
 44c:	14000097          	auipc	ra,0x14000
 450:	cdc080e7          	jalr	-804(ra) # 14000128 <assert>
 454:	01615503          	lhu	a0,22(sp)
 458:	01051513          	slli	a0,a0,0x10
 45c:	41055513          	srai	a0,a0,0x10
 460:	000027b7          	lui	a5,0x2
 464:	15378793          	addi	a5,a5,339 # 2153 <_stack_top+0x1153>
 468:	00f50533          	add	a0,a0,a5
 46c:	00153513          	seqz	a0,a0
 470:	14000097          	auipc	ra,0x14000
 474:	cb8080e7          	jalr	-840(ra) # 14000128 <assert>
 478:	01114503          	lbu	a0,17(sp)
 47c:	01214783          	lbu	a5,18(sp)
 480:	00879793          	slli	a5,a5,0x8
 484:	00f56533          	or	a0,a0,a5
 488:	ffffd7b7          	lui	a5,0xffffd
 48c:	baa78793          	addi	a5,a5,-1110 # ffffcbaa <_etext+0xebffc432>
 490:	00f50533          	add	a0,a0,a5
 494:	00153513          	seqz	a0,a0
 498:	14000097          	auipc	ra,0x14000
 49c:	c90080e7          	jalr	-880(ra) # 14000128 <assert>
 4a0:	01314503          	lbu	a0,19(sp)
 4a4:	01414783          	lbu	a5,20(sp)
 4a8:	00879793          	slli	a5,a5,0x8
 4ac:	00f56533          	or	a0,a0,a5
 4b0:	ffff17b7          	lui	a5,0xffff1
 4b4:	0ee78793          	addi	a5,a5,238 # ffff10ee <_etext+0xebff0976>
 4b8:	00f50533          	add	a0,a0,a5
 4bc:	00153513          	seqz	a0,a0
 4c0:	14000097          	auipc	ra,0x14000
 4c4:	c68080e7          	jalr	-920(ra) # 14000128 <assert>
 4c8:	01514503          	lbu	a0,21(sp)
 4cc:	01614783          	lbu	a5,22(sp)
 4d0:	00879793          	slli	a5,a5,0x8
 4d4:	00f56533          	or	a0,a0,a5
 4d8:	ffff57b7          	lui	a5,0xffff5
 4dc:	24278793          	addi	a5,a5,578 # ffff5242 <_etext+0xebff4aca>
 4e0:	00f50533          	add	a0,a0,a5
 4e4:	00153513          	seqz	a0,a0
 4e8:	14000097          	auipc	ra,0x14000
 4ec:	c40080e7          	jalr	-960(ra) # 14000128 <assert>
 4f0:	01714503          	lbu	a0,23(sp)
 4f4:	01814783          	lbu	a5,24(sp)
 4f8:	00879793          	slli	a5,a5,0x8
 4fc:	00f56533          	or	a0,a0,a5
 500:	e2250513          	addi	a0,a0,-478
 504:	00153513          	seqz	a0,a0
 508:	14000097          	auipc	ra,0x14000
 50c:	c20080e7          	jalr	-992(ra) # 14000128 <assert>
 510:	00414503          	lbu	a0,4(sp)
 514:	fb850513          	addi	a0,a0,-72
 518:	00153513          	seqz	a0,a0
 51c:	14000097          	auipc	ra,0x14000
 520:	c0c080e7          	jalr	-1012(ra) # 14000128 <assert>
 524:	00514503          	lbu	a0,5(sp)
 528:	f9b50513          	addi	a0,a0,-101
 52c:	00153513          	seqz	a0,a0
 530:	14000097          	auipc	ra,0x14000
 534:	bf8080e7          	jalr	-1032(ra) # 14000128 <assert>
 538:	00614503          	lbu	a0,6(sp)
 53c:	f9450513          	addi	a0,a0,-108
 540:	00153513          	seqz	a0,a0
 544:	14000097          	auipc	ra,0x14000
 548:	be4080e7          	jalr	-1052(ra) # 14000128 <assert>
 54c:	00814503          	lbu	a0,8(sp)
 550:	f9150513          	addi	a0,a0,-111
 554:	00153513          	seqz	a0,a0
 558:	14000097          	auipc	ra,0x14000
 55c:	bd0080e7          	jalr	-1072(ra) # 14000128 <assert>
 560:	00a14503          	lbu	a0,10(sp)
 564:	f8950513          	addi	a0,a0,-119
 568:	00153513          	seqz	a0,a0
 56c:	14000097          	auipc	ra,0x14000
 570:	bbc080e7          	jalr	-1092(ra) # 14000128 <assert>
 574:	00b14503          	lbu	a0,11(sp)
 578:	f9150513          	addi	a0,a0,-111
 57c:	00153513          	seqz	a0,a0
 580:	14000097          	auipc	ra,0x14000
 584:	ba8080e7          	jalr	-1112(ra) # 14000128 <assert>
 588:	00d14503          	lbu	a0,13(sp)
 58c:	f9450513          	addi	a0,a0,-108
 590:	00153513          	seqz	a0,a0
 594:	14000097          	auipc	ra,0x14000
 598:	b94080e7          	jalr	-1132(ra) # 14000128 <assert>
 59c:	00f14503          	lbu	a0,15(sp)
 5a0:	fdf50513          	addi	a0,a0,-33
 5a4:	00153513          	seqz	a0,a0
 5a8:	14000097          	auipc	ra,0x14000
 5ac:	b80080e7          	jalr	-1152(ra) # 14000128 <assert>
 5b0:	02c12083          	lw	ra,44(sp)
 5b4:	02812403          	lw	s0,40(sp)
 5b8:	02412483          	lw	s1,36(sp)
 5bc:	02012903          	lw	s2,32(sp)
 5c0:	03010113          	addi	sp,sp,48
 5c4:	00008067          	ret

000005c8 <sramData>:
 5c8:	12345678 deadbeef abcdef01 0f1e2d3c     xV4.........<-..

000005d8 <sramString>:
 5d8:	6c6c6548 6f77206f 21646c72 00000000     Hello world!....
