
peripheralsGPIO.elf:     file format elf32-littleriscv


Disassembly of section .text:

10000000 <_ftext>:
10000000:	0b00006f          	j	100000b0 <crt_init>
10000004:	00000013          	nop
10000008:	00000013          	nop
1000000c:	00000013          	nop
10000010:	00000013          	nop
10000014:	00000013          	nop
10000018:	00000013          	nop
1000001c:	00000013          	nop

10000020 <trap_entry>:
10000020:	fe112e23          	sw	ra,-4(sp)
10000024:	fe512c23          	sw	t0,-8(sp)
10000028:	fe612a23          	sw	t1,-12(sp)
1000002c:	fe712823          	sw	t2,-16(sp)
10000030:	fea12623          	sw	a0,-20(sp)
10000034:	feb12423          	sw	a1,-24(sp)
10000038:	fec12223          	sw	a2,-28(sp)
1000003c:	fed12023          	sw	a3,-32(sp)
10000040:	fce12e23          	sw	a4,-36(sp)
10000044:	fcf12c23          	sw	a5,-40(sp)
10000048:	fd012a23          	sw	a6,-44(sp)
1000004c:	fd112823          	sw	a7,-48(sp)
10000050:	fdc12623          	sw	t3,-52(sp)
10000054:	fdd12423          	sw	t4,-56(sp)
10000058:	fde12223          	sw	t5,-60(sp)
1000005c:	fdf12023          	sw	t6,-64(sp)
10000060:	fc010113          	addi	sp,sp,-64
10000064:	114000ef          	jal	ra,10000178 <isr>
10000068:	03c12083          	lw	ra,60(sp)
1000006c:	03812283          	lw	t0,56(sp)
10000070:	03412303          	lw	t1,52(sp)
10000074:	03012383          	lw	t2,48(sp)
10000078:	02c12503          	lw	a0,44(sp)
1000007c:	02812583          	lw	a1,40(sp)
10000080:	02412603          	lw	a2,36(sp)
10000084:	02012683          	lw	a3,32(sp)
10000088:	01c12703          	lw	a4,28(sp)
1000008c:	01812783          	lw	a5,24(sp)
10000090:	01412803          	lw	a6,20(sp)
10000094:	01012883          	lw	a7,16(sp)
10000098:	00c12e03          	lw	t3,12(sp)
1000009c:	00812e83          	lw	t4,8(sp)
100000a0:	00412f03          	lw	t5,4(sp)
100000a4:	00012f83          	lw	t6,0(sp)
100000a8:	04010113          	addi	sp,sp,64
100000ac:	30200073          	mret

100000b0 <crt_init>:
100000b0:	f1000117          	auipc	sp,0xf1000
100000b4:	75010113          	addi	sp,sp,1872 # 1000800 <_fstack>
100000b8:	00000517          	auipc	a0,0x0
100000bc:	f6850513          	addi	a0,a0,-152 # 10000020 <trap_entry>
100000c0:	30551073          	csrw	mtvec,a0

100000c4 <data_init>:
100000c4:	00000513          	li	a0,0
100000c8:	00000593          	li	a1,0
100000cc:	00000617          	auipc	a2,0x0
100000d0:	71460613          	addi	a2,a2,1812 # 100007e0 <_fdata_rom>

100000d4 <data_loop>:
100000d4:	00b50c63          	beq	a0,a1,100000ec <bss_init>
100000d8:	00062683          	lw	a3,0(a2)
100000dc:	00d52023          	sw	a3,0(a0)
100000e0:	00450513          	addi	a0,a0,4
100000e4:	00460613          	addi	a2,a2,4
100000e8:	fedff06f          	j	100000d4 <data_loop>

100000ec <bss_init>:
100000ec:	00000513          	li	a0,0
100000f0:	00800593          	li	a1,8

100000f4 <bss_loop>:
100000f4:	00b50863          	beq	a0,a1,10000104 <bss_done>
100000f8:	00052023          	sw	zero,0(a0)
100000fc:	00450513          	addi	a0,a0,4
10000100:	ff5ff06f          	j	100000f4 <bss_loop>

10000104 <bss_done>:
10000104:	00001537          	lui	a0,0x1
10000108:	88050513          	addi	a0,a0,-1920 # 880 <_ebss+0x878>
1000010c:	30451073          	csrw	mie,a0
10000110:	2ec000ef          	jal	ra,100003fc <main>

10000114 <infinit_loop>:
10000114:	0000006f          	j	10000114 <infinit_loop>

10000118 <flush_cpu_icache>:
10000118:	ff010113          	addi	sp,sp,-16
1000011c:	00812623          	sw	s0,12(sp)
10000120:	01010413          	addi	s0,sp,16
10000124:	00000013          	nop
10000128:	00c12403          	lw	s0,12(sp)
1000012c:	01010113          	addi	sp,sp,16
10000130:	00008067          	ret

10000134 <flush_cpu_dcache>:
10000134:	ff010113          	addi	sp,sp,-16
10000138:	00812623          	sw	s0,12(sp)
1000013c:	01010413          	addi	s0,sp,16
10000140:	00000013          	nop
10000144:	00c12403          	lw	s0,12(sp)
10000148:	01010113          	addi	sp,sp,16
1000014c:	00008067          	ret

10000150 <irq_setmask>:
10000150:	fe010113          	addi	sp,sp,-32
10000154:	00812e23          	sw	s0,28(sp)
10000158:	02010413          	addi	s0,sp,32
1000015c:	fea42623          	sw	a0,-20(s0)
10000160:	fec42783          	lw	a5,-20(s0)
10000164:	bc079073          	csrw	0xbc0,a5
10000168:	00000013          	nop
1000016c:	01c12403          	lw	s0,28(sp)
10000170:	02010113          	addi	sp,sp,32
10000174:	00008067          	ret

10000178 <isr>:
10000178:	ff010113          	addi	sp,sp,-16
1000017c:	00112623          	sw	ra,12(sp)
10000180:	00812423          	sw	s0,8(sp)
10000184:	01010413          	addi	s0,sp,16
10000188:	00000513          	li	a0,0
1000018c:	fc5ff0ef          	jal	ra,10000150 <irq_setmask>
10000190:	f00037b7          	lui	a5,0xf0003
10000194:	03878793          	addi	a5,a5,56 # f0003038 <_fdata_rom+0xe0002858>
10000198:	00a00713          	li	a4,10
1000019c:	00e7a023          	sw	a4,0(a5)
100001a0:	f00037b7          	lui	a5,0xf0003
100001a4:	03c78793          	addi	a5,a5,60 # f000303c <_fdata_rom+0xe000285c>
100001a8:	00020737          	lui	a4,0x20
100001ac:	00e7a023          	sw	a4,0(a5)
100001b0:	00100713          	li	a4,1
100001b4:	00e01023          	sh	a4,0(zero) # 0 <__DYNAMIC>
100001b8:	00000013          	nop
100001bc:	00c12083          	lw	ra,12(sp)
100001c0:	00812403          	lw	s0,8(sp)
100001c4:	01010113          	addi	sp,sp,16
100001c8:	00008067          	ret

100001cc <flush_cpu_icache>:
100001cc:	ff010113          	addi	sp,sp,-16
100001d0:	00812623          	sw	s0,12(sp)
100001d4:	01010413          	addi	s0,sp,16
100001d8:	00000013          	nop
100001dc:	00c12403          	lw	s0,12(sp)
100001e0:	01010113          	addi	sp,sp,16
100001e4:	00008067          	ret

100001e8 <flush_cpu_dcache>:
100001e8:	ff010113          	addi	sp,sp,-16
100001ec:	00812623          	sw	s0,12(sp)
100001f0:	01010413          	addi	s0,sp,16
100001f4:	00000013          	nop
100001f8:	00c12403          	lw	s0,12(sp)
100001fc:	01010113          	addi	sp,sp,16
10000200:	00008067          	ret

10000204 <putchar>:
10000204:	fe010113          	addi	sp,sp,-32
10000208:	00112e23          	sw	ra,28(sp)
1000020c:	00812c23          	sw	s0,24(sp)
10000210:	02010413          	addi	s0,sp,32
10000214:	00050793          	mv	a5,a0
10000218:	fef407a3          	sb	a5,-17(s0)
1000021c:	fef44703          	lbu	a4,-17(s0)
10000220:	00a00793          	li	a5,10
10000224:	00f71663          	bne	a4,a5,10000230 <putchar+0x2c>
10000228:	00d00513          	li	a0,13
1000022c:	fd9ff0ef          	jal	ra,10000204 <putchar>
10000230:	00000013          	nop
10000234:	f00067b7          	lui	a5,0xf0006
10000238:	80478793          	addi	a5,a5,-2044 # f0005804 <_fdata_rom+0xe0005024>
1000023c:	0007a703          	lw	a4,0(a5)
10000240:	00100793          	li	a5,1
10000244:	fef708e3          	beq	a4,a5,10000234 <putchar+0x30>
10000248:	f00067b7          	lui	a5,0xf0006
1000024c:	80078793          	addi	a5,a5,-2048 # f0005800 <_fdata_rom+0xe0005020>
10000250:	fef44703          	lbu	a4,-17(s0)
10000254:	00e7a023          	sw	a4,0(a5)
10000258:	00000013          	nop
1000025c:	01c12083          	lw	ra,28(sp)
10000260:	01812403          	lw	s0,24(sp)
10000264:	02010113          	addi	sp,sp,32
10000268:	00008067          	ret

1000026c <print>:
1000026c:	fe010113          	addi	sp,sp,-32
10000270:	00112e23          	sw	ra,28(sp)
10000274:	00812c23          	sw	s0,24(sp)
10000278:	02010413          	addi	s0,sp,32
1000027c:	fea42623          	sw	a0,-20(s0)
10000280:	01c0006f          	j	1000029c <print+0x30>
10000284:	fec42783          	lw	a5,-20(s0)
10000288:	00178713          	addi	a4,a5,1
1000028c:	fee42623          	sw	a4,-20(s0)
10000290:	0007c783          	lbu	a5,0(a5)
10000294:	00078513          	mv	a0,a5
10000298:	f6dff0ef          	jal	ra,10000204 <putchar>
1000029c:	fec42783          	lw	a5,-20(s0)
100002a0:	0007c783          	lbu	a5,0(a5)
100002a4:	fe0790e3          	bnez	a5,10000284 <print+0x18>
100002a8:	00000013          	nop
100002ac:	01c12083          	lw	ra,28(sp)
100002b0:	01812403          	lw	s0,24(sp)
100002b4:	02010113          	addi	sp,sp,32
100002b8:	00008067          	ret

100002bc <wbWrite>:
100002bc:	fd010113          	addi	sp,sp,-48
100002c0:	02812623          	sw	s0,44(sp)
100002c4:	03010413          	addi	s0,sp,48
100002c8:	fca42e23          	sw	a0,-36(s0)
100002cc:	fcb42c23          	sw	a1,-40(s0)
100002d0:	fdc42783          	lw	a5,-36(s0)
100002d4:	fef42623          	sw	a5,-20(s0)
100002d8:	300007b7          	lui	a5,0x30000
100002dc:	fec42683          	lw	a3,-20(s0)
100002e0:	ffff8737          	lui	a4,0xffff8
100002e4:	00e6f733          	and	a4,a3,a4
100002e8:	00e7a023          	sw	a4,0(a5) # 30000000 <_fdata_rom+0x1ffff820>
100002ec:	fec42703          	lw	a4,-20(s0)
100002f0:	000107b7          	lui	a5,0x10
100002f4:	fff78793          	addi	a5,a5,-1 # ffff <_ebss+0xfff7>
100002f8:	00f77733          	and	a4,a4,a5
100002fc:	300087b7          	lui	a5,0x30008
10000300:	00f767b3          	or	a5,a4,a5
10000304:	fef42423          	sw	a5,-24(s0)
10000308:	fe842783          	lw	a5,-24(s0)
1000030c:	fd842703          	lw	a4,-40(s0)
10000310:	00e7a023          	sw	a4,0(a5) # 30008000 <_fdata_rom+0x20007820>
10000314:	00000013          	nop
10000318:	02c12403          	lw	s0,44(sp)
1000031c:	03010113          	addi	sp,sp,48
10000320:	00008067          	ret

10000324 <wbRead>:
10000324:	fd010113          	addi	sp,sp,-48
10000328:	02812623          	sw	s0,44(sp)
1000032c:	03010413          	addi	s0,sp,48
10000330:	fca42e23          	sw	a0,-36(s0)
10000334:	fdc42783          	lw	a5,-36(s0)
10000338:	fef42623          	sw	a5,-20(s0)
1000033c:	300007b7          	lui	a5,0x30000
10000340:	fec42683          	lw	a3,-20(s0)
10000344:	ffff8737          	lui	a4,0xffff8
10000348:	00e6f733          	and	a4,a3,a4
1000034c:	00e7a023          	sw	a4,0(a5) # 30000000 <_fdata_rom+0x1ffff820>
10000350:	fec42703          	lw	a4,-20(s0)
10000354:	000107b7          	lui	a5,0x10
10000358:	fff78793          	addi	a5,a5,-1 # ffff <_ebss+0xfff7>
1000035c:	00f77733          	and	a4,a4,a5
10000360:	300087b7          	lui	a5,0x30008
10000364:	00f767b3          	or	a5,a4,a5
10000368:	fef42423          	sw	a5,-24(s0)
1000036c:	fe842783          	lw	a5,-24(s0)
10000370:	0007a783          	lw	a5,0(a5) # 30008000 <_fdata_rom+0x20007820>
10000374:	00078513          	mv	a0,a5
10000378:	02c12403          	lw	s0,44(sp)
1000037c:	03010113          	addi	sp,sp,48
10000380:	00008067          	ret

10000384 <nextTest>:
10000384:	fe010113          	addi	sp,sp,-32
10000388:	00112e23          	sw	ra,28(sp)
1000038c:	00812c23          	sw	s0,24(sp)
10000390:	02010413          	addi	s0,sp,32
10000394:	00050793          	mv	a5,a0
10000398:	fef407a3          	sb	a5,-17(s0)
1000039c:	fef44783          	lbu	a5,-17(s0)
100003a0:	00078c63          	beqz	a5,100003b8 <nextTest+0x34>
100003a4:	000035b7          	lui	a1,0x3
100003a8:	330317b7          	lui	a5,0x33031
100003ac:	01478513          	addi	a0,a5,20 # 33031014 <_fdata_rom+0x23030834>
100003b0:	f0dff0ef          	jal	ra,100002bc <wbWrite>
100003b4:	0240006f          	j	100003d8 <nextTest+0x54>
100003b8:	000015b7          	lui	a1,0x1
100003bc:	330317b7          	lui	a5,0x33031
100003c0:	01878513          	addi	a0,a5,24 # 33031018 <_fdata_rom+0x23030838>
100003c4:	ef9ff0ef          	jal	ra,100002bc <wbWrite>
100003c8:	000025b7          	lui	a1,0x2
100003cc:	330317b7          	lui	a5,0x33031
100003d0:	01478513          	addi	a0,a5,20 # 33031014 <_fdata_rom+0x23030834>
100003d4:	ee9ff0ef          	jal	ra,100002bc <wbWrite>
100003d8:	000025b7          	lui	a1,0x2
100003dc:	330317b7          	lui	a5,0x33031
100003e0:	01878513          	addi	a0,a5,24 # 33031018 <_fdata_rom+0x23030838>
100003e4:	ed9ff0ef          	jal	ra,100002bc <wbWrite>
100003e8:	00000013          	nop
100003ec:	01c12083          	lw	ra,28(sp)
100003f0:	01812403          	lw	s0,24(sp)
100003f4:	02010113          	addi	sp,sp,32
100003f8:	00008067          	ret

100003fc <main>:
100003fc:	fe010113          	addi	sp,sp,-32
10000400:	00112e23          	sw	ra,28(sp)
10000404:	00812c23          	sw	s0,24(sp)
10000408:	02010413          	addi	s0,sp,32
1000040c:	f00047b7          	lui	a5,0xf0004
10000410:	80078793          	addi	a5,a5,-2048 # f0003800 <_fdata_rom+0xe0003020>
10000414:	00100713          	li	a4,1
10000418:	00e7a023          	sw	a4,0(a5)
1000041c:	260007b7          	lui	a5,0x26000
10000420:	04078793          	addi	a5,a5,64 # 26000040 <_fdata_rom+0x15fff860>
10000424:	40200713          	li	a4,1026
10000428:	00e7a023          	sw	a4,0(a5)
1000042c:	260007b7          	lui	a5,0x26000
10000430:	05478793          	addi	a5,a5,84 # 26000054 <_fdata_rom+0x15fff874>
10000434:	00002737          	lui	a4,0x2
10000438:	80870713          	addi	a4,a4,-2040 # 1808 <_ebss+0x1800>
1000043c:	00e7a023          	sw	a4,0(a5)
10000440:	260007b7          	lui	a5,0x26000
10000444:	05878793          	addi	a5,a5,88 # 26000058 <_fdata_rom+0x15fff878>
10000448:	00002737          	lui	a4,0x2
1000044c:	80870713          	addi	a4,a4,-2040 # 1808 <_ebss+0x1800>
10000450:	00e7a023          	sw	a4,0(a5)
10000454:	260007b7          	lui	a5,0x26000
10000458:	05c78793          	addi	a5,a5,92 # 2600005c <_fdata_rom+0x15fff87c>
1000045c:	00002737          	lui	a4,0x2
10000460:	80870713          	addi	a4,a4,-2040 # 1808 <_ebss+0x1800>
10000464:	00e7a023          	sw	a4,0(a5)
10000468:	260007b7          	lui	a5,0x26000
1000046c:	06078793          	addi	a5,a5,96 # 26000060 <_fdata_rom+0x15fff880>
10000470:	00002737          	lui	a4,0x2
10000474:	80870713          	addi	a4,a4,-2040 # 1808 <_ebss+0x1800>
10000478:	00e7a023          	sw	a4,0(a5)
1000047c:	260007b7          	lui	a5,0x26000
10000480:	06478793          	addi	a5,a5,100 # 26000064 <_fdata_rom+0x15fff884>
10000484:	00002737          	lui	a4,0x2
10000488:	80870713          	addi	a4,a4,-2040 # 1808 <_ebss+0x1800>
1000048c:	00e7a023          	sw	a4,0(a5)
10000490:	260007b7          	lui	a5,0x26000
10000494:	06878793          	addi	a5,a5,104 # 26000068 <_fdata_rom+0x15fff888>
10000498:	00002737          	lui	a4,0x2
1000049c:	80870713          	addi	a4,a4,-2040 # 1808 <_ebss+0x1800>
100004a0:	00e7a023          	sw	a4,0(a5)
100004a4:	260007b7          	lui	a5,0x26000
100004a8:	06c78793          	addi	a5,a5,108 # 2600006c <_fdata_rom+0x15fff88c>
100004ac:	40200713          	li	a4,1026
100004b0:	00e7a023          	sw	a4,0(a5)
100004b4:	260007b7          	lui	a5,0x26000
100004b8:	07078793          	addi	a5,a5,112 # 26000070 <_fdata_rom+0x15fff890>
100004bc:	40200713          	li	a4,1026
100004c0:	00e7a023          	sw	a4,0(a5)
100004c4:	260007b7          	lui	a5,0x26000
100004c8:	00100713          	li	a4,1
100004cc:	00e7a023          	sw	a4,0(a5) # 26000000 <_fdata_rom+0x15fff820>
100004d0:	00000013          	nop
100004d4:	260007b7          	lui	a5,0x26000
100004d8:	0007a703          	lw	a4,0(a5) # 26000000 <_fdata_rom+0x15fff820>
100004dc:	00100793          	li	a5,1
100004e0:	fef70ae3          	beq	a4,a5,100004d4 <main+0xd8>
100004e4:	00100793          	li	a5,1
100004e8:	fef407a3          	sb	a5,-17(s0)
100004ec:	000015b7          	lui	a1,0x1
100004f0:	330317b7          	lui	a5,0x33031
100004f4:	01078513          	addi	a0,a5,16 # 33031010 <_fdata_rom+0x23030830>
100004f8:	dc5ff0ef          	jal	ra,100002bc <wbWrite>
100004fc:	fffc17b7          	lui	a5,0xfffc1
10000500:	fff78593          	addi	a1,a5,-1 # fffc0fff <_fdata_rom+0xeffc081f>
10000504:	33031537          	lui	a0,0x33031
10000508:	db5ff0ef          	jal	ra,100002bc <wbWrite>
1000050c:	000045b7          	lui	a1,0x4
10000510:	330317b7          	lui	a5,0x33031
10000514:	01478513          	addi	a0,a5,20 # 33031014 <_fdata_rom+0x23030834>
10000518:	da5ff0ef          	jal	ra,100002bc <wbWrite>
1000051c:	000085b7          	lui	a1,0x8
10000520:	330317b7          	lui	a5,0x33031
10000524:	01478513          	addi	a0,a5,20 # 33031014 <_fdata_rom+0x23030834>
10000528:	d95ff0ef          	jal	ra,100002bc <wbWrite>
1000052c:	000105b7          	lui	a1,0x10
10000530:	330317b7          	lui	a5,0x33031
10000534:	01478513          	addi	a0,a5,20 # 33031014 <_fdata_rom+0x23030834>
10000538:	d85ff0ef          	jal	ra,100002bc <wbWrite>
1000053c:	000205b7          	lui	a1,0x20
10000540:	330317b7          	lui	a5,0x33031
10000544:	01478513          	addi	a0,a5,20 # 33031014 <_fdata_rom+0x23030834>
10000548:	d75ff0ef          	jal	ra,100002bc <wbWrite>
1000054c:	0003c5b7          	lui	a1,0x3c
10000550:	330317b7          	lui	a5,0x33031
10000554:	01c78513          	addi	a0,a5,28 # 3303101c <_fdata_rom+0x2303083c>
10000558:	d65ff0ef          	jal	ra,100002bc <wbWrite>
1000055c:	0003d5b7          	lui	a1,0x3d
10000560:	330317b7          	lui	a5,0x33031
10000564:	01078513          	addi	a0,a5,16 # 33031010 <_fdata_rom+0x23030830>
10000568:	d55ff0ef          	jal	ra,100002bc <wbWrite>
1000056c:	000045b7          	lui	a1,0x4
10000570:	330317b7          	lui	a5,0x33031
10000574:	01878513          	addi	a0,a5,24 # 33031018 <_fdata_rom+0x23030838>
10000578:	d45ff0ef          	jal	ra,100002bc <wbWrite>
1000057c:	000085b7          	lui	a1,0x8
10000580:	330317b7          	lui	a5,0x33031
10000584:	01878513          	addi	a0,a5,24 # 33031018 <_fdata_rom+0x23030838>
10000588:	d35ff0ef          	jal	ra,100002bc <wbWrite>
1000058c:	000105b7          	lui	a1,0x10
10000590:	330317b7          	lui	a5,0x33031
10000594:	01878513          	addi	a0,a5,24 # 33031018 <_fdata_rom+0x23030838>
10000598:	d25ff0ef          	jal	ra,100002bc <wbWrite>
1000059c:	000205b7          	lui	a1,0x20
100005a0:	330317b7          	lui	a5,0x33031
100005a4:	01878513          	addi	a0,a5,24 # 33031018 <_fdata_rom+0x23030838>
100005a8:	d15ff0ef          	jal	ra,100002bc <wbWrite>
100005ac:	fef44783          	lbu	a5,-17(s0)
100005b0:	00078513          	mv	a0,a5
100005b4:	dd1ff0ef          	jal	ra,10000384 <nextTest>
100005b8:	08000593          	li	a1,128
100005bc:	330317b7          	lui	a5,0x33031
100005c0:	00478513          	addi	a0,a5,4 # 33031004 <_fdata_rom+0x23030824>
100005c4:	cf9ff0ef          	jal	ra,100002bc <wbWrite>
100005c8:	330317b7          	lui	a5,0x33031
100005cc:	02078513          	addi	a0,a5,32 # 33031020 <_fdata_rom+0x23030840>
100005d0:	d55ff0ef          	jal	ra,10000324 <wbRead>
100005d4:	fea42423          	sw	a0,-24(s0)
100005d8:	fe842703          	lw	a4,-24(s0)
100005dc:	08000793          	li	a5,128
100005e0:	00f70463          	beq	a4,a5,100005e8 <main+0x1ec>
100005e4:	fe0407a3          	sb	zero,-17(s0)
100005e8:	fef44783          	lbu	a5,-17(s0)
100005ec:	00078663          	beqz	a5,100005f8 <main+0x1fc>
100005f0:	000017b7          	lui	a5,0x1
100005f4:	0080006f          	j	100005fc <main+0x200>
100005f8:	00000793          	li	a5,0
100005fc:	fe842703          	lw	a4,-24(s0)
10000600:	00775713          	srli	a4,a4,0x7
10000604:	00e71693          	slli	a3,a4,0xe
10000608:	0003c737          	lui	a4,0x3c
1000060c:	00e6f733          	and	a4,a3,a4
10000610:	00e7e7b3          	or	a5,a5,a4
10000614:	00078593          	mv	a1,a5
10000618:	330317b7          	lui	a5,0x33031
1000061c:	01078513          	addi	a0,a5,16 # 33031010 <_fdata_rom+0x23030830>
10000620:	c9dff0ef          	jal	ra,100002bc <wbWrite>
10000624:	fef44783          	lbu	a5,-17(s0)
10000628:	00078513          	mv	a0,a5
1000062c:	d59ff0ef          	jal	ra,10000384 <nextTest>
10000630:	fff00593          	li	a1,-1
10000634:	33032537          	lui	a0,0x33032
10000638:	c85ff0ef          	jal	ra,100002bc <wbWrite>
1000063c:	330327b7          	lui	a5,0x33032
10000640:	02078513          	addi	a0,a5,32 # 33032020 <_fdata_rom+0x23031840>
10000644:	ce1ff0ef          	jal	ra,10000324 <wbRead>
10000648:	fea42423          	sw	a0,-24(s0)
1000064c:	fe842703          	lw	a4,-24(s0)
10000650:	00200793          	li	a5,2
10000654:	00f70463          	beq	a4,a5,1000065c <main+0x260>
10000658:	fe0407a3          	sb	zero,-17(s0)
1000065c:	fef44783          	lbu	a5,-17(s0)
10000660:	00078663          	beqz	a5,1000066c <main+0x270>
10000664:	000017b7          	lui	a5,0x1
10000668:	0080006f          	j	10000670 <main+0x274>
1000066c:	00000793          	li	a5,0
10000670:	fe842703          	lw	a4,-24(s0)
10000674:	00e71693          	slli	a3,a4,0xe
10000678:	0003c737          	lui	a4,0x3c
1000067c:	00e6f733          	and	a4,a3,a4
10000680:	00e7e7b3          	or	a5,a5,a4
10000684:	00078593          	mv	a1,a5
10000688:	330317b7          	lui	a5,0x33031
1000068c:	01078513          	addi	a0,a5,16 # 33031010 <_fdata_rom+0x23030830>
10000690:	c2dff0ef          	jal	ra,100002bc <wbWrite>
10000694:	fef44783          	lbu	a5,-17(s0)
10000698:	00078513          	mv	a0,a5
1000069c:	ce9ff0ef          	jal	ra,10000384 <nextTest>
100006a0:	330327b7          	lui	a5,0x33032
100006a4:	02078513          	addi	a0,a5,32 # 33032020 <_fdata_rom+0x23031840>
100006a8:	c7dff0ef          	jal	ra,10000324 <wbRead>
100006ac:	fea42423          	sw	a0,-24(s0)
100006b0:	fe842703          	lw	a4,-24(s0)
100006b4:	00100793          	li	a5,1
100006b8:	00f70463          	beq	a4,a5,100006c0 <main+0x2c4>
100006bc:	fe0407a3          	sb	zero,-17(s0)
100006c0:	fef44783          	lbu	a5,-17(s0)
100006c4:	00078663          	beqz	a5,100006d0 <main+0x2d4>
100006c8:	000017b7          	lui	a5,0x1
100006cc:	0080006f          	j	100006d4 <main+0x2d8>
100006d0:	00000793          	li	a5,0
100006d4:	fe842703          	lw	a4,-24(s0)
100006d8:	00e71693          	slli	a3,a4,0xe
100006dc:	0003c737          	lui	a4,0x3c
100006e0:	00e6f733          	and	a4,a3,a4
100006e4:	00e7e7b3          	or	a5,a5,a4
100006e8:	00078593          	mv	a1,a5
100006ec:	330317b7          	lui	a5,0x33031
100006f0:	01078513          	addi	a0,a5,16 # 33031010 <_fdata_rom+0x23030830>
100006f4:	bc9ff0ef          	jal	ra,100002bc <wbWrite>
100006f8:	fef44783          	lbu	a5,-17(s0)
100006fc:	00078513          	mv	a0,a5
10000700:	c85ff0ef          	jal	ra,10000384 <nextTest>
10000704:	330327b7          	lui	a5,0x33032
10000708:	02078513          	addi	a0,a5,32 # 33032020 <_fdata_rom+0x23031840>
1000070c:	c19ff0ef          	jal	ra,10000324 <wbRead>
10000710:	fea42423          	sw	a0,-24(s0)
10000714:	fe842703          	lw	a4,-24(s0)
10000718:	00300793          	li	a5,3
1000071c:	00f70463          	beq	a4,a5,10000724 <main+0x328>
10000720:	fe0407a3          	sb	zero,-17(s0)
10000724:	fef44783          	lbu	a5,-17(s0)
10000728:	00078663          	beqz	a5,10000734 <main+0x338>
1000072c:	000017b7          	lui	a5,0x1
10000730:	0080006f          	j	10000738 <main+0x33c>
10000734:	00000793          	li	a5,0
10000738:	fe842703          	lw	a4,-24(s0)
1000073c:	00e71693          	slli	a3,a4,0xe
10000740:	0003c737          	lui	a4,0x3c
10000744:	00e6f733          	and	a4,a3,a4
10000748:	00e7e7b3          	or	a5,a5,a4
1000074c:	00078593          	mv	a1,a5
10000750:	330317b7          	lui	a5,0x33031
10000754:	01078513          	addi	a0,a5,16 # 33031010 <_fdata_rom+0x23030830>
10000758:	b65ff0ef          	jal	ra,100002bc <wbWrite>
1000075c:	fef44783          	lbu	a5,-17(s0)
10000760:	00078513          	mv	a0,a5
10000764:	c21ff0ef          	jal	ra,10000384 <nextTest>
10000768:	330327b7          	lui	a5,0x33032
1000076c:	02078513          	addi	a0,a5,32 # 33032020 <_fdata_rom+0x23031840>
10000770:	bb5ff0ef          	jal	ra,10000324 <wbRead>
10000774:	fea42423          	sw	a0,-24(s0)
10000778:	fe842783          	lw	a5,-24(s0)
1000077c:	00078463          	beqz	a5,10000784 <main+0x388>
10000780:	fe0407a3          	sb	zero,-17(s0)
10000784:	fef44783          	lbu	a5,-17(s0)
10000788:	00078663          	beqz	a5,10000794 <main+0x398>
1000078c:	000017b7          	lui	a5,0x1
10000790:	0080006f          	j	10000798 <main+0x39c>
10000794:	00000793          	li	a5,0
10000798:	fe842703          	lw	a4,-24(s0)
1000079c:	00e71693          	slli	a3,a4,0xe
100007a0:	0003c737          	lui	a4,0x3c
100007a4:	00e6f733          	and	a4,a3,a4
100007a8:	00e7e7b3          	or	a5,a5,a4
100007ac:	00078593          	mv	a1,a5
100007b0:	330317b7          	lui	a5,0x33031
100007b4:	01078513          	addi	a0,a5,16 # 33031010 <_fdata_rom+0x23030830>
100007b8:	b05ff0ef          	jal	ra,100002bc <wbWrite>
100007bc:	fef44783          	lbu	a5,-17(s0)
100007c0:	00078513          	mv	a0,a5
100007c4:	bc1ff0ef          	jal	ra,10000384 <nextTest>
100007c8:	00000013          	nop
100007cc:	01c12083          	lw	ra,28(sp)
100007d0:	01812403          	lw	s0,24(sp)
100007d4:	02010113          	addi	sp,sp,32
100007d8:	00008067          	ret
