
memory.elf:     file format elf32-littleriscv


Disassembly of section .text:

10000000 <_ftext>:
10000000:	0b00006f          	j	100000b0 <crt_init>
10000004:	00000013          	nop
10000008:	00000013          	nop
1000000c:	00000013          	nop
10000010:	00000013          	nop
10000014:	00000013          	nop
10000018:	00000013          	nop
1000001c:	00000013          	nop

10000020 <trap_entry>:
10000020:	fe112e23          	sw	ra,-4(sp)
10000024:	fe512c23          	sw	t0,-8(sp)
10000028:	fe612a23          	sw	t1,-12(sp)
1000002c:	fe712823          	sw	t2,-16(sp)
10000030:	fea12623          	sw	a0,-20(sp)
10000034:	feb12423          	sw	a1,-24(sp)
10000038:	fec12223          	sw	a2,-28(sp)
1000003c:	fed12023          	sw	a3,-32(sp)
10000040:	fce12e23          	sw	a4,-36(sp)
10000044:	fcf12c23          	sw	a5,-40(sp)
10000048:	fd012a23          	sw	a6,-44(sp)
1000004c:	fd112823          	sw	a7,-48(sp)
10000050:	fdc12623          	sw	t3,-52(sp)
10000054:	fdd12423          	sw	t4,-56(sp)
10000058:	fde12223          	sw	t5,-60(sp)
1000005c:	fdf12023          	sw	t6,-64(sp)
10000060:	fc010113          	addi	sp,sp,-64
10000064:	114000ef          	jal	ra,10000178 <isr>
10000068:	03c12083          	lw	ra,60(sp)
1000006c:	03812283          	lw	t0,56(sp)
10000070:	03412303          	lw	t1,52(sp)
10000074:	03012383          	lw	t2,48(sp)
10000078:	02c12503          	lw	a0,44(sp)
1000007c:	02812583          	lw	a1,40(sp)
10000080:	02412603          	lw	a2,36(sp)
10000084:	02012683          	lw	a3,32(sp)
10000088:	01c12703          	lw	a4,28(sp)
1000008c:	01812783          	lw	a5,24(sp)
10000090:	01412803          	lw	a6,20(sp)
10000094:	01012883          	lw	a7,16(sp)
10000098:	00c12e03          	lw	t3,12(sp)
1000009c:	00812e83          	lw	t4,8(sp)
100000a0:	00412f03          	lw	t5,4(sp)
100000a4:	00012f83          	lw	t6,0(sp)
100000a8:	04010113          	addi	sp,sp,64
100000ac:	30200073          	mret

100000b0 <crt_init>:
100000b0:	f1000117          	auipc	sp,0xf1000
100000b4:	75010113          	addi	sp,sp,1872 # 1000800 <_fstack>
100000b8:	00000517          	auipc	a0,0x0
100000bc:	f6850513          	addi	a0,a0,-152 # 10000020 <trap_entry>
100000c0:	30551073          	csrw	mtvec,a0

100000c4 <data_init>:
100000c4:	00000513          	li	a0,0
100000c8:	00800593          	li	a1,8
100000cc:	00001617          	auipc	a2,0x1
100000d0:	eb460613          	addi	a2,a2,-332 # 10000f80 <_fdata_rom>

100000d4 <data_loop>:
100000d4:	00b50c63          	beq	a0,a1,100000ec <bss_init>
100000d8:	00062683          	lw	a3,0(a2)
100000dc:	00d52023          	sw	a3,0(a0)
100000e0:	00450513          	addi	a0,a0,4
100000e4:	00460613          	addi	a2,a2,4
100000e8:	fedff06f          	j	100000d4 <data_loop>

100000ec <bss_init>:
100000ec:	00800513          	li	a0,8
100000f0:	01000593          	li	a1,16

100000f4 <bss_loop>:
100000f4:	00b50863          	beq	a0,a1,10000104 <bss_done>
100000f8:	00052023          	sw	zero,0(a0)
100000fc:	00450513          	addi	a0,a0,4
10000100:	ff5ff06f          	j	100000f4 <bss_loop>

10000104 <bss_done>:
10000104:	00001537          	lui	a0,0x1
10000108:	88050513          	addi	a0,a0,-1920 # 880 <_ebss+0x870>
1000010c:	30451073          	csrw	mie,a0
10000110:	4fc000ef          	jal	ra,1000060c <main>

10000114 <infinit_loop>:
10000114:	0000006f          	j	10000114 <infinit_loop>

10000118 <flush_cpu_icache>:
10000118:	ff010113          	addi	sp,sp,-16
1000011c:	00812623          	sw	s0,12(sp)
10000120:	01010413          	addi	s0,sp,16
10000124:	00000013          	nop
10000128:	00c12403          	lw	s0,12(sp)
1000012c:	01010113          	addi	sp,sp,16
10000130:	00008067          	ret

10000134 <flush_cpu_dcache>:
10000134:	ff010113          	addi	sp,sp,-16
10000138:	00812623          	sw	s0,12(sp)
1000013c:	01010413          	addi	s0,sp,16
10000140:	00000013          	nop
10000144:	00c12403          	lw	s0,12(sp)
10000148:	01010113          	addi	sp,sp,16
1000014c:	00008067          	ret

10000150 <irq_setmask>:
10000150:	fe010113          	addi	sp,sp,-32
10000154:	00812e23          	sw	s0,28(sp)
10000158:	02010413          	addi	s0,sp,32
1000015c:	fea42623          	sw	a0,-20(s0)
10000160:	fec42783          	lw	a5,-20(s0)
10000164:	bc079073          	csrw	0xbc0,a5
10000168:	00000013          	nop
1000016c:	01c12403          	lw	s0,28(sp)
10000170:	02010113          	addi	sp,sp,32
10000174:	00008067          	ret

10000178 <isr>:
10000178:	ff010113          	addi	sp,sp,-16
1000017c:	00112623          	sw	ra,12(sp)
10000180:	00812423          	sw	s0,8(sp)
10000184:	01010413          	addi	s0,sp,16
10000188:	00000513          	li	a0,0
1000018c:	fc5ff0ef          	jal	ra,10000150 <irq_setmask>
10000190:	f00037b7          	lui	a5,0xf0003
10000194:	03878793          	addi	a5,a5,56 # f0003038 <_fdata_rom+0xe00020b8>
10000198:	00a00713          	li	a4,10
1000019c:	00e7a023          	sw	a4,0(a5)
100001a0:	f00037b7          	lui	a5,0xf0003
100001a4:	03c78793          	addi	a5,a5,60 # f000303c <_fdata_rom+0xe00020bc>
100001a8:	00020737          	lui	a4,0x20
100001ac:	00e7a023          	sw	a4,0(a5)
100001b0:	00100713          	li	a4,1
100001b4:	00e01423          	sh	a4,8(zero) # 8 <_edata>
100001b8:	00000013          	nop
100001bc:	00c12083          	lw	ra,12(sp)
100001c0:	00812403          	lw	s0,8(sp)
100001c4:	01010113          	addi	sp,sp,16
100001c8:	00008067          	ret

100001cc <flush_cpu_icache>:
100001cc:	ff010113          	addi	sp,sp,-16
100001d0:	00812623          	sw	s0,12(sp)
100001d4:	01010413          	addi	s0,sp,16
100001d8:	00000013          	nop
100001dc:	00c12403          	lw	s0,12(sp)
100001e0:	01010113          	addi	sp,sp,16
100001e4:	00008067          	ret

100001e8 <flush_cpu_dcache>:
100001e8:	ff010113          	addi	sp,sp,-16
100001ec:	00812623          	sw	s0,12(sp)
100001f0:	01010413          	addi	s0,sp,16
100001f4:	00000013          	nop
100001f8:	00c12403          	lw	s0,12(sp)
100001fc:	01010113          	addi	sp,sp,16
10000200:	00008067          	ret

10000204 <putchar>:
10000204:	fe010113          	addi	sp,sp,-32
10000208:	00112e23          	sw	ra,28(sp)
1000020c:	00812c23          	sw	s0,24(sp)
10000210:	02010413          	addi	s0,sp,32
10000214:	00050793          	mv	a5,a0
10000218:	fef407a3          	sb	a5,-17(s0)
1000021c:	fef44703          	lbu	a4,-17(s0)
10000220:	00a00793          	li	a5,10
10000224:	00f71663          	bne	a4,a5,10000230 <putchar+0x2c>
10000228:	00d00513          	li	a0,13
1000022c:	fd9ff0ef          	jal	ra,10000204 <putchar>
10000230:	00000013          	nop
10000234:	f00067b7          	lui	a5,0xf0006
10000238:	80478793          	addi	a5,a5,-2044 # f0005804 <_fdata_rom+0xe0004884>
1000023c:	0007a703          	lw	a4,0(a5)
10000240:	00100793          	li	a5,1
10000244:	fef708e3          	beq	a4,a5,10000234 <putchar+0x30>
10000248:	f00067b7          	lui	a5,0xf0006
1000024c:	80078793          	addi	a5,a5,-2048 # f0005800 <_fdata_rom+0xe0004880>
10000250:	fef44703          	lbu	a4,-17(s0)
10000254:	00e7a023          	sw	a4,0(a5)
10000258:	00000013          	nop
1000025c:	01c12083          	lw	ra,28(sp)
10000260:	01812403          	lw	s0,24(sp)
10000264:	02010113          	addi	sp,sp,32
10000268:	00008067          	ret

1000026c <print>:
1000026c:	fe010113          	addi	sp,sp,-32
10000270:	00112e23          	sw	ra,28(sp)
10000274:	00812c23          	sw	s0,24(sp)
10000278:	02010413          	addi	s0,sp,32
1000027c:	fea42623          	sw	a0,-20(s0)
10000280:	01c0006f          	j	1000029c <print+0x30>
10000284:	fec42783          	lw	a5,-20(s0)
10000288:	00178713          	addi	a4,a5,1
1000028c:	fee42623          	sw	a4,-20(s0)
10000290:	0007c783          	lbu	a5,0(a5)
10000294:	00078513          	mv	a0,a5
10000298:	f6dff0ef          	jal	ra,10000204 <putchar>
1000029c:	fec42783          	lw	a5,-20(s0)
100002a0:	0007c783          	lbu	a5,0(a5)
100002a4:	fe0790e3          	bnez	a5,10000284 <print+0x18>
100002a8:	00000013          	nop
100002ac:	01c12083          	lw	ra,28(sp)
100002b0:	01812403          	lw	s0,24(sp)
100002b4:	02010113          	addi	sp,sp,32
100002b8:	00008067          	ret

100002bc <wbWrite>:
100002bc:	fd010113          	addi	sp,sp,-48
100002c0:	02812623          	sw	s0,44(sp)
100002c4:	03010413          	addi	s0,sp,48
100002c8:	fca42e23          	sw	a0,-36(s0)
100002cc:	fcb42c23          	sw	a1,-40(s0)
100002d0:	fdc42783          	lw	a5,-36(s0)
100002d4:	fef42623          	sw	a5,-20(s0)
100002d8:	300007b7          	lui	a5,0x30000
100002dc:	fec42683          	lw	a3,-20(s0)
100002e0:	ffff8737          	lui	a4,0xffff8
100002e4:	00e6f733          	and	a4,a3,a4
100002e8:	00e7a023          	sw	a4,0(a5) # 30000000 <_fdata_rom+0x1ffff080>
100002ec:	fec42703          	lw	a4,-20(s0)
100002f0:	000107b7          	lui	a5,0x10
100002f4:	fff78793          	addi	a5,a5,-1 # ffff <_ebss+0xffef>
100002f8:	00f77733          	and	a4,a4,a5
100002fc:	300087b7          	lui	a5,0x30008
10000300:	00f767b3          	or	a5,a4,a5
10000304:	fef42423          	sw	a5,-24(s0)
10000308:	fe842783          	lw	a5,-24(s0)
1000030c:	fd842703          	lw	a4,-40(s0)
10000310:	00e7a023          	sw	a4,0(a5) # 30008000 <_fdata_rom+0x20007080>
10000314:	00000013          	nop
10000318:	02c12403          	lw	s0,44(sp)
1000031c:	03010113          	addi	sp,sp,48
10000320:	00008067          	ret

10000324 <wbWriteByte>:
10000324:	fd010113          	addi	sp,sp,-48
10000328:	02812623          	sw	s0,44(sp)
1000032c:	03010413          	addi	s0,sp,48
10000330:	fca42e23          	sw	a0,-36(s0)
10000334:	00058793          	mv	a5,a1
10000338:	fcf40da3          	sb	a5,-37(s0)
1000033c:	fdc42783          	lw	a5,-36(s0)
10000340:	fef42623          	sw	a5,-20(s0)
10000344:	300007b7          	lui	a5,0x30000
10000348:	fec42683          	lw	a3,-20(s0)
1000034c:	ffff8737          	lui	a4,0xffff8
10000350:	00e6f733          	and	a4,a3,a4
10000354:	00e7a023          	sw	a4,0(a5) # 30000000 <_fdata_rom+0x1ffff080>
10000358:	fec42703          	lw	a4,-20(s0)
1000035c:	000107b7          	lui	a5,0x10
10000360:	fff78793          	addi	a5,a5,-1 # ffff <_ebss+0xffef>
10000364:	00f77733          	and	a4,a4,a5
10000368:	300087b7          	lui	a5,0x30008
1000036c:	00f767b3          	or	a5,a4,a5
10000370:	fef42423          	sw	a5,-24(s0)
10000374:	fe842783          	lw	a5,-24(s0)
10000378:	fdb44703          	lbu	a4,-37(s0)
1000037c:	00e78023          	sb	a4,0(a5) # 30008000 <_fdata_rom+0x20007080>
10000380:	00000013          	nop
10000384:	02c12403          	lw	s0,44(sp)
10000388:	03010113          	addi	sp,sp,48
1000038c:	00008067          	ret

10000390 <wbWriteHalf>:
10000390:	fd010113          	addi	sp,sp,-48
10000394:	02812623          	sw	s0,44(sp)
10000398:	03010413          	addi	s0,sp,48
1000039c:	fca42e23          	sw	a0,-36(s0)
100003a0:	00058793          	mv	a5,a1
100003a4:	fcf41d23          	sh	a5,-38(s0)
100003a8:	fdc42783          	lw	a5,-36(s0)
100003ac:	fef42623          	sw	a5,-20(s0)
100003b0:	300007b7          	lui	a5,0x30000
100003b4:	fec42683          	lw	a3,-20(s0)
100003b8:	ffff8737          	lui	a4,0xffff8
100003bc:	00e6f733          	and	a4,a3,a4
100003c0:	00e7a023          	sw	a4,0(a5) # 30000000 <_fdata_rom+0x1ffff080>
100003c4:	fec42703          	lw	a4,-20(s0)
100003c8:	000107b7          	lui	a5,0x10
100003cc:	fff78793          	addi	a5,a5,-1 # ffff <_ebss+0xffef>
100003d0:	00f77733          	and	a4,a4,a5
100003d4:	300087b7          	lui	a5,0x30008
100003d8:	00f767b3          	or	a5,a4,a5
100003dc:	fef42423          	sw	a5,-24(s0)
100003e0:	fe842783          	lw	a5,-24(s0)
100003e4:	fda45703          	lhu	a4,-38(s0)
100003e8:	00e79023          	sh	a4,0(a5) # 30008000 <_fdata_rom+0x20007080>
100003ec:	00000013          	nop
100003f0:	02c12403          	lw	s0,44(sp)
100003f4:	03010113          	addi	sp,sp,48
100003f8:	00008067          	ret

100003fc <wbRead>:
100003fc:	fd010113          	addi	sp,sp,-48
10000400:	02812623          	sw	s0,44(sp)
10000404:	03010413          	addi	s0,sp,48
10000408:	fca42e23          	sw	a0,-36(s0)
1000040c:	fdc42783          	lw	a5,-36(s0)
10000410:	fef42623          	sw	a5,-20(s0)
10000414:	300007b7          	lui	a5,0x30000
10000418:	fec42683          	lw	a3,-20(s0)
1000041c:	ffff8737          	lui	a4,0xffff8
10000420:	00e6f733          	and	a4,a3,a4
10000424:	00e7a023          	sw	a4,0(a5) # 30000000 <_fdata_rom+0x1ffff080>
10000428:	fec42703          	lw	a4,-20(s0)
1000042c:	000107b7          	lui	a5,0x10
10000430:	fff78793          	addi	a5,a5,-1 # ffff <_ebss+0xffef>
10000434:	00f77733          	and	a4,a4,a5
10000438:	300087b7          	lui	a5,0x30008
1000043c:	00f767b3          	or	a5,a4,a5
10000440:	fef42423          	sw	a5,-24(s0)
10000444:	fe842783          	lw	a5,-24(s0)
10000448:	0007a783          	lw	a5,0(a5) # 30008000 <_fdata_rom+0x20007080>
1000044c:	00078513          	mv	a0,a5
10000450:	02c12403          	lw	s0,44(sp)
10000454:	03010113          	addi	sp,sp,48
10000458:	00008067          	ret

1000045c <wbReadByte>:
1000045c:	fd010113          	addi	sp,sp,-48
10000460:	02812623          	sw	s0,44(sp)
10000464:	03010413          	addi	s0,sp,48
10000468:	fca42e23          	sw	a0,-36(s0)
1000046c:	fdc42783          	lw	a5,-36(s0)
10000470:	fef42623          	sw	a5,-20(s0)
10000474:	300007b7          	lui	a5,0x30000
10000478:	fec42683          	lw	a3,-20(s0)
1000047c:	ffff8737          	lui	a4,0xffff8
10000480:	00e6f733          	and	a4,a3,a4
10000484:	00e7a023          	sw	a4,0(a5) # 30000000 <_fdata_rom+0x1ffff080>
10000488:	fec42703          	lw	a4,-20(s0)
1000048c:	000107b7          	lui	a5,0x10
10000490:	fff78793          	addi	a5,a5,-1 # ffff <_ebss+0xffef>
10000494:	00f77733          	and	a4,a4,a5
10000498:	300087b7          	lui	a5,0x30008
1000049c:	00f767b3          	or	a5,a4,a5
100004a0:	fef42423          	sw	a5,-24(s0)
100004a4:	fe842783          	lw	a5,-24(s0)
100004a8:	0007c783          	lbu	a5,0(a5) # 30008000 <_fdata_rom+0x20007080>
100004ac:	0ff7f793          	andi	a5,a5,255
100004b0:	00078513          	mv	a0,a5
100004b4:	02c12403          	lw	s0,44(sp)
100004b8:	03010113          	addi	sp,sp,48
100004bc:	00008067          	ret

100004c0 <wbReadHalf>:
100004c0:	fd010113          	addi	sp,sp,-48
100004c4:	02812623          	sw	s0,44(sp)
100004c8:	03010413          	addi	s0,sp,48
100004cc:	fca42e23          	sw	a0,-36(s0)
100004d0:	fdc42783          	lw	a5,-36(s0)
100004d4:	fef42623          	sw	a5,-20(s0)
100004d8:	300007b7          	lui	a5,0x30000
100004dc:	fec42683          	lw	a3,-20(s0)
100004e0:	ffff8737          	lui	a4,0xffff8
100004e4:	00e6f733          	and	a4,a3,a4
100004e8:	00e7a023          	sw	a4,0(a5) # 30000000 <_fdata_rom+0x1ffff080>
100004ec:	fec42703          	lw	a4,-20(s0)
100004f0:	000107b7          	lui	a5,0x10
100004f4:	fff78793          	addi	a5,a5,-1 # ffff <_ebss+0xffef>
100004f8:	00f77733          	and	a4,a4,a5
100004fc:	300087b7          	lui	a5,0x30008
10000500:	00f767b3          	or	a5,a4,a5
10000504:	fef42423          	sw	a5,-24(s0)
10000508:	fe842783          	lw	a5,-24(s0)
1000050c:	0007d783          	lhu	a5,0(a5) # 30008000 <_fdata_rom+0x20007080>
10000510:	01079793          	slli	a5,a5,0x10
10000514:	0107d793          	srli	a5,a5,0x10
10000518:	00078513          	mv	a0,a5
1000051c:	02c12403          	lw	s0,44(sp)
10000520:	03010113          	addi	sp,sp,48
10000524:	00008067          	ret

10000528 <nextTest>:
10000528:	fe010113          	addi	sp,sp,-32
1000052c:	00112e23          	sw	ra,28(sp)
10000530:	00812c23          	sw	s0,24(sp)
10000534:	02010413          	addi	s0,sp,32
10000538:	00050793          	mv	a5,a0
1000053c:	fef407a3          	sb	a5,-17(s0)
10000540:	fef44783          	lbu	a5,-17(s0)
10000544:	00078c63          	beqz	a5,1000055c <nextTest+0x34>
10000548:	000035b7          	lui	a1,0x3
1000054c:	330317b7          	lui	a5,0x33031
10000550:	01478513          	addi	a0,a5,20 # 33031014 <_fdata_rom+0x23030094>
10000554:	d69ff0ef          	jal	ra,100002bc <wbWrite>
10000558:	0240006f          	j	1000057c <nextTest+0x54>
1000055c:	000015b7          	lui	a1,0x1
10000560:	330317b7          	lui	a5,0x33031
10000564:	01878513          	addi	a0,a5,24 # 33031018 <_fdata_rom+0x23030098>
10000568:	d55ff0ef          	jal	ra,100002bc <wbWrite>
1000056c:	000025b7          	lui	a1,0x2
10000570:	330317b7          	lui	a5,0x33031
10000574:	01478513          	addi	a0,a5,20 # 33031014 <_fdata_rom+0x23030094>
10000578:	d45ff0ef          	jal	ra,100002bc <wbWrite>
1000057c:	000025b7          	lui	a1,0x2
10000580:	330317b7          	lui	a5,0x33031
10000584:	01878513          	addi	a0,a5,24 # 33031018 <_fdata_rom+0x23030098>
10000588:	d35ff0ef          	jal	ra,100002bc <wbWrite>
1000058c:	00000013          	nop
10000590:	01c12083          	lw	ra,28(sp)
10000594:	01812403          	lw	s0,24(sp)
10000598:	02010113          	addi	sp,sp,32
1000059c:	00008067          	ret

100005a0 <xorShift32>:
100005a0:	fe010113          	addi	sp,sp,-32
100005a4:	00812e23          	sw	s0,28(sp)
100005a8:	02010413          	addi	s0,sp,32
100005ac:	00002783          	lw	a5,0(zero) # 0 <__DYNAMIC>
100005b0:	fef42623          	sw	a5,-20(s0)
100005b4:	fec42783          	lw	a5,-20(s0)
100005b8:	00d79793          	slli	a5,a5,0xd
100005bc:	fec42703          	lw	a4,-20(s0)
100005c0:	00f747b3          	xor	a5,a4,a5
100005c4:	fef42623          	sw	a5,-20(s0)
100005c8:	fec42783          	lw	a5,-20(s0)
100005cc:	0117d793          	srli	a5,a5,0x11
100005d0:	fec42703          	lw	a4,-20(s0)
100005d4:	00f747b3          	xor	a5,a4,a5
100005d8:	fef42623          	sw	a5,-20(s0)
100005dc:	fec42783          	lw	a5,-20(s0)
100005e0:	00579793          	slli	a5,a5,0x5
100005e4:	fec42703          	lw	a4,-20(s0)
100005e8:	00f747b3          	xor	a5,a4,a5
100005ec:	fef42623          	sw	a5,-20(s0)
100005f0:	fec42703          	lw	a4,-20(s0)
100005f4:	00e02023          	sw	a4,0(zero) # 0 <__DYNAMIC>
100005f8:	00002783          	lw	a5,0(zero) # 0 <__DYNAMIC>
100005fc:	00078513          	mv	a0,a5
10000600:	01c12403          	lw	s0,28(sp)
10000604:	02010113          	addi	sp,sp,32
10000608:	00008067          	ret

1000060c <main>:
1000060c:	fd010113          	addi	sp,sp,-48
10000610:	02112623          	sw	ra,44(sp)
10000614:	02812423          	sw	s0,40(sp)
10000618:	02912223          	sw	s1,36(sp)
1000061c:	03010413          	addi	s0,sp,48
10000620:	f00047b7          	lui	a5,0xf0004
10000624:	80078793          	addi	a5,a5,-2048 # f0003800 <_fdata_rom+0xe0002880>
10000628:	00100713          	li	a4,1
1000062c:	00e7a023          	sw	a4,0(a5)
10000630:	260007b7          	lui	a5,0x26000
10000634:	05478793          	addi	a5,a5,84 # 26000054 <_fdata_rom+0x15fff0d4>
10000638:	00002737          	lui	a4,0x2
1000063c:	80870713          	addi	a4,a4,-2040 # 1808 <_ebss+0x17f8>
10000640:	00e7a023          	sw	a4,0(a5)
10000644:	260007b7          	lui	a5,0x26000
10000648:	05878793          	addi	a5,a5,88 # 26000058 <_fdata_rom+0x15fff0d8>
1000064c:	00002737          	lui	a4,0x2
10000650:	80870713          	addi	a4,a4,-2040 # 1808 <_ebss+0x17f8>
10000654:	00e7a023          	sw	a4,0(a5)
10000658:	260007b7          	lui	a5,0x26000
1000065c:	09c78793          	addi	a5,a5,156 # 2600009c <_fdata_rom+0x15fff11c>
10000660:	00002737          	lui	a4,0x2
10000664:	80870713          	addi	a4,a4,-2040 # 1808 <_ebss+0x17f8>
10000668:	00e7a023          	sw	a4,0(a5)
1000066c:	260007b7          	lui	a5,0x26000
10000670:	0a078793          	addi	a5,a5,160 # 260000a0 <_fdata_rom+0x15fff120>
10000674:	00002737          	lui	a4,0x2
10000678:	80870713          	addi	a4,a4,-2040 # 1808 <_ebss+0x17f8>
1000067c:	00e7a023          	sw	a4,0(a5)
10000680:	260007b7          	lui	a5,0x26000
10000684:	0a478793          	addi	a5,a5,164 # 260000a4 <_fdata_rom+0x15fff124>
10000688:	00002737          	lui	a4,0x2
1000068c:	80870713          	addi	a4,a4,-2040 # 1808 <_ebss+0x17f8>
10000690:	00e7a023          	sw	a4,0(a5)
10000694:	260007b7          	lui	a5,0x26000
10000698:	0a878793          	addi	a5,a5,168 # 260000a8 <_fdata_rom+0x15fff128>
1000069c:	00002737          	lui	a4,0x2
100006a0:	80870713          	addi	a4,a4,-2040 # 1808 <_ebss+0x17f8>
100006a4:	00e7a023          	sw	a4,0(a5)
100006a8:	260007b7          	lui	a5,0x26000
100006ac:	0ac78793          	addi	a5,a5,172 # 260000ac <_fdata_rom+0x15fff12c>
100006b0:	00002737          	lui	a4,0x2
100006b4:	80870713          	addi	a4,a4,-2040 # 1808 <_ebss+0x17f8>
100006b8:	00e7a023          	sw	a4,0(a5)
100006bc:	260007b7          	lui	a5,0x26000
100006c0:	0b078793          	addi	a5,a5,176 # 260000b0 <_fdata_rom+0x15fff130>
100006c4:	00002737          	lui	a4,0x2
100006c8:	80870713          	addi	a4,a4,-2040 # 1808 <_ebss+0x17f8>
100006cc:	00e7a023          	sw	a4,0(a5)
100006d0:	260007b7          	lui	a5,0x26000
100006d4:	0b478793          	addi	a5,a5,180 # 260000b4 <_fdata_rom+0x15fff134>
100006d8:	00002737          	lui	a4,0x2
100006dc:	80870713          	addi	a4,a4,-2040 # 1808 <_ebss+0x17f8>
100006e0:	00e7a023          	sw	a4,0(a5)
100006e4:	260007b7          	lui	a5,0x26000
100006e8:	0b878793          	addi	a5,a5,184 # 260000b8 <_fdata_rom+0x15fff138>
100006ec:	00002737          	lui	a4,0x2
100006f0:	80870713          	addi	a4,a4,-2040 # 1808 <_ebss+0x17f8>
100006f4:	00e7a023          	sw	a4,0(a5)
100006f8:	260007b7          	lui	a5,0x26000
100006fc:	00100713          	li	a4,1
10000700:	00e7a023          	sw	a4,0(a5) # 26000000 <_fdata_rom+0x15fff080>
10000704:	00000013          	nop
10000708:	260007b7          	lui	a5,0x26000
1000070c:	0007a703          	lw	a4,0(a5) # 26000000 <_fdata_rom+0x15fff080>
10000710:	00100793          	li	a5,1
10000714:	fef70ae3          	beq	a4,a5,10000708 <main+0xfc>
10000718:	00100793          	li	a5,1
1000071c:	fef407a3          	sb	a5,-17(s0)
10000720:	000015b7          	lui	a1,0x1
10000724:	330317b7          	lui	a5,0x33031
10000728:	01078513          	addi	a0,a5,16 # 33031010 <_fdata_rom+0x23030090>
1000072c:	b91ff0ef          	jal	ra,100002bc <wbWrite>
10000730:	ffffd7b7          	lui	a5,0xffffd
10000734:	fff78593          	addi	a1,a5,-1 # ffffcfff <_fdata_rom+0xefffc07f>
10000738:	33031537          	lui	a0,0x33031
1000073c:	b81ff0ef          	jal	ra,100002bc <wbWrite>
10000740:	b466a737          	lui	a4,0xb466a
10000744:	65170713          	addi	a4,a4,1617 # b466a651 <_fdata_rom+0xa46696d1>
10000748:	00e02023          	sw	a4,0(zero) # 0 <__DYNAMIC>
1000074c:	e55ff0ef          	jal	ra,100005a0 <xorShift32>
10000750:	00050793          	mv	a5,a0
10000754:	00078593          	mv	a1,a5
10000758:	30000537          	lui	a0,0x30000
1000075c:	b61ff0ef          	jal	ra,100002bc <wbWrite>
10000760:	e41ff0ef          	jal	ra,100005a0 <xorShift32>
10000764:	00050793          	mv	a5,a0
10000768:	00078593          	mv	a1,a5
1000076c:	300007b7          	lui	a5,0x30000
10000770:	00478513          	addi	a0,a5,4 # 30000004 <_fdata_rom+0x1ffff084>
10000774:	b49ff0ef          	jal	ra,100002bc <wbWrite>
10000778:	e29ff0ef          	jal	ra,100005a0 <xorShift32>
1000077c:	00050793          	mv	a5,a0
10000780:	00078593          	mv	a1,a5
10000784:	300017b7          	lui	a5,0x30001
10000788:	80078513          	addi	a0,a5,-2048 # 30000800 <_fdata_rom+0x1ffff880>
1000078c:	b31ff0ef          	jal	ra,100002bc <wbWrite>
10000790:	e11ff0ef          	jal	ra,100005a0 <xorShift32>
10000794:	00050793          	mv	a5,a0
10000798:	00078593          	mv	a1,a5
1000079c:	300017b7          	lui	a5,0x30001
100007a0:	80478513          	addi	a0,a5,-2044 # 30000804 <_fdata_rom+0x1ffff884>
100007a4:	b19ff0ef          	jal	ra,100002bc <wbWrite>
100007a8:	b466a737          	lui	a4,0xb466a
100007ac:	65170713          	addi	a4,a4,1617 # b466a651 <_fdata_rom+0xa46696d1>
100007b0:	00e02023          	sw	a4,0(zero) # 0 <__DYNAMIC>
100007b4:	30000537          	lui	a0,0x30000
100007b8:	c45ff0ef          	jal	ra,100003fc <wbRead>
100007bc:	00050493          	mv	s1,a0
100007c0:	de1ff0ef          	jal	ra,100005a0 <xorShift32>
100007c4:	00050793          	mv	a5,a0
100007c8:	00f48463          	beq	s1,a5,100007d0 <main+0x1c4>
100007cc:	fe0407a3          	sb	zero,-17(s0)
100007d0:	300007b7          	lui	a5,0x30000
100007d4:	00478513          	addi	a0,a5,4 # 30000004 <_fdata_rom+0x1ffff084>
100007d8:	c25ff0ef          	jal	ra,100003fc <wbRead>
100007dc:	00050493          	mv	s1,a0
100007e0:	dc1ff0ef          	jal	ra,100005a0 <xorShift32>
100007e4:	00050793          	mv	a5,a0
100007e8:	00f48463          	beq	s1,a5,100007f0 <main+0x1e4>
100007ec:	fe0407a3          	sb	zero,-17(s0)
100007f0:	fef44783          	lbu	a5,-17(s0)
100007f4:	00078513          	mv	a0,a5
100007f8:	d31ff0ef          	jal	ra,10000528 <nextTest>
100007fc:	300017b7          	lui	a5,0x30001
10000800:	80078513          	addi	a0,a5,-2048 # 30000800 <_fdata_rom+0x1ffff880>
10000804:	bf9ff0ef          	jal	ra,100003fc <wbRead>
10000808:	00050493          	mv	s1,a0
1000080c:	d95ff0ef          	jal	ra,100005a0 <xorShift32>
10000810:	00050793          	mv	a5,a0
10000814:	00f48463          	beq	s1,a5,1000081c <main+0x210>
10000818:	fe0407a3          	sb	zero,-17(s0)
1000081c:	300017b7          	lui	a5,0x30001
10000820:	80478513          	addi	a0,a5,-2044 # 30000804 <_fdata_rom+0x1ffff884>
10000824:	bd9ff0ef          	jal	ra,100003fc <wbRead>
10000828:	00050493          	mv	s1,a0
1000082c:	d75ff0ef          	jal	ra,100005a0 <xorShift32>
10000830:	00050793          	mv	a5,a0
10000834:	00f48463          	beq	s1,a5,1000083c <main+0x230>
10000838:	fe0407a3          	sb	zero,-17(s0)
1000083c:	fef44783          	lbu	a5,-17(s0)
10000840:	00078513          	mv	a0,a5
10000844:	ce5ff0ef          	jal	ra,10000528 <nextTest>
10000848:	b466d737          	lui	a4,0xb466d
1000084c:	87370713          	addi	a4,a4,-1933 # b466c873 <_fdata_rom+0xa466b8f3>
10000850:	00e02023          	sw	a4,0(zero) # 0 <__DYNAMIC>
10000854:	d4dff0ef          	jal	ra,100005a0 <xorShift32>
10000858:	00050793          	mv	a5,a0
1000085c:	00078593          	mv	a1,a5
10000860:	31000537          	lui	a0,0x31000
10000864:	a59ff0ef          	jal	ra,100002bc <wbWrite>
10000868:	d39ff0ef          	jal	ra,100005a0 <xorShift32>
1000086c:	00050793          	mv	a5,a0
10000870:	00078593          	mv	a1,a5
10000874:	310007b7          	lui	a5,0x31000
10000878:	00478513          	addi	a0,a5,4 # 31000004 <_fdata_rom+0x20fff084>
1000087c:	a41ff0ef          	jal	ra,100002bc <wbWrite>
10000880:	d21ff0ef          	jal	ra,100005a0 <xorShift32>
10000884:	00050793          	mv	a5,a0
10000888:	00078593          	mv	a1,a5
1000088c:	310017b7          	lui	a5,0x31001
10000890:	80078513          	addi	a0,a5,-2048 # 31000800 <_fdata_rom+0x20fff880>
10000894:	a29ff0ef          	jal	ra,100002bc <wbWrite>
10000898:	d09ff0ef          	jal	ra,100005a0 <xorShift32>
1000089c:	00050793          	mv	a5,a0
100008a0:	00078593          	mv	a1,a5
100008a4:	310017b7          	lui	a5,0x31001
100008a8:	80478513          	addi	a0,a5,-2044 # 31000804 <_fdata_rom+0x20fff884>
100008ac:	a11ff0ef          	jal	ra,100002bc <wbWrite>
100008b0:	b466d737          	lui	a4,0xb466d
100008b4:	87370713          	addi	a4,a4,-1933 # b466c873 <_fdata_rom+0xa466b8f3>
100008b8:	00e02023          	sw	a4,0(zero) # 0 <__DYNAMIC>
100008bc:	31000537          	lui	a0,0x31000
100008c0:	b3dff0ef          	jal	ra,100003fc <wbRead>
100008c4:	00050493          	mv	s1,a0
100008c8:	cd9ff0ef          	jal	ra,100005a0 <xorShift32>
100008cc:	00050793          	mv	a5,a0
100008d0:	00f48463          	beq	s1,a5,100008d8 <main+0x2cc>
100008d4:	fe0407a3          	sb	zero,-17(s0)
100008d8:	310007b7          	lui	a5,0x31000
100008dc:	00478513          	addi	a0,a5,4 # 31000004 <_fdata_rom+0x20fff084>
100008e0:	b1dff0ef          	jal	ra,100003fc <wbRead>
100008e4:	00050493          	mv	s1,a0
100008e8:	cb9ff0ef          	jal	ra,100005a0 <xorShift32>
100008ec:	00050793          	mv	a5,a0
100008f0:	00f48463          	beq	s1,a5,100008f8 <main+0x2ec>
100008f4:	fe0407a3          	sb	zero,-17(s0)
100008f8:	fef44783          	lbu	a5,-17(s0)
100008fc:	00078513          	mv	a0,a5
10000900:	c29ff0ef          	jal	ra,10000528 <nextTest>
10000904:	310017b7          	lui	a5,0x31001
10000908:	80078513          	addi	a0,a5,-2048 # 31000800 <_fdata_rom+0x20fff880>
1000090c:	af1ff0ef          	jal	ra,100003fc <wbRead>
10000910:	00050493          	mv	s1,a0
10000914:	c8dff0ef          	jal	ra,100005a0 <xorShift32>
10000918:	00050793          	mv	a5,a0
1000091c:	00f48463          	beq	s1,a5,10000924 <main+0x318>
10000920:	fe0407a3          	sb	zero,-17(s0)
10000924:	310017b7          	lui	a5,0x31001
10000928:	80478513          	addi	a0,a5,-2044 # 31000804 <_fdata_rom+0x20fff884>
1000092c:	ad1ff0ef          	jal	ra,100003fc <wbRead>
10000930:	00050493          	mv	s1,a0
10000934:	c6dff0ef          	jal	ra,100005a0 <xorShift32>
10000938:	00050793          	mv	a5,a0
1000093c:	00f48463          	beq	s1,a5,10000944 <main+0x338>
10000940:	fe0407a3          	sb	zero,-17(s0)
10000944:	fef44783          	lbu	a5,-17(s0)
10000948:	00078513          	mv	a0,a5
1000094c:	bddff0ef          	jal	ra,10000528 <nextTest>
10000950:	b466f737          	lui	a4,0xb466f
10000954:	a9570713          	addi	a4,a4,-1387 # b466ea95 <_fdata_rom+0xa466db15>
10000958:	00e02023          	sw	a4,0(zero) # 0 <__DYNAMIC>
1000095c:	c45ff0ef          	jal	ra,100005a0 <xorShift32>
10000960:	00050793          	mv	a5,a0
10000964:	00078593          	mv	a1,a5
10000968:	32000537          	lui	a0,0x32000
1000096c:	951ff0ef          	jal	ra,100002bc <wbWrite>
10000970:	c31ff0ef          	jal	ra,100005a0 <xorShift32>
10000974:	00050793          	mv	a5,a0
10000978:	00078593          	mv	a1,a5
1000097c:	320007b7          	lui	a5,0x32000
10000980:	00478513          	addi	a0,a5,4 # 32000004 <_fdata_rom+0x21fff084>
10000984:	939ff0ef          	jal	ra,100002bc <wbWrite>
10000988:	c19ff0ef          	jal	ra,100005a0 <xorShift32>
1000098c:	00050793          	mv	a5,a0
10000990:	00078593          	mv	a1,a5
10000994:	320017b7          	lui	a5,0x32001
10000998:	80078513          	addi	a0,a5,-2048 # 32000800 <_fdata_rom+0x21fff880>
1000099c:	921ff0ef          	jal	ra,100002bc <wbWrite>
100009a0:	c01ff0ef          	jal	ra,100005a0 <xorShift32>
100009a4:	00050793          	mv	a5,a0
100009a8:	00078593          	mv	a1,a5
100009ac:	320017b7          	lui	a5,0x32001
100009b0:	80478513          	addi	a0,a5,-2044 # 32000804 <_fdata_rom+0x21fff884>
100009b4:	909ff0ef          	jal	ra,100002bc <wbWrite>
100009b8:	be9ff0ef          	jal	ra,100005a0 <xorShift32>
100009bc:	00050793          	mv	a5,a0
100009c0:	00078593          	mv	a1,a5
100009c4:	32001537          	lui	a0,0x32001
100009c8:	8f5ff0ef          	jal	ra,100002bc <wbWrite>
100009cc:	bd5ff0ef          	jal	ra,100005a0 <xorShift32>
100009d0:	00050793          	mv	a5,a0
100009d4:	00078593          	mv	a1,a5
100009d8:	320017b7          	lui	a5,0x32001
100009dc:	00478513          	addi	a0,a5,4 # 32001004 <_fdata_rom+0x22000084>
100009e0:	8ddff0ef          	jal	ra,100002bc <wbWrite>
100009e4:	bbdff0ef          	jal	ra,100005a0 <xorShift32>
100009e8:	00050793          	mv	a5,a0
100009ec:	00078593          	mv	a1,a5
100009f0:	320027b7          	lui	a5,0x32002
100009f4:	80078513          	addi	a0,a5,-2048 # 32001800 <_fdata_rom+0x22000880>
100009f8:	8c5ff0ef          	jal	ra,100002bc <wbWrite>
100009fc:	ba5ff0ef          	jal	ra,100005a0 <xorShift32>
10000a00:	00050793          	mv	a5,a0
10000a04:	00078593          	mv	a1,a5
10000a08:	320027b7          	lui	a5,0x32002
10000a0c:	80478513          	addi	a0,a5,-2044 # 32001804 <_fdata_rom+0x22000884>
10000a10:	8adff0ef          	jal	ra,100002bc <wbWrite>
10000a14:	b466f737          	lui	a4,0xb466f
10000a18:	a9570713          	addi	a4,a4,-1387 # b466ea95 <_fdata_rom+0xa466db15>
10000a1c:	00e02023          	sw	a4,0(zero) # 0 <__DYNAMIC>
10000a20:	32000537          	lui	a0,0x32000
10000a24:	9d9ff0ef          	jal	ra,100003fc <wbRead>
10000a28:	00050493          	mv	s1,a0
10000a2c:	b75ff0ef          	jal	ra,100005a0 <xorShift32>
10000a30:	00050793          	mv	a5,a0
10000a34:	00f48463          	beq	s1,a5,10000a3c <main+0x430>
10000a38:	fe0407a3          	sb	zero,-17(s0)
10000a3c:	320007b7          	lui	a5,0x32000
10000a40:	00478513          	addi	a0,a5,4 # 32000004 <_fdata_rom+0x21fff084>
10000a44:	9b9ff0ef          	jal	ra,100003fc <wbRead>
10000a48:	00050493          	mv	s1,a0
10000a4c:	b55ff0ef          	jal	ra,100005a0 <xorShift32>
10000a50:	00050793          	mv	a5,a0
10000a54:	00f48463          	beq	s1,a5,10000a5c <main+0x450>
10000a58:	fe0407a3          	sb	zero,-17(s0)
10000a5c:	fef44783          	lbu	a5,-17(s0)
10000a60:	00078513          	mv	a0,a5
10000a64:	ac5ff0ef          	jal	ra,10000528 <nextTest>
10000a68:	320017b7          	lui	a5,0x32001
10000a6c:	80078513          	addi	a0,a5,-2048 # 32000800 <_fdata_rom+0x21fff880>
10000a70:	98dff0ef          	jal	ra,100003fc <wbRead>
10000a74:	00050493          	mv	s1,a0
10000a78:	b29ff0ef          	jal	ra,100005a0 <xorShift32>
10000a7c:	00050793          	mv	a5,a0
10000a80:	00f48463          	beq	s1,a5,10000a88 <main+0x47c>
10000a84:	fe0407a3          	sb	zero,-17(s0)
10000a88:	320017b7          	lui	a5,0x32001
10000a8c:	80478513          	addi	a0,a5,-2044 # 32000804 <_fdata_rom+0x21fff884>
10000a90:	96dff0ef          	jal	ra,100003fc <wbRead>
10000a94:	00050493          	mv	s1,a0
10000a98:	b09ff0ef          	jal	ra,100005a0 <xorShift32>
10000a9c:	00050793          	mv	a5,a0
10000aa0:	00f48463          	beq	s1,a5,10000aa8 <main+0x49c>
10000aa4:	fe0407a3          	sb	zero,-17(s0)
10000aa8:	fef44783          	lbu	a5,-17(s0)
10000aac:	00078513          	mv	a0,a5
10000ab0:	a79ff0ef          	jal	ra,10000528 <nextTest>
10000ab4:	32001537          	lui	a0,0x32001
10000ab8:	945ff0ef          	jal	ra,100003fc <wbRead>
10000abc:	00050493          	mv	s1,a0
10000ac0:	ae1ff0ef          	jal	ra,100005a0 <xorShift32>
10000ac4:	00050793          	mv	a5,a0
10000ac8:	00f48463          	beq	s1,a5,10000ad0 <main+0x4c4>
10000acc:	fe0407a3          	sb	zero,-17(s0)
10000ad0:	320017b7          	lui	a5,0x32001
10000ad4:	00478513          	addi	a0,a5,4 # 32001004 <_fdata_rom+0x22000084>
10000ad8:	925ff0ef          	jal	ra,100003fc <wbRead>
10000adc:	00050493          	mv	s1,a0
10000ae0:	ac1ff0ef          	jal	ra,100005a0 <xorShift32>
10000ae4:	00050793          	mv	a5,a0
10000ae8:	00f48463          	beq	s1,a5,10000af0 <main+0x4e4>
10000aec:	fe0407a3          	sb	zero,-17(s0)
10000af0:	fef44783          	lbu	a5,-17(s0)
10000af4:	00078513          	mv	a0,a5
10000af8:	a31ff0ef          	jal	ra,10000528 <nextTest>
10000afc:	320027b7          	lui	a5,0x32002
10000b00:	80078513          	addi	a0,a5,-2048 # 32001800 <_fdata_rom+0x22000880>
10000b04:	8f9ff0ef          	jal	ra,100003fc <wbRead>
10000b08:	00050493          	mv	s1,a0
10000b0c:	a95ff0ef          	jal	ra,100005a0 <xorShift32>
10000b10:	00050793          	mv	a5,a0
10000b14:	00f48463          	beq	s1,a5,10000b1c <main+0x510>
10000b18:	fe0407a3          	sb	zero,-17(s0)
10000b1c:	320027b7          	lui	a5,0x32002
10000b20:	80478513          	addi	a0,a5,-2044 # 32001804 <_fdata_rom+0x22000884>
10000b24:	8d9ff0ef          	jal	ra,100003fc <wbRead>
10000b28:	00050493          	mv	s1,a0
10000b2c:	a75ff0ef          	jal	ra,100005a0 <xorShift32>
10000b30:	00050793          	mv	a5,a0
10000b34:	00f48463          	beq	s1,a5,10000b3c <main+0x530>
10000b38:	fe0407a3          	sb	zero,-17(s0)
10000b3c:	fef44783          	lbu	a5,-17(s0)
10000b40:	00078513          	mv	a0,a5
10000b44:	9e5ff0ef          	jal	ra,10000528 <nextTest>
10000b48:	b4674737          	lui	a4,0xb4674
10000b4c:	fea70713          	addi	a4,a4,-22 # b4673fea <_fdata_rom+0xa467306a>
10000b50:	00e02023          	sw	a4,0(zero) # 0 <__DYNAMIC>
10000b54:	a4dff0ef          	jal	ra,100005a0 <xorShift32>
10000b58:	fea42423          	sw	a0,-24(s0)
10000b5c:	fe842783          	lw	a5,-24(s0)
10000b60:	0ff7f793          	andi	a5,a5,255
10000b64:	00078593          	mv	a1,a5
10000b68:	300007b7          	lui	a5,0x30000
10000b6c:	00c78513          	addi	a0,a5,12 # 3000000c <_fdata_rom+0x1ffff08c>
10000b70:	fb4ff0ef          	jal	ra,10000324 <wbWriteByte>
10000b74:	fe842783          	lw	a5,-24(s0)
10000b78:	0087d793          	srli	a5,a5,0x8
10000b7c:	0ff7f793          	andi	a5,a5,255
10000b80:	00078593          	mv	a1,a5
10000b84:	300007b7          	lui	a5,0x30000
10000b88:	00d78513          	addi	a0,a5,13 # 3000000d <_fdata_rom+0x1ffff08d>
10000b8c:	f98ff0ef          	jal	ra,10000324 <wbWriteByte>
10000b90:	fe842783          	lw	a5,-24(s0)
10000b94:	0107d793          	srli	a5,a5,0x10
10000b98:	0ff7f793          	andi	a5,a5,255
10000b9c:	00078593          	mv	a1,a5
10000ba0:	300007b7          	lui	a5,0x30000
10000ba4:	00e78513          	addi	a0,a5,14 # 3000000e <_fdata_rom+0x1ffff08e>
10000ba8:	f7cff0ef          	jal	ra,10000324 <wbWriteByte>
10000bac:	fe842783          	lw	a5,-24(s0)
10000bb0:	0187d793          	srli	a5,a5,0x18
10000bb4:	0ff7f793          	andi	a5,a5,255
10000bb8:	00078593          	mv	a1,a5
10000bbc:	300007b7          	lui	a5,0x30000
10000bc0:	00f78513          	addi	a0,a5,15 # 3000000f <_fdata_rom+0x1ffff08f>
10000bc4:	f60ff0ef          	jal	ra,10000324 <wbWriteByte>
10000bc8:	300007b7          	lui	a5,0x30000
10000bcc:	00c78513          	addi	a0,a5,12 # 3000000c <_fdata_rom+0x1ffff08c>
10000bd0:	82dff0ef          	jal	ra,100003fc <wbRead>
10000bd4:	00050713          	mv	a4,a0
10000bd8:	fe842783          	lw	a5,-24(s0)
10000bdc:	00e78463          	beq	a5,a4,10000be4 <main+0x5d8>
10000be0:	fe0407a3          	sb	zero,-17(s0)
10000be4:	300007b7          	lui	a5,0x30000
10000be8:	00c78513          	addi	a0,a5,12 # 3000000c <_fdata_rom+0x1ffff08c>
10000bec:	871ff0ef          	jal	ra,1000045c <wbReadByte>
10000bf0:	00050793          	mv	a5,a0
10000bf4:	00078713          	mv	a4,a5
10000bf8:	fe842783          	lw	a5,-24(s0)
10000bfc:	0ff7f793          	andi	a5,a5,255
10000c00:	00f70463          	beq	a4,a5,10000c08 <main+0x5fc>
10000c04:	fe0407a3          	sb	zero,-17(s0)
10000c08:	300007b7          	lui	a5,0x30000
10000c0c:	00d78513          	addi	a0,a5,13 # 3000000d <_fdata_rom+0x1ffff08d>
10000c10:	84dff0ef          	jal	ra,1000045c <wbReadByte>
10000c14:	00050793          	mv	a5,a0
10000c18:	00078713          	mv	a4,a5
10000c1c:	fe842783          	lw	a5,-24(s0)
10000c20:	0087d793          	srli	a5,a5,0x8
10000c24:	0ff7f793          	andi	a5,a5,255
10000c28:	00f70463          	beq	a4,a5,10000c30 <main+0x624>
10000c2c:	fe0407a3          	sb	zero,-17(s0)
10000c30:	300007b7          	lui	a5,0x30000
10000c34:	00e78513          	addi	a0,a5,14 # 3000000e <_fdata_rom+0x1ffff08e>
10000c38:	825ff0ef          	jal	ra,1000045c <wbReadByte>
10000c3c:	00050793          	mv	a5,a0
10000c40:	00078713          	mv	a4,a5
10000c44:	fe842783          	lw	a5,-24(s0)
10000c48:	0107d793          	srli	a5,a5,0x10
10000c4c:	0ff7f793          	andi	a5,a5,255
10000c50:	00f70463          	beq	a4,a5,10000c58 <main+0x64c>
10000c54:	fe0407a3          	sb	zero,-17(s0)
10000c58:	300007b7          	lui	a5,0x30000
10000c5c:	00f78513          	addi	a0,a5,15 # 3000000f <_fdata_rom+0x1ffff08f>
10000c60:	ffcff0ef          	jal	ra,1000045c <wbReadByte>
10000c64:	00050793          	mv	a5,a0
10000c68:	00078713          	mv	a4,a5
10000c6c:	fe842783          	lw	a5,-24(s0)
10000c70:	0187d793          	srli	a5,a5,0x18
10000c74:	0ff7f793          	andi	a5,a5,255
10000c78:	00f70463          	beq	a4,a5,10000c80 <main+0x674>
10000c7c:	fe0407a3          	sb	zero,-17(s0)
10000c80:	fef44783          	lbu	a5,-17(s0)
10000c84:	00078513          	mv	a0,a5
10000c88:	8a1ff0ef          	jal	ra,10000528 <nextTest>
10000c8c:	915ff0ef          	jal	ra,100005a0 <xorShift32>
10000c90:	fea42223          	sw	a0,-28(s0)
10000c94:	90dff0ef          	jal	ra,100005a0 <xorShift32>
10000c98:	fea42023          	sw	a0,-32(s0)
10000c9c:	905ff0ef          	jal	ra,100005a0 <xorShift32>
10000ca0:	fca42e23          	sw	a0,-36(s0)
10000ca4:	fe442783          	lw	a5,-28(s0)
10000ca8:	01079793          	slli	a5,a5,0x10
10000cac:	0107d793          	srli	a5,a5,0x10
10000cb0:	00078593          	mv	a1,a5
10000cb4:	300007b7          	lui	a5,0x30000
10000cb8:	04078513          	addi	a0,a5,64 # 30000040 <_fdata_rom+0x1ffff0c0>
10000cbc:	ed4ff0ef          	jal	ra,10000390 <wbWriteHalf>
10000cc0:	fe442783          	lw	a5,-28(s0)
10000cc4:	0107d793          	srli	a5,a5,0x10
10000cc8:	01079793          	slli	a5,a5,0x10
10000ccc:	0107d793          	srli	a5,a5,0x10
10000cd0:	00078593          	mv	a1,a5
10000cd4:	300007b7          	lui	a5,0x30000
10000cd8:	04278513          	addi	a0,a5,66 # 30000042 <_fdata_rom+0x1ffff0c2>
10000cdc:	eb4ff0ef          	jal	ra,10000390 <wbWriteHalf>
10000ce0:	fe042783          	lw	a5,-32(s0)
10000ce4:	01079793          	slli	a5,a5,0x10
10000ce8:	0107d793          	srli	a5,a5,0x10
10000cec:	00078593          	mv	a1,a5
10000cf0:	300007b7          	lui	a5,0x30000
10000cf4:	04478513          	addi	a0,a5,68 # 30000044 <_fdata_rom+0x1ffff0c4>
10000cf8:	e98ff0ef          	jal	ra,10000390 <wbWriteHalf>
10000cfc:	fe042783          	lw	a5,-32(s0)
10000d00:	0107d793          	srli	a5,a5,0x10
10000d04:	01079793          	slli	a5,a5,0x10
10000d08:	0107d793          	srli	a5,a5,0x10
10000d0c:	00078593          	mv	a1,a5
10000d10:	300007b7          	lui	a5,0x30000
10000d14:	04678513          	addi	a0,a5,70 # 30000046 <_fdata_rom+0x1ffff0c6>
10000d18:	e78ff0ef          	jal	ra,10000390 <wbWriteHalf>
10000d1c:	300007b7          	lui	a5,0x30000
10000d20:	04078513          	addi	a0,a5,64 # 30000040 <_fdata_rom+0x1ffff0c0>
10000d24:	f9cff0ef          	jal	ra,100004c0 <wbReadHalf>
10000d28:	00050793          	mv	a5,a0
10000d2c:	00078713          	mv	a4,a5
10000d30:	fe442783          	lw	a5,-28(s0)
10000d34:	01079793          	slli	a5,a5,0x10
10000d38:	0107d793          	srli	a5,a5,0x10
10000d3c:	00f70463          	beq	a4,a5,10000d44 <main+0x738>
10000d40:	fe0407a3          	sb	zero,-17(s0)
10000d44:	300007b7          	lui	a5,0x30000
10000d48:	04278513          	addi	a0,a5,66 # 30000042 <_fdata_rom+0x1ffff0c2>
10000d4c:	f74ff0ef          	jal	ra,100004c0 <wbReadHalf>
10000d50:	00050793          	mv	a5,a0
10000d54:	00078713          	mv	a4,a5
10000d58:	fe442783          	lw	a5,-28(s0)
10000d5c:	0107d793          	srli	a5,a5,0x10
10000d60:	01079793          	slli	a5,a5,0x10
10000d64:	0107d793          	srli	a5,a5,0x10
10000d68:	00f70463          	beq	a4,a5,10000d70 <main+0x764>
10000d6c:	fe0407a3          	sb	zero,-17(s0)
10000d70:	300007b7          	lui	a5,0x30000
10000d74:	04478513          	addi	a0,a5,68 # 30000044 <_fdata_rom+0x1ffff0c4>
10000d78:	f48ff0ef          	jal	ra,100004c0 <wbReadHalf>
10000d7c:	00050793          	mv	a5,a0
10000d80:	00078713          	mv	a4,a5
10000d84:	fe042783          	lw	a5,-32(s0)
10000d88:	01079793          	slli	a5,a5,0x10
10000d8c:	0107d793          	srli	a5,a5,0x10
10000d90:	00f70463          	beq	a4,a5,10000d98 <main+0x78c>
10000d94:	fe0407a3          	sb	zero,-17(s0)
10000d98:	300007b7          	lui	a5,0x30000
10000d9c:	04678513          	addi	a0,a5,70 # 30000046 <_fdata_rom+0x1ffff0c6>
10000da0:	f20ff0ef          	jal	ra,100004c0 <wbReadHalf>
10000da4:	00050793          	mv	a5,a0
10000da8:	00078713          	mv	a4,a5
10000dac:	fe042783          	lw	a5,-32(s0)
10000db0:	0107d793          	srli	a5,a5,0x10
10000db4:	01079793          	slli	a5,a5,0x10
10000db8:	0107d793          	srli	a5,a5,0x10
10000dbc:	00f70463          	beq	a4,a5,10000dc4 <main+0x7b8>
10000dc0:	fe0407a3          	sb	zero,-17(s0)
10000dc4:	fef44783          	lbu	a5,-17(s0)
10000dc8:	00078513          	mv	a0,a5
10000dcc:	f5cff0ef          	jal	ra,10000528 <nextTest>
10000dd0:	3a0017b7          	lui	a5,0x3a001
10000dd4:	23478513          	addi	a0,a5,564 # 3a001234 <_fdata_rom+0x2a0002b4>
10000dd8:	e24ff0ef          	jal	ra,100003fc <wbRead>
10000ddc:	00050713          	mv	a4,a0
10000de0:	fff00793          	li	a5,-1
10000de4:	00f70463          	beq	a4,a5,10000dec <main+0x7e0>
10000de8:	fe0407a3          	sb	zero,-17(s0)
10000dec:	fef44783          	lbu	a5,-17(s0)
10000df0:	00078513          	mv	a0,a5
10000df4:	f34ff0ef          	jal	ra,10000528 <nextTest>
10000df8:	33080537          	lui	a0,0x33080
10000dfc:	e00ff0ef          	jal	ra,100003fc <wbRead>
10000e00:	00050713          	mv	a4,a0
10000e04:	fff00793          	li	a5,-1
10000e08:	00f70463          	beq	a4,a5,10000e10 <main+0x804>
10000e0c:	fe0407a3          	sb	zero,-17(s0)
10000e10:	330017b7          	lui	a5,0x33001
10000e14:	a0078513          	addi	a0,a5,-1536 # 33000a00 <_fdata_rom+0x22fffa80>
10000e18:	de4ff0ef          	jal	ra,100003fc <wbRead>
10000e1c:	00050713          	mv	a4,a0
10000e20:	fff00793          	li	a5,-1
10000e24:	00f70463          	beq	a4,a5,10000e2c <main+0x820>
10000e28:	fe0407a3          	sb	zero,-17(s0)
10000e2c:	330117b7          	lui	a5,0x33011
10000e30:	a0078513          	addi	a0,a5,-1536 # 33010a00 <_fdata_rom+0x2300fa80>
10000e34:	dc8ff0ef          	jal	ra,100003fc <wbRead>
10000e38:	00050713          	mv	a4,a0
10000e3c:	fff00793          	li	a5,-1
10000e40:	00f70463          	beq	a4,a5,10000e48 <main+0x83c>
10000e44:	fe0407a3          	sb	zero,-17(s0)
10000e48:	330217b7          	lui	a5,0x33021
10000e4c:	a0078513          	addi	a0,a5,-1536 # 33020a00 <_fdata_rom+0x2301fa80>
10000e50:	dacff0ef          	jal	ra,100003fc <wbRead>
10000e54:	00050713          	mv	a4,a0
10000e58:	fff00793          	li	a5,-1
10000e5c:	00f70463          	beq	a4,a5,10000e64 <main+0x858>
10000e60:	fe0407a3          	sb	zero,-17(s0)
10000e64:	330317b7          	lui	a5,0x33031
10000e68:	a0078513          	addi	a0,a5,-1536 # 33030a00 <_fdata_rom+0x2302fa80>
10000e6c:	d90ff0ef          	jal	ra,100003fc <wbRead>
10000e70:	00050713          	mv	a4,a0
10000e74:	fff00793          	li	a5,-1
10000e78:	00f70463          	beq	a4,a5,10000e80 <main+0x874>
10000e7c:	fe0407a3          	sb	zero,-17(s0)
10000e80:	fef44783          	lbu	a5,-17(s0)
10000e84:	00078513          	mv	a0,a5
10000e88:	ea0ff0ef          	jal	ra,10000528 <nextTest>
10000e8c:	30400537          	lui	a0,0x30400
10000e90:	d6cff0ef          	jal	ra,100003fc <wbRead>
10000e94:	00050713          	mv	a4,a0
10000e98:	fff00793          	li	a5,-1
10000e9c:	00f70463          	beq	a4,a5,10000ea4 <main+0x898>
10000ea0:	fe0407a3          	sb	zero,-17(s0)
10000ea4:	308a0537          	lui	a0,0x308a0
10000ea8:	d54ff0ef          	jal	ra,100003fc <wbRead>
10000eac:	00050713          	mv	a4,a0
10000eb0:	fff00793          	li	a5,-1
10000eb4:	00f70463          	beq	a4,a5,10000ebc <main+0x8b0>
10000eb8:	fe0407a3          	sb	zero,-17(s0)
10000ebc:	31400537          	lui	a0,0x31400
10000ec0:	d3cff0ef          	jal	ra,100003fc <wbRead>
10000ec4:	00050713          	mv	a4,a0
10000ec8:	fff00793          	li	a5,-1
10000ecc:	00f70463          	beq	a4,a5,10000ed4 <main+0x8c8>
10000ed0:	fe0407a3          	sb	zero,-17(s0)
10000ed4:	318a0537          	lui	a0,0x318a0
10000ed8:	d24ff0ef          	jal	ra,100003fc <wbRead>
10000edc:	00050713          	mv	a4,a0
10000ee0:	fff00793          	li	a5,-1
10000ee4:	00f70463          	beq	a4,a5,10000eec <main+0x8e0>
10000ee8:	fe0407a3          	sb	zero,-17(s0)
10000eec:	fef44783          	lbu	a5,-17(s0)
10000ef0:	00078513          	mv	a0,a5
10000ef4:	e34ff0ef          	jal	ra,10000528 <nextTest>
10000ef8:	32400537          	lui	a0,0x32400
10000efc:	d00ff0ef          	jal	ra,100003fc <wbRead>
10000f00:	00050713          	mv	a4,a0
10000f04:	fff00793          	li	a5,-1
10000f08:	00f70463          	beq	a4,a5,10000f10 <main+0x904>
10000f0c:	fe0407a3          	sb	zero,-17(s0)
10000f10:	328a0537          	lui	a0,0x328a0
10000f14:	ce8ff0ef          	jal	ra,100003fc <wbRead>
10000f18:	00050713          	mv	a4,a0
10000f1c:	fff00793          	li	a5,-1
10000f20:	00f70463          	beq	a4,a5,10000f28 <main+0x91c>
10000f24:	fe0407a3          	sb	zero,-17(s0)
10000f28:	fef44783          	lbu	a5,-17(s0)
10000f2c:	00078513          	mv	a0,a5
10000f30:	df8ff0ef          	jal	ra,10000528 <nextTest>
10000f34:	328a0537          	lui	a0,0x328a0
10000f38:	cc4ff0ef          	jal	ra,100003fc <wbRead>
10000f3c:	00050713          	mv	a4,a0
10000f40:	fff00793          	li	a5,-1
10000f44:	00f70463          	beq	a4,a5,10000f4c <main+0x940>
10000f48:	fe0407a3          	sb	zero,-17(s0)
10000f4c:	fef44783          	lbu	a5,-17(s0)
10000f50:	00078513          	mv	a0,a5
10000f54:	dd4ff0ef          	jal	ra,10000528 <nextTest>
10000f58:	fef44783          	lbu	a5,-17(s0)
10000f5c:	00078513          	mv	a0,a5
10000f60:	dc8ff0ef          	jal	ra,10000528 <nextTest>
10000f64:	00000013          	nop
10000f68:	02c12083          	lw	ra,44(sp)
10000f6c:	02812403          	lw	s0,40(sp)
10000f70:	02412483          	lw	s1,36(sp)
10000f74:	03010113          	addi	sp,sp,48
10000f78:	00008067          	ret
