
peripheralsUART.elf:     file format elf32-littleriscv


Disassembly of section .text:

10000000 <_ftext>:
10000000:	0b00006f          	j	100000b0 <crt_init>
10000004:	00000013          	nop
10000008:	00000013          	nop
1000000c:	00000013          	nop
10000010:	00000013          	nop
10000014:	00000013          	nop
10000018:	00000013          	nop
1000001c:	00000013          	nop

10000020 <trap_entry>:
10000020:	fe112e23          	sw	ra,-4(sp)
10000024:	fe512c23          	sw	t0,-8(sp)
10000028:	fe612a23          	sw	t1,-12(sp)
1000002c:	fe712823          	sw	t2,-16(sp)
10000030:	fea12623          	sw	a0,-20(sp)
10000034:	feb12423          	sw	a1,-24(sp)
10000038:	fec12223          	sw	a2,-28(sp)
1000003c:	fed12023          	sw	a3,-32(sp)
10000040:	fce12e23          	sw	a4,-36(sp)
10000044:	fcf12c23          	sw	a5,-40(sp)
10000048:	fd012a23          	sw	a6,-44(sp)
1000004c:	fd112823          	sw	a7,-48(sp)
10000050:	fdc12623          	sw	t3,-52(sp)
10000054:	fdd12423          	sw	t4,-56(sp)
10000058:	fde12223          	sw	t5,-60(sp)
1000005c:	fdf12023          	sw	t6,-64(sp)
10000060:	fc010113          	addi	sp,sp,-64
10000064:	114000ef          	jal	ra,10000178 <isr>
10000068:	03c12083          	lw	ra,60(sp)
1000006c:	03812283          	lw	t0,56(sp)
10000070:	03412303          	lw	t1,52(sp)
10000074:	03012383          	lw	t2,48(sp)
10000078:	02c12503          	lw	a0,44(sp)
1000007c:	02812583          	lw	a1,40(sp)
10000080:	02412603          	lw	a2,36(sp)
10000084:	02012683          	lw	a3,32(sp)
10000088:	01c12703          	lw	a4,28(sp)
1000008c:	01812783          	lw	a5,24(sp)
10000090:	01412803          	lw	a6,20(sp)
10000094:	01012883          	lw	a7,16(sp)
10000098:	00c12e03          	lw	t3,12(sp)
1000009c:	00812e83          	lw	t4,8(sp)
100000a0:	00412f03          	lw	t5,4(sp)
100000a4:	00012f83          	lw	t6,0(sp)
100000a8:	04010113          	addi	sp,sp,64
100000ac:	30200073          	mret

100000b0 <crt_init>:
100000b0:	f1000117          	auipc	sp,0xf1000
100000b4:	75010113          	addi	sp,sp,1872 # 1000800 <_fstack>
100000b8:	00000517          	auipc	a0,0x0
100000bc:	f6850513          	addi	a0,a0,-152 # 10000020 <trap_entry>
100000c0:	30551073          	csrw	mtvec,a0

100000c4 <data_init>:
100000c4:	00000513          	li	a0,0
100000c8:	00000593          	li	a1,0
100000cc:	00000617          	auipc	a2,0x0
100000d0:	7c460613          	addi	a2,a2,1988 # 10000890 <_fdata_rom>

100000d4 <data_loop>:
100000d4:	00b50c63          	beq	a0,a1,100000ec <bss_init>
100000d8:	00062683          	lw	a3,0(a2)
100000dc:	00d52023          	sw	a3,0(a0)
100000e0:	00450513          	addi	a0,a0,4
100000e4:	00460613          	addi	a2,a2,4
100000e8:	fedff06f          	j	100000d4 <data_loop>

100000ec <bss_init>:
100000ec:	00000513          	li	a0,0
100000f0:	00800593          	li	a1,8

100000f4 <bss_loop>:
100000f4:	00b50863          	beq	a0,a1,10000104 <bss_done>
100000f8:	00052023          	sw	zero,0(a0)
100000fc:	00450513          	addi	a0,a0,4
10000100:	ff5ff06f          	j	100000f4 <bss_loop>

10000104 <bss_done>:
10000104:	00001537          	lui	a0,0x1
10000108:	88050513          	addi	a0,a0,-1920 # 880 <_ebss+0x878>
1000010c:	30451073          	csrw	mie,a0
10000110:	2ec000ef          	jal	ra,100003fc <main>

10000114 <infinit_loop>:
10000114:	0000006f          	j	10000114 <infinit_loop>

10000118 <flush_cpu_icache>:
10000118:	ff010113          	addi	sp,sp,-16
1000011c:	00812623          	sw	s0,12(sp)
10000120:	01010413          	addi	s0,sp,16
10000124:	00000013          	nop
10000128:	00c12403          	lw	s0,12(sp)
1000012c:	01010113          	addi	sp,sp,16
10000130:	00008067          	ret

10000134 <flush_cpu_dcache>:
10000134:	ff010113          	addi	sp,sp,-16
10000138:	00812623          	sw	s0,12(sp)
1000013c:	01010413          	addi	s0,sp,16
10000140:	00000013          	nop
10000144:	00c12403          	lw	s0,12(sp)
10000148:	01010113          	addi	sp,sp,16
1000014c:	00008067          	ret

10000150 <irq_setmask>:
10000150:	fe010113          	addi	sp,sp,-32
10000154:	00812e23          	sw	s0,28(sp)
10000158:	02010413          	addi	s0,sp,32
1000015c:	fea42623          	sw	a0,-20(s0)
10000160:	fec42783          	lw	a5,-20(s0)
10000164:	bc079073          	csrw	0xbc0,a5
10000168:	00000013          	nop
1000016c:	01c12403          	lw	s0,28(sp)
10000170:	02010113          	addi	sp,sp,32
10000174:	00008067          	ret

10000178 <isr>:
10000178:	ff010113          	addi	sp,sp,-16
1000017c:	00112623          	sw	ra,12(sp)
10000180:	00812423          	sw	s0,8(sp)
10000184:	01010413          	addi	s0,sp,16
10000188:	00000513          	li	a0,0
1000018c:	fc5ff0ef          	jal	ra,10000150 <irq_setmask>
10000190:	f00037b7          	lui	a5,0xf0003
10000194:	03878793          	addi	a5,a5,56 # f0003038 <_fdata_rom+0xe00027a8>
10000198:	00a00713          	li	a4,10
1000019c:	00e7a023          	sw	a4,0(a5)
100001a0:	f00037b7          	lui	a5,0xf0003
100001a4:	03c78793          	addi	a5,a5,60 # f000303c <_fdata_rom+0xe00027ac>
100001a8:	00020737          	lui	a4,0x20
100001ac:	00e7a023          	sw	a4,0(a5)
100001b0:	00100713          	li	a4,1
100001b4:	00e01023          	sh	a4,0(zero) # 0 <__DYNAMIC>
100001b8:	00000013          	nop
100001bc:	00c12083          	lw	ra,12(sp)
100001c0:	00812403          	lw	s0,8(sp)
100001c4:	01010113          	addi	sp,sp,16
100001c8:	00008067          	ret

100001cc <flush_cpu_icache>:
100001cc:	ff010113          	addi	sp,sp,-16
100001d0:	00812623          	sw	s0,12(sp)
100001d4:	01010413          	addi	s0,sp,16
100001d8:	00000013          	nop
100001dc:	00c12403          	lw	s0,12(sp)
100001e0:	01010113          	addi	sp,sp,16
100001e4:	00008067          	ret

100001e8 <flush_cpu_dcache>:
100001e8:	ff010113          	addi	sp,sp,-16
100001ec:	00812623          	sw	s0,12(sp)
100001f0:	01010413          	addi	s0,sp,16
100001f4:	00000013          	nop
100001f8:	00c12403          	lw	s0,12(sp)
100001fc:	01010113          	addi	sp,sp,16
10000200:	00008067          	ret

10000204 <putchar>:
10000204:	fe010113          	addi	sp,sp,-32
10000208:	00112e23          	sw	ra,28(sp)
1000020c:	00812c23          	sw	s0,24(sp)
10000210:	02010413          	addi	s0,sp,32
10000214:	00050793          	mv	a5,a0
10000218:	fef407a3          	sb	a5,-17(s0)
1000021c:	fef44703          	lbu	a4,-17(s0)
10000220:	00a00793          	li	a5,10
10000224:	00f71663          	bne	a4,a5,10000230 <putchar+0x2c>
10000228:	00d00513          	li	a0,13
1000022c:	fd9ff0ef          	jal	ra,10000204 <putchar>
10000230:	00000013          	nop
10000234:	f00067b7          	lui	a5,0xf0006
10000238:	80478793          	addi	a5,a5,-2044 # f0005804 <_fdata_rom+0xe0004f74>
1000023c:	0007a703          	lw	a4,0(a5)
10000240:	00100793          	li	a5,1
10000244:	fef708e3          	beq	a4,a5,10000234 <putchar+0x30>
10000248:	f00067b7          	lui	a5,0xf0006
1000024c:	80078793          	addi	a5,a5,-2048 # f0005800 <_fdata_rom+0xe0004f70>
10000250:	fef44703          	lbu	a4,-17(s0)
10000254:	00e7a023          	sw	a4,0(a5)
10000258:	00000013          	nop
1000025c:	01c12083          	lw	ra,28(sp)
10000260:	01812403          	lw	s0,24(sp)
10000264:	02010113          	addi	sp,sp,32
10000268:	00008067          	ret

1000026c <print>:
1000026c:	fe010113          	addi	sp,sp,-32
10000270:	00112e23          	sw	ra,28(sp)
10000274:	00812c23          	sw	s0,24(sp)
10000278:	02010413          	addi	s0,sp,32
1000027c:	fea42623          	sw	a0,-20(s0)
10000280:	01c0006f          	j	1000029c <print+0x30>
10000284:	fec42783          	lw	a5,-20(s0)
10000288:	00178713          	addi	a4,a5,1
1000028c:	fee42623          	sw	a4,-20(s0)
10000290:	0007c783          	lbu	a5,0(a5)
10000294:	00078513          	mv	a0,a5
10000298:	f6dff0ef          	jal	ra,10000204 <putchar>
1000029c:	fec42783          	lw	a5,-20(s0)
100002a0:	0007c783          	lbu	a5,0(a5)
100002a4:	fe0790e3          	bnez	a5,10000284 <print+0x18>
100002a8:	00000013          	nop
100002ac:	01c12083          	lw	ra,28(sp)
100002b0:	01812403          	lw	s0,24(sp)
100002b4:	02010113          	addi	sp,sp,32
100002b8:	00008067          	ret

100002bc <wbWrite>:
100002bc:	fd010113          	addi	sp,sp,-48
100002c0:	02812623          	sw	s0,44(sp)
100002c4:	03010413          	addi	s0,sp,48
100002c8:	fca42e23          	sw	a0,-36(s0)
100002cc:	fcb42c23          	sw	a1,-40(s0)
100002d0:	fdc42783          	lw	a5,-36(s0)
100002d4:	fef42623          	sw	a5,-20(s0)
100002d8:	300007b7          	lui	a5,0x30000
100002dc:	fec42683          	lw	a3,-20(s0)
100002e0:	ffff8737          	lui	a4,0xffff8
100002e4:	00e6f733          	and	a4,a3,a4
100002e8:	00e7a023          	sw	a4,0(a5) # 30000000 <_fdata_rom+0x1ffff770>
100002ec:	fec42703          	lw	a4,-20(s0)
100002f0:	000107b7          	lui	a5,0x10
100002f4:	fff78793          	addi	a5,a5,-1 # ffff <_ebss+0xfff7>
100002f8:	00f77733          	and	a4,a4,a5
100002fc:	300087b7          	lui	a5,0x30008
10000300:	00f767b3          	or	a5,a4,a5
10000304:	fef42423          	sw	a5,-24(s0)
10000308:	fe842783          	lw	a5,-24(s0)
1000030c:	fd842703          	lw	a4,-40(s0)
10000310:	00e7a023          	sw	a4,0(a5) # 30008000 <_fdata_rom+0x20007770>
10000314:	00000013          	nop
10000318:	02c12403          	lw	s0,44(sp)
1000031c:	03010113          	addi	sp,sp,48
10000320:	00008067          	ret

10000324 <wbRead>:
10000324:	fd010113          	addi	sp,sp,-48
10000328:	02812623          	sw	s0,44(sp)
1000032c:	03010413          	addi	s0,sp,48
10000330:	fca42e23          	sw	a0,-36(s0)
10000334:	fdc42783          	lw	a5,-36(s0)
10000338:	fef42623          	sw	a5,-20(s0)
1000033c:	300007b7          	lui	a5,0x30000
10000340:	fec42683          	lw	a3,-20(s0)
10000344:	ffff8737          	lui	a4,0xffff8
10000348:	00e6f733          	and	a4,a3,a4
1000034c:	00e7a023          	sw	a4,0(a5) # 30000000 <_fdata_rom+0x1ffff770>
10000350:	fec42703          	lw	a4,-20(s0)
10000354:	000107b7          	lui	a5,0x10
10000358:	fff78793          	addi	a5,a5,-1 # ffff <_ebss+0xfff7>
1000035c:	00f77733          	and	a4,a4,a5
10000360:	300087b7          	lui	a5,0x30008
10000364:	00f767b3          	or	a5,a4,a5
10000368:	fef42423          	sw	a5,-24(s0)
1000036c:	fe842783          	lw	a5,-24(s0)
10000370:	0007a783          	lw	a5,0(a5) # 30008000 <_fdata_rom+0x20007770>
10000374:	00078513          	mv	a0,a5
10000378:	02c12403          	lw	s0,44(sp)
1000037c:	03010113          	addi	sp,sp,48
10000380:	00008067          	ret

10000384 <nextTest>:
10000384:	fe010113          	addi	sp,sp,-32
10000388:	00112e23          	sw	ra,28(sp)
1000038c:	00812c23          	sw	s0,24(sp)
10000390:	02010413          	addi	s0,sp,32
10000394:	00050793          	mv	a5,a0
10000398:	fef407a3          	sb	a5,-17(s0)
1000039c:	fef44783          	lbu	a5,-17(s0)
100003a0:	00078c63          	beqz	a5,100003b8 <nextTest+0x34>
100003a4:	000035b7          	lui	a1,0x3
100003a8:	330317b7          	lui	a5,0x33031
100003ac:	01478513          	addi	a0,a5,20 # 33031014 <_fdata_rom+0x23030784>
100003b0:	f0dff0ef          	jal	ra,100002bc <wbWrite>
100003b4:	0240006f          	j	100003d8 <nextTest+0x54>
100003b8:	000015b7          	lui	a1,0x1
100003bc:	330317b7          	lui	a5,0x33031
100003c0:	01878513          	addi	a0,a5,24 # 33031018 <_fdata_rom+0x23030788>
100003c4:	ef9ff0ef          	jal	ra,100002bc <wbWrite>
100003c8:	000025b7          	lui	a1,0x2
100003cc:	330317b7          	lui	a5,0x33031
100003d0:	01478513          	addi	a0,a5,20 # 33031014 <_fdata_rom+0x23030784>
100003d4:	ee9ff0ef          	jal	ra,100002bc <wbWrite>
100003d8:	000025b7          	lui	a1,0x2
100003dc:	330317b7          	lui	a5,0x33031
100003e0:	01878513          	addi	a0,a5,24 # 33031018 <_fdata_rom+0x23030788>
100003e4:	ed9ff0ef          	jal	ra,100002bc <wbWrite>
100003e8:	00000013          	nop
100003ec:	01c12083          	lw	ra,28(sp)
100003f0:	01812403          	lw	s0,24(sp)
100003f4:	02010113          	addi	sp,sp,32
100003f8:	00008067          	ret

100003fc <main>:
100003fc:	fd010113          	addi	sp,sp,-48
10000400:	02112623          	sw	ra,44(sp)
10000404:	02812423          	sw	s0,40(sp)
10000408:	03010413          	addi	s0,sp,48
1000040c:	f00047b7          	lui	a5,0xf0004
10000410:	80078793          	addi	a5,a5,-2048 # f0003800 <_fdata_rom+0xe0002f70>
10000414:	00100713          	li	a4,1
10000418:	00e7a023          	sw	a4,0(a5)
1000041c:	260007b7          	lui	a5,0x26000
10000420:	05478793          	addi	a5,a5,84 # 26000054 <_fdata_rom+0x15fff7c4>
10000424:	00002737          	lui	a4,0x2
10000428:	80870713          	addi	a4,a4,-2040 # 1808 <_ebss+0x1800>
1000042c:	00e7a023          	sw	a4,0(a5)
10000430:	260007b7          	lui	a5,0x26000
10000434:	05878793          	addi	a5,a5,88 # 26000058 <_fdata_rom+0x15fff7c8>
10000438:	00002737          	lui	a4,0x2
1000043c:	80870713          	addi	a4,a4,-2040 # 1808 <_ebss+0x1800>
10000440:	00e7a023          	sw	a4,0(a5)
10000444:	260007b7          	lui	a5,0x26000
10000448:	00100713          	li	a4,1
1000044c:	00e7a023          	sw	a4,0(a5) # 26000000 <_fdata_rom+0x15fff770>
10000450:	00000013          	nop
10000454:	260007b7          	lui	a5,0x26000
10000458:	0007a703          	lw	a4,0(a5) # 26000000 <_fdata_rom+0x15fff770>
1000045c:	00100793          	li	a5,1
10000460:	fef70ae3          	beq	a4,a5,10000454 <main+0x58>
10000464:	00100793          	li	a5,1
10000468:	fef407a3          	sb	a5,-17(s0)
1000046c:	000015b7          	lui	a1,0x1
10000470:	330317b7          	lui	a5,0x33031
10000474:	01078513          	addi	a0,a5,16 # 33031010 <_fdata_rom+0x23030780>
10000478:	e45ff0ef          	jal	ra,100002bc <wbWrite>
1000047c:	ffffd7b7          	lui	a5,0xffffd
10000480:	fff78593          	addi	a1,a5,-1 # ffffcfff <_fdata_rom+0xefffc76f>
10000484:	33031537          	lui	a0,0x33031
10000488:	e35ff0ef          	jal	ra,100002bc <wbWrite>
1000048c:	000207b7          	lui	a5,0x20
10000490:	01478793          	addi	a5,a5,20 # 20014 <_ebss+0x2000c>
10000494:	fef42423          	sw	a5,-24(s0)
10000498:	01400793          	li	a5,20
1000049c:	fef42223          	sw	a5,-28(s0)
100004a0:	fe442583          	lw	a1,-28(s0)
100004a4:	3f001537          	lui	a0,0x3f001
100004a8:	e15ff0ef          	jal	ra,100002bc <wbWrite>
100004ac:	00f00593          	li	a1,15
100004b0:	3f0017b7          	lui	a5,0x3f001
100004b4:	00478513          	addi	a0,a5,4 # 3f001004 <_fdata_rom+0x2f000774>
100004b8:	e05ff0ef          	jal	ra,100002bc <wbWrite>
100004bc:	3f001537          	lui	a0,0x3f001
100004c0:	e65ff0ef          	jal	ra,10000324 <wbRead>
100004c4:	00050713          	mv	a4,a0
100004c8:	fe442783          	lw	a5,-28(s0)
100004cc:	00e78463          	beq	a5,a4,100004d4 <main+0xd8>
100004d0:	fe0407a3          	sb	zero,-17(s0)
100004d4:	3f0017b7          	lui	a5,0x3f001
100004d8:	00878513          	addi	a0,a5,8 # 3f001008 <_fdata_rom+0x2f000778>
100004dc:	e49ff0ef          	jal	ra,10000324 <wbRead>
100004e0:	00050793          	mv	a5,a0
100004e4:	00078463          	beqz	a5,100004ec <main+0xf0>
100004e8:	fe0407a3          	sb	zero,-17(s0)
100004ec:	fef44783          	lbu	a5,-17(s0)
100004f0:	00078513          	mv	a0,a5
100004f4:	e91ff0ef          	jal	ra,10000384 <nextTest>
100004f8:	fe842583          	lw	a1,-24(s0)
100004fc:	33001537          	lui	a0,0x33001
10000500:	dbdff0ef          	jal	ra,100002bc <wbWrite>
10000504:	00f00593          	li	a1,15
10000508:	330017b7          	lui	a5,0x33001
1000050c:	00478513          	addi	a0,a5,4 # 33001004 <_fdata_rom+0x23000774>
10000510:	dadff0ef          	jal	ra,100002bc <wbWrite>
10000514:	33001537          	lui	a0,0x33001
10000518:	e0dff0ef          	jal	ra,10000324 <wbRead>
1000051c:	00050713          	mv	a4,a0
10000520:	fe842783          	lw	a5,-24(s0)
10000524:	00e78463          	beq	a5,a4,1000052c <main+0x130>
10000528:	fe0407a3          	sb	zero,-17(s0)
1000052c:	330017b7          	lui	a5,0x33001
10000530:	00878513          	addi	a0,a5,8 # 33001008 <_fdata_rom+0x23000778>
10000534:	df1ff0ef          	jal	ra,10000324 <wbRead>
10000538:	00050793          	mv	a5,a0
1000053c:	00078463          	beqz	a5,10000544 <main+0x148>
10000540:	fe0407a3          	sb	zero,-17(s0)
10000544:	fef44783          	lbu	a5,-17(s0)
10000548:	00078513          	mv	a0,a5
1000054c:	e39ff0ef          	jal	ra,10000384 <nextTest>
10000550:	100017b7          	lui	a5,0x10001
10000554:	8807a603          	lw	a2,-1920(a5) # 10000880 <_frodata>
10000558:	88078713          	addi	a4,a5,-1920
1000055c:	00472683          	lw	a3,4(a4)
10000560:	88078713          	addi	a4,a5,-1920
10000564:	00872703          	lw	a4,8(a4)
10000568:	88078793          	addi	a5,a5,-1920
1000056c:	00c7a783          	lw	a5,12(a5)
10000570:	fcc42a23          	sw	a2,-44(s0)
10000574:	fcd42c23          	sw	a3,-40(s0)
10000578:	fce42e23          	sw	a4,-36(s0)
1000057c:	fef42023          	sw	a5,-32(s0)
10000580:	fd442783          	lw	a5,-44(s0)
10000584:	00078593          	mv	a1,a5
10000588:	3f0017b7          	lui	a5,0x3f001
1000058c:	01478513          	addi	a0,a5,20 # 3f001014 <_fdata_rom+0x2f000784>
10000590:	d2dff0ef          	jal	ra,100002bc <wbWrite>
10000594:	3f0017b7          	lui	a5,0x3f001
10000598:	00878513          	addi	a0,a5,8 # 3f001008 <_fdata_rom+0x2f000778>
1000059c:	d89ff0ef          	jal	ra,10000324 <wbRead>
100005a0:	00050713          	mv	a4,a0
100005a4:	00800793          	li	a5,8
100005a8:	00f70463          	beq	a4,a5,100005b0 <main+0x1b4>
100005ac:	fe0407a3          	sb	zero,-17(s0)
100005b0:	fef44783          	lbu	a5,-17(s0)
100005b4:	00078513          	mv	a0,a5
100005b8:	dcdff0ef          	jal	ra,10000384 <nextTest>
100005bc:	330017b7          	lui	a5,0x33001
100005c0:	00878513          	addi	a0,a5,8 # 33001008 <_fdata_rom+0x23000778>
100005c4:	d61ff0ef          	jal	ra,10000324 <wbRead>
100005c8:	00050793          	mv	a5,a0
100005cc:	00078463          	beqz	a5,100005d4 <main+0x1d8>
100005d0:	fe0407a3          	sb	zero,-17(s0)
100005d4:	fef44783          	lbu	a5,-17(s0)
100005d8:	00078513          	mv	a0,a5
100005dc:	da9ff0ef          	jal	ra,10000384 <nextTest>
100005e0:	fe842583          	lw	a1,-24(s0)
100005e4:	3f001537          	lui	a0,0x3f001
100005e8:	cd5ff0ef          	jal	ra,100002bc <wbWrite>
100005ec:	fd842783          	lw	a5,-40(s0)
100005f0:	00078593          	mv	a1,a5
100005f4:	3f0017b7          	lui	a5,0x3f001
100005f8:	01478513          	addi	a0,a5,20 # 3f001014 <_fdata_rom+0x2f000784>
100005fc:	cc1ff0ef          	jal	ra,100002bc <wbWrite>
10000600:	fdc42783          	lw	a5,-36(s0)
10000604:	00078593          	mv	a1,a5
10000608:	3f0017b7          	lui	a5,0x3f001
1000060c:	01478513          	addi	a0,a5,20 # 3f001014 <_fdata_rom+0x2f000784>
10000610:	cadff0ef          	jal	ra,100002bc <wbWrite>
10000614:	fe042783          	lw	a5,-32(s0)
10000618:	00078593          	mv	a1,a5
1000061c:	3f0017b7          	lui	a5,0x3f001
10000620:	01478513          	addi	a0,a5,20 # 3f001014 <_fdata_rom+0x2f000784>
10000624:	c99ff0ef          	jal	ra,100002bc <wbWrite>
10000628:	3f0017b7          	lui	a5,0x3f001
1000062c:	00878513          	addi	a0,a5,8 # 3f001008 <_fdata_rom+0x2f000778>
10000630:	cf5ff0ef          	jal	ra,10000324 <wbRead>
10000634:	00050793          	mv	a5,a0
10000638:	00078463          	beqz	a5,10000640 <main+0x244>
1000063c:	fe0407a3          	sb	zero,-17(s0)
10000640:	fef44783          	lbu	a5,-17(s0)
10000644:	00078513          	mv	a0,a5
10000648:	d3dff0ef          	jal	ra,10000384 <nextTest>
1000064c:	330017b7          	lui	a5,0x33001
10000650:	01078513          	addi	a0,a5,16 # 33001010 <_fdata_rom+0x23000780>
10000654:	cd1ff0ef          	jal	ra,10000324 <wbRead>
10000658:	00050713          	mv	a4,a0
1000065c:	fd442783          	lw	a5,-44(s0)
10000660:	1007e793          	ori	a5,a5,256
10000664:	00f70463          	beq	a4,a5,1000066c <main+0x270>
10000668:	fe0407a3          	sb	zero,-17(s0)
1000066c:	330017b7          	lui	a5,0x33001
10000670:	01078513          	addi	a0,a5,16 # 33001010 <_fdata_rom+0x23000780>
10000674:	cb1ff0ef          	jal	ra,10000324 <wbRead>
10000678:	00050713          	mv	a4,a0
1000067c:	fd842783          	lw	a5,-40(s0)
10000680:	1007e793          	ori	a5,a5,256
10000684:	00f70463          	beq	a4,a5,1000068c <main+0x290>
10000688:	fe0407a3          	sb	zero,-17(s0)
1000068c:	330017b7          	lui	a5,0x33001
10000690:	01078513          	addi	a0,a5,16 # 33001010 <_fdata_rom+0x23000780>
10000694:	c91ff0ef          	jal	ra,10000324 <wbRead>
10000698:	00050713          	mv	a4,a0
1000069c:	fdc42783          	lw	a5,-36(s0)
100006a0:	1007e793          	ori	a5,a5,256
100006a4:	00f70463          	beq	a4,a5,100006ac <main+0x2b0>
100006a8:	fe0407a3          	sb	zero,-17(s0)
100006ac:	330017b7          	lui	a5,0x33001
100006b0:	01078513          	addi	a0,a5,16 # 33001010 <_fdata_rom+0x23000780>
100006b4:	c71ff0ef          	jal	ra,10000324 <wbRead>
100006b8:	00050713          	mv	a4,a0
100006bc:	fe042783          	lw	a5,-32(s0)
100006c0:	1007e793          	ori	a5,a5,256
100006c4:	00f70463          	beq	a4,a5,100006cc <main+0x2d0>
100006c8:	fe0407a3          	sb	zero,-17(s0)
100006cc:	fef44783          	lbu	a5,-17(s0)
100006d0:	00078513          	mv	a0,a5
100006d4:	cb1ff0ef          	jal	ra,10000384 <nextTest>
100006d8:	330017b7          	lui	a5,0x33001
100006dc:	01078513          	addi	a0,a5,16 # 33001010 <_fdata_rom+0x23000780>
100006e0:	c45ff0ef          	jal	ra,10000324 <wbRead>
100006e4:	00050793          	mv	a5,a0
100006e8:	00078463          	beqz	a5,100006f0 <main+0x2f4>
100006ec:	fe0407a3          	sb	zero,-17(s0)
100006f0:	fef44783          	lbu	a5,-17(s0)
100006f4:	00078513          	mv	a0,a5
100006f8:	c8dff0ef          	jal	ra,10000384 <nextTest>
100006fc:	330017b7          	lui	a5,0x33001
10000700:	00878513          	addi	a0,a5,8 # 33001008 <_fdata_rom+0x23000778>
10000704:	c21ff0ef          	jal	ra,10000324 <wbRead>
10000708:	00050793          	mv	a5,a0
1000070c:	00078463          	beqz	a5,10000714 <main+0x318>
10000710:	fe0407a3          	sb	zero,-17(s0)
10000714:	fef44783          	lbu	a5,-17(s0)
10000718:	00078513          	mv	a0,a5
1000071c:	c69ff0ef          	jal	ra,10000384 <nextTest>
10000720:	fd442783          	lw	a5,-44(s0)
10000724:	00078593          	mv	a1,a5
10000728:	330017b7          	lui	a5,0x33001
1000072c:	01478513          	addi	a0,a5,20 # 33001014 <_fdata_rom+0x23000784>
10000730:	b8dff0ef          	jal	ra,100002bc <wbWrite>
10000734:	fd842783          	lw	a5,-40(s0)
10000738:	00078593          	mv	a1,a5
1000073c:	330017b7          	lui	a5,0x33001
10000740:	01478513          	addi	a0,a5,20 # 33001014 <_fdata_rom+0x23000784>
10000744:	b79ff0ef          	jal	ra,100002bc <wbWrite>
10000748:	fdc42783          	lw	a5,-36(s0)
1000074c:	00078593          	mv	a1,a5
10000750:	330017b7          	lui	a5,0x33001
10000754:	01478513          	addi	a0,a5,20 # 33001014 <_fdata_rom+0x23000784>
10000758:	b65ff0ef          	jal	ra,100002bc <wbWrite>
1000075c:	fe042783          	lw	a5,-32(s0)
10000760:	00078593          	mv	a1,a5
10000764:	330017b7          	lui	a5,0x33001
10000768:	01478513          	addi	a0,a5,20 # 33001014 <_fdata_rom+0x23000784>
1000076c:	b51ff0ef          	jal	ra,100002bc <wbWrite>
10000770:	330017b7          	lui	a5,0x33001
10000774:	00878513          	addi	a0,a5,8 # 33001008 <_fdata_rom+0x23000778>
10000778:	badff0ef          	jal	ra,10000324 <wbRead>
1000077c:	00050793          	mv	a5,a0
10000780:	00078463          	beqz	a5,10000788 <main+0x38c>
10000784:	fe0407a3          	sb	zero,-17(s0)
10000788:	fef44783          	lbu	a5,-17(s0)
1000078c:	00078513          	mv	a0,a5
10000790:	bf5ff0ef          	jal	ra,10000384 <nextTest>
10000794:	3f0017b7          	lui	a5,0x3f001
10000798:	01078513          	addi	a0,a5,16 # 3f001010 <_fdata_rom+0x2f000780>
1000079c:	b89ff0ef          	jal	ra,10000324 <wbRead>
100007a0:	00050713          	mv	a4,a0
100007a4:	fd442783          	lw	a5,-44(s0)
100007a8:	1007e793          	ori	a5,a5,256
100007ac:	00f70463          	beq	a4,a5,100007b4 <main+0x3b8>
100007b0:	fe0407a3          	sb	zero,-17(s0)
100007b4:	3f0017b7          	lui	a5,0x3f001
100007b8:	01078513          	addi	a0,a5,16 # 3f001010 <_fdata_rom+0x2f000780>
100007bc:	b69ff0ef          	jal	ra,10000324 <wbRead>
100007c0:	00050713          	mv	a4,a0
100007c4:	fd842783          	lw	a5,-40(s0)
100007c8:	1007e793          	ori	a5,a5,256
100007cc:	00f70463          	beq	a4,a5,100007d4 <main+0x3d8>
100007d0:	fe0407a3          	sb	zero,-17(s0)
100007d4:	3f0017b7          	lui	a5,0x3f001
100007d8:	01078513          	addi	a0,a5,16 # 3f001010 <_fdata_rom+0x2f000780>
100007dc:	b49ff0ef          	jal	ra,10000324 <wbRead>
100007e0:	00050713          	mv	a4,a0
100007e4:	fdc42783          	lw	a5,-36(s0)
100007e8:	1007e793          	ori	a5,a5,256
100007ec:	00f70463          	beq	a4,a5,100007f4 <main+0x3f8>
100007f0:	fe0407a3          	sb	zero,-17(s0)
100007f4:	3f0017b7          	lui	a5,0x3f001
100007f8:	01078513          	addi	a0,a5,16 # 3f001010 <_fdata_rom+0x2f000780>
100007fc:	b29ff0ef          	jal	ra,10000324 <wbRead>
10000800:	00050713          	mv	a4,a0
10000804:	fe042783          	lw	a5,-32(s0)
10000808:	1007e793          	ori	a5,a5,256
1000080c:	00f70463          	beq	a4,a5,10000814 <main+0x418>
10000810:	fe0407a3          	sb	zero,-17(s0)
10000814:	fef44783          	lbu	a5,-17(s0)
10000818:	00078513          	mv	a0,a5
1000081c:	b69ff0ef          	jal	ra,10000384 <nextTest>
10000820:	3f0017b7          	lui	a5,0x3f001
10000824:	01078513          	addi	a0,a5,16 # 3f001010 <_fdata_rom+0x2f000780>
10000828:	afdff0ef          	jal	ra,10000324 <wbRead>
1000082c:	00050793          	mv	a5,a0
10000830:	00078463          	beqz	a5,10000838 <main+0x43c>
10000834:	fe0407a3          	sb	zero,-17(s0)
10000838:	fef44783          	lbu	a5,-17(s0)
1000083c:	00078513          	mv	a0,a5
10000840:	b45ff0ef          	jal	ra,10000384 <nextTest>
10000844:	3f0017b7          	lui	a5,0x3f001
10000848:	00878513          	addi	a0,a5,8 # 3f001008 <_fdata_rom+0x2f000778>
1000084c:	ad9ff0ef          	jal	ra,10000324 <wbRead>
10000850:	00050793          	mv	a5,a0
10000854:	00078463          	beqz	a5,1000085c <main+0x460>
10000858:	fe0407a3          	sb	zero,-17(s0)
1000085c:	fef44783          	lbu	a5,-17(s0)
10000860:	00078513          	mv	a0,a5
10000864:	b21ff0ef          	jal	ra,10000384 <nextTest>
10000868:	00000013          	nop
1000086c:	02c12083          	lw	ra,44(sp)
10000870:	02812403          	lw	s0,40(sp)
10000874:	03010113          	addi	sp,sp,48
10000878:	00008067          	ret
