
video.elf:     file format elf32-littleriscv


Disassembly of section .text:

10000000 <_ftext>:
10000000:	0b00006f          	j	100000b0 <crt_init>
10000004:	00000013          	nop
10000008:	00000013          	nop
1000000c:	00000013          	nop
10000010:	00000013          	nop
10000014:	00000013          	nop
10000018:	00000013          	nop
1000001c:	00000013          	nop

10000020 <trap_entry>:
10000020:	fe112e23          	sw	ra,-4(sp)
10000024:	fe512c23          	sw	t0,-8(sp)
10000028:	fe612a23          	sw	t1,-12(sp)
1000002c:	fe712823          	sw	t2,-16(sp)
10000030:	fea12623          	sw	a0,-20(sp)
10000034:	feb12423          	sw	a1,-24(sp)
10000038:	fec12223          	sw	a2,-28(sp)
1000003c:	fed12023          	sw	a3,-32(sp)
10000040:	fce12e23          	sw	a4,-36(sp)
10000044:	fcf12c23          	sw	a5,-40(sp)
10000048:	fd012a23          	sw	a6,-44(sp)
1000004c:	fd112823          	sw	a7,-48(sp)
10000050:	fdc12623          	sw	t3,-52(sp)
10000054:	fdd12423          	sw	t4,-56(sp)
10000058:	fde12223          	sw	t5,-60(sp)
1000005c:	fdf12023          	sw	t6,-64(sp)
10000060:	fc010113          	addi	sp,sp,-64
10000064:	110000ef          	jal	ra,10000174 <isr>
10000068:	03c12083          	lw	ra,60(sp)
1000006c:	03812283          	lw	t0,56(sp)
10000070:	03412303          	lw	t1,52(sp)
10000074:	03012383          	lw	t2,48(sp)
10000078:	02c12503          	lw	a0,44(sp)
1000007c:	02812583          	lw	a1,40(sp)
10000080:	02412603          	lw	a2,36(sp)
10000084:	02012683          	lw	a3,32(sp)
10000088:	01c12703          	lw	a4,28(sp)
1000008c:	01812783          	lw	a5,24(sp)
10000090:	01412803          	lw	a6,20(sp)
10000094:	01012883          	lw	a7,16(sp)
10000098:	00c12e03          	lw	t3,12(sp)
1000009c:	00812e83          	lw	t4,8(sp)
100000a0:	00412f03          	lw	t5,4(sp)
100000a4:	00012f83          	lw	t6,0(sp)
100000a8:	04010113          	addi	sp,sp,64
100000ac:	30200073          	mret

100000b0 <crt_init>:
100000b0:	60000113          	li	sp,1536
100000b4:	00000517          	auipc	a0,0x0
100000b8:	f6c50513          	addi	a0,a0,-148 # 10000020 <trap_entry>
100000bc:	30551073          	csrw	mtvec,a0

100000c0 <data_init>:
100000c0:	00000513          	li	a0,0
100000c4:	00000593          	li	a1,0
100000c8:	00001617          	auipc	a2,0x1
100000cc:	88060613          	addi	a2,a2,-1920 # 10000948 <_etext>

100000d0 <data_loop>:
100000d0:	00b50c63          	beq	a0,a1,100000e8 <bss_init>
100000d4:	00062683          	lw	a3,0(a2)
100000d8:	00d52023          	sw	a3,0(a0)
100000dc:	00450513          	addi	a0,a0,4
100000e0:	00460613          	addi	a2,a2,4
100000e4:	fedff06f          	j	100000d0 <data_loop>

100000e8 <bss_init>:
100000e8:	00000513          	li	a0,0
100000ec:	00800593          	li	a1,8

100000f0 <bss_loop>:
100000f0:	00b50863          	beq	a0,a1,10000100 <bss_done>
100000f4:	00052023          	sw	zero,0(a0)
100000f8:	00450513          	addi	a0,a0,4
100000fc:	ff5ff06f          	j	100000f0 <bss_loop>

10000100 <bss_done>:
10000100:	00001537          	lui	a0,0x1
10000104:	88050513          	addi	a0,a0,-1920 # 880 <_fstack+0x280>
10000108:	30451073          	csrw	mie,a0
1000010c:	2f0000ef          	jal	ra,100003fc <main>

10000110 <infinit_loop>:
10000110:	0000006f          	j	10000110 <infinit_loop>

10000114 <flush_cpu_icache>:
10000114:	ff010113          	addi	sp,sp,-16
10000118:	00812623          	sw	s0,12(sp)
1000011c:	01010413          	addi	s0,sp,16
10000120:	00000013          	nop
10000124:	00c12403          	lw	s0,12(sp)
10000128:	01010113          	addi	sp,sp,16
1000012c:	00008067          	ret

10000130 <flush_cpu_dcache>:
10000130:	ff010113          	addi	sp,sp,-16
10000134:	00812623          	sw	s0,12(sp)
10000138:	01010413          	addi	s0,sp,16
1000013c:	00000013          	nop
10000140:	00c12403          	lw	s0,12(sp)
10000144:	01010113          	addi	sp,sp,16
10000148:	00008067          	ret

1000014c <irq_setmask>:
1000014c:	fe010113          	addi	sp,sp,-32
10000150:	00812e23          	sw	s0,28(sp)
10000154:	02010413          	addi	s0,sp,32
10000158:	fea42623          	sw	a0,-20(s0)
1000015c:	fec42783          	lw	a5,-20(s0)
10000160:	bc079073          	csrw	0xbc0,a5
10000164:	00000013          	nop
10000168:	01c12403          	lw	s0,28(sp)
1000016c:	02010113          	addi	sp,sp,32
10000170:	00008067          	ret

10000174 <isr>:
10000174:	ff010113          	addi	sp,sp,-16
10000178:	00112623          	sw	ra,12(sp)
1000017c:	00812423          	sw	s0,8(sp)
10000180:	01010413          	addi	s0,sp,16
10000184:	00000513          	li	a0,0
10000188:	fc5ff0ef          	jal	ra,1000014c <irq_setmask>
1000018c:	f00037b7          	lui	a5,0xf0003
10000190:	03878793          	addi	a5,a5,56 # f0003038 <_etext+0xe00026f0>
10000194:	00a00713          	li	a4,10
10000198:	00e7a023          	sw	a4,0(a5)
1000019c:	f00037b7          	lui	a5,0xf0003
100001a0:	03c78793          	addi	a5,a5,60 # f000303c <_etext+0xe00026f4>
100001a4:	00020737          	lui	a4,0x20
100001a8:	00e7a023          	sw	a4,0(a5)
100001ac:	00100713          	li	a4,1
100001b0:	00e01023          	sh	a4,0(zero) # 0 <flag>
100001b4:	00000013          	nop
100001b8:	00c12083          	lw	ra,12(sp)
100001bc:	00812403          	lw	s0,8(sp)
100001c0:	01010113          	addi	sp,sp,16
100001c4:	00008067          	ret

100001c8 <flush_cpu_icache>:
100001c8:	ff010113          	addi	sp,sp,-16
100001cc:	00812623          	sw	s0,12(sp)
100001d0:	01010413          	addi	s0,sp,16
100001d4:	00000013          	nop
100001d8:	00c12403          	lw	s0,12(sp)
100001dc:	01010113          	addi	sp,sp,16
100001e0:	00008067          	ret

100001e4 <flush_cpu_dcache>:
100001e4:	ff010113          	addi	sp,sp,-16
100001e8:	00812623          	sw	s0,12(sp)
100001ec:	01010413          	addi	s0,sp,16
100001f0:	00000013          	nop
100001f4:	00c12403          	lw	s0,12(sp)
100001f8:	01010113          	addi	sp,sp,16
100001fc:	00008067          	ret

10000200 <putchar>:
10000200:	fe010113          	addi	sp,sp,-32
10000204:	00112e23          	sw	ra,28(sp)
10000208:	00812c23          	sw	s0,24(sp)
1000020c:	02010413          	addi	s0,sp,32
10000210:	00050793          	mv	a5,a0
10000214:	fef407a3          	sb	a5,-17(s0)
10000218:	fef44703          	lbu	a4,-17(s0)
1000021c:	00a00793          	li	a5,10
10000220:	00f71663          	bne	a4,a5,1000022c <putchar+0x2c>
10000224:	00d00513          	li	a0,13
10000228:	fd9ff0ef          	jal	ra,10000200 <putchar>
1000022c:	00000013          	nop
10000230:	f00067b7          	lui	a5,0xf0006
10000234:	80478793          	addi	a5,a5,-2044 # f0005804 <_etext+0xe0004ebc>
10000238:	0007a703          	lw	a4,0(a5)
1000023c:	00100793          	li	a5,1
10000240:	fef708e3          	beq	a4,a5,10000230 <putchar+0x30>
10000244:	f00067b7          	lui	a5,0xf0006
10000248:	80078793          	addi	a5,a5,-2048 # f0005800 <_etext+0xe0004eb8>
1000024c:	fef44703          	lbu	a4,-17(s0)
10000250:	00e7a023          	sw	a4,0(a5)
10000254:	00000013          	nop
10000258:	01c12083          	lw	ra,28(sp)
1000025c:	01812403          	lw	s0,24(sp)
10000260:	02010113          	addi	sp,sp,32
10000264:	00008067          	ret

10000268 <print>:
10000268:	fe010113          	addi	sp,sp,-32
1000026c:	00112e23          	sw	ra,28(sp)
10000270:	00812c23          	sw	s0,24(sp)
10000274:	02010413          	addi	s0,sp,32
10000278:	fea42623          	sw	a0,-20(s0)
1000027c:	01c0006f          	j	10000298 <print+0x30>
10000280:	fec42783          	lw	a5,-20(s0)
10000284:	00178713          	addi	a4,a5,1
10000288:	fee42623          	sw	a4,-20(s0)
1000028c:	0007c783          	lbu	a5,0(a5)
10000290:	00078513          	mv	a0,a5
10000294:	f6dff0ef          	jal	ra,10000200 <putchar>
10000298:	fec42783          	lw	a5,-20(s0)
1000029c:	0007c783          	lbu	a5,0(a5)
100002a0:	fe0790e3          	bnez	a5,10000280 <print+0x18>
100002a4:	00000013          	nop
100002a8:	00000013          	nop
100002ac:	01c12083          	lw	ra,28(sp)
100002b0:	01812403          	lw	s0,24(sp)
100002b4:	02010113          	addi	sp,sp,32
100002b8:	00008067          	ret

100002bc <wbWrite>:
100002bc:	fd010113          	addi	sp,sp,-48
100002c0:	02812623          	sw	s0,44(sp)
100002c4:	03010413          	addi	s0,sp,48
100002c8:	fca42e23          	sw	a0,-36(s0)
100002cc:	fcb42c23          	sw	a1,-40(s0)
100002d0:	fdc42783          	lw	a5,-36(s0)
100002d4:	fef42623          	sw	a5,-20(s0)
100002d8:	300007b7          	lui	a5,0x30000
100002dc:	fec42683          	lw	a3,-20(s0)
100002e0:	ffff8737          	lui	a4,0xffff8
100002e4:	00e6f733          	and	a4,a3,a4
100002e8:	00e7a023          	sw	a4,0(a5) # 30000000 <_etext+0x1ffff6b8>
100002ec:	fec42703          	lw	a4,-20(s0)
100002f0:	000107b7          	lui	a5,0x10
100002f4:	fff78793          	addi	a5,a5,-1 # ffff <_fstack+0xf9ff>
100002f8:	00f77733          	and	a4,a4,a5
100002fc:	300087b7          	lui	a5,0x30008
10000300:	00f767b3          	or	a5,a4,a5
10000304:	fef42423          	sw	a5,-24(s0)
10000308:	fe842783          	lw	a5,-24(s0)
1000030c:	fd842703          	lw	a4,-40(s0)
10000310:	00e7a023          	sw	a4,0(a5) # 30008000 <_etext+0x200076b8>
10000314:	00000013          	nop
10000318:	02c12403          	lw	s0,44(sp)
1000031c:	03010113          	addi	sp,sp,48
10000320:	00008067          	ret

10000324 <wbRead>:
10000324:	fd010113          	addi	sp,sp,-48
10000328:	02812623          	sw	s0,44(sp)
1000032c:	03010413          	addi	s0,sp,48
10000330:	fca42e23          	sw	a0,-36(s0)
10000334:	fdc42783          	lw	a5,-36(s0)
10000338:	fef42623          	sw	a5,-20(s0)
1000033c:	300007b7          	lui	a5,0x30000
10000340:	fec42683          	lw	a3,-20(s0)
10000344:	ffff8737          	lui	a4,0xffff8
10000348:	00e6f733          	and	a4,a3,a4
1000034c:	00e7a023          	sw	a4,0(a5) # 30000000 <_etext+0x1ffff6b8>
10000350:	fec42703          	lw	a4,-20(s0)
10000354:	000107b7          	lui	a5,0x10
10000358:	fff78793          	addi	a5,a5,-1 # ffff <_fstack+0xf9ff>
1000035c:	00f77733          	and	a4,a4,a5
10000360:	300087b7          	lui	a5,0x30008
10000364:	00f767b3          	or	a5,a4,a5
10000368:	fef42423          	sw	a5,-24(s0)
1000036c:	fe842783          	lw	a5,-24(s0)
10000370:	0007a783          	lw	a5,0(a5) # 30008000 <_etext+0x200076b8>
10000374:	00078513          	mv	a0,a5
10000378:	02c12403          	lw	s0,44(sp)
1000037c:	03010113          	addi	sp,sp,48
10000380:	00008067          	ret

10000384 <nextTest>:
10000384:	fe010113          	addi	sp,sp,-32
10000388:	00112e23          	sw	ra,28(sp)
1000038c:	00812c23          	sw	s0,24(sp)
10000390:	02010413          	addi	s0,sp,32
10000394:	00050793          	mv	a5,a0
10000398:	fef407a3          	sb	a5,-17(s0)
1000039c:	fef44783          	lbu	a5,-17(s0)
100003a0:	00078c63          	beqz	a5,100003b8 <nextTest+0x34>
100003a4:	000035b7          	lui	a1,0x3
100003a8:	330317b7          	lui	a5,0x33031
100003ac:	01478513          	addi	a0,a5,20 # 33031014 <_etext+0x230306cc>
100003b0:	f0dff0ef          	jal	ra,100002bc <wbWrite>
100003b4:	0240006f          	j	100003d8 <nextTest+0x54>
100003b8:	000015b7          	lui	a1,0x1
100003bc:	330317b7          	lui	a5,0x33031
100003c0:	01878513          	addi	a0,a5,24 # 33031018 <_etext+0x230306d0>
100003c4:	ef9ff0ef          	jal	ra,100002bc <wbWrite>
100003c8:	000025b7          	lui	a1,0x2
100003cc:	330317b7          	lui	a5,0x33031
100003d0:	01478513          	addi	a0,a5,20 # 33031014 <_etext+0x230306cc>
100003d4:	ee9ff0ef          	jal	ra,100002bc <wbWrite>
100003d8:	000025b7          	lui	a1,0x2
100003dc:	330317b7          	lui	a5,0x33031
100003e0:	01878513          	addi	a0,a5,24 # 33031018 <_etext+0x230306d0>
100003e4:	ed9ff0ef          	jal	ra,100002bc <wbWrite>
100003e8:	00000013          	nop
100003ec:	01c12083          	lw	ra,28(sp)
100003f0:	01812403          	lw	s0,24(sp)
100003f4:	02010113          	addi	sp,sp,32
100003f8:	00008067          	ret

100003fc <main>:
100003fc:	fa010113          	addi	sp,sp,-96
10000400:	04112e23          	sw	ra,92(sp)
10000404:	04812c23          	sw	s0,88(sp)
10000408:	06010413          	addi	s0,sp,96
1000040c:	f00047b7          	lui	a5,0xf0004
10000410:	80078793          	addi	a5,a5,-2048 # f0003800 <_etext+0xe0002eb8>
10000414:	00100713          	li	a4,1
10000418:	00e7a023          	sw	a4,0(a5)
1000041c:	260007b7          	lui	a5,0x26000
10000420:	05478793          	addi	a5,a5,84 # 26000054 <_etext+0x15fff70c>
10000424:	00002737          	lui	a4,0x2
10000428:	80870713          	addi	a4,a4,-2040 # 1808 <_fstack+0x1208>
1000042c:	00e7a023          	sw	a4,0(a5)
10000430:	260007b7          	lui	a5,0x26000
10000434:	05878793          	addi	a5,a5,88 # 26000058 <_etext+0x15fff710>
10000438:	00002737          	lui	a4,0x2
1000043c:	80870713          	addi	a4,a4,-2040 # 1808 <_fstack+0x1208>
10000440:	00e7a023          	sw	a4,0(a5)
10000444:	260007b7          	lui	a5,0x26000
10000448:	09c78793          	addi	a5,a5,156 # 2600009c <_etext+0x15fff754>
1000044c:	00002737          	lui	a4,0x2
10000450:	80870713          	addi	a4,a4,-2040 # 1808 <_fstack+0x1208>
10000454:	00e7a023          	sw	a4,0(a5)
10000458:	260007b7          	lui	a5,0x26000
1000045c:	0a078793          	addi	a5,a5,160 # 260000a0 <_etext+0x15fff758>
10000460:	00002737          	lui	a4,0x2
10000464:	80870713          	addi	a4,a4,-2040 # 1808 <_fstack+0x1208>
10000468:	00e7a023          	sw	a4,0(a5)
1000046c:	260007b7          	lui	a5,0x26000
10000470:	0a478793          	addi	a5,a5,164 # 260000a4 <_etext+0x15fff75c>
10000474:	00002737          	lui	a4,0x2
10000478:	80870713          	addi	a4,a4,-2040 # 1808 <_fstack+0x1208>
1000047c:	00e7a023          	sw	a4,0(a5)
10000480:	260007b7          	lui	a5,0x26000
10000484:	0a878793          	addi	a5,a5,168 # 260000a8 <_etext+0x15fff760>
10000488:	00002737          	lui	a4,0x2
1000048c:	80870713          	addi	a4,a4,-2040 # 1808 <_fstack+0x1208>
10000490:	00e7a023          	sw	a4,0(a5)
10000494:	260007b7          	lui	a5,0x26000
10000498:	0ac78793          	addi	a5,a5,172 # 260000ac <_etext+0x15fff764>
1000049c:	00002737          	lui	a4,0x2
100004a0:	80870713          	addi	a4,a4,-2040 # 1808 <_fstack+0x1208>
100004a4:	00e7a023          	sw	a4,0(a5)
100004a8:	260007b7          	lui	a5,0x26000
100004ac:	0b078793          	addi	a5,a5,176 # 260000b0 <_etext+0x15fff768>
100004b0:	00002737          	lui	a4,0x2
100004b4:	80870713          	addi	a4,a4,-2040 # 1808 <_fstack+0x1208>
100004b8:	00e7a023          	sw	a4,0(a5)
100004bc:	260007b7          	lui	a5,0x26000
100004c0:	0b478793          	addi	a5,a5,180 # 260000b4 <_etext+0x15fff76c>
100004c4:	00002737          	lui	a4,0x2
100004c8:	80870713          	addi	a4,a4,-2040 # 1808 <_fstack+0x1208>
100004cc:	00e7a023          	sw	a4,0(a5)
100004d0:	260007b7          	lui	a5,0x26000
100004d4:	0b878793          	addi	a5,a5,184 # 260000b8 <_etext+0x15fff770>
100004d8:	00002737          	lui	a4,0x2
100004dc:	80870713          	addi	a4,a4,-2040 # 1808 <_fstack+0x1208>
100004e0:	00e7a023          	sw	a4,0(a5)
100004e4:	260007b7          	lui	a5,0x26000
100004e8:	00100713          	li	a4,1
100004ec:	00e7a023          	sw	a4,0(a5) # 26000000 <_etext+0x15fff6b8>
100004f0:	00000013          	nop
100004f4:	260007b7          	lui	a5,0x26000
100004f8:	0007a703          	lw	a4,0(a5) # 26000000 <_etext+0x15fff6b8>
100004fc:	00100793          	li	a5,1
10000500:	fef70ae3          	beq	a4,a5,100004f4 <main+0xf8>
10000504:	00100793          	li	a5,1
10000508:	fef407a3          	sb	a5,-17(s0)
1000050c:	000015b7          	lui	a1,0x1
10000510:	330317b7          	lui	a5,0x33031
10000514:	01078513          	addi	a0,a5,16 # 33031010 <_etext+0x230306c8>
10000518:	da5ff0ef          	jal	ra,100002bc <wbWrite>
1000051c:	ffffd7b7          	lui	a5,0xffffd
10000520:	fff78593          	addi	a1,a5,-1 # ffffcfff <_etext+0xefffc6b7>
10000524:	33031537          	lui	a0,0x33031
10000528:	d95ff0ef          	jal	ra,100002bc <wbWrite>
1000052c:	3f0037b7          	lui	a5,0x3f003
10000530:	33078793          	addi	a5,a5,816 # 3f003330 <_etext+0x2f0029e8>
10000534:	fef42023          	sw	a5,-32(s0)
10000538:	3f03d7b7          	lui	a5,0x3f03d
1000053c:	ccf78793          	addi	a5,a5,-817 # 3f03cccf <_etext+0x2f03c387>
10000540:	fcf42e23          	sw	a5,-36(s0)
10000544:	3f7a17b7          	lui	a5,0x3f7a1
10000548:	63778793          	addi	a5,a5,1591 # 3f7a1637 <_etext+0x2f7a0cef>
1000054c:	fcf42c23          	sw	a5,-40(s0)
10000550:	150447b7          	lui	a5,0x15044
10000554:	40078793          	addi	a5,a5,1024 # 15044400 <_etext+0x5043ab8>
10000558:	fcf42a23          	sw	a5,-44(s0)
1000055c:	fe042583          	lw	a1,-32(s0)
10000560:	32000537          	lui	a0,0x32000
10000564:	d59ff0ef          	jal	ra,100002bc <wbWrite>
10000568:	fdc42583          	lw	a1,-36(s0)
1000056c:	320007b7          	lui	a5,0x32000
10000570:	00478513          	addi	a0,a5,4 # 32000004 <_etext+0x21fff6bc>
10000574:	d49ff0ef          	jal	ra,100002bc <wbWrite>
10000578:	fd842583          	lw	a1,-40(s0)
1000057c:	320007b7          	lui	a5,0x32000
10000580:	00878513          	addi	a0,a5,8 # 32000008 <_etext+0x21fff6c0>
10000584:	d39ff0ef          	jal	ra,100002bc <wbWrite>
10000588:	fd442583          	lw	a1,-44(s0)
1000058c:	320007b7          	lui	a5,0x32000
10000590:	00c78513          	addi	a0,a5,12 # 3200000c <_etext+0x21fff6c4>
10000594:	d29ff0ef          	jal	ra,100002bc <wbWrite>
10000598:	fe042583          	lw	a1,-32(s0)
1000059c:	320007b7          	lui	a5,0x32000
100005a0:	04078513          	addi	a0,a5,64 # 32000040 <_etext+0x21fff6f8>
100005a4:	d19ff0ef          	jal	ra,100002bc <wbWrite>
100005a8:	fdc42583          	lw	a1,-36(s0)
100005ac:	320007b7          	lui	a5,0x32000
100005b0:	04478513          	addi	a0,a5,68 # 32000044 <_etext+0x21fff6fc>
100005b4:	d09ff0ef          	jal	ra,100002bc <wbWrite>
100005b8:	fd842583          	lw	a1,-40(s0)
100005bc:	320007b7          	lui	a5,0x32000
100005c0:	04878513          	addi	a0,a5,72 # 32000048 <_etext+0x21fff700>
100005c4:	cf9ff0ef          	jal	ra,100002bc <wbWrite>
100005c8:	fd442583          	lw	a1,-44(s0)
100005cc:	320007b7          	lui	a5,0x32000
100005d0:	04c78513          	addi	a0,a5,76 # 3200004c <_etext+0x21fff704>
100005d4:	ce9ff0ef          	jal	ra,100002bc <wbWrite>
100005d8:	fe042583          	lw	a1,-32(s0)
100005dc:	320007b7          	lui	a5,0x32000
100005e0:	05078513          	addi	a0,a5,80 # 32000050 <_etext+0x21fff708>
100005e4:	cd9ff0ef          	jal	ra,100002bc <wbWrite>
100005e8:	32000537          	lui	a0,0x32000
100005ec:	d39ff0ef          	jal	ra,10000324 <wbRead>
100005f0:	00050713          	mv	a4,a0
100005f4:	fe042783          	lw	a5,-32(s0)
100005f8:	00e78463          	beq	a5,a4,10000600 <main+0x204>
100005fc:	fe0407a3          	sb	zero,-17(s0)
10000600:	320007b7          	lui	a5,0x32000
10000604:	00478513          	addi	a0,a5,4 # 32000004 <_etext+0x21fff6bc>
10000608:	d1dff0ef          	jal	ra,10000324 <wbRead>
1000060c:	00050713          	mv	a4,a0
10000610:	fdc42783          	lw	a5,-36(s0)
10000614:	00e78463          	beq	a5,a4,1000061c <main+0x220>
10000618:	fe0407a3          	sb	zero,-17(s0)
1000061c:	320007b7          	lui	a5,0x32000
10000620:	00878513          	addi	a0,a5,8 # 32000008 <_etext+0x21fff6c0>
10000624:	d01ff0ef          	jal	ra,10000324 <wbRead>
10000628:	00050713          	mv	a4,a0
1000062c:	fd842783          	lw	a5,-40(s0)
10000630:	00e78463          	beq	a5,a4,10000638 <main+0x23c>
10000634:	fe0407a3          	sb	zero,-17(s0)
10000638:	320007b7          	lui	a5,0x32000
1000063c:	00c78513          	addi	a0,a5,12 # 3200000c <_etext+0x21fff6c4>
10000640:	ce5ff0ef          	jal	ra,10000324 <wbRead>
10000644:	00050713          	mv	a4,a0
10000648:	fd442783          	lw	a5,-44(s0)
1000064c:	00e78463          	beq	a5,a4,10000654 <main+0x258>
10000650:	fe0407a3          	sb	zero,-17(s0)
10000654:	fef44783          	lbu	a5,-17(s0)
10000658:	00078513          	mv	a0,a5
1000065c:	d29ff0ef          	jal	ra,10000384 <nextTest>
10000660:	06300793          	li	a5,99
10000664:	fcf42823          	sw	a5,-48(s0)
10000668:	fd042583          	lw	a1,-48(s0)
1000066c:	328007b7          	lui	a5,0x32800
10000670:	01078513          	addi	a0,a5,16 # 32800010 <_etext+0x227ff6c8>
10000674:	c49ff0ef          	jal	ra,100002bc <wbWrite>
10000678:	328007b7          	lui	a5,0x32800
1000067c:	01078513          	addi	a0,a5,16 # 32800010 <_etext+0x227ff6c8>
10000680:	ca5ff0ef          	jal	ra,10000324 <wbRead>
10000684:	00050713          	mv	a4,a0
10000688:	fd042783          	lw	a5,-48(s0)
1000068c:	00e78463          	beq	a5,a4,10000694 <main+0x298>
10000690:	fe0407a3          	sb	zero,-17(s0)
10000694:	fef44783          	lbu	a5,-17(s0)
10000698:	00078513          	mv	a0,a5
1000069c:	ce9ff0ef          	jal	ra,10000384 <nextTest>
100006a0:	06800793          	li	a5,104
100006a4:	fcf42623          	sw	a5,-52(s0)
100006a8:	fcc42583          	lw	a1,-52(s0)
100006ac:	328007b7          	lui	a5,0x32800
100006b0:	01478513          	addi	a0,a5,20 # 32800014 <_etext+0x227ff6cc>
100006b4:	c09ff0ef          	jal	ra,100002bc <wbWrite>
100006b8:	328007b7          	lui	a5,0x32800
100006bc:	01478513          	addi	a0,a5,20 # 32800014 <_etext+0x227ff6cc>
100006c0:	c65ff0ef          	jal	ra,10000324 <wbRead>
100006c4:	00050713          	mv	a4,a0
100006c8:	fcc42783          	lw	a5,-52(s0)
100006cc:	00e78463          	beq	a5,a4,100006d4 <main+0x2d8>
100006d0:	fe0407a3          	sb	zero,-17(s0)
100006d4:	fef44783          	lbu	a5,-17(s0)
100006d8:	00078513          	mv	a0,a5
100006dc:	ca9ff0ef          	jal	ra,10000384 <nextTest>
100006e0:	07800793          	li	a5,120
100006e4:	fcf42423          	sw	a5,-56(s0)
100006e8:	fc842583          	lw	a1,-56(s0)
100006ec:	328007b7          	lui	a5,0x32800
100006f0:	01878513          	addi	a0,a5,24 # 32800018 <_etext+0x227ff6d0>
100006f4:	bc9ff0ef          	jal	ra,100002bc <wbWrite>
100006f8:	328007b7          	lui	a5,0x32800
100006fc:	01878513          	addi	a0,a5,24 # 32800018 <_etext+0x227ff6d0>
10000700:	c25ff0ef          	jal	ra,10000324 <wbRead>
10000704:	00050713          	mv	a4,a0
10000708:	fc842783          	lw	a5,-56(s0)
1000070c:	00e78463          	beq	a5,a4,10000714 <main+0x318>
10000710:	fe0407a3          	sb	zero,-17(s0)
10000714:	fef44783          	lbu	a5,-17(s0)
10000718:	00078513          	mv	a0,a5
1000071c:	c69ff0ef          	jal	ra,10000384 <nextTest>
10000720:	08300793          	li	a5,131
10000724:	fcf42223          	sw	a5,-60(s0)
10000728:	fc442583          	lw	a1,-60(s0)
1000072c:	328007b7          	lui	a5,0x32800
10000730:	01c78513          	addi	a0,a5,28 # 3280001c <_etext+0x227ff6d4>
10000734:	b89ff0ef          	jal	ra,100002bc <wbWrite>
10000738:	328007b7          	lui	a5,0x32800
1000073c:	01c78513          	addi	a0,a5,28 # 3280001c <_etext+0x227ff6d4>
10000740:	be5ff0ef          	jal	ra,10000324 <wbRead>
10000744:	00050713          	mv	a4,a0
10000748:	fc442783          	lw	a5,-60(s0)
1000074c:	00e78463          	beq	a5,a4,10000754 <main+0x358>
10000750:	fe0407a3          	sb	zero,-17(s0)
10000754:	fef44783          	lbu	a5,-17(s0)
10000758:	00078513          	mv	a0,a5
1000075c:	c29ff0ef          	jal	ra,10000384 <nextTest>
10000760:	25700793          	li	a5,599
10000764:	fcf42023          	sw	a5,-64(s0)
10000768:	fc042583          	lw	a1,-64(s0)
1000076c:	328007b7          	lui	a5,0x32800
10000770:	02078513          	addi	a0,a5,32 # 32800020 <_etext+0x227ff6d8>
10000774:	b49ff0ef          	jal	ra,100002bc <wbWrite>
10000778:	328007b7          	lui	a5,0x32800
1000077c:	02078513          	addi	a0,a5,32 # 32800020 <_etext+0x227ff6d8>
10000780:	ba5ff0ef          	jal	ra,10000324 <wbRead>
10000784:	00050713          	mv	a4,a0
10000788:	fc042783          	lw	a5,-64(s0)
1000078c:	00e78463          	beq	a5,a4,10000794 <main+0x398>
10000790:	fe0407a3          	sb	zero,-17(s0)
10000794:	fef44783          	lbu	a5,-17(s0)
10000798:	00078513          	mv	a0,a5
1000079c:	be9ff0ef          	jal	ra,10000384 <nextTest>
100007a0:	25800793          	li	a5,600
100007a4:	faf42e23          	sw	a5,-68(s0)
100007a8:	fbc42583          	lw	a1,-68(s0)
100007ac:	328007b7          	lui	a5,0x32800
100007b0:	02478513          	addi	a0,a5,36 # 32800024 <_etext+0x227ff6dc>
100007b4:	b09ff0ef          	jal	ra,100002bc <wbWrite>
100007b8:	328007b7          	lui	a5,0x32800
100007bc:	02478513          	addi	a0,a5,36 # 32800024 <_etext+0x227ff6dc>
100007c0:	b65ff0ef          	jal	ra,10000324 <wbRead>
100007c4:	00050713          	mv	a4,a0
100007c8:	fbc42783          	lw	a5,-68(s0)
100007cc:	00e78463          	beq	a5,a4,100007d4 <main+0x3d8>
100007d0:	fe0407a3          	sb	zero,-17(s0)
100007d4:	fef44783          	lbu	a5,-17(s0)
100007d8:	00078513          	mv	a0,a5
100007dc:	ba9ff0ef          	jal	ra,10000384 <nextTest>
100007e0:	25c00793          	li	a5,604
100007e4:	faf42c23          	sw	a5,-72(s0)
100007e8:	fb842583          	lw	a1,-72(s0)
100007ec:	328007b7          	lui	a5,0x32800
100007f0:	02878513          	addi	a0,a5,40 # 32800028 <_etext+0x227ff6e0>
100007f4:	ac9ff0ef          	jal	ra,100002bc <wbWrite>
100007f8:	328007b7          	lui	a5,0x32800
100007fc:	02878513          	addi	a0,a5,40 # 32800028 <_etext+0x227ff6e0>
10000800:	b25ff0ef          	jal	ra,10000324 <wbRead>
10000804:	00050713          	mv	a4,a0
10000808:	fb842783          	lw	a5,-72(s0)
1000080c:	00e78463          	beq	a5,a4,10000814 <main+0x418>
10000810:	fe0407a3          	sb	zero,-17(s0)
10000814:	fef44783          	lbu	a5,-17(s0)
10000818:	00078513          	mv	a0,a5
1000081c:	b69ff0ef          	jal	ra,10000384 <nextTest>
10000820:	27300793          	li	a5,627
10000824:	faf42a23          	sw	a5,-76(s0)
10000828:	fb442583          	lw	a1,-76(s0)
1000082c:	328007b7          	lui	a5,0x32800
10000830:	02c78513          	addi	a0,a5,44 # 3280002c <_etext+0x227ff6e4>
10000834:	a89ff0ef          	jal	ra,100002bc <wbWrite>
10000838:	328007b7          	lui	a5,0x32800
1000083c:	02c78513          	addi	a0,a5,44 # 3280002c <_etext+0x227ff6e4>
10000840:	ae5ff0ef          	jal	ra,10000324 <wbRead>
10000844:	00050713          	mv	a4,a0
10000848:	fb442783          	lw	a5,-76(s0)
1000084c:	00e78463          	beq	a5,a4,10000854 <main+0x458>
10000850:	fe0407a3          	sb	zero,-17(s0)
10000854:	fef44783          	lbu	a5,-17(s0)
10000858:	00078513          	mv	a0,a5
1000085c:	b29ff0ef          	jal	ra,10000384 <nextTest>
10000860:	4aa00793          	li	a5,1194
10000864:	faf42823          	sw	a5,-80(s0)
10000868:	fb042583          	lw	a1,-80(s0)
1000086c:	32800537          	lui	a0,0x32800
10000870:	a4dff0ef          	jal	ra,100002bc <wbWrite>
10000874:	32800537          	lui	a0,0x32800
10000878:	aadff0ef          	jal	ra,10000324 <wbRead>
1000087c:	00050713          	mv	a4,a0
10000880:	fb042783          	lw	a5,-80(s0)
10000884:	00e78463          	beq	a5,a4,1000088c <main+0x490>
10000888:	fe0407a3          	sb	zero,-17(s0)
1000088c:	fef44783          	lbu	a5,-17(s0)
10000890:	00078513          	mv	a0,a5
10000894:	af1ff0ef          	jal	ra,10000384 <nextTest>
10000898:	fe042423          	sw	zero,-24(s0)
1000089c:	01c0006f          	j	100008b8 <main+0x4bc>
100008a0:	328007b7          	lui	a5,0x32800
100008a4:	03078513          	addi	a0,a5,48 # 32800030 <_etext+0x227ff6e8>
100008a8:	a7dff0ef          	jal	ra,10000324 <wbRead>
100008ac:	fe842783          	lw	a5,-24(s0)
100008b0:	00178793          	addi	a5,a5,1
100008b4:	fef42423          	sw	a5,-24(s0)
100008b8:	fe842703          	lw	a4,-24(s0)
100008bc:	01700793          	li	a5,23
100008c0:	fee7f0e3          	bgeu	a5,a4,100008a0 <main+0x4a4>
100008c4:	5aa00793          	li	a5,1450
100008c8:	faf42623          	sw	a5,-84(s0)
100008cc:	fac42583          	lw	a1,-84(s0)
100008d0:	32800537          	lui	a0,0x32800
100008d4:	9e9ff0ef          	jal	ra,100002bc <wbWrite>
100008d8:	32800537          	lui	a0,0x32800
100008dc:	a49ff0ef          	jal	ra,10000324 <wbRead>
100008e0:	00050713          	mv	a4,a0
100008e4:	fac42783          	lw	a5,-84(s0)
100008e8:	00e78463          	beq	a5,a4,100008f0 <main+0x4f4>
100008ec:	fe0407a3          	sb	zero,-17(s0)
100008f0:	fef44783          	lbu	a5,-17(s0)
100008f4:	00078513          	mv	a0,a5
100008f8:	a8dff0ef          	jal	ra,10000384 <nextTest>
100008fc:	fe042223          	sw	zero,-28(s0)
10000900:	01c0006f          	j	1000091c <main+0x520>
10000904:	328007b7          	lui	a5,0x32800
10000908:	03078513          	addi	a0,a5,48 # 32800030 <_etext+0x227ff6e8>
1000090c:	a19ff0ef          	jal	ra,10000324 <wbRead>
10000910:	fe442783          	lw	a5,-28(s0)
10000914:	00178793          	addi	a5,a5,1
10000918:	fef42223          	sw	a5,-28(s0)
1000091c:	fe442703          	lw	a4,-28(s0)
10000920:	01700793          	li	a5,23
10000924:	fee7f0e3          	bgeu	a5,a4,10000904 <main+0x508>
10000928:	fef44783          	lbu	a5,-17(s0)
1000092c:	00078513          	mv	a0,a5
10000930:	a55ff0ef          	jal	ra,10000384 <nextTest>
10000934:	00000013          	nop
10000938:	05c12083          	lw	ra,92(sp)
1000093c:	05812403          	lw	s0,88(sp)
10000940:	06010113          	addi	sp,sp,96
10000944:	00008067          	ret
