
flash.elf:     file format elf32-littleriscv


Disassembly of section .text:

10000000 <_ftext>:
10000000:	0b00006f          	j	100000b0 <crt_init>
10000004:	00000013          	nop
10000008:	00000013          	nop
1000000c:	00000013          	nop
10000010:	00000013          	nop
10000014:	00000013          	nop
10000018:	00000013          	nop
1000001c:	00000013          	nop

10000020 <trap_entry>:
10000020:	fe112e23          	sw	ra,-4(sp)
10000024:	fe512c23          	sw	t0,-8(sp)
10000028:	fe612a23          	sw	t1,-12(sp)
1000002c:	fe712823          	sw	t2,-16(sp)
10000030:	fea12623          	sw	a0,-20(sp)
10000034:	feb12423          	sw	a1,-24(sp)
10000038:	fec12223          	sw	a2,-28(sp)
1000003c:	fed12023          	sw	a3,-32(sp)
10000040:	fce12e23          	sw	a4,-36(sp)
10000044:	fcf12c23          	sw	a5,-40(sp)
10000048:	fd012a23          	sw	a6,-44(sp)
1000004c:	fd112823          	sw	a7,-48(sp)
10000050:	fdc12623          	sw	t3,-52(sp)
10000054:	fdd12423          	sw	t4,-56(sp)
10000058:	fde12223          	sw	t5,-60(sp)
1000005c:	fdf12023          	sw	t6,-64(sp)
10000060:	fc010113          	addi	sp,sp,-64
10000064:	110000ef          	jal	ra,10000174 <isr>
10000068:	03c12083          	lw	ra,60(sp)
1000006c:	03812283          	lw	t0,56(sp)
10000070:	03412303          	lw	t1,52(sp)
10000074:	03012383          	lw	t2,48(sp)
10000078:	02c12503          	lw	a0,44(sp)
1000007c:	02812583          	lw	a1,40(sp)
10000080:	02412603          	lw	a2,36(sp)
10000084:	02012683          	lw	a3,32(sp)
10000088:	01c12703          	lw	a4,28(sp)
1000008c:	01812783          	lw	a5,24(sp)
10000090:	01412803          	lw	a6,20(sp)
10000094:	01012883          	lw	a7,16(sp)
10000098:	00c12e03          	lw	t3,12(sp)
1000009c:	00812e83          	lw	t4,8(sp)
100000a0:	00412f03          	lw	t5,4(sp)
100000a4:	00012f83          	lw	t6,0(sp)
100000a8:	04010113          	addi	sp,sp,64
100000ac:	30200073          	mret

100000b0 <crt_init>:
100000b0:	60000113          	li	sp,1536
100000b4:	00000517          	auipc	a0,0x0
100000b8:	f6c50513          	addi	a0,a0,-148 # 10000020 <trap_entry>
100000bc:	30551073          	csrw	mtvec,a0

100000c0 <data_init>:
100000c0:	00000513          	li	a0,0
100000c4:	00000593          	li	a1,0
100000c8:	00000617          	auipc	a2,0x0
100000cc:	6c060613          	addi	a2,a2,1728 # 10000788 <_erodata>

100000d0 <data_loop>:
100000d0:	00b50c63          	beq	a0,a1,100000e8 <bss_init>
100000d4:	00062683          	lw	a3,0(a2)
100000d8:	00d52023          	sw	a3,0(a0)
100000dc:	00450513          	addi	a0,a0,4
100000e0:	00460613          	addi	a2,a2,4
100000e4:	fedff06f          	j	100000d0 <data_loop>

100000e8 <bss_init>:
100000e8:	00000513          	li	a0,0
100000ec:	00800593          	li	a1,8

100000f0 <bss_loop>:
100000f0:	00b50863          	beq	a0,a1,10000100 <bss_done>
100000f4:	00052023          	sw	zero,0(a0)
100000f8:	00450513          	addi	a0,a0,4
100000fc:	ff5ff06f          	j	100000f0 <bss_loop>

10000100 <bss_done>:
10000100:	00001537          	lui	a0,0x1
10000104:	88050513          	addi	a0,a0,-1920 # 880 <_fstack+0x280>
10000108:	30451073          	csrw	mie,a0
1000010c:	2f0000ef          	jal	ra,100003fc <main>

10000110 <infinit_loop>:
10000110:	0000006f          	j	10000110 <infinit_loop>

10000114 <flush_cpu_icache>:
10000114:	ff010113          	addi	sp,sp,-16
10000118:	00812623          	sw	s0,12(sp)
1000011c:	01010413          	addi	s0,sp,16
10000120:	00000013          	nop
10000124:	00c12403          	lw	s0,12(sp)
10000128:	01010113          	addi	sp,sp,16
1000012c:	00008067          	ret

10000130 <flush_cpu_dcache>:
10000130:	ff010113          	addi	sp,sp,-16
10000134:	00812623          	sw	s0,12(sp)
10000138:	01010413          	addi	s0,sp,16
1000013c:	00000013          	nop
10000140:	00c12403          	lw	s0,12(sp)
10000144:	01010113          	addi	sp,sp,16
10000148:	00008067          	ret

1000014c <irq_setmask>:
1000014c:	fe010113          	addi	sp,sp,-32
10000150:	00812e23          	sw	s0,28(sp)
10000154:	02010413          	addi	s0,sp,32
10000158:	fea42623          	sw	a0,-20(s0)
1000015c:	fec42783          	lw	a5,-20(s0)
10000160:	bc079073          	csrw	0xbc0,a5
10000164:	00000013          	nop
10000168:	01c12403          	lw	s0,28(sp)
1000016c:	02010113          	addi	sp,sp,32
10000170:	00008067          	ret

10000174 <isr>:
10000174:	ff010113          	addi	sp,sp,-16
10000178:	00112623          	sw	ra,12(sp)
1000017c:	00812423          	sw	s0,8(sp)
10000180:	01010413          	addi	s0,sp,16
10000184:	00000513          	li	a0,0
10000188:	fc5ff0ef          	jal	ra,1000014c <irq_setmask>
1000018c:	f00037b7          	lui	a5,0xf0003
10000190:	03878793          	addi	a5,a5,56 # f0003038 <_erodata+0xe00028b0>
10000194:	00a00713          	li	a4,10
10000198:	00e7a023          	sw	a4,0(a5)
1000019c:	f00037b7          	lui	a5,0xf0003
100001a0:	03c78793          	addi	a5,a5,60 # f000303c <_erodata+0xe00028b4>
100001a4:	00020737          	lui	a4,0x20
100001a8:	00e7a023          	sw	a4,0(a5)
100001ac:	00100713          	li	a4,1
100001b0:	00e01023          	sh	a4,0(zero) # 0 <flag>
100001b4:	00000013          	nop
100001b8:	00c12083          	lw	ra,12(sp)
100001bc:	00812403          	lw	s0,8(sp)
100001c0:	01010113          	addi	sp,sp,16
100001c4:	00008067          	ret

100001c8 <flush_cpu_icache>:
100001c8:	ff010113          	addi	sp,sp,-16
100001cc:	00812623          	sw	s0,12(sp)
100001d0:	01010413          	addi	s0,sp,16
100001d4:	00000013          	nop
100001d8:	00c12403          	lw	s0,12(sp)
100001dc:	01010113          	addi	sp,sp,16
100001e0:	00008067          	ret

100001e4 <flush_cpu_dcache>:
100001e4:	ff010113          	addi	sp,sp,-16
100001e8:	00812623          	sw	s0,12(sp)
100001ec:	01010413          	addi	s0,sp,16
100001f0:	00000013          	nop
100001f4:	00c12403          	lw	s0,12(sp)
100001f8:	01010113          	addi	sp,sp,16
100001fc:	00008067          	ret

10000200 <putchar>:
10000200:	fe010113          	addi	sp,sp,-32
10000204:	00112e23          	sw	ra,28(sp)
10000208:	00812c23          	sw	s0,24(sp)
1000020c:	02010413          	addi	s0,sp,32
10000210:	00050793          	mv	a5,a0
10000214:	fef407a3          	sb	a5,-17(s0)
10000218:	fef44703          	lbu	a4,-17(s0)
1000021c:	00a00793          	li	a5,10
10000220:	00f71663          	bne	a4,a5,1000022c <putchar+0x2c>
10000224:	00d00513          	li	a0,13
10000228:	fd9ff0ef          	jal	ra,10000200 <putchar>
1000022c:	00000013          	nop
10000230:	f00067b7          	lui	a5,0xf0006
10000234:	80478793          	addi	a5,a5,-2044 # f0005804 <_erodata+0xe000507c>
10000238:	0007a703          	lw	a4,0(a5)
1000023c:	00100793          	li	a5,1
10000240:	fef708e3          	beq	a4,a5,10000230 <putchar+0x30>
10000244:	f00067b7          	lui	a5,0xf0006
10000248:	80078793          	addi	a5,a5,-2048 # f0005800 <_erodata+0xe0005078>
1000024c:	fef44703          	lbu	a4,-17(s0)
10000250:	00e7a023          	sw	a4,0(a5)
10000254:	00000013          	nop
10000258:	01c12083          	lw	ra,28(sp)
1000025c:	01812403          	lw	s0,24(sp)
10000260:	02010113          	addi	sp,sp,32
10000264:	00008067          	ret

10000268 <print>:
10000268:	fe010113          	addi	sp,sp,-32
1000026c:	00112e23          	sw	ra,28(sp)
10000270:	00812c23          	sw	s0,24(sp)
10000274:	02010413          	addi	s0,sp,32
10000278:	fea42623          	sw	a0,-20(s0)
1000027c:	01c0006f          	j	10000298 <print+0x30>
10000280:	fec42783          	lw	a5,-20(s0)
10000284:	00178713          	addi	a4,a5,1
10000288:	fee42623          	sw	a4,-20(s0)
1000028c:	0007c783          	lbu	a5,0(a5)
10000290:	00078513          	mv	a0,a5
10000294:	f6dff0ef          	jal	ra,10000200 <putchar>
10000298:	fec42783          	lw	a5,-20(s0)
1000029c:	0007c783          	lbu	a5,0(a5)
100002a0:	fe0790e3          	bnez	a5,10000280 <print+0x18>
100002a4:	00000013          	nop
100002a8:	00000013          	nop
100002ac:	01c12083          	lw	ra,28(sp)
100002b0:	01812403          	lw	s0,24(sp)
100002b4:	02010113          	addi	sp,sp,32
100002b8:	00008067          	ret

100002bc <wbWrite>:
100002bc:	fd010113          	addi	sp,sp,-48
100002c0:	02812623          	sw	s0,44(sp)
100002c4:	03010413          	addi	s0,sp,48
100002c8:	fca42e23          	sw	a0,-36(s0)
100002cc:	fcb42c23          	sw	a1,-40(s0)
100002d0:	fdc42783          	lw	a5,-36(s0)
100002d4:	fef42623          	sw	a5,-20(s0)
100002d8:	300007b7          	lui	a5,0x30000
100002dc:	fec42683          	lw	a3,-20(s0)
100002e0:	ffff8737          	lui	a4,0xffff8
100002e4:	00e6f733          	and	a4,a3,a4
100002e8:	00e7a023          	sw	a4,0(a5) # 30000000 <_erodata+0x1ffff878>
100002ec:	fec42703          	lw	a4,-20(s0)
100002f0:	000107b7          	lui	a5,0x10
100002f4:	fff78793          	addi	a5,a5,-1 # ffff <_fstack+0xf9ff>
100002f8:	00f77733          	and	a4,a4,a5
100002fc:	300087b7          	lui	a5,0x30008
10000300:	00f767b3          	or	a5,a4,a5
10000304:	fef42423          	sw	a5,-24(s0)
10000308:	fe842783          	lw	a5,-24(s0)
1000030c:	fd842703          	lw	a4,-40(s0)
10000310:	00e7a023          	sw	a4,0(a5) # 30008000 <_erodata+0x20007878>
10000314:	00000013          	nop
10000318:	02c12403          	lw	s0,44(sp)
1000031c:	03010113          	addi	sp,sp,48
10000320:	00008067          	ret

10000324 <wbRead>:
10000324:	fd010113          	addi	sp,sp,-48
10000328:	02812623          	sw	s0,44(sp)
1000032c:	03010413          	addi	s0,sp,48
10000330:	fca42e23          	sw	a0,-36(s0)
10000334:	fdc42783          	lw	a5,-36(s0)
10000338:	fef42623          	sw	a5,-20(s0)
1000033c:	300007b7          	lui	a5,0x30000
10000340:	fec42683          	lw	a3,-20(s0)
10000344:	ffff8737          	lui	a4,0xffff8
10000348:	00e6f733          	and	a4,a3,a4
1000034c:	00e7a023          	sw	a4,0(a5) # 30000000 <_erodata+0x1ffff878>
10000350:	fec42703          	lw	a4,-20(s0)
10000354:	000107b7          	lui	a5,0x10
10000358:	fff78793          	addi	a5,a5,-1 # ffff <_fstack+0xf9ff>
1000035c:	00f77733          	and	a4,a4,a5
10000360:	300087b7          	lui	a5,0x30008
10000364:	00f767b3          	or	a5,a4,a5
10000368:	fef42423          	sw	a5,-24(s0)
1000036c:	fe842783          	lw	a5,-24(s0)
10000370:	0007a783          	lw	a5,0(a5) # 30008000 <_erodata+0x20007878>
10000374:	00078513          	mv	a0,a5
10000378:	02c12403          	lw	s0,44(sp)
1000037c:	03010113          	addi	sp,sp,48
10000380:	00008067          	ret

10000384 <nextTest>:
10000384:	fe010113          	addi	sp,sp,-32
10000388:	00112e23          	sw	ra,28(sp)
1000038c:	00812c23          	sw	s0,24(sp)
10000390:	02010413          	addi	s0,sp,32
10000394:	00050793          	mv	a5,a0
10000398:	fef407a3          	sb	a5,-17(s0)
1000039c:	fef44783          	lbu	a5,-17(s0)
100003a0:	00078c63          	beqz	a5,100003b8 <nextTest+0x34>
100003a4:	000035b7          	lui	a1,0x3
100003a8:	330317b7          	lui	a5,0x33031
100003ac:	01478513          	addi	a0,a5,20 # 33031014 <_erodata+0x2303088c>
100003b0:	f0dff0ef          	jal	ra,100002bc <wbWrite>
100003b4:	0240006f          	j	100003d8 <nextTest+0x54>
100003b8:	000015b7          	lui	a1,0x1
100003bc:	330317b7          	lui	a5,0x33031
100003c0:	01878513          	addi	a0,a5,24 # 33031018 <_erodata+0x23030890>
100003c4:	ef9ff0ef          	jal	ra,100002bc <wbWrite>
100003c8:	000025b7          	lui	a1,0x2
100003cc:	330317b7          	lui	a5,0x33031
100003d0:	01478513          	addi	a0,a5,20 # 33031014 <_erodata+0x2303088c>
100003d4:	ee9ff0ef          	jal	ra,100002bc <wbWrite>
100003d8:	000025b7          	lui	a1,0x2
100003dc:	330317b7          	lui	a5,0x33031
100003e0:	01878513          	addi	a0,a5,24 # 33031018 <_erodata+0x23030890>
100003e4:	ed9ff0ef          	jal	ra,100002bc <wbWrite>
100003e8:	00000013          	nop
100003ec:	01c12083          	lw	ra,28(sp)
100003f0:	01812403          	lw	s0,24(sp)
100003f4:	02010113          	addi	sp,sp,32
100003f8:	00008067          	ret

100003fc <main>:
100003fc:	fe010113          	addi	sp,sp,-32
10000400:	00112e23          	sw	ra,28(sp)
10000404:	00812c23          	sw	s0,24(sp)
10000408:	02010413          	addi	s0,sp,32
1000040c:	f00047b7          	lui	a5,0xf0004
10000410:	80078793          	addi	a5,a5,-2048 # f0003800 <_erodata+0xe0003078>
10000414:	00100713          	li	a4,1
10000418:	00e7a023          	sw	a4,0(a5)
1000041c:	260007b7          	lui	a5,0x26000
10000420:	04478793          	addi	a5,a5,68 # 26000044 <_erodata+0x15fff8bc>
10000424:	00002737          	lui	a4,0x2
10000428:	80870713          	addi	a4,a4,-2040 # 1808 <_fstack+0x1208>
1000042c:	00e7a023          	sw	a4,0(a5)
10000430:	260007b7          	lui	a5,0x26000
10000434:	04878793          	addi	a5,a5,72 # 26000048 <_erodata+0x15fff8c0>
10000438:	00002737          	lui	a4,0x2
1000043c:	80870713          	addi	a4,a4,-2040 # 1808 <_fstack+0x1208>
10000440:	00e7a023          	sw	a4,0(a5)
10000444:	260007b7          	lui	a5,0x26000
10000448:	04c78793          	addi	a5,a5,76 # 2600004c <_erodata+0x15fff8c4>
1000044c:	00002737          	lui	a4,0x2
10000450:	80870713          	addi	a4,a4,-2040 # 1808 <_fstack+0x1208>
10000454:	00e7a023          	sw	a4,0(a5)
10000458:	260007b7          	lui	a5,0x26000
1000045c:	05078793          	addi	a5,a5,80 # 26000050 <_erodata+0x15fff8c8>
10000460:	40200713          	li	a4,1026
10000464:	00e7a023          	sw	a4,0(a5)
10000468:	260007b7          	lui	a5,0x26000
1000046c:	05478793          	addi	a5,a5,84 # 26000054 <_erodata+0x15fff8cc>
10000470:	00002737          	lui	a4,0x2
10000474:	80870713          	addi	a4,a4,-2040 # 1808 <_fstack+0x1208>
10000478:	00e7a023          	sw	a4,0(a5)
1000047c:	260007b7          	lui	a5,0x26000
10000480:	05878793          	addi	a5,a5,88 # 26000058 <_erodata+0x15fff8d0>
10000484:	00002737          	lui	a4,0x2
10000488:	80870713          	addi	a4,a4,-2040 # 1808 <_fstack+0x1208>
1000048c:	00e7a023          	sw	a4,0(a5)
10000490:	260007b7          	lui	a5,0x26000
10000494:	00100713          	li	a4,1
10000498:	00e7a023          	sw	a4,0(a5) # 26000000 <_erodata+0x15fff878>
1000049c:	00000013          	nop
100004a0:	260007b7          	lui	a5,0x26000
100004a4:	0007a703          	lw	a4,0(a5) # 26000000 <_erodata+0x15fff878>
100004a8:	00100793          	li	a5,1
100004ac:	fef70ae3          	beq	a4,a5,100004a0 <main+0xa4>
100004b0:	00100793          	li	a5,1
100004b4:	fef407a3          	sb	a5,-17(s0)
100004b8:	000015b7          	lui	a1,0x1
100004bc:	330317b7          	lui	a5,0x33031
100004c0:	01078513          	addi	a0,a5,16 # 33031010 <_erodata+0x23030888>
100004c4:	df9ff0ef          	jal	ra,100002bc <wbWrite>
100004c8:	ffffd7b7          	lui	a5,0xffffd
100004cc:	fff78593          	addi	a1,a5,-1 # ffffcfff <_erodata+0xefffc877>
100004d0:	33031537          	lui	a0,0x33031
100004d4:	de9ff0ef          	jal	ra,100002bc <wbWrite>
100004d8:	00100593          	li	a1,1
100004dc:	34001537          	lui	a0,0x34001
100004e0:	dddff0ef          	jal	ra,100002bc <wbWrite>
100004e4:	34001537          	lui	a0,0x34001
100004e8:	e3dff0ef          	jal	ra,10000324 <wbRead>
100004ec:	00050713          	mv	a4,a0
100004f0:	00100793          	li	a5,1
100004f4:	00f70463          	beq	a4,a5,100004fc <main+0x100>
100004f8:	fe0407a3          	sb	zero,-17(s0)
100004fc:	fef44783          	lbu	a5,-17(s0)
10000500:	00078513          	mv	a0,a5
10000504:	e81ff0ef          	jal	ra,10000384 <nextTest>
10000508:	00000593          	li	a1,0
1000050c:	340017b7          	lui	a5,0x34001
10000510:	00478513          	addi	a0,a5,4 # 34001004 <_erodata+0x2400087c>
10000514:	da9ff0ef          	jal	ra,100002bc <wbWrite>
10000518:	340017b7          	lui	a5,0x34001
1000051c:	00478513          	addi	a0,a5,4 # 34001004 <_erodata+0x2400087c>
10000520:	e05ff0ef          	jal	ra,10000324 <wbRead>
10000524:	00050793          	mv	a5,a0
10000528:	00078463          	beqz	a5,10000530 <main+0x134>
1000052c:	fe0407a3          	sb	zero,-17(s0)
10000530:	fef44783          	lbu	a5,-17(s0)
10000534:	00078513          	mv	a0,a5
10000538:	e4dff0ef          	jal	ra,10000384 <nextTest>
1000053c:	00400793          	li	a5,4
10000540:	fef42423          	sw	a5,-24(s0)
10000544:	0100006f          	j	10000554 <main+0x158>
10000548:	fe842783          	lw	a5,-24(s0)
1000054c:	fff78793          	addi	a5,a5,-1
10000550:	fef42423          	sw	a5,-24(s0)
10000554:	fe842783          	lw	a5,-24(s0)
10000558:	00078e63          	beqz	a5,10000574 <main+0x178>
1000055c:	340017b7          	lui	a5,0x34001
10000560:	00878513          	addi	a0,a5,8 # 34001008 <_erodata+0x24000880>
10000564:	dc1ff0ef          	jal	ra,10000324 <wbRead>
10000568:	00050793          	mv	a5,a0
1000056c:	80078793          	addi	a5,a5,-2048
10000570:	fc079ce3          	bnez	a5,10000548 <main+0x14c>
10000574:	fe842783          	lw	a5,-24(s0)
10000578:	00079463          	bnez	a5,10000580 <main+0x184>
1000057c:	fe0407a3          	sb	zero,-17(s0)
10000580:	fef44783          	lbu	a5,-17(s0)
10000584:	00078513          	mv	a0,a5
10000588:	dfdff0ef          	jal	ra,10000384 <nextTest>
1000058c:	34000537          	lui	a0,0x34000
10000590:	d95ff0ef          	jal	ra,10000324 <wbRead>
10000594:	00050713          	mv	a4,a0
10000598:	030207b7          	lui	a5,0x3020
1000059c:	10078793          	addi	a5,a5,256 # 3020100 <_fstack+0x301fb00>
100005a0:	00f70463          	beq	a4,a5,100005a8 <main+0x1ac>
100005a4:	fe0407a3          	sb	zero,-17(s0)
100005a8:	fef44783          	lbu	a5,-17(s0)
100005ac:	00078513          	mv	a0,a5
100005b0:	dd5ff0ef          	jal	ra,10000384 <nextTest>
100005b4:	340007b7          	lui	a5,0x34000
100005b8:	00478513          	addi	a0,a5,4 # 34000004 <_erodata+0x23fff87c>
100005bc:	d69ff0ef          	jal	ra,10000324 <wbRead>
100005c0:	00050713          	mv	a4,a0
100005c4:	a27067b7          	lui	a5,0xa2706
100005c8:	05478793          	addi	a5,a5,84 # a2706054 <_erodata+0x927058cc>
100005cc:	00f70463          	beq	a4,a5,100005d4 <main+0x1d8>
100005d0:	fe0407a3          	sb	zero,-17(s0)
100005d4:	fef44783          	lbu	a5,-17(s0)
100005d8:	00078513          	mv	a0,a5
100005dc:	da9ff0ef          	jal	ra,10000384 <nextTest>
100005e0:	340007b7          	lui	a5,0x34000
100005e4:	00878513          	addi	a0,a5,8 # 34000008 <_erodata+0x23fff880>
100005e8:	d3dff0ef          	jal	ra,10000324 <wbRead>
100005ec:	00050713          	mv	a4,a0
100005f0:	d3c2b7b7          	lui	a5,0xd3c2b
100005f4:	1a078793          	addi	a5,a5,416 # d3c2b1a0 <_erodata+0xc3c2aa18>
100005f8:	00f70463          	beq	a4,a5,10000600 <main+0x204>
100005fc:	fe0407a3          	sb	zero,-17(s0)
10000600:	fef44783          	lbu	a5,-17(s0)
10000604:	00078513          	mv	a0,a5
10000608:	d7dff0ef          	jal	ra,10000384 <nextTest>
1000060c:	340007b7          	lui	a5,0x34000
10000610:	00c78513          	addi	a0,a5,12 # 3400000c <_erodata+0x23fff884>
10000614:	d11ff0ef          	jal	ra,10000324 <wbRead>
10000618:	00050713          	mv	a4,a0
1000061c:	1706f7b7          	lui	a5,0x1706f
10000620:	5e478793          	addi	a5,a5,1508 # 1706f5e4 <_erodata+0x706ee5c>
10000624:	00f70463          	beq	a4,a5,1000062c <main+0x230>
10000628:	fe0407a3          	sb	zero,-17(s0)
1000062c:	fef44783          	lbu	a5,-17(s0)
10000630:	00078513          	mv	a0,a5
10000634:	d51ff0ef          	jal	ra,10000384 <nextTest>
10000638:	0000f5b7          	lui	a1,0xf
1000063c:	340017b7          	lui	a5,0x34001
10000640:	00478513          	addi	a0,a5,4 # 34001004 <_erodata+0x2400087c>
10000644:	c79ff0ef          	jal	ra,100002bc <wbWrite>
10000648:	340017b7          	lui	a5,0x34001
1000064c:	00478513          	addi	a0,a5,4 # 34001004 <_erodata+0x2400087c>
10000650:	cd5ff0ef          	jal	ra,10000324 <wbRead>
10000654:	00050713          	mv	a4,a0
10000658:	0000f7b7          	lui	a5,0xf
1000065c:	00f70463          	beq	a4,a5,10000664 <main+0x268>
10000660:	fe0407a3          	sb	zero,-17(s0)
10000664:	fef44783          	lbu	a5,-17(s0)
10000668:	00078513          	mv	a0,a5
1000066c:	d19ff0ef          	jal	ra,10000384 <nextTest>
10000670:	00400793          	li	a5,4
10000674:	fef42423          	sw	a5,-24(s0)
10000678:	0100006f          	j	10000688 <main+0x28c>
1000067c:	fe842783          	lw	a5,-24(s0)
10000680:	fff78793          	addi	a5,a5,-1 # efff <_fstack+0xe9ff>
10000684:	fef42423          	sw	a5,-24(s0)
10000688:	fe842783          	lw	a5,-24(s0)
1000068c:	02078063          	beqz	a5,100006ac <main+0x2b0>
10000690:	340017b7          	lui	a5,0x34001
10000694:	00878513          	addi	a0,a5,8 # 34001008 <_erodata+0x24000880>
10000698:	c8dff0ef          	jal	ra,10000324 <wbRead>
1000069c:	00050713          	mv	a4,a0
100006a0:	000107b7          	lui	a5,0x10
100006a4:	80078793          	addi	a5,a5,-2048 # f800 <_fstack+0xf200>
100006a8:	fcf71ae3          	bne	a4,a5,1000067c <main+0x280>
100006ac:	fe842783          	lw	a5,-24(s0)
100006b0:	00079463          	bnez	a5,100006b8 <main+0x2bc>
100006b4:	fe0407a3          	sb	zero,-17(s0)
100006b8:	fef44783          	lbu	a5,-17(s0)
100006bc:	00078513          	mv	a0,a5
100006c0:	cc5ff0ef          	jal	ra,10000384 <nextTest>
100006c4:	34000537          	lui	a0,0x34000
100006c8:	c5dff0ef          	jal	ra,10000324 <wbRead>
100006cc:	00050713          	mv	a4,a0
100006d0:	cb2337b7          	lui	a5,0xcb233
100006d4:	c8178793          	addi	a5,a5,-895 # cb232c81 <_erodata+0xbb2324f9>
100006d8:	00f70463          	beq	a4,a5,100006e0 <main+0x2e4>
100006dc:	fe0407a3          	sb	zero,-17(s0)
100006e0:	fef44783          	lbu	a5,-17(s0)
100006e4:	00078513          	mv	a0,a5
100006e8:	c9dff0ef          	jal	ra,10000384 <nextTest>
100006ec:	340007b7          	lui	a5,0x34000
100006f0:	00478513          	addi	a0,a5,4 # 34000004 <_erodata+0x23fff87c>
100006f4:	c31ff0ef          	jal	ra,10000324 <wbRead>
100006f8:	00050713          	mv	a4,a0
100006fc:	eff0e7b7          	lui	a5,0xeff0e
10000700:	ff678793          	addi	a5,a5,-10 # eff0dff6 <_erodata+0xdff0d86e>
10000704:	00f70463          	beq	a4,a5,1000070c <main+0x310>
10000708:	fe0407a3          	sb	zero,-17(s0)
1000070c:	fef44783          	lbu	a5,-17(s0)
10000710:	00078513          	mv	a0,a5
10000714:	c71ff0ef          	jal	ra,10000384 <nextTest>
10000718:	340007b7          	lui	a5,0x34000
1000071c:	00878513          	addi	a0,a5,8 # 34000008 <_erodata+0x23fff880>
10000720:	c05ff0ef          	jal	ra,10000324 <wbRead>
10000724:	00050713          	mv	a4,a0
10000728:	fe23a7b7          	lui	a5,0xfe23a
1000072c:	0e778793          	addi	a5,a5,231 # fe23a0e7 <_erodata+0xee23995f>
10000730:	00f70463          	beq	a4,a5,10000738 <main+0x33c>
10000734:	fe0407a3          	sb	zero,-17(s0)
10000738:	fef44783          	lbu	a5,-17(s0)
1000073c:	00078513          	mv	a0,a5
10000740:	c45ff0ef          	jal	ra,10000384 <nextTest>
10000744:	340007b7          	lui	a5,0x34000
10000748:	00c78513          	addi	a0,a5,12 # 3400000c <_erodata+0x23fff884>
1000074c:	bd9ff0ef          	jal	ra,10000324 <wbRead>
10000750:	00050713          	mv	a4,a0
10000754:	130507b7          	lui	a5,0x13050
10000758:	58878793          	addi	a5,a5,1416 # 13050588 <_erodata+0x304fe00>
1000075c:	00f70463          	beq	a4,a5,10000764 <main+0x368>
10000760:	fe0407a3          	sb	zero,-17(s0)
10000764:	fef44783          	lbu	a5,-17(s0)
10000768:	00078513          	mv	a0,a5
1000076c:	c19ff0ef          	jal	ra,10000384 <nextTest>
10000770:	00000013          	nop
10000774:	01c12083          	lw	ra,28(sp)
10000778:	01812403          	lw	s0,24(sp)
1000077c:	02010113          	addi	sp,sp,32
10000780:	00008067          	ret
