
userSpaceFlash.elf:     file format elf32-littleriscv


Disassembly of section .text:

14000000 <_start>:
14000000:	ec001197          	auipc	gp,0xec001
14000004:	80018193          	addi	gp,gp,-2048 # 800 <_global_pointer$>
14000008:	ec001117          	auipc	sp,0xec001
1400000c:	ff810113          	addi	sp,sp,-8 # 1000 <_stack_top>
14000010:	00010433          	add	s0,sp,zero
14000014:	00001517          	auipc	a0,0x1
14000018:	44050513          	addi	a0,a0,1088 # 14001454 <_etext>
1400001c:	00000593          	li	a1,0
14000020:	00000613          	li	a2,0
14000024:	00c5dc63          	bge	a1,a2,1400003c <end_init_data>

14000028 <loop_init_data>:
14000028:	00052683          	lw	a3,0(a0)
1400002c:	00d5a023          	sw	a3,0(a1)
14000030:	00450513          	addi	a0,a0,4
14000034:	00458593          	addi	a1,a1,4
14000038:	fec5c8e3          	blt	a1,a2,14000028 <loop_init_data>

1400003c <end_init_data>:
1400003c:	00000513          	li	a0,0
14000040:	01000593          	li	a1,16
14000044:	00b55863          	bge	a0,a1,14000054 <end_init_bss>

14000048 <loop_init_bss>:
14000048:	00052023          	sw	zero,0(a0)
1400004c:	00450513          	addi	a0,a0,4
14000050:	feb54ce3          	blt	a0,a1,14000048 <loop_init_bss>

14000054 <end_init_bss>:
14000054:	45c000ef          	jal	ra,140004b0 <main>
14000058:	00000073          	ecall

1400005c <_exit>:
1400005c:	000000ef          	jal	ra,1400005c <_exit>

14000060 <paddingBuffer>:
14000060:	65726f4c 7069206d 206d7573 6f6c6f64     Lorem ipsum dolo
14000070:	69732072 6d612074 202c7465 736e6f63     r sit amet, cons
14000080:	65746365 20727574 70696461 69637369     ectetur adipisci
14000090:	6520676e 2e74696c 6e654120 206e6165     ng elit. Aenean 
140000a0:	73697571 6c657420 2073756c 73697571     quis tellus quis
140000b0:	73756a20 65206f74 74736567 65207361      justo egestas e
140000c0:	6669656c 2e646e65 206e4920 2063656e     leifend. In nec 
140000d0:	6e67616d 696e2061 202e6c73 65746e49     magna nisl. Inte
140000e0:	20726567 636e6974 6e756469 696e2074     ger tincidunt ni
140000f0:	76206c73 65617469 73696e20 6c62206c     sl vitae nisl bl
14000100:	69646e61 616d2074 756d6978 43202e73     andit maximus. C
14000110:	20736172 6e207461 20686269 2e697564     ras at nibh dui.
14000120:	6f725020 72206e69 75727475 6974206d      Proin rutrum ti
14000130:	6469636e 20746e75 6862696e 206e6920     ncidunt nibh in 
14000140:	73656765 2e736174 76695620 73756d61     egestas. Vivamus
14000150:	6e726f20 20657261 72746c75 73656369      ornare ultrices
14000160:	2e696d20 6c754e20 206d616c 73206361      mi. Nullam ac s
14000170:	65706d65 656c2072 73757463 724f202e     emper lectus. Or
14000180:	76206963 75697261 616e2073 75716f74     ci varius natoqu
14000190:	65702065 6974616e 20737562 6d207465     e penatibus et m
140001a0:	696e6761 69642073 61702073 72757472     agnis dis partur
140001b0:	746e6569 6e6f6d20 2c736574 73616e20     ient montes, nas
140001c0:	75746563 69722072 75636964 2073756c     cetur ridiculus 
140001d0:	2e73756d 746e4920 72656765 696c6120     mus. Integer ali
140001e0:	74657571 74697620 61206561 20756372     quet vitae arcu 
140001f0:	74656765 62696220 75646e65 53202e6d     eget bibendum. S
14000200:	65707375 7369646e 76206573 75697261     uspendisse variu
14000210:	69642073 61206d61 78652074 75656620     s diam at ex feu
14000220:	74616967 6d657320 2e726570 69754420     giat semper. Dui
14000230:	69622073 646e6562 76206d75 74756c6f     s bibendum volut
14000240:	20746170 2c6f656c 20747520 63737573     pat leo, ut susc
14000250:	74697069 6f656c20 6f616c20 74656572     ipit leo laoreet
14000260:	62696220 75646e65 45202e6d 6d616974      bibendum. Etiam
14000270:	20646920 636e6974 6e756469 696c2074      id tincidunt li
14000280:	6f726562 7250202e 206e696f 6f69646f     bero. Proin odio
14000290:	6f656c20 6c61202c 65757169 6e692074      leo, aliquet in
140002a0:	6f656c20 69757120 61202c73 7571696c      leo quis, aliqu
140002b0:	76206d61 75697261 726f2073 202e6963     am varius orci. 
140002c0:	65617250 746e6573 64657320 6d657320     Praesent sed sem
140002d0:	20726570 75637261 6f44202e 2063656e     per arcu. Donec 
140002e0:	2063656e 756c6f76 74617074 71656e20     nec volutpat neq
140002f0:	202c6575 61642061 75626970 6f742073     ue, a dapibus to
14000300:	726f7472 6550202e 6e656c6c 71736574     rtor. Pellentesq
14000310:	6d206575 61737361 62696c20 2c6f7265     ue massa libero,
14000320:	74757220 206d7572 2063656e 63737573      rutrum nec susc
14000330:	74697069 2c6e6920 6e697420 75646963     ipit in, tincidu
14000340:	6520746e 20746567 7473756a 43202e6f     nt eget justo. C
14000350:	20736172 616c6c75 726f636d 2c726570     ras ullamcorper,
14000360:	726f6c20 6e206d65 6c206365 6e696361      lorem nec lacin
14000370:	63206169 69646e6f 746e656d 202c6d75     ia condimentum, 
14000380:	636e756e 73756a20 63206f74 75737275     nunc justo cursu
14000390:	72612073 202c7563 76207565 75706c75     s arcu, eu vulpu
140003a0:	65746174 6f656c20 20696d20 74636964     tate leo mi dict
140003b0:	61206d75 2e756372 76695620 73756d61     um arcu. Vivamus
140003c0:	706d6920 69647265 73207465 65697061      imperdiet sapie
140003d0:	6573206e 73202c6d 65706d65 63732072     n sem, semper sc
140003e0:	72656c65 75717369 646f2065 66206f69     elerisque odio f
140003f0:	62696e69 69207375 4e202e6e 20636e75     inibus in. Nunc 
14000400:	74736576 6c756269 67206d75 69766172     vestibulum gravi
14000410:	74206164 756c6c65 75652073 656c6520     da tellus eu ele
14000420:	746e656d 202e6d75 65746e49 6d756472     mentum. Interdum
14000430:	20746520 656c616d 64617573 61662061      et malesuada fa
14000440:	2073656d 61206361 2065746e 75737069     mes ac ante ipsu
14000450:	7270206d 73696d69 2e696220 00000000     m primis bi.....

14000460 <primaryLoop>:
14000460:	ff010113          	addi	sp,sp,-16
14000464:	00112623          	sw	ra,12(sp)
14000468:	00000713          	li	a4,0
1400046c:	02c0006f          	j	14000498 <primaryLoop+0x38>
14000470:	140007b7          	lui	a5,0x14000
14000474:	06078793          	addi	a5,a5,96 # 14000060 <paddingBuffer>
14000478:	00e787b3          	add	a5,a5,a4
1400047c:	0007c683          	lbu	a3,0(a5)
14000480:	00d00023          	sb	a3,0(zero) # 0 <currentChar>
14000484:	00400793          	li	a5,4
14000488:	0007a683          	lw	a3,0(a5)
1400048c:	00e686b3          	add	a3,a3,a4
14000490:	00d7a023          	sw	a3,0(a5)
14000494:	00170713          	addi	a4,a4,1
14000498:	00c02783          	lw	a5,12(zero) # c <state>
1400049c:	fc078ae3          	beqz	a5,14000470 <primaryLoop+0x10>
140004a0:	361000ef          	jal	ra,14001000 <secondaryLoop>
140004a4:	00c12083          	lw	ra,12(sp)
140004a8:	01010113          	addi	sp,sp,16
140004ac:	00008067          	ret

140004b0 <main>:
140004b0:	ff010113          	addi	sp,sp,-16
140004b4:	00112623          	sw	ra,12(sp)
140004b8:	fa9ff0ef          	jal	ra,14000460 <primaryLoop>
140004bc:	00c12083          	lw	ra,12(sp)
140004c0:	01010113          	addi	sp,sp,16
140004c4:	00008067          	ret
	...

14001000 <secondaryLoop>:
14001000:	ff010113          	addi	sp,sp,-16
14001004:	00112623          	sw	ra,12(sp)
14001008:	00000713          	li	a4,0
1400100c:	02c0006f          	j	14001038 <secondaryLoop+0x38>
14001010:	140017b7          	lui	a5,0x14001
14001014:	05478793          	addi	a5,a5,84 # 14001054 <paddingBuffer2>
14001018:	00e787b3          	add	a5,a5,a4
1400101c:	0007c683          	lbu	a3,0(a5)
14001020:	00d00023          	sb	a3,0(zero) # 0 <currentChar>
14001024:	00800793          	li	a5,8
14001028:	0007a683          	lw	a3,0(a5)
1400102c:	00e686b3          	add	a3,a3,a4
14001030:	00d7a023          	sw	a3,0(a5)
14001034:	00170713          	addi	a4,a4,1
14001038:	00c02683          	lw	a3,12(zero) # c <state>
1400103c:	00100793          	li	a5,1
14001040:	fcf688e3          	beq	a3,a5,14001010 <secondaryLoop+0x10>
14001044:	c1cff0ef          	jal	ra,14000460 <primaryLoop>
14001048:	00c12083          	lw	ra,12(sp)
1400104c:	01010113          	addi	sp,sp,16
14001050:	00008067          	ret

14001054 <paddingBuffer2>:
14001054:	65726f4c 7069206d 206d7573 6f6c6f64     Lorem ipsum dolo
14001064:	69732072 6d612074 202c7465 736e6f63     r sit amet, cons
14001074:	65746365 20727574 70696461 69637369     ectetur adipisci
14001084:	6520676e 2e74696c 6e654120 206e6165     ng elit. Aenean 
14001094:	73697571 6c657420 2073756c 73697571     quis tellus quis
140010a4:	73756a20 65206f74 74736567 65207361      justo egestas e
140010b4:	6669656c 2e646e65 206e4920 2063656e     leifend. In nec 
140010c4:	6e67616d 696e2061 202e6c73 65746e49     magna nisl. Inte
140010d4:	20726567 636e6974 6e756469 696e2074     ger tincidunt ni
140010e4:	76206c73 65617469 73696e20 6c62206c     sl vitae nisl bl
140010f4:	69646e61 616d2074 756d6978 43202e73     andit maximus. C
14001104:	20736172 6e207461 20686269 2e697564     ras at nibh dui.
14001114:	6f725020 72206e69 75727475 6974206d      Proin rutrum ti
14001124:	6469636e 20746e75 6862696e 206e6920     ncidunt nibh in 
14001134:	73656765 2e736174 76695620 73756d61     egestas. Vivamus
14001144:	6e726f20 20657261 72746c75 73656369      ornare ultrices
14001154:	2e696d20 6c754e20 206d616c 73206361      mi. Nullam ac s
14001164:	65706d65 656c2072 73757463 724f202e     emper lectus. Or
14001174:	76206963 75697261 616e2073 75716f74     ci varius natoqu
14001184:	65702065 6974616e 20737562 6d207465     e penatibus et m
14001194:	696e6761 69642073 61702073 72757472     agnis dis partur
140011a4:	746e6569 6e6f6d20 2c736574 73616e20     ient montes, nas
140011b4:	75746563 69722072 75636964 2073756c     cetur ridiculus 
140011c4:	2e73756d 746e4920 72656765 696c6120     mus. Integer ali
140011d4:	74657571 74697620 61206561 20756372     quet vitae arcu 
140011e4:	74656765 62696220 75646e65 53202e6d     eget bibendum. S
140011f4:	65707375 7369646e 76206573 75697261     uspendisse variu
14001204:	69642073 61206d61 78652074 75656620     s diam at ex feu
14001214:	74616967 6d657320 2e726570 69754420     giat semper. Dui
14001224:	69622073 646e6562 76206d75 74756c6f     s bibendum volut
14001234:	20746170 2c6f656c 20747520 63737573     pat leo, ut susc
14001244:	74697069 6f656c20 6f616c20 74656572     ipit leo laoreet
14001254:	62696220 75646e65 45202e6d 6d616974      bibendum. Etiam
14001264:	20646920 636e6974 6e756469 696c2074      id tincidunt li
14001274:	6f726562 7250202e 206e696f 6f69646f     bero. Proin odio
14001284:	6f656c20 6c61202c 65757169 6e692074      leo, aliquet in
14001294:	6f656c20 69757120 61202c73 7571696c      leo quis, aliqu
140012a4:	76206d61 75697261 726f2073 202e6963     am varius orci. 
140012b4:	65617250 746e6573 64657320 6d657320     Praesent sed sem
140012c4:	20726570 75637261 6f44202e 2063656e     per arcu. Donec 
140012d4:	2063656e 756c6f76 74617074 71656e20     nec volutpat neq
140012e4:	202c6575 61642061 75626970 6f742073     ue, a dapibus to
140012f4:	726f7472 6550202e 6e656c6c 71736574     rtor. Pellentesq
14001304:	6d206575 61737361 62696c20 2c6f7265     ue massa libero,
14001314:	74757220 206d7572 2063656e 63737573      rutrum nec susc
14001324:	74697069 2c6e6920 6e697420 75646963     ipit in, tincidu
14001334:	6520746e 20746567 7473756a 43202e6f     nt eget justo. C
14001344:	20736172 616c6c75 726f636d 2c726570     ras ullamcorper,
14001354:	726f6c20 6e206d65 6c206365 6e696361      lorem nec lacin
14001364:	63206169 69646e6f 746e656d 202c6d75     ia condimentum, 
14001374:	636e756e 73756a20 63206f74 75737275     nunc justo cursu
14001384:	72612073 202c7563 76207565 75706c75     s arcu, eu vulpu
14001394:	65746174 6f656c20 20696d20 74636964     tate leo mi dict
140013a4:	61206d75 2e756372 76695620 73756d61     um arcu. Vivamus
140013b4:	706d6920 69647265 73207465 65697061      imperdiet sapie
140013c4:	6573206e 73202c6d 65706d65 63732072     n sem, semper sc
140013d4:	72656c65 75717369 646f2065 66206f69     elerisque odio f
140013e4:	62696e69 69207375 4e202e6e 20636e75     inibus in. Nunc 
140013f4:	74736576 6c756269 67206d75 69766172     vestibulum gravi
14001404:	74206164 756c6c65 75652073 656c6520     da tellus eu ele
14001414:	746e656d 202e6d75 65746e49 6d756472     mentum. Interdum
14001424:	20746520 656c616d 64617573 61662061      et malesuada fa
14001434:	2073656d 61206361 2065746e 75737069     mes ac ante ipsu
14001444:	7270206d 73696d69 2e696220 00000000     m primis bi.....
