
snakeUART.elf:     file format elf32-littleriscv


Disassembly of section .text:

14000000 <_start>:
14000000:	00000517          	auipc	a0,0x0
14000004:	06850513          	addi	a0,a0,104 # 14000068 <_trap>
14000008:	30551073          	csrw	mtvec,a0
1400000c:	ec000197          	auipc	gp,0xec000
14000010:	7f418193          	addi	gp,gp,2036 # 800 <_global_pointer$>
14000014:	ec001117          	auipc	sp,0xec001
14000018:	fec10113          	addi	sp,sp,-20 # 1000 <_stack_top>
1400001c:	00010433          	add	s0,sp,zero
14000020:	00001517          	auipc	a0,0x1
14000024:	54050513          	addi	a0,a0,1344 # 14001560 <_etext>
14000028:	00000593          	li	a1,0
1400002c:	00400613          	li	a2,4
14000030:	00c5dc63          	bge	a1,a2,14000048 <end_init_data>

14000034 <loop_init_data>:
14000034:	00052683          	lw	a3,0(a0)
14000038:	00d5a023          	sw	a3,0(a1)
1400003c:	00450513          	addi	a0,a0,4
14000040:	00458593          	addi	a1,a1,4
14000044:	fec5c8e3          	blt	a1,a2,14000034 <loop_init_data>

14000048 <end_init_data>:
14000048:	01400513          	li	a0,20
1400004c:	2f800593          	li	a1,760
14000050:	00b55863          	bge	a0,a1,14000060 <end_init_bss>

14000054 <loop_init_bss>:
14000054:	00052023          	sw	zero,0(a0)
14000058:	00450513          	addi	a0,a0,4
1400005c:	feb54ce3          	blt	a0,a1,14000054 <loop_init_bss>

14000060 <end_init_bss>:
14000060:	4bd000ef          	jal	ra,14000d1c <main>
14000064:	00000073          	ecall

14000068 <_trap>:
14000068:	0000006f          	j	14000068 <_trap>

1400006c <_exit>:
1400006c:	000000ef          	jal	ra,1400006c <_exit>

14000070 <gameOverText>:
14000070:	656d6147 65764f20 00002172              Game Over!..

1400007c <gameWinText>:
1400007c:	20756f59 216e6957 00000000              You Win!....

14000088 <scoreFormatText>:
14000088:	726f6353 25203a65 00000064 14000a58     Score: %d...X...
14000098:	14000adc 14000adc 14000adc 14000adc     ................
140000a8:	14000adc 14000adc 14000adc 14000adc     ................
140000b8:	14000adc 14000adc 14000a94 14000a1c     ................
140000c8:	14000adc 14000adc 14000adc 14000adc     ................
140000d8:	14000a1c 14000adc 14000adc 14000adc     ................
140000e8:	14000adc 14000adc 14000adc 14000adc     ................
140000f8:	14000adc 14000adc 14000ab0 14000adc     ................
14000108:	14000a1c 14000adc 14000adc 14000a58     ............X...

14000118 <__clz_tab>:
14000118:	02020100 03030303 04040404 04040404     ................
14000128:	05050505 05050505 05050505 05050505     ................
14000138:	06060606 06060606 06060606 06060606     ................
14000148:	06060606 06060606 06060606 06060606     ................
14000158:	07070707 07070707 07070707 07070707     ................
14000168:	07070707 07070707 07070707 07070707     ................
14000178:	07070707 07070707 07070707 07070707     ................
14000188:	07070707 07070707 07070707 07070707     ................
14000198:	08080808 08080808 08080808 08080808     ................
140001a8:	08080808 08080808 08080808 08080808     ................
140001b8:	08080808 08080808 08080808 08080808     ................
140001c8:	08080808 08080808 08080808 08080808     ................
140001d8:	08080808 08080808 08080808 08080808     ................
140001e8:	08080808 08080808 08080808 08080808     ................
140001f8:	08080808 08080808 08080808 08080808     ................
14000208:	08080808 08080808 08080808 08080808     ................

14000218 <DrawGameWin>:
14000218:	ff010113          	addi	sp,sp,-16
1400021c:	00112623          	sw	ra,12(sp)
14000220:	00812423          	sw	s0,8(sp)
14000224:	00912223          	sw	s1,4(sp)
14000228:	00050413          	mv	s0,a0
1400022c:	14000537          	lui	a0,0x14000
14000230:	07c50513          	addi	a0,a0,124 # 1400007c <gameWinText>
14000234:	280010ef          	jal	ra,140014b4 <strlen>
14000238:	01000793          	li	a5,16
1400023c:	40a787b3          	sub	a5,a5,a0
14000240:	01f7d613          	srli	a2,a5,0x1f
14000244:	00f60633          	add	a2,a2,a5
14000248:	40165613          	srai	a2,a2,0x1
1400024c:	0ff67613          	zext.b	a2,a2
14000250:	06060613          	addi	a2,a2,96
14000254:	00000713          	li	a4,0
14000258:	0280006f          	j	14000280 <DrawGameWin+0x68>
1400025c:	00e605b3          	add	a1,a2,a4
14000260:	140007b7          	lui	a5,0x14000
14000264:	07c78793          	addi	a5,a5,124 # 1400007c <gameWinText>
14000268:	00e787b3          	add	a5,a5,a4
1400026c:	0007c683          	lbu	a3,0(a5)
14000270:	01400793          	li	a5,20
14000274:	00b787b3          	add	a5,a5,a1
14000278:	00d78023          	sb	a3,0(a5)
1400027c:	00170713          	addi	a4,a4,1
14000280:	fca74ee3          	blt	a4,a0,1400025c <DrawGameWin+0x44>
14000284:	00040693          	mv	a3,s0
14000288:	14000637          	lui	a2,0x14000
1400028c:	08860613          	addi	a2,a2,136 # 14000088 <scoreFormatText>
14000290:	01000593          	li	a1,16
14000294:	0d400513          	li	a0,212
14000298:	071000ef          	jal	ra,14000b08 <mini_snprintf>
1400029c:	0d400513          	li	a0,212
140002a0:	214010ef          	jal	ra,140014b4 <strlen>
140002a4:	01000793          	li	a5,16
140002a8:	40a787b3          	sub	a5,a5,a0
140002ac:	01f7d693          	srli	a3,a5,0x1f
140002b0:	00f686b3          	add	a3,a3,a5
140002b4:	4016d693          	srai	a3,a3,0x1
140002b8:	0ff6f693          	zext.b	a3,a3
140002bc:	05068693          	addi	a3,a3,80
140002c0:	00000713          	li	a4,0
140002c4:	0240006f          	j	140002e8 <DrawGameWin+0xd0>
140002c8:	00e685b3          	add	a1,a3,a4
140002cc:	0d400793          	li	a5,212
140002d0:	00e787b3          	add	a5,a5,a4
140002d4:	0007c603          	lbu	a2,0(a5)
140002d8:	01400793          	li	a5,20
140002dc:	00b787b3          	add	a5,a5,a1
140002e0:	00c78023          	sb	a2,0(a5)
140002e4:	00170713          	addi	a4,a4,1
140002e8:	fea740e3          	blt	a4,a0,140002c8 <DrawGameWin+0xb0>
140002ec:	00c12083          	lw	ra,12(sp)
140002f0:	00812403          	lw	s0,8(sp)
140002f4:	00412483          	lw	s1,4(sp)
140002f8:	01010113          	addi	sp,sp,16
140002fc:	00008067          	ret

14000300 <DrawGameLose>:
14000300:	ff010113          	addi	sp,sp,-16
14000304:	00112623          	sw	ra,12(sp)
14000308:	00812423          	sw	s0,8(sp)
1400030c:	00912223          	sw	s1,4(sp)
14000310:	00050413          	mv	s0,a0
14000314:	14000537          	lui	a0,0x14000
14000318:	07050513          	addi	a0,a0,112 # 14000070 <gameOverText>
1400031c:	198010ef          	jal	ra,140014b4 <strlen>
14000320:	01000793          	li	a5,16
14000324:	40a787b3          	sub	a5,a5,a0
14000328:	01f7d613          	srli	a2,a5,0x1f
1400032c:	00f60633          	add	a2,a2,a5
14000330:	40165613          	srai	a2,a2,0x1
14000334:	0ff67613          	zext.b	a2,a2
14000338:	06060613          	addi	a2,a2,96
1400033c:	00000713          	li	a4,0
14000340:	0280006f          	j	14000368 <DrawGameLose+0x68>
14000344:	00e605b3          	add	a1,a2,a4
14000348:	140007b7          	lui	a5,0x14000
1400034c:	07078793          	addi	a5,a5,112 # 14000070 <gameOverText>
14000350:	00e787b3          	add	a5,a5,a4
14000354:	0007c683          	lbu	a3,0(a5)
14000358:	01400793          	li	a5,20
1400035c:	00b787b3          	add	a5,a5,a1
14000360:	00d78023          	sb	a3,0(a5)
14000364:	00170713          	addi	a4,a4,1
14000368:	fca74ee3          	blt	a4,a0,14000344 <DrawGameLose+0x44>
1400036c:	00040693          	mv	a3,s0
14000370:	14000637          	lui	a2,0x14000
14000374:	08860613          	addi	a2,a2,136 # 14000088 <scoreFormatText>
14000378:	01000593          	li	a1,16
1400037c:	0d400513          	li	a0,212
14000380:	788000ef          	jal	ra,14000b08 <mini_snprintf>
14000384:	0d400513          	li	a0,212
14000388:	12c010ef          	jal	ra,140014b4 <strlen>
1400038c:	01000793          	li	a5,16
14000390:	40a787b3          	sub	a5,a5,a0
14000394:	01f7d693          	srli	a3,a5,0x1f
14000398:	00f686b3          	add	a3,a3,a5
1400039c:	4016d693          	srai	a3,a3,0x1
140003a0:	0ff6f693          	zext.b	a3,a3
140003a4:	05068693          	addi	a3,a3,80
140003a8:	00000713          	li	a4,0
140003ac:	0240006f          	j	140003d0 <DrawGameLose+0xd0>
140003b0:	00e685b3          	add	a1,a3,a4
140003b4:	0d400793          	li	a5,212
140003b8:	00e787b3          	add	a5,a5,a4
140003bc:	0007c603          	lbu	a2,0(a5)
140003c0:	01400793          	li	a5,20
140003c4:	00b787b3          	add	a5,a5,a1
140003c8:	00c78023          	sb	a2,0(a5)
140003cc:	00170713          	addi	a4,a4,1
140003d0:	fea740e3          	blt	a4,a0,140003b0 <DrawGameLose+0xb0>
140003d4:	00c12083          	lw	ra,12(sp)
140003d8:	00812403          	lw	s0,8(sp)
140003dc:	00412483          	lw	s1,4(sp)
140003e0:	01010113          	addi	sp,sp,16
140003e4:	00008067          	ret

140003e8 <spawnFood>:
140003e8:	ff010113          	addi	sp,sp,-16
140003ec:	00112623          	sw	ra,12(sp)
140003f0:	00812423          	sw	s0,8(sp)
140003f4:	00050413          	mv	s0,a0
140003f8:	00954683          	lbu	a3,9(a0)
140003fc:	00000713          	li	a4,0
14000400:	00072783          	lw	a5,0(a4)
14000404:	00d79613          	slli	a2,a5,0xd
14000408:	00c7c7b3          	xor	a5,a5,a2
1400040c:	00f72023          	sw	a5,0(a4)
14000410:	0117d613          	srli	a2,a5,0x11
14000414:	00c7c7b3          	xor	a5,a5,a2
14000418:	00f72023          	sw	a5,0(a4)
1400041c:	00579613          	slli	a2,a5,0x5
14000420:	00c7c533          	xor	a0,a5,a2
14000424:	00a72023          	sw	a0,0(a4)
14000428:	0c000593          	li	a1,192
1400042c:	40d585b3          	sub	a1,a1,a3
14000430:	020010ef          	jal	ra,14001450 <__umodsi3>
14000434:	00000593          	li	a1,0
14000438:	00000613          	li	a2,0
1400043c:	00000693          	li	a3,0
14000440:	04c0006f          	j	1400048c <spawnFood+0xa4>
14000444:	00178793          	addi	a5,a5,1
14000448:	0ff7f793          	zext.b	a5,a5
1400044c:	00944703          	lbu	a4,9(s0)
14000450:	02e7f463          	bgeu	a5,a4,14000478 <spawnFood+0x90>
14000454:	00379713          	slli	a4,a5,0x3
14000458:	00e40733          	add	a4,s0,a4
1400045c:	00c72703          	lw	a4,12(a4)
14000460:	fee692e3          	bne	a3,a4,14000444 <spawnFood+0x5c>
14000464:	00379713          	slli	a4,a5,0x3
14000468:	00e40733          	add	a4,s0,a4
1400046c:	01072703          	lw	a4,16(a4)
14000470:	fce61ae3          	bne	a2,a4,14000444 <spawnFood+0x5c>
14000474:	fff58593          	addi	a1,a1,-1
14000478:	00168693          	addi	a3,a3,1
1400047c:	0ff6f693          	zext.b	a3,a3
14000480:	01000793          	li	a5,16
14000484:	00f68a63          	beq	a3,a5,14000498 <spawnFood+0xb0>
14000488:	00158593          	addi	a1,a1,1
1400048c:	00a5fe63          	bgeu	a1,a0,140004a8 <spawnFood+0xc0>
14000490:	00000793          	li	a5,0
14000494:	fb9ff06f          	j	1400044c <spawnFood+0x64>
14000498:	00160613          	addi	a2,a2,1
1400049c:	0ff67613          	zext.b	a2,a2
140004a0:	00000693          	li	a3,0
140004a4:	fe5ff06f          	j	14000488 <spawnFood+0xa0>
140004a8:	00d42023          	sw	a3,0(s0)
140004ac:	00c42223          	sw	a2,4(s0)
140004b0:	00c12083          	lw	ra,12(sp)
140004b4:	00812403          	lw	s0,8(sp)
140004b8:	01010113          	addi	sp,sp,16
140004bc:	00008067          	ret

140004c0 <GameInit>:
140004c0:	ff010113          	addi	sp,sp,-16
140004c4:	00112623          	sw	ra,12(sp)
140004c8:	00000693          	li	a3,0
140004cc:	0006a783          	lw	a5,0(a3)
140004d0:	00d79613          	slli	a2,a5,0xd
140004d4:	00c7c7b3          	xor	a5,a5,a2
140004d8:	00f6a023          	sw	a5,0(a3)
140004dc:	0117d613          	srli	a2,a5,0x11
140004e0:	00c7c7b3          	xor	a5,a5,a2
140004e4:	00f6a023          	sw	a5,0(a3)
140004e8:	00579613          	slli	a2,a5,0x5
140004ec:	00c7c7b3          	xor	a5,a5,a2
140004f0:	00f6a023          	sw	a5,0(a3)
140004f4:	fff7b613          	sltiu	a2,a5,-1
140004f8:	fff60613          	addi	a2,a2,-1
140004fc:	40c787b3          	sub	a5,a5,a2
14000500:	00f6a023          	sw	a5,0(a3)
14000504:	00050423          	sb	zero,8(a0)
14000508:	00100793          	li	a5,1
1400050c:	00f504a3          	sb	a5,9(a0)
14000510:	00050523          	sb	zero,10(a0)
14000514:	00800793          	li	a5,8
14000518:	00f52623          	sw	a5,12(a0)
1400051c:	00600793          	li	a5,6
14000520:	00f52823          	sw	a5,16(a0)
14000524:	20052623          	sw	zero,524(a0)
14000528:	20052823          	sw	zero,528(a0)
1400052c:	ebdff0ef          	jal	ra,140003e8 <spawnFood>
14000530:	00c12083          	lw	ra,12(sp)
14000534:	01010113          	addi	sp,sp,16
14000538:	00008067          	ret

1400053c <GameUpdate>:
1400053c:	fd010113          	addi	sp,sp,-48
14000540:	02112623          	sw	ra,44(sp)
14000544:	02812423          	sw	s0,40(sp)
14000548:	02912223          	sw	s1,36(sp)
1400054c:	00050413          	mv	s0,a0
14000550:	00b12423          	sw	a1,8(sp)
14000554:	00c12623          	sw	a2,12(sp)
14000558:	00a54783          	lbu	a5,10(a0)
1400055c:	00379793          	slli	a5,a5,0x3
14000560:	00f507b3          	add	a5,a0,a5
14000564:	20c52603          	lw	a2,524(a0)
14000568:	21052683          	lw	a3,528(a0)
1400056c:	00c7a503          	lw	a0,12(a5)
14000570:	0107a583          	lw	a1,16(a5)
14000574:	774000ef          	jal	ra,14000ce8 <Vector2Add>
14000578:	00a12c23          	sw	a0,24(sp)
1400057c:	00b12e23          	sw	a1,28(sp)
14000580:	01812483          	lw	s1,24(sp)
14000584:	01048493          	addi	s1,s1,16
14000588:	41f4d793          	srai	a5,s1,0x1f
1400058c:	01c7d793          	srli	a5,a5,0x1c
14000590:	00f484b3          	add	s1,s1,a5
14000594:	00f4f493          	andi	s1,s1,15
14000598:	40f484b3          	sub	s1,s1,a5
1400059c:	00912c23          	sw	s1,24(sp)
140005a0:	00c00593          	li	a1,12
140005a4:	01c12503          	lw	a0,28(sp)
140005a8:	00c50513          	addi	a0,a0,12
140005ac:	6d9000ef          	jal	ra,14001484 <__modsi3>
140005b0:	00a12e23          	sw	a0,28(sp)
140005b4:	00000793          	li	a5,0
140005b8:	00c0006f          	j	140005c4 <GameUpdate+0x88>
140005bc:	00178793          	addi	a5,a5,1
140005c0:	0ff7f793          	zext.b	a5,a5
140005c4:	00944703          	lbu	a4,9(s0)
140005c8:	02e7f663          	bgeu	a5,a4,140005f4 <GameUpdate+0xb8>
140005cc:	00379713          	slli	a4,a5,0x3
140005d0:	00e40733          	add	a4,s0,a4
140005d4:	00c72703          	lw	a4,12(a4)
140005d8:	fee492e3          	bne	s1,a4,140005bc <GameUpdate+0x80>
140005dc:	00379713          	slli	a4,a5,0x3
140005e0:	00e40733          	add	a4,s0,a4
140005e4:	01072703          	lw	a4,16(a4)
140005e8:	fce51ae3          	bne	a0,a4,140005bc <GameUpdate+0x80>
140005ec:	00200513          	li	a0,2
140005f0:	0380006f          	j	14000628 <GameUpdate+0xec>
140005f4:	00042783          	lw	a5,0(s0)
140005f8:	04f48263          	beq	s1,a5,1400063c <GameUpdate+0x100>
140005fc:	00a44783          	lbu	a5,10(s0)
14000600:	00178793          	addi	a5,a5,1
14000604:	03f7f793          	andi	a5,a5,63
14000608:	00f40523          	sb	a5,10(s0)
1400060c:	00379793          	slli	a5,a5,0x3
14000610:	00f40433          	add	s0,s0,a5
14000614:	01812783          	lw	a5,24(sp)
14000618:	00f42623          	sw	a5,12(s0)
1400061c:	01c12783          	lw	a5,28(sp)
14000620:	00f42823          	sw	a5,16(s0)
14000624:	00000513          	li	a0,0
14000628:	02c12083          	lw	ra,44(sp)
1400062c:	02812403          	lw	s0,40(sp)
14000630:	02412483          	lw	s1,36(sp)
14000634:	03010113          	addi	sp,sp,48
14000638:	00008067          	ret
1400063c:	00442783          	lw	a5,4(s0)
14000640:	faf51ee3          	bne	a0,a5,140005fc <GameUpdate+0xc0>
14000644:	00844783          	lbu	a5,8(s0)
14000648:	00178793          	addi	a5,a5,1
1400064c:	00f40423          	sb	a5,8(s0)
14000650:	03f00793          	li	a5,63
14000654:	00e7f663          	bgeu	a5,a4,14000660 <GameUpdate+0x124>
14000658:	00100513          	li	a0,1
1400065c:	fcdff06f          	j	14000628 <GameUpdate+0xec>
14000660:	00170713          	addi	a4,a4,1
14000664:	00e404a3          	sb	a4,9(s0)
14000668:	00040513          	mv	a0,s0
1400066c:	d7dff0ef          	jal	ra,140003e8 <spawnFood>
14000670:	f8dff06f          	j	140005fc <GameUpdate+0xc0>

14000674 <GameFinish>:
14000674:	00008067          	ret

14000678 <GetInput>:
14000678:	fe010113          	addi	sp,sp,-32
1400067c:	00112e23          	sw	ra,28(sp)
14000680:	00050613          	mv	a2,a0
14000684:	000103a3          	sb	zero,7(sp)
14000688:	00710593          	addi	a1,sp,7
1400068c:	13002537          	lui	a0,0x13002
14000690:	5f4000ef          	jal	ra,14000c84 <UARTReadWait>
14000694:	06050c63          	beqz	a0,1400070c <GetInput+0x94>
14000698:	00714783          	lbu	a5,7(sp)
1400069c:	07300713          	li	a4,115
140006a0:	04e78863          	beq	a5,a4,140006f0 <GetInput+0x78>
140006a4:	02f76263          	bltu	a4,a5,140006c8 <GetInput+0x50>
140006a8:	06100713          	li	a4,97
140006ac:	02e78a63          	beq	a5,a4,140006e0 <GetInput+0x68>
140006b0:	06400713          	li	a4,100
140006b4:	04e79663          	bne	a5,a4,14000700 <GetInput+0x88>
140006b8:	00012423          	sw	zero,8(sp)
140006bc:	00100793          	li	a5,1
140006c0:	00f12623          	sw	a5,12(sp)
140006c4:	0500006f          	j	14000714 <GetInput+0x9c>
140006c8:	07700713          	li	a4,119
140006cc:	02e79a63          	bne	a5,a4,14000700 <GetInput+0x88>
140006d0:	00012423          	sw	zero,8(sp)
140006d4:	00100793          	li	a5,1
140006d8:	00f12623          	sw	a5,12(sp)
140006dc:	0380006f          	j	14000714 <GetInput+0x9c>
140006e0:	00012423          	sw	zero,8(sp)
140006e4:	fff00793          	li	a5,-1
140006e8:	00f12623          	sw	a5,12(sp)
140006ec:	0280006f          	j	14000714 <GetInput+0x9c>
140006f0:	00012423          	sw	zero,8(sp)
140006f4:	fff00793          	li	a5,-1
140006f8:	00f12623          	sw	a5,12(sp)
140006fc:	0180006f          	j	14000714 <GetInput+0x9c>
14000700:	00012423          	sw	zero,8(sp)
14000704:	00012623          	sw	zero,12(sp)
14000708:	00c0006f          	j	14000714 <GetInput+0x9c>
1400070c:	00012423          	sw	zero,8(sp)
14000710:	00012623          	sw	zero,12(sp)
14000714:	00812503          	lw	a0,8(sp)
14000718:	00c12583          	lw	a1,12(sp)
1400071c:	01c12083          	lw	ra,28(sp)
14000720:	02010113          	addi	sp,sp,32
14000724:	00008067          	ret

14000728 <mini_strlen>:
14000728:	00050713          	mv	a4,a0
1400072c:	00000513          	li	a0,0
14000730:	0080006f          	j	14000738 <mini_strlen+0x10>
14000734:	00150513          	addi	a0,a0,1 # 13002001 <_stack_top+0x13001001>
14000738:	00a707b3          	add	a5,a4,a0
1400073c:	0007c783          	lbu	a5,0(a5)
14000740:	fe079ae3          	bnez	a5,14000734 <mini_strlen+0xc>
14000744:	00008067          	ret

14000748 <mini_itoa>:
14000748:	fd010113          	addi	sp,sp,-48
1400074c:	02112623          	sw	ra,44(sp)
14000750:	02812423          	sw	s0,40(sp)
14000754:	02912223          	sw	s1,36(sp)
14000758:	03212023          	sw	s2,32(sp)
1400075c:	01312e23          	sw	s3,28(sp)
14000760:	01412c23          	sw	s4,24(sp)
14000764:	01512a23          	sw	s5,20(sp)
14000768:	01612823          	sw	s6,16(sp)
1400076c:	01712623          	sw	s7,12(sp)
14000770:	00078a93          	mv	s5,a5
14000774:	01000793          	li	a5,16
14000778:	12b7e663          	bltu	a5,a1,140008a4 <mini_itoa+0x15c>
1400077c:	00058913          	mv	s2,a1
14000780:	00060b13          	mv	s6,a2
14000784:	00070993          	mv	s3,a4
14000788:	00054863          	bltz	a0,14000798 <mini_itoa+0x50>
1400078c:	00000b93          	li	s7,0
14000790:	00098493          	mv	s1,s3
14000794:	0440006f          	j	140007d8 <mini_itoa+0x90>
14000798:	00069863          	bnez	a3,140007a8 <mini_itoa+0x60>
1400079c:	40a00533          	neg	a0,a0
140007a0:	00100b93          	li	s7,1
140007a4:	fedff06f          	j	14000790 <mini_itoa+0x48>
140007a8:	00000b93          	li	s7,0
140007ac:	fe5ff06f          	j	14000790 <mini_itoa+0x48>
140007b0:	0ff57513          	zext.b	a0,a0
140007b4:	03050513          	addi	a0,a0,48
140007b8:	0ff57793          	zext.b	a5,a0
140007bc:	00148413          	addi	s0,s1,1
140007c0:	00f48023          	sb	a5,0(s1)
140007c4:	00090593          	mv	a1,s2
140007c8:	000a0513          	mv	a0,s4
140007cc:	43d000ef          	jal	ra,14001408 <__udivsi3>
140007d0:	04a05063          	blez	a0,14000810 <mini_itoa+0xc8>
140007d4:	00040493          	mv	s1,s0
140007d8:	00050a13          	mv	s4,a0
140007dc:	00090593          	mv	a1,s2
140007e0:	471000ef          	jal	ra,14001450 <__umodsi3>
140007e4:	00900793          	li	a5,9
140007e8:	fca7d4e3          	bge	a5,a0,140007b0 <mini_itoa+0x68>
140007ec:	000b0e63          	beqz	s6,14000808 <mini_itoa+0xc0>
140007f0:	04100793          	li	a5,65
140007f4:	00a787b3          	add	a5,a5,a0
140007f8:	0ff7f793          	zext.b	a5,a5
140007fc:	ff678793          	addi	a5,a5,-10
14000800:	0ff7f793          	zext.b	a5,a5
14000804:	fb9ff06f          	j	140007bc <mini_itoa+0x74>
14000808:	06100793          	li	a5,97
1400080c:	fe9ff06f          	j	140007f4 <mini_itoa+0xac>
14000810:	413407b3          	sub	a5,s0,s3
14000814:	0140006f          	j	14000828 <mini_itoa+0xe0>
14000818:	03000713          	li	a4,48
1400081c:	00e40023          	sb	a4,0(s0)
14000820:	00178793          	addi	a5,a5,1
14000824:	00140413          	addi	s0,s0,1
14000828:	ff57e8e3          	bltu	a5,s5,14000818 <mini_itoa+0xd0>
1400082c:	000b8863          	beqz	s7,1400083c <mini_itoa+0xf4>
14000830:	02d00793          	li	a5,45
14000834:	00f40023          	sb	a5,0(s0)
14000838:	00140413          	addi	s0,s0,1
1400083c:	00040023          	sb	zero,0(s0)
14000840:	41340533          	sub	a0,s0,s3
14000844:	00000713          	li	a4,0
14000848:	0280006f          	j	14000870 <mini_itoa+0x128>
1400084c:	00e986b3          	add	a3,s3,a4
14000850:	0006c603          	lbu	a2,0(a3)
14000854:	40e507b3          	sub	a5,a0,a4
14000858:	fff78793          	addi	a5,a5,-1
1400085c:	00f987b3          	add	a5,s3,a5
14000860:	0007c583          	lbu	a1,0(a5)
14000864:	00b68023          	sb	a1,0(a3)
14000868:	00c78023          	sb	a2,0(a5)
1400086c:	00170713          	addi	a4,a4,1
14000870:	00155793          	srli	a5,a0,0x1
14000874:	fcf76ce3          	bltu	a4,a5,1400084c <mini_itoa+0x104>
14000878:	02c12083          	lw	ra,44(sp)
1400087c:	02812403          	lw	s0,40(sp)
14000880:	02412483          	lw	s1,36(sp)
14000884:	02012903          	lw	s2,32(sp)
14000888:	01c12983          	lw	s3,28(sp)
1400088c:	01812a03          	lw	s4,24(sp)
14000890:	01412a83          	lw	s5,20(sp)
14000894:	01012b03          	lw	s6,16(sp)
14000898:	00c12b83          	lw	s7,12(sp)
1400089c:	03010113          	addi	sp,sp,48
140008a0:	00008067          	ret
140008a4:	00000513          	li	a0,0
140008a8:	fd1ff06f          	j	14000878 <mini_itoa+0x130>

140008ac <_putc>:
140008ac:	0045a703          	lw	a4,4(a1)
140008b0:	0005a783          	lw	a5,0(a1)
140008b4:	40f707b3          	sub	a5,a4,a5
140008b8:	00178793          	addi	a5,a5,1
140008bc:	0085a683          	lw	a3,8(a1)
140008c0:	02d7f063          	bgeu	a5,a3,140008e0 <_putc+0x34>
140008c4:	00170793          	addi	a5,a4,1
140008c8:	00f5a223          	sw	a5,4(a1)
140008cc:	00a70023          	sb	a0,0(a4)
140008d0:	0045a783          	lw	a5,4(a1)
140008d4:	00078023          	sb	zero,0(a5)
140008d8:	00100513          	li	a0,1
140008dc:	00008067          	ret
140008e0:	00000513          	li	a0,0
140008e4:	00008067          	ret

140008e8 <_puts>:
140008e8:	00050813          	mv	a6,a0
140008ec:	00862783          	lw	a5,8(a2)
140008f0:	00462703          	lw	a4,4(a2)
140008f4:	00062683          	lw	a3,0(a2)
140008f8:	40d70733          	sub	a4,a4,a3
140008fc:	40e787b3          	sub	a5,a5,a4
14000900:	fff78513          	addi	a0,a5,-1
14000904:	00b56463          	bltu	a0,a1,1400090c <_puts+0x24>
14000908:	00058513          	mv	a0,a1
1400090c:	00000793          	li	a5,0
14000910:	0200006f          	j	14000930 <_puts+0x48>
14000914:	00462703          	lw	a4,4(a2)
14000918:	00170693          	addi	a3,a4,1
1400091c:	00d62223          	sw	a3,4(a2)
14000920:	00f806b3          	add	a3,a6,a5
14000924:	0006c683          	lbu	a3,0(a3)
14000928:	00d70023          	sb	a3,0(a4)
1400092c:	00178793          	addi	a5,a5,1
14000930:	fea7e2e3          	bltu	a5,a0,14000914 <_puts+0x2c>
14000934:	00462783          	lw	a5,4(a2)
14000938:	00078023          	sb	zero,0(a5)
1400093c:	00008067          	ret

14000940 <mini_vsnprintf>:
14000940:	fb010113          	addi	sp,sp,-80
14000944:	04112623          	sw	ra,76(sp)
14000948:	04812423          	sw	s0,72(sp)
1400094c:	04912223          	sw	s1,68(sp)
14000950:	00060413          	mv	s0,a2
14000954:	00d12623          	sw	a3,12(sp)
14000958:	02a12a23          	sw	a0,52(sp)
1400095c:	02a12c23          	sw	a0,56(sp)
14000960:	02b12e23          	sw	a1,60(sp)
14000964:	0100006f          	j	14000974 <mini_vsnprintf+0x34>
14000968:	03410593          	addi	a1,sp,52
1400096c:	f41ff0ef          	jal	ra,140008ac <_putc>
14000970:	00048413          	mv	s0,s1
14000974:	00140493          	addi	s1,s0,1
14000978:	00044503          	lbu	a0,0(s0)
1400097c:	16050663          	beqz	a0,14000ae8 <mini_vsnprintf+0x1a8>
14000980:	03812783          	lw	a5,56(sp)
14000984:	03412703          	lw	a4,52(sp)
14000988:	40e787b3          	sub	a5,a5,a4
1400098c:	00178793          	addi	a5,a5,1
14000990:	03c12703          	lw	a4,60(sp)
14000994:	14e7fa63          	bgeu	a5,a4,14000ae8 <mini_vsnprintf+0x1a8>
14000998:	02500793          	li	a5,37
1400099c:	fcf516e3          	bne	a0,a5,14000968 <mini_vsnprintf+0x28>
140009a0:	00240413          	addi	s0,s0,2
140009a4:	0004c683          	lbu	a3,0(s1)
140009a8:	03000793          	li	a5,48
140009ac:	04f68463          	beq	a3,a5,140009f4 <mini_vsnprintf+0xb4>
140009b0:	00000793          	li	a5,0
140009b4:	00068513          	mv	a0,a3
140009b8:	12068863          	beqz	a3,14000ae8 <mini_vsnprintf+0x1a8>
140009bc:	07800713          	li	a4,120
140009c0:	10d76e63          	bltu	a4,a3,14000adc <mini_vsnprintf+0x19c>
140009c4:	05800713          	li	a4,88
140009c8:	10e6ea63          	bltu	a3,a4,14000adc <mini_vsnprintf+0x19c>
140009cc:	fa868713          	addi	a4,a3,-88
140009d0:	0ff77593          	zext.b	a1,a4
140009d4:	02000613          	li	a2,32
140009d8:	10b66263          	bltu	a2,a1,14000adc <mini_vsnprintf+0x19c>
140009dc:	00259713          	slli	a4,a1,0x2
140009e0:	14000637          	lui	a2,0x14000
140009e4:	09460613          	addi	a2,a2,148 # 14000094 <scoreFormatText+0xc>
140009e8:	00c70733          	add	a4,a4,a2
140009ec:	00072703          	lw	a4,0(a4)
140009f0:	00070067          	jr	a4
140009f4:	0014c783          	lbu	a5,1(s1)
140009f8:	0e078863          	beqz	a5,14000ae8 <mini_vsnprintf+0x1a8>
140009fc:	fd078793          	addi	a5,a5,-48
14000a00:	0ff7f793          	zext.b	a5,a5
14000a04:	00900713          	li	a4,9
14000a08:	00f77463          	bgeu	a4,a5,14000a10 <mini_vsnprintf+0xd0>
14000a0c:	00000793          	li	a5,0
14000a10:	00348413          	addi	s0,s1,3
14000a14:	0024c683          	lbu	a3,2(s1)
14000a18:	f9dff06f          	j	140009b4 <mini_vsnprintf+0x74>
14000a1c:	00c12503          	lw	a0,12(sp)
14000a20:	00450713          	addi	a4,a0,4
14000a24:	00e12623          	sw	a4,12(sp)
14000a28:	f8b68693          	addi	a3,a3,-117
14000a2c:	01c10713          	addi	a4,sp,28
14000a30:	0016b693          	seqz	a3,a3
14000a34:	00000613          	li	a2,0
14000a38:	00a00593          	li	a1,10
14000a3c:	00052503          	lw	a0,0(a0)
14000a40:	d09ff0ef          	jal	ra,14000748 <mini_itoa>
14000a44:	00050593          	mv	a1,a0
14000a48:	03410613          	addi	a2,sp,52
14000a4c:	01c10513          	addi	a0,sp,28
14000a50:	e99ff0ef          	jal	ra,140008e8 <_puts>
14000a54:	f21ff06f          	j	14000974 <mini_vsnprintf+0x34>
14000a58:	00c12503          	lw	a0,12(sp)
14000a5c:	00450713          	addi	a4,a0,4
14000a60:	00e12623          	sw	a4,12(sp)
14000a64:	fa868613          	addi	a2,a3,-88
14000a68:	01c10713          	addi	a4,sp,28
14000a6c:	00100693          	li	a3,1
14000a70:	00163613          	seqz	a2,a2
14000a74:	01000593          	li	a1,16
14000a78:	00052503          	lw	a0,0(a0)
14000a7c:	ccdff0ef          	jal	ra,14000748 <mini_itoa>
14000a80:	00050593          	mv	a1,a0
14000a84:	03410613          	addi	a2,sp,52
14000a88:	01c10513          	addi	a0,sp,28
14000a8c:	e5dff0ef          	jal	ra,140008e8 <_puts>
14000a90:	ee5ff06f          	j	14000974 <mini_vsnprintf+0x34>
14000a94:	00c12783          	lw	a5,12(sp)
14000a98:	00478713          	addi	a4,a5,4
14000a9c:	00e12623          	sw	a4,12(sp)
14000aa0:	03410593          	addi	a1,sp,52
14000aa4:	0007c503          	lbu	a0,0(a5)
14000aa8:	e05ff0ef          	jal	ra,140008ac <_putc>
14000aac:	ec9ff06f          	j	14000974 <mini_vsnprintf+0x34>
14000ab0:	00c12783          	lw	a5,12(sp)
14000ab4:	00478713          	addi	a4,a5,4
14000ab8:	00e12623          	sw	a4,12(sp)
14000abc:	0007a483          	lw	s1,0(a5)
14000ac0:	00048513          	mv	a0,s1
14000ac4:	c65ff0ef          	jal	ra,14000728 <mini_strlen>
14000ac8:	00050593          	mv	a1,a0
14000acc:	03410613          	addi	a2,sp,52
14000ad0:	00048513          	mv	a0,s1
14000ad4:	e15ff0ef          	jal	ra,140008e8 <_puts>
14000ad8:	e9dff06f          	j	14000974 <mini_vsnprintf+0x34>
14000adc:	03410593          	addi	a1,sp,52
14000ae0:	dcdff0ef          	jal	ra,140008ac <_putc>
14000ae4:	e91ff06f          	j	14000974 <mini_vsnprintf+0x34>
14000ae8:	03812503          	lw	a0,56(sp)
14000aec:	03412783          	lw	a5,52(sp)
14000af0:	40f50533          	sub	a0,a0,a5
14000af4:	04c12083          	lw	ra,76(sp)
14000af8:	04812403          	lw	s0,72(sp)
14000afc:	04412483          	lw	s1,68(sp)
14000b00:	05010113          	addi	sp,sp,80
14000b04:	00008067          	ret

14000b08 <mini_snprintf>:
14000b08:	fc010113          	addi	sp,sp,-64
14000b0c:	00112e23          	sw	ra,28(sp)
14000b10:	02d12623          	sw	a3,44(sp)
14000b14:	02e12823          	sw	a4,48(sp)
14000b18:	02f12a23          	sw	a5,52(sp)
14000b1c:	03012c23          	sw	a6,56(sp)
14000b20:	03112e23          	sw	a7,60(sp)
14000b24:	02c10693          	addi	a3,sp,44
14000b28:	00d12623          	sw	a3,12(sp)
14000b2c:	e15ff0ef          	jal	ra,14000940 <mini_vsnprintf>
14000b30:	01c12083          	lw	ra,28(sp)
14000b34:	04010113          	addi	sp,sp,64
14000b38:	00008067          	ret

14000b3c <Setup>:
14000b3c:	ff010113          	addi	sp,sp,-16
14000b40:	00112623          	sw	ra,12(sp)
14000b44:	0e400513          	li	a0,228
14000b48:	979ff0ef          	jal	ra,140004c0 <GameInit>
14000b4c:	00c12083          	lw	ra,12(sp)
14000b50:	01010113          	addi	sp,sp,16
14000b54:	00008067          	ret

14000b58 <Loop>:
14000b58:	fe010113          	addi	sp,sp,-32
14000b5c:	00112e23          	sw	ra,28(sp)
14000b60:	00812c23          	sw	s0,24(sp)
14000b64:	06400513          	li	a0,100
14000b68:	b11ff0ef          	jal	ra,14000678 <GetInput>
14000b6c:	00a12423          	sw	a0,8(sp)
14000b70:	00b12623          	sw	a1,12(sp)
14000b74:	00812583          	lw	a1,8(sp)
14000b78:	00c12603          	lw	a2,12(sp)
14000b7c:	0e400513          	li	a0,228
14000b80:	9bdff0ef          	jal	ra,1400053c <GameUpdate>
14000b84:	00050413          	mv	s0,a0
14000b88:	00100793          	li	a5,1
14000b8c:	02f50063          	beq	a0,a5,14000bac <Loop+0x54>
14000b90:	00200793          	li	a5,2
14000b94:	02f50463          	beq	a0,a5,14000bbc <Loop+0x64>
14000b98:	00040513          	mv	a0,s0
14000b9c:	01c12083          	lw	ra,28(sp)
14000ba0:	01812403          	lw	s0,24(sp)
14000ba4:	02010113          	addi	sp,sp,32
14000ba8:	00008067          	ret
14000bac:	0e400793          	li	a5,228
14000bb0:	0087c503          	lbu	a0,8(a5)
14000bb4:	e64ff0ef          	jal	ra,14000218 <DrawGameWin>
14000bb8:	fe1ff06f          	j	14000b98 <Loop+0x40>
14000bbc:	0e400793          	li	a5,228
14000bc0:	0087c503          	lbu	a0,8(a5)
14000bc4:	f3cff0ef          	jal	ra,14000300 <DrawGameLose>
14000bc8:	fd1ff06f          	j	14000b98 <Loop+0x40>

14000bcc <Finish>:
14000bcc:	ff010113          	addi	sp,sp,-16
14000bd0:	00112623          	sw	ra,12(sp)
14000bd4:	0e400513          	li	a0,228
14000bd8:	a9dff0ef          	jal	ra,14000674 <GameFinish>
14000bdc:	00c12083          	lw	ra,12(sp)
14000be0:	01010113          	addi	sp,sp,16
14000be4:	00008067          	ret

14000be8 <GetMicros>:
14000be8:	ff010113          	addi	sp,sp,-16
14000bec:	00112623          	sw	ra,12(sp)
14000bf0:	c80027f3          	rdcycleh	a5
14000bf4:	c0002573          	rdcycle	a0
14000bf8:	c8002773          	rdcycleh	a4
14000bfc:	fee79ae3          	bne	a5,a4,14000bf0 <GetMicros+0x8>
14000c00:	01f55713          	srli	a4,a0,0x1f
14000c04:	00179693          	slli	a3,a5,0x1
14000c08:	00d766b3          	or	a3,a4,a3
14000c0c:	00151713          	slli	a4,a0,0x1
14000c10:	00a705b3          	add	a1,a4,a0
14000c14:	00e5b733          	sltu	a4,a1,a4
14000c18:	00f686b3          	add	a3,a3,a5
14000c1c:	00d70733          	add	a4,a4,a3
14000c20:	01d5d693          	srli	a3,a1,0x1d
14000c24:	00371713          	slli	a4,a4,0x3
14000c28:	00e6e733          	or	a4,a3,a4
14000c2c:	00359593          	slli	a1,a1,0x3
14000c30:	00a58533          	add	a0,a1,a0
14000c34:	00b535b3          	sltu	a1,a0,a1
14000c38:	00f70733          	add	a4,a4,a5
14000c3c:	3e800613          	li	a2,1000
14000c40:	00000693          	li	a3,0
14000c44:	00e585b3          	add	a1,a1,a4
14000c48:	144000ef          	jal	ra,14000d8c <__udivdi3>
14000c4c:	00c12083          	lw	ra,12(sp)
14000c50:	01010113          	addi	sp,sp,16
14000c54:	00008067          	ret

14000c58 <UARTInit>:
14000c58:	00052023          	sw	zero,0(a0)
14000c5c:	00f00793          	li	a5,15
14000c60:	00f52223          	sw	a5,4(a0)
14000c64:	00b52023          	sw	a1,0(a0)
14000c68:	00008067          	ret

14000c6c <UARTWrite>:
14000c6c:	00b52823          	sw	a1,16(a0)
14000c70:	00008067          	ret

14000c74 <UARTRead>:
14000c74:	00c52503          	lw	a0,12(a0)
14000c78:	00a58023          	sb	a0,0(a1)
14000c7c:	10057513          	andi	a0,a0,256
14000c80:	00008067          	ret

14000c84 <UARTReadWait>:
14000c84:	ff010113          	addi	sp,sp,-16
14000c88:	00112623          	sw	ra,12(sp)
14000c8c:	00812423          	sw	s0,8(sp)
14000c90:	00912223          	sw	s1,4(sp)
14000c94:	01212023          	sw	s2,0(sp)
14000c98:	00050913          	mv	s2,a0
14000c9c:	00058493          	mv	s1,a1
14000ca0:	00060413          	mv	s0,a2
14000ca4:	f45ff0ef          	jal	ra,14000be8 <GetMicros>
14000ca8:	00850433          	add	s0,a0,s0
14000cac:	f3dff0ef          	jal	ra,14000be8 <GetMicros>
14000cb0:	00857e63          	bgeu	a0,s0,14000ccc <UARTReadWait+0x48>
14000cb4:	00048593          	mv	a1,s1
14000cb8:	00090513          	mv	a0,s2
14000cbc:	fb9ff0ef          	jal	ra,14000c74 <UARTRead>
14000cc0:	fe0506e3          	beqz	a0,14000cac <UARTReadWait+0x28>
14000cc4:	00100513          	li	a0,1
14000cc8:	0080006f          	j	14000cd0 <UARTReadWait+0x4c>
14000ccc:	00000513          	li	a0,0
14000cd0:	00c12083          	lw	ra,12(sp)
14000cd4:	00812403          	lw	s0,8(sp)
14000cd8:	00412483          	lw	s1,4(sp)
14000cdc:	00012903          	lw	s2,0(sp)
14000ce0:	01010113          	addi	sp,sp,16
14000ce4:	00008067          	ret

14000ce8 <Vector2Add>:
14000ce8:	fe010113          	addi	sp,sp,-32
14000cec:	00a12423          	sw	a0,8(sp)
14000cf0:	00b12623          	sw	a1,12(sp)
14000cf4:	00c12023          	sw	a2,0(sp)
14000cf8:	00d12223          	sw	a3,4(sp)
14000cfc:	00c50533          	add	a0,a0,a2
14000d00:	00a12823          	sw	a0,16(sp)
14000d04:	00d585b3          	add	a1,a1,a3
14000d08:	00b12a23          	sw	a1,20(sp)
14000d0c:	00a12c23          	sw	a0,24(sp)
14000d10:	00b12e23          	sw	a1,28(sp)
14000d14:	02010113          	addi	sp,sp,32
14000d18:	00008067          	ret

14000d1c <main>:
14000d1c:	ff010113          	addi	sp,sp,-16
14000d20:	00112623          	sw	ra,12(sp)
14000d24:	000305b7          	lui	a1,0x30
14000d28:	02b58593          	addi	a1,a1,43 # 3002b <_stack_top+0x2f02b>
14000d2c:	13002537          	lui	a0,0x13002
14000d30:	f29ff0ef          	jal	ra,14000c58 <UARTInit>
14000d34:	04800593          	li	a1,72
14000d38:	13002537          	lui	a0,0x13002
14000d3c:	f31ff0ef          	jal	ra,14000c6c <UARTWrite>
14000d40:	06500593          	li	a1,101
14000d44:	13002537          	lui	a0,0x13002
14000d48:	f25ff0ef          	jal	ra,14000c6c <UARTWrite>
14000d4c:	06c00593          	li	a1,108
14000d50:	13002537          	lui	a0,0x13002
14000d54:	f19ff0ef          	jal	ra,14000c6c <UARTWrite>
14000d58:	06c00593          	li	a1,108
14000d5c:	13002537          	lui	a0,0x13002
14000d60:	f0dff0ef          	jal	ra,14000c6c <UARTWrite>
14000d64:	06f00593          	li	a1,111
14000d68:	13002537          	lui	a0,0x13002
14000d6c:	f01ff0ef          	jal	ra,14000c6c <UARTWrite>
14000d70:	dcdff0ef          	jal	ra,14000b3c <Setup>
14000d74:	de5ff0ef          	jal	ra,14000b58 <Loop>
14000d78:	fe050ee3          	beqz	a0,14000d74 <main+0x58>
14000d7c:	e51ff0ef          	jal	ra,14000bcc <Finish>
14000d80:	00c12083          	lw	ra,12(sp)
14000d84:	01010113          	addi	sp,sp,16
14000d88:	00008067          	ret

14000d8c <__udivdi3>:
14000d8c:	fd010113          	addi	sp,sp,-48
14000d90:	02812423          	sw	s0,40(sp)
14000d94:	02112623          	sw	ra,44(sp)
14000d98:	02912223          	sw	s1,36(sp)
14000d9c:	03212023          	sw	s2,32(sp)
14000da0:	01312e23          	sw	s3,28(sp)
14000da4:	01412c23          	sw	s4,24(sp)
14000da8:	01512a23          	sw	s5,20(sp)
14000dac:	01612823          	sw	s6,16(sp)
14000db0:	01712623          	sw	s7,12(sp)
14000db4:	01812423          	sw	s8,8(sp)
14000db8:	01912223          	sw	s9,4(sp)
14000dbc:	00050413          	mv	s0,a0
14000dc0:	12069c63          	bnez	a3,14000ef8 <__udivdi3+0x16c>
14000dc4:	00060993          	mv	s3,a2
14000dc8:	00050493          	mv	s1,a0
14000dcc:	1cc5f263          	bgeu	a1,a2,14000f90 <__udivdi3+0x204>
14000dd0:	000107b7          	lui	a5,0x10
14000dd4:	00058913          	mv	s2,a1
14000dd8:	3ef66263          	bltu	a2,a5,140011bc <__udivdi3+0x430>
14000ddc:	010007b7          	lui	a5,0x1000
14000de0:	00f637b3          	sltu	a5,a2,a5
14000de4:	40f007b3          	neg	a5,a5
14000de8:	ff87f793          	andi	a5,a5,-8
14000dec:	01878793          	addi	a5,a5,24 # 1000018 <_stack_top+0xfff018>
14000df0:	00f656b3          	srl	a3,a2,a5
14000df4:	ebfff717          	auipc	a4,0xebfff
14000df8:	21472703          	lw	a4,532(a4) # 8 <_GLOBAL_OFFSET_TABLE_+0x4>
14000dfc:	00d70733          	add	a4,a4,a3
14000e00:	00074703          	lbu	a4,0(a4)
14000e04:	02000693          	li	a3,32
14000e08:	00f707b3          	add	a5,a4,a5
14000e0c:	40f68733          	sub	a4,a3,a5
14000e10:	00f68c63          	beq	a3,a5,14000e28 <__udivdi3+0x9c>
14000e14:	00e59933          	sll	s2,a1,a4
14000e18:	00f457b3          	srl	a5,s0,a5
14000e1c:	00e619b3          	sll	s3,a2,a4
14000e20:	0127e933          	or	s2,a5,s2
14000e24:	00e414b3          	sll	s1,s0,a4
14000e28:	0109da93          	srli	s5,s3,0x10
14000e2c:	000a8593          	mv	a1,s5
14000e30:	00090513          	mv	a0,s2
14000e34:	01099b13          	slli	s6,s3,0x10
14000e38:	5d0000ef          	jal	ra,14001408 <__udivsi3>
14000e3c:	010b5b13          	srli	s6,s6,0x10
14000e40:	00050593          	mv	a1,a0
14000e44:	00050413          	mv	s0,a0
14000e48:	000b0513          	mv	a0,s6
14000e4c:	590000ef          	jal	ra,140013dc <__mulsi3>
14000e50:	00050793          	mv	a5,a0
14000e54:	000a8593          	mv	a1,s5
14000e58:	00090513          	mv	a0,s2
14000e5c:	00078913          	mv	s2,a5
14000e60:	5f0000ef          	jal	ra,14001450 <__umodsi3>
14000e64:	01051513          	slli	a0,a0,0x10
14000e68:	0104d793          	srli	a5,s1,0x10
14000e6c:	00a7e7b3          	or	a5,a5,a0
14000e70:	0127fc63          	bgeu	a5,s2,14000e88 <__udivdi3+0xfc>
14000e74:	013787b3          	add	a5,a5,s3
14000e78:	fff40713          	addi	a4,s0,-1
14000e7c:	0137e463          	bltu	a5,s3,14000e84 <__udivdi3+0xf8>
14000e80:	5527e263          	bltu	a5,s2,140013c4 <__udivdi3+0x638>
14000e84:	00070413          	mv	s0,a4
14000e88:	41278933          	sub	s2,a5,s2
14000e8c:	000a8593          	mv	a1,s5
14000e90:	00090513          	mv	a0,s2
14000e94:	574000ef          	jal	ra,14001408 <__udivsi3>
14000e98:	00050593          	mv	a1,a0
14000e9c:	00050a13          	mv	s4,a0
14000ea0:	000b0513          	mv	a0,s6
14000ea4:	538000ef          	jal	ra,140013dc <__mulsi3>
14000ea8:	00050793          	mv	a5,a0
14000eac:	000a8593          	mv	a1,s5
14000eb0:	00090513          	mv	a0,s2
14000eb4:	01049493          	slli	s1,s1,0x10
14000eb8:	00078913          	mv	s2,a5
14000ebc:	594000ef          	jal	ra,14001450 <__umodsi3>
14000ec0:	01051513          	slli	a0,a0,0x10
14000ec4:	0104d493          	srli	s1,s1,0x10
14000ec8:	00a4e4b3          	or	s1,s1,a0
14000ecc:	0124fe63          	bgeu	s1,s2,14000ee8 <__udivdi3+0x15c>
14000ed0:	009984b3          	add	s1,s3,s1
14000ed4:	fffa0793          	addi	a5,s4,-1
14000ed8:	0134e663          	bltu	s1,s3,14000ee4 <__udivdi3+0x158>
14000edc:	ffea0a13          	addi	s4,s4,-2
14000ee0:	0124e463          	bltu	s1,s2,14000ee8 <__udivdi3+0x15c>
14000ee4:	00078a13          	mv	s4,a5
14000ee8:	01041413          	slli	s0,s0,0x10
14000eec:	01446533          	or	a0,s0,s4
14000ef0:	00000913          	li	s2,0
14000ef4:	0100006f          	j	14000f04 <__udivdi3+0x178>
14000ef8:	04d5f263          	bgeu	a1,a3,14000f3c <__udivdi3+0x1b0>
14000efc:	00000913          	li	s2,0
14000f00:	00000513          	li	a0,0
14000f04:	02c12083          	lw	ra,44(sp)
14000f08:	02812403          	lw	s0,40(sp)
14000f0c:	02412483          	lw	s1,36(sp)
14000f10:	01c12983          	lw	s3,28(sp)
14000f14:	01812a03          	lw	s4,24(sp)
14000f18:	01412a83          	lw	s5,20(sp)
14000f1c:	01012b03          	lw	s6,16(sp)
14000f20:	00c12b83          	lw	s7,12(sp)
14000f24:	00812c03          	lw	s8,8(sp)
14000f28:	00412c83          	lw	s9,4(sp)
14000f2c:	00090593          	mv	a1,s2
14000f30:	02012903          	lw	s2,32(sp)
14000f34:	03010113          	addi	sp,sp,48
14000f38:	00008067          	ret
14000f3c:	000107b7          	lui	a5,0x10
14000f40:	28f6e663          	bltu	a3,a5,140011cc <__udivdi3+0x440>
14000f44:	010007b7          	lui	a5,0x1000
14000f48:	00f6b7b3          	sltu	a5,a3,a5
14000f4c:	40f007b3          	neg	a5,a5
14000f50:	ff87f793          	andi	a5,a5,-8
14000f54:	01878793          	addi	a5,a5,24 # 1000018 <_stack_top+0xfff018>
14000f58:	00f6d533          	srl	a0,a3,a5
14000f5c:	ebfff717          	auipc	a4,0xebfff
14000f60:	0ac72703          	lw	a4,172(a4) # 8 <_GLOBAL_OFFSET_TABLE_+0x4>
14000f64:	00a70733          	add	a4,a4,a0
14000f68:	00074703          	lbu	a4,0(a4)
14000f6c:	02000513          	li	a0,32
14000f70:	00f70733          	add	a4,a4,a5
14000f74:	40e50a33          	sub	s4,a0,a4
14000f78:	28e51263          	bne	a0,a4,140011fc <__udivdi3+0x470>
14000f7c:	40b6ee63          	bltu	a3,a1,14001398 <__udivdi3+0x60c>
14000f80:	00c43533          	sltu	a0,s0,a2
14000f84:	00154513          	xori	a0,a0,1
14000f88:	00000913          	li	s2,0
14000f8c:	f79ff06f          	j	14000f04 <__udivdi3+0x178>
14000f90:	00061463          	bnez	a2,14000f98 <__udivdi3+0x20c>
14000f94:	00100073          	ebreak
14000f98:	000107b7          	lui	a5,0x10
14000f9c:	10f66463          	bltu	a2,a5,140010a4 <__udivdi3+0x318>
14000fa0:	010007b7          	lui	a5,0x1000
14000fa4:	00f637b3          	sltu	a5,a2,a5
14000fa8:	40f007b3          	neg	a5,a5
14000fac:	ff87f793          	andi	a5,a5,-8
14000fb0:	01878793          	addi	a5,a5,24 # 1000018 <_stack_top+0xfff018>
14000fb4:	00f656b3          	srl	a3,a2,a5
14000fb8:	ebfff717          	auipc	a4,0xebfff
14000fbc:	05072703          	lw	a4,80(a4) # 8 <_GLOBAL_OFFSET_TABLE_+0x4>
14000fc0:	00d70733          	add	a4,a4,a3
14000fc4:	00074a03          	lbu	s4,0(a4)
14000fc8:	02000713          	li	a4,32
14000fcc:	00fa0a33          	add	s4,s4,a5
14000fd0:	414707b3          	sub	a5,a4,s4
14000fd4:	11471063          	bne	a4,s4,140010d4 <__udivdi3+0x348>
14000fd8:	01061a93          	slli	s5,a2,0x10
14000fdc:	40c58a33          	sub	s4,a1,a2
14000fe0:	01065b13          	srli	s6,a2,0x10
14000fe4:	010ada93          	srli	s5,s5,0x10
14000fe8:	00100913          	li	s2,1
14000fec:	000b0593          	mv	a1,s6
14000ff0:	000a0513          	mv	a0,s4
14000ff4:	414000ef          	jal	ra,14001408 <__udivsi3>
14000ff8:	000a8593          	mv	a1,s5
14000ffc:	00050413          	mv	s0,a0
14001000:	3dc000ef          	jal	ra,140013dc <__mulsi3>
14001004:	00050793          	mv	a5,a0
14001008:	000b0593          	mv	a1,s6
1400100c:	000a0513          	mv	a0,s4
14001010:	00078a13          	mv	s4,a5
14001014:	43c000ef          	jal	ra,14001450 <__umodsi3>
14001018:	01051513          	slli	a0,a0,0x10
1400101c:	0104d793          	srli	a5,s1,0x10
14001020:	00a7e7b3          	or	a5,a5,a0
14001024:	0147fc63          	bgeu	a5,s4,1400103c <__udivdi3+0x2b0>
14001028:	013787b3          	add	a5,a5,s3
1400102c:	fff40713          	addi	a4,s0,-1
14001030:	0137e463          	bltu	a5,s3,14001038 <__udivdi3+0x2ac>
14001034:	3947ee63          	bltu	a5,s4,140013d0 <__udivdi3+0x644>
14001038:	00070413          	mv	s0,a4
1400103c:	41478a33          	sub	s4,a5,s4
14001040:	000b0593          	mv	a1,s6
14001044:	000a0513          	mv	a0,s4
14001048:	3c0000ef          	jal	ra,14001408 <__udivsi3>
1400104c:	000a8593          	mv	a1,s5
14001050:	00050a93          	mv	s5,a0
14001054:	388000ef          	jal	ra,140013dc <__mulsi3>
14001058:	00050793          	mv	a5,a0
1400105c:	000b0593          	mv	a1,s6
14001060:	000a0513          	mv	a0,s4
14001064:	01049493          	slli	s1,s1,0x10
14001068:	00078a13          	mv	s4,a5
1400106c:	3e4000ef          	jal	ra,14001450 <__umodsi3>
14001070:	01051513          	slli	a0,a0,0x10
14001074:	0104d493          	srli	s1,s1,0x10
14001078:	00a4e4b3          	or	s1,s1,a0
1400107c:	0144fe63          	bgeu	s1,s4,14001098 <__udivdi3+0x30c>
14001080:	009984b3          	add	s1,s3,s1
14001084:	fffa8793          	addi	a5,s5,-1
14001088:	0134e663          	bltu	s1,s3,14001094 <__udivdi3+0x308>
1400108c:	ffea8a93          	addi	s5,s5,-2
14001090:	0144e463          	bltu	s1,s4,14001098 <__udivdi3+0x30c>
14001094:	00078a93          	mv	s5,a5
14001098:	01041413          	slli	s0,s0,0x10
1400109c:	01546533          	or	a0,s0,s5
140010a0:	e65ff06f          	j	14000f04 <__udivdi3+0x178>
140010a4:	10063793          	sltiu	a5,a2,256
140010a8:	0017c793          	xori	a5,a5,1
140010ac:	00379793          	slli	a5,a5,0x3
140010b0:	00f656b3          	srl	a3,a2,a5
140010b4:	ebfff717          	auipc	a4,0xebfff
140010b8:	f5472703          	lw	a4,-172(a4) # 8 <_GLOBAL_OFFSET_TABLE_+0x4>
140010bc:	00d70733          	add	a4,a4,a3
140010c0:	00074a03          	lbu	s4,0(a4)
140010c4:	02000713          	li	a4,32
140010c8:	00fa0a33          	add	s4,s4,a5
140010cc:	414707b3          	sub	a5,a4,s4
140010d0:	f14704e3          	beq	a4,s4,14000fd8 <__udivdi3+0x24c>
140010d4:	00f619b3          	sll	s3,a2,a5
140010d8:	0145dbb3          	srl	s7,a1,s4
140010dc:	0109db13          	srli	s6,s3,0x10
140010e0:	00f59733          	sll	a4,a1,a5
140010e4:	01445a33          	srl	s4,s0,s4
140010e8:	000b0593          	mv	a1,s6
140010ec:	000b8513          	mv	a0,s7
140010f0:	01099a93          	slli	s5,s3,0x10
140010f4:	00f414b3          	sll	s1,s0,a5
140010f8:	00ea6a33          	or	s4,s4,a4
140010fc:	010ada93          	srli	s5,s5,0x10
14001100:	308000ef          	jal	ra,14001408 <__udivsi3>
14001104:	00050593          	mv	a1,a0
14001108:	00050913          	mv	s2,a0
1400110c:	000a8513          	mv	a0,s5
14001110:	2cc000ef          	jal	ra,140013dc <__mulsi3>
14001114:	00050413          	mv	s0,a0
14001118:	000b0593          	mv	a1,s6
1400111c:	000b8513          	mv	a0,s7
14001120:	330000ef          	jal	ra,14001450 <__umodsi3>
14001124:	01051513          	slli	a0,a0,0x10
14001128:	010a5793          	srli	a5,s4,0x10
1400112c:	00a7e7b3          	or	a5,a5,a0
14001130:	0087fe63          	bgeu	a5,s0,1400114c <__udivdi3+0x3c0>
14001134:	013787b3          	add	a5,a5,s3
14001138:	fff90713          	addi	a4,s2,-1
1400113c:	2937e063          	bltu	a5,s3,140013bc <__udivdi3+0x630>
14001140:	2687fe63          	bgeu	a5,s0,140013bc <__udivdi3+0x630>
14001144:	ffe90913          	addi	s2,s2,-2
14001148:	013787b3          	add	a5,a5,s3
1400114c:	40878433          	sub	s0,a5,s0
14001150:	000b0593          	mv	a1,s6
14001154:	00040513          	mv	a0,s0
14001158:	2b0000ef          	jal	ra,14001408 <__udivsi3>
1400115c:	00050593          	mv	a1,a0
14001160:	00050b93          	mv	s7,a0
14001164:	000a8513          	mv	a0,s5
14001168:	274000ef          	jal	ra,140013dc <__mulsi3>
1400116c:	00050793          	mv	a5,a0
14001170:	000b0593          	mv	a1,s6
14001174:	00040513          	mv	a0,s0
14001178:	010a1a13          	slli	s4,s4,0x10
1400117c:	00078413          	mv	s0,a5
14001180:	2d0000ef          	jal	ra,14001450 <__umodsi3>
14001184:	01051513          	slli	a0,a0,0x10
14001188:	010a5a13          	srli	s4,s4,0x10
1400118c:	00aa6a33          	or	s4,s4,a0
14001190:	008a7e63          	bgeu	s4,s0,140011ac <__udivdi3+0x420>
14001194:	013a0a33          	add	s4,s4,s3
14001198:	fffb8793          	addi	a5,s7,-1
1400119c:	213a6863          	bltu	s4,s3,140013ac <__udivdi3+0x620>
140011a0:	208a7663          	bgeu	s4,s0,140013ac <__udivdi3+0x620>
140011a4:	ffeb8b93          	addi	s7,s7,-2
140011a8:	013a0a33          	add	s4,s4,s3
140011ac:	01091913          	slli	s2,s2,0x10
140011b0:	408a0a33          	sub	s4,s4,s0
140011b4:	01796933          	or	s2,s2,s7
140011b8:	e35ff06f          	j	14000fec <__udivdi3+0x260>
140011bc:	10063793          	sltiu	a5,a2,256
140011c0:	0017c793          	xori	a5,a5,1
140011c4:	00379793          	slli	a5,a5,0x3
140011c8:	c29ff06f          	j	14000df0 <__udivdi3+0x64>
140011cc:	1006b793          	sltiu	a5,a3,256
140011d0:	0017c793          	xori	a5,a5,1
140011d4:	00379793          	slli	a5,a5,0x3
140011d8:	00f6d533          	srl	a0,a3,a5
140011dc:	ebfff717          	auipc	a4,0xebfff
140011e0:	e2c72703          	lw	a4,-468(a4) # 8 <_GLOBAL_OFFSET_TABLE_+0x4>
140011e4:	00a70733          	add	a4,a4,a0
140011e8:	00074703          	lbu	a4,0(a4)
140011ec:	02000513          	li	a0,32
140011f0:	00f70733          	add	a4,a4,a5
140011f4:	40e50a33          	sub	s4,a0,a4
140011f8:	d8e502e3          	beq	a0,a4,14000f7c <__udivdi3+0x1f0>
140011fc:	00e65933          	srl	s2,a2,a4
14001200:	014696b3          	sll	a3,a3,s4
14001204:	00d96933          	or	s2,s2,a3
14001208:	00e5db33          	srl	s6,a1,a4
1400120c:	01095c93          	srli	s9,s2,0x10
14001210:	014597b3          	sll	a5,a1,s4
14001214:	00e45733          	srl	a4,s0,a4
14001218:	000c8593          	mv	a1,s9
1400121c:	000b0513          	mv	a0,s6
14001220:	01091c13          	slli	s8,s2,0x10
14001224:	00f76bb3          	or	s7,a4,a5
14001228:	01461ab3          	sll	s5,a2,s4
1400122c:	010c5c13          	srli	s8,s8,0x10
14001230:	1d8000ef          	jal	ra,14001408 <__udivsi3>
14001234:	00050593          	mv	a1,a0
14001238:	00050993          	mv	s3,a0
1400123c:	000c0513          	mv	a0,s8
14001240:	19c000ef          	jal	ra,140013dc <__mulsi3>
14001244:	00050493          	mv	s1,a0
14001248:	000c8593          	mv	a1,s9
1400124c:	000b0513          	mv	a0,s6
14001250:	200000ef          	jal	ra,14001450 <__umodsi3>
14001254:	01051513          	slli	a0,a0,0x10
14001258:	010bd793          	srli	a5,s7,0x10
1400125c:	00a7e7b3          	or	a5,a5,a0
14001260:	0097fe63          	bgeu	a5,s1,1400127c <__udivdi3+0x4f0>
14001264:	012787b3          	add	a5,a5,s2
14001268:	fff98713          	addi	a4,s3,-1
1400126c:	1527e463          	bltu	a5,s2,140013b4 <__udivdi3+0x628>
14001270:	1497f263          	bgeu	a5,s1,140013b4 <__udivdi3+0x628>
14001274:	ffe98993          	addi	s3,s3,-2
14001278:	012787b3          	add	a5,a5,s2
1400127c:	409784b3          	sub	s1,a5,s1
14001280:	000c8593          	mv	a1,s9
14001284:	00048513          	mv	a0,s1
14001288:	180000ef          	jal	ra,14001408 <__udivsi3>
1400128c:	00050593          	mv	a1,a0
14001290:	00050b13          	mv	s6,a0
14001294:	000c0513          	mv	a0,s8
14001298:	144000ef          	jal	ra,140013dc <__mulsi3>
1400129c:	00050793          	mv	a5,a0
140012a0:	000c8593          	mv	a1,s9
140012a4:	00048513          	mv	a0,s1
140012a8:	00078493          	mv	s1,a5
140012ac:	1a4000ef          	jal	ra,14001450 <__umodsi3>
140012b0:	010b9713          	slli	a4,s7,0x10
140012b4:	01051513          	slli	a0,a0,0x10
140012b8:	01075713          	srli	a4,a4,0x10
140012bc:	00a76733          	or	a4,a4,a0
140012c0:	00977e63          	bgeu	a4,s1,140012dc <__udivdi3+0x550>
140012c4:	01270733          	add	a4,a4,s2
140012c8:	fffb0793          	addi	a5,s6,-1
140012cc:	0d276c63          	bltu	a4,s2,140013a4 <__udivdi3+0x618>
140012d0:	0c977a63          	bgeu	a4,s1,140013a4 <__udivdi3+0x618>
140012d4:	ffeb0b13          	addi	s6,s6,-2
140012d8:	01270733          	add	a4,a4,s2
140012dc:	00010e37          	lui	t3,0x10
140012e0:	01099993          	slli	s3,s3,0x10
140012e4:	0169e9b3          	or	s3,s3,s6
140012e8:	fffe0813          	addi	a6,t3,-1 # ffff <_stack_top+0xefff>
140012ec:	0109f7b3          	and	a5,s3,a6
140012f0:	010af833          	and	a6,s5,a6
140012f4:	40970733          	sub	a4,a4,s1
140012f8:	0109d313          	srli	t1,s3,0x10
140012fc:	010ada93          	srli	s5,s5,0x10
14001300:	00078513          	mv	a0,a5
14001304:	00080593          	mv	a1,a6
14001308:	0d4000ef          	jal	ra,140013dc <__mulsi3>
1400130c:	00050893          	mv	a7,a0
14001310:	000a8593          	mv	a1,s5
14001314:	00078513          	mv	a0,a5
14001318:	0c4000ef          	jal	ra,140013dc <__mulsi3>
1400131c:	00050793          	mv	a5,a0
14001320:	00080593          	mv	a1,a6
14001324:	00030513          	mv	a0,t1
14001328:	0b4000ef          	jal	ra,140013dc <__mulsi3>
1400132c:	00050813          	mv	a6,a0
14001330:	000a8593          	mv	a1,s5
14001334:	00030513          	mv	a0,t1
14001338:	0a4000ef          	jal	ra,140013dc <__mulsi3>
1400133c:	010787b3          	add	a5,a5,a6
14001340:	0108d693          	srli	a3,a7,0x10
14001344:	00d787b3          	add	a5,a5,a3
14001348:	0107f463          	bgeu	a5,a6,14001350 <__udivdi3+0x5c4>
1400134c:	01c50533          	add	a0,a0,t3
14001350:	0107d693          	srli	a3,a5,0x10
14001354:	00a686b3          	add	a3,a3,a0
14001358:	02d76a63          	bltu	a4,a3,1400138c <__udivdi3+0x600>
1400135c:	00d70863          	beq	a4,a3,1400136c <__udivdi3+0x5e0>
14001360:	00098513          	mv	a0,s3
14001364:	00000913          	li	s2,0
14001368:	b9dff06f          	j	14000f04 <__udivdi3+0x178>
1400136c:	00010737          	lui	a4,0x10
14001370:	fff70713          	addi	a4,a4,-1 # ffff <_stack_top+0xefff>
14001374:	00e7f7b3          	and	a5,a5,a4
14001378:	01079793          	slli	a5,a5,0x10
1400137c:	00e8f8b3          	and	a7,a7,a4
14001380:	01441433          	sll	s0,s0,s4
14001384:	011787b3          	add	a5,a5,a7
14001388:	fcf47ce3          	bgeu	s0,a5,14001360 <__udivdi3+0x5d4>
1400138c:	fff98513          	addi	a0,s3,-1
14001390:	00000913          	li	s2,0
14001394:	b71ff06f          	j	14000f04 <__udivdi3+0x178>
14001398:	00000913          	li	s2,0
1400139c:	00100513          	li	a0,1
140013a0:	b65ff06f          	j	14000f04 <__udivdi3+0x178>
140013a4:	00078b13          	mv	s6,a5
140013a8:	f35ff06f          	j	140012dc <__udivdi3+0x550>
140013ac:	00078b93          	mv	s7,a5
140013b0:	dfdff06f          	j	140011ac <__udivdi3+0x420>
140013b4:	00070993          	mv	s3,a4
140013b8:	ec5ff06f          	j	1400127c <__udivdi3+0x4f0>
140013bc:	00070913          	mv	s2,a4
140013c0:	d8dff06f          	j	1400114c <__udivdi3+0x3c0>
140013c4:	ffe40413          	addi	s0,s0,-2
140013c8:	013787b3          	add	a5,a5,s3
140013cc:	abdff06f          	j	14000e88 <__udivdi3+0xfc>
140013d0:	ffe40413          	addi	s0,s0,-2
140013d4:	013787b3          	add	a5,a5,s3
140013d8:	c65ff06f          	j	1400103c <__udivdi3+0x2b0>

140013dc <__mulsi3>:
140013dc:	00050613          	mv	a2,a0
140013e0:	00000513          	li	a0,0
140013e4:	0015f693          	andi	a3,a1,1
140013e8:	00068463          	beqz	a3,140013f0 <__mulsi3+0x14>
140013ec:	00c50533          	add	a0,a0,a2
140013f0:	0015d593          	srli	a1,a1,0x1
140013f4:	00161613          	slli	a2,a2,0x1
140013f8:	fe0596e3          	bnez	a1,140013e4 <__mulsi3+0x8>
140013fc:	00008067          	ret

14001400 <__divsi3>:
14001400:	06054063          	bltz	a0,14001460 <__umodsi3+0x10>
14001404:	0605c663          	bltz	a1,14001470 <__umodsi3+0x20>

14001408 <__udivsi3>:
14001408:	00058613          	mv	a2,a1
1400140c:	00050593          	mv	a1,a0
14001410:	fff00513          	li	a0,-1
14001414:	02060c63          	beqz	a2,1400144c <__udivsi3+0x44>
14001418:	00100693          	li	a3,1
1400141c:	00b67a63          	bgeu	a2,a1,14001430 <__udivsi3+0x28>
14001420:	00c05863          	blez	a2,14001430 <__udivsi3+0x28>
14001424:	00161613          	slli	a2,a2,0x1
14001428:	00169693          	slli	a3,a3,0x1
1400142c:	feb66ae3          	bltu	a2,a1,14001420 <__udivsi3+0x18>
14001430:	00000513          	li	a0,0
14001434:	00c5e663          	bltu	a1,a2,14001440 <__udivsi3+0x38>
14001438:	40c585b3          	sub	a1,a1,a2
1400143c:	00d56533          	or	a0,a0,a3
14001440:	0016d693          	srli	a3,a3,0x1
14001444:	00165613          	srli	a2,a2,0x1
14001448:	fe0696e3          	bnez	a3,14001434 <__udivsi3+0x2c>
1400144c:	00008067          	ret

14001450 <__umodsi3>:
14001450:	00008293          	mv	t0,ra
14001454:	fb5ff0ef          	jal	ra,14001408 <__udivsi3>
14001458:	00058513          	mv	a0,a1
1400145c:	00028067          	jr	t0
14001460:	40a00533          	neg	a0,a0
14001464:	00b04863          	bgtz	a1,14001474 <__umodsi3+0x24>
14001468:	40b005b3          	neg	a1,a1
1400146c:	f9dff06f          	j	14001408 <__udivsi3>
14001470:	40b005b3          	neg	a1,a1
14001474:	00008293          	mv	t0,ra
14001478:	f91ff0ef          	jal	ra,14001408 <__udivsi3>
1400147c:	40a00533          	neg	a0,a0
14001480:	00028067          	jr	t0

14001484 <__modsi3>:
14001484:	00008293          	mv	t0,ra
14001488:	0005ca63          	bltz	a1,1400149c <__modsi3+0x18>
1400148c:	00054c63          	bltz	a0,140014a4 <__modsi3+0x20>
14001490:	f79ff0ef          	jal	ra,14001408 <__udivsi3>
14001494:	00058513          	mv	a0,a1
14001498:	00028067          	jr	t0
1400149c:	40b005b3          	neg	a1,a1
140014a0:	fe0558e3          	bgez	a0,14001490 <__modsi3+0xc>
140014a4:	40a00533          	neg	a0,a0
140014a8:	f61ff0ef          	jal	ra,14001408 <__udivsi3>
140014ac:	40b00533          	neg	a0,a1
140014b0:	00028067          	jr	t0

140014b4 <strlen>:
140014b4:	00357793          	andi	a5,a0,3
140014b8:	02078463          	beqz	a5,140014e0 <strlen+0x2c>
140014bc:	00050793          	mv	a5,a0
140014c0:	0100006f          	j	140014d0 <strlen+0x1c>
140014c4:	00178793          	addi	a5,a5,1
140014c8:	0037f713          	andi	a4,a5,3
140014cc:	00070c63          	beqz	a4,140014e4 <strlen+0x30>
140014d0:	0007c703          	lbu	a4,0(a5)
140014d4:	fe0718e3          	bnez	a4,140014c4 <strlen+0x10>
140014d8:	40a78533          	sub	a0,a5,a0
140014dc:	00008067          	ret
140014e0:	00050793          	mv	a5,a0
140014e4:	feff05b7          	lui	a1,0xfeff0
140014e8:	80808637          	lui	a2,0x80808
140014ec:	eff58593          	addi	a1,a1,-257 # fefefeff <_etext+0xeafee99f>
140014f0:	08060613          	addi	a2,a2,128 # 80808080 <_etext+0x6c806b20>
140014f4:	0007a683          	lw	a3,0(a5)
140014f8:	00078813          	mv	a6,a5
140014fc:	00478793          	addi	a5,a5,4
14001500:	00b68733          	add	a4,a3,a1
14001504:	fff6c693          	not	a3,a3
14001508:	00d77733          	and	a4,a4,a3
1400150c:	00c77733          	and	a4,a4,a2
14001510:	fe0702e3          	beqz	a4,140014f4 <strlen+0x40>
14001514:	ffc7c703          	lbu	a4,-4(a5)
14001518:	02070463          	beqz	a4,14001540 <strlen+0x8c>
1400151c:	ffd7c703          	lbu	a4,-3(a5)
14001520:	02070463          	beqz	a4,14001548 <strlen+0x94>
14001524:	ffe7c703          	lbu	a4,-2(a5)
14001528:	02070663          	beqz	a4,14001554 <strlen+0xa0>
1400152c:	fff7c703          	lbu	a4,-1(a5)
14001530:	fc0712e3          	bnez	a4,140014f4 <strlen+0x40>
14001534:	40a80833          	sub	a6,a6,a0
14001538:	00380513          	addi	a0,a6,3
1400153c:	00008067          	ret
14001540:	40a80533          	sub	a0,a6,a0
14001544:	00008067          	ret
14001548:	40a80833          	sub	a6,a6,a0
1400154c:	00180513          	addi	a0,a6,1
14001550:	00008067          	ret
14001554:	40a80833          	sub	a6,a6,a0
14001558:	00280513          	addi	a0,a6,2
1400155c:	00008067          	ret
