
peripheralsPWM.elf:     file format elf32-littleriscv


Disassembly of section .text:

10000000 <_ftext>:
10000000:	0b00006f          	j	100000b0 <crt_init>
10000004:	00000013          	nop
10000008:	00000013          	nop
1000000c:	00000013          	nop
10000010:	00000013          	nop
10000014:	00000013          	nop
10000018:	00000013          	nop
1000001c:	00000013          	nop

10000020 <trap_entry>:
10000020:	fe112e23          	sw	ra,-4(sp)
10000024:	fe512c23          	sw	t0,-8(sp)
10000028:	fe612a23          	sw	t1,-12(sp)
1000002c:	fe712823          	sw	t2,-16(sp)
10000030:	fea12623          	sw	a0,-20(sp)
10000034:	feb12423          	sw	a1,-24(sp)
10000038:	fec12223          	sw	a2,-28(sp)
1000003c:	fed12023          	sw	a3,-32(sp)
10000040:	fce12e23          	sw	a4,-36(sp)
10000044:	fcf12c23          	sw	a5,-40(sp)
10000048:	fd012a23          	sw	a6,-44(sp)
1000004c:	fd112823          	sw	a7,-48(sp)
10000050:	fdc12623          	sw	t3,-52(sp)
10000054:	fdd12423          	sw	t4,-56(sp)
10000058:	fde12223          	sw	t5,-60(sp)
1000005c:	fdf12023          	sw	t6,-64(sp)
10000060:	fc010113          	addi	sp,sp,-64
10000064:	110000ef          	jal	ra,10000174 <isr>
10000068:	03c12083          	lw	ra,60(sp)
1000006c:	03812283          	lw	t0,56(sp)
10000070:	03412303          	lw	t1,52(sp)
10000074:	03012383          	lw	t2,48(sp)
10000078:	02c12503          	lw	a0,44(sp)
1000007c:	02812583          	lw	a1,40(sp)
10000080:	02412603          	lw	a2,36(sp)
10000084:	02012683          	lw	a3,32(sp)
10000088:	01c12703          	lw	a4,28(sp)
1000008c:	01812783          	lw	a5,24(sp)
10000090:	01412803          	lw	a6,20(sp)
10000094:	01012883          	lw	a7,16(sp)
10000098:	00c12e03          	lw	t3,12(sp)
1000009c:	00812e83          	lw	t4,8(sp)
100000a0:	00412f03          	lw	t5,4(sp)
100000a4:	00012f83          	lw	t6,0(sp)
100000a8:	04010113          	addi	sp,sp,64
100000ac:	30200073          	mret

100000b0 <crt_init>:
100000b0:	60000113          	li	sp,1536
100000b4:	00000517          	auipc	a0,0x0
100000b8:	f6c50513          	addi	a0,a0,-148 # 10000020 <trap_entry>
100000bc:	30551073          	csrw	mtvec,a0

100000c0 <data_init>:
100000c0:	00000513          	li	a0,0
100000c4:	00000593          	li	a1,0
100000c8:	00001617          	auipc	a2,0x1
100000cc:	8b860613          	addi	a2,a2,-1864 # 10000980 <_etext>

100000d0 <data_loop>:
100000d0:	00b50c63          	beq	a0,a1,100000e8 <bss_init>
100000d4:	00062683          	lw	a3,0(a2)
100000d8:	00d52023          	sw	a3,0(a0)
100000dc:	00450513          	addi	a0,a0,4
100000e0:	00460613          	addi	a2,a2,4
100000e4:	fedff06f          	j	100000d0 <data_loop>

100000e8 <bss_init>:
100000e8:	00000513          	li	a0,0
100000ec:	00800593          	li	a1,8

100000f0 <bss_loop>:
100000f0:	00b50863          	beq	a0,a1,10000100 <bss_done>
100000f4:	00052023          	sw	zero,0(a0)
100000f8:	00450513          	addi	a0,a0,4
100000fc:	ff5ff06f          	j	100000f0 <bss_loop>

10000100 <bss_done>:
10000100:	00001537          	lui	a0,0x1
10000104:	88050513          	addi	a0,a0,-1920 # 880 <_fstack+0x280>
10000108:	30451073          	csrw	mie,a0
1000010c:	364000ef          	jal	ra,10000470 <main>

10000110 <infinit_loop>:
10000110:	0000006f          	j	10000110 <infinit_loop>

10000114 <flush_cpu_icache>:
10000114:	ff010113          	addi	sp,sp,-16
10000118:	00812623          	sw	s0,12(sp)
1000011c:	01010413          	addi	s0,sp,16
10000120:	00000013          	nop
10000124:	00c12403          	lw	s0,12(sp)
10000128:	01010113          	addi	sp,sp,16
1000012c:	00008067          	ret

10000130 <flush_cpu_dcache>:
10000130:	ff010113          	addi	sp,sp,-16
10000134:	00812623          	sw	s0,12(sp)
10000138:	01010413          	addi	s0,sp,16
1000013c:	00000013          	nop
10000140:	00c12403          	lw	s0,12(sp)
10000144:	01010113          	addi	sp,sp,16
10000148:	00008067          	ret

1000014c <irq_setmask>:
1000014c:	fe010113          	addi	sp,sp,-32
10000150:	00812e23          	sw	s0,28(sp)
10000154:	02010413          	addi	s0,sp,32
10000158:	fea42623          	sw	a0,-20(s0)
1000015c:	fec42783          	lw	a5,-20(s0)
10000160:	bc079073          	csrw	0xbc0,a5
10000164:	00000013          	nop
10000168:	01c12403          	lw	s0,28(sp)
1000016c:	02010113          	addi	sp,sp,32
10000170:	00008067          	ret

10000174 <isr>:
10000174:	ff010113          	addi	sp,sp,-16
10000178:	00112623          	sw	ra,12(sp)
1000017c:	00812423          	sw	s0,8(sp)
10000180:	01010413          	addi	s0,sp,16
10000184:	00000513          	li	a0,0
10000188:	fc5ff0ef          	jal	ra,1000014c <irq_setmask>
1000018c:	f00037b7          	lui	a5,0xf0003
10000190:	03878793          	addi	a5,a5,56 # f0003038 <_etext+0xe00026b8>
10000194:	00a00713          	li	a4,10
10000198:	00e7a023          	sw	a4,0(a5)
1000019c:	f00037b7          	lui	a5,0xf0003
100001a0:	03c78793          	addi	a5,a5,60 # f000303c <_etext+0xe00026bc>
100001a4:	00020737          	lui	a4,0x20
100001a8:	00e7a023          	sw	a4,0(a5)
100001ac:	00100713          	li	a4,1
100001b0:	00e01023          	sh	a4,0(zero) # 0 <flag>
100001b4:	00000013          	nop
100001b8:	00c12083          	lw	ra,12(sp)
100001bc:	00812403          	lw	s0,8(sp)
100001c0:	01010113          	addi	sp,sp,16
100001c4:	00008067          	ret

100001c8 <flush_cpu_icache>:
100001c8:	ff010113          	addi	sp,sp,-16
100001cc:	00812623          	sw	s0,12(sp)
100001d0:	01010413          	addi	s0,sp,16
100001d4:	00000013          	nop
100001d8:	00c12403          	lw	s0,12(sp)
100001dc:	01010113          	addi	sp,sp,16
100001e0:	00008067          	ret

100001e4 <flush_cpu_dcache>:
100001e4:	ff010113          	addi	sp,sp,-16
100001e8:	00812623          	sw	s0,12(sp)
100001ec:	01010413          	addi	s0,sp,16
100001f0:	00000013          	nop
100001f4:	00c12403          	lw	s0,12(sp)
100001f8:	01010113          	addi	sp,sp,16
100001fc:	00008067          	ret

10000200 <putchar>:
10000200:	fe010113          	addi	sp,sp,-32
10000204:	00112e23          	sw	ra,28(sp)
10000208:	00812c23          	sw	s0,24(sp)
1000020c:	02010413          	addi	s0,sp,32
10000210:	00050793          	mv	a5,a0
10000214:	fef407a3          	sb	a5,-17(s0)
10000218:	fef44703          	lbu	a4,-17(s0)
1000021c:	00a00793          	li	a5,10
10000220:	00f71663          	bne	a4,a5,1000022c <putchar+0x2c>
10000224:	00d00513          	li	a0,13
10000228:	fd9ff0ef          	jal	ra,10000200 <putchar>
1000022c:	00000013          	nop
10000230:	f00067b7          	lui	a5,0xf0006
10000234:	80478793          	addi	a5,a5,-2044 # f0005804 <_etext+0xe0004e84>
10000238:	0007a703          	lw	a4,0(a5)
1000023c:	00100793          	li	a5,1
10000240:	fef708e3          	beq	a4,a5,10000230 <putchar+0x30>
10000244:	f00067b7          	lui	a5,0xf0006
10000248:	80078793          	addi	a5,a5,-2048 # f0005800 <_etext+0xe0004e80>
1000024c:	fef44703          	lbu	a4,-17(s0)
10000250:	00e7a023          	sw	a4,0(a5)
10000254:	00000013          	nop
10000258:	01c12083          	lw	ra,28(sp)
1000025c:	01812403          	lw	s0,24(sp)
10000260:	02010113          	addi	sp,sp,32
10000264:	00008067          	ret

10000268 <print>:
10000268:	fe010113          	addi	sp,sp,-32
1000026c:	00112e23          	sw	ra,28(sp)
10000270:	00812c23          	sw	s0,24(sp)
10000274:	02010413          	addi	s0,sp,32
10000278:	fea42623          	sw	a0,-20(s0)
1000027c:	01c0006f          	j	10000298 <print+0x30>
10000280:	fec42783          	lw	a5,-20(s0)
10000284:	00178713          	addi	a4,a5,1
10000288:	fee42623          	sw	a4,-20(s0)
1000028c:	0007c783          	lbu	a5,0(a5)
10000290:	00078513          	mv	a0,a5
10000294:	f6dff0ef          	jal	ra,10000200 <putchar>
10000298:	fec42783          	lw	a5,-20(s0)
1000029c:	0007c783          	lbu	a5,0(a5)
100002a0:	fe0790e3          	bnez	a5,10000280 <print+0x18>
100002a4:	00000013          	nop
100002a8:	00000013          	nop
100002ac:	01c12083          	lw	ra,28(sp)
100002b0:	01812403          	lw	s0,24(sp)
100002b4:	02010113          	addi	sp,sp,32
100002b8:	00008067          	ret

100002bc <wbWrite>:
100002bc:	fd010113          	addi	sp,sp,-48
100002c0:	02812623          	sw	s0,44(sp)
100002c4:	03010413          	addi	s0,sp,48
100002c8:	fca42e23          	sw	a0,-36(s0)
100002cc:	fcb42c23          	sw	a1,-40(s0)
100002d0:	fdc42783          	lw	a5,-36(s0)
100002d4:	fef42623          	sw	a5,-20(s0)
100002d8:	300007b7          	lui	a5,0x30000
100002dc:	fec42683          	lw	a3,-20(s0)
100002e0:	ffff8737          	lui	a4,0xffff8
100002e4:	00e6f733          	and	a4,a3,a4
100002e8:	00e7a023          	sw	a4,0(a5) # 30000000 <_etext+0x1ffff680>
100002ec:	fec42703          	lw	a4,-20(s0)
100002f0:	000107b7          	lui	a5,0x10
100002f4:	fff78793          	addi	a5,a5,-1 # ffff <_fstack+0xf9ff>
100002f8:	00f77733          	and	a4,a4,a5
100002fc:	300087b7          	lui	a5,0x30008
10000300:	00f767b3          	or	a5,a4,a5
10000304:	fef42423          	sw	a5,-24(s0)
10000308:	fe842783          	lw	a5,-24(s0)
1000030c:	fd842703          	lw	a4,-40(s0)
10000310:	00e7a023          	sw	a4,0(a5) # 30008000 <_etext+0x20007680>
10000314:	00000013          	nop
10000318:	02c12403          	lw	s0,44(sp)
1000031c:	03010113          	addi	sp,sp,48
10000320:	00008067          	ret

10000324 <wbRead>:
10000324:	fd010113          	addi	sp,sp,-48
10000328:	02812623          	sw	s0,44(sp)
1000032c:	03010413          	addi	s0,sp,48
10000330:	fca42e23          	sw	a0,-36(s0)
10000334:	fdc42783          	lw	a5,-36(s0)
10000338:	fef42623          	sw	a5,-20(s0)
1000033c:	300007b7          	lui	a5,0x30000
10000340:	fec42683          	lw	a3,-20(s0)
10000344:	ffff8737          	lui	a4,0xffff8
10000348:	00e6f733          	and	a4,a3,a4
1000034c:	00e7a023          	sw	a4,0(a5) # 30000000 <_etext+0x1ffff680>
10000350:	fec42703          	lw	a4,-20(s0)
10000354:	000107b7          	lui	a5,0x10
10000358:	fff78793          	addi	a5,a5,-1 # ffff <_fstack+0xf9ff>
1000035c:	00f77733          	and	a4,a4,a5
10000360:	300087b7          	lui	a5,0x30008
10000364:	00f767b3          	or	a5,a4,a5
10000368:	fef42423          	sw	a5,-24(s0)
1000036c:	fe842783          	lw	a5,-24(s0)
10000370:	0007a783          	lw	a5,0(a5) # 30008000 <_etext+0x20007680>
10000374:	00078513          	mv	a0,a5
10000378:	02c12403          	lw	s0,44(sp)
1000037c:	03010113          	addi	sp,sp,48
10000380:	00008067          	ret

10000384 <nextTest>:
10000384:	fe010113          	addi	sp,sp,-32
10000388:	00112e23          	sw	ra,28(sp)
1000038c:	00812c23          	sw	s0,24(sp)
10000390:	02010413          	addi	s0,sp,32
10000394:	00050793          	mv	a5,a0
10000398:	fef407a3          	sb	a5,-17(s0)
1000039c:	fef44783          	lbu	a5,-17(s0)
100003a0:	00078c63          	beqz	a5,100003b8 <nextTest+0x34>
100003a4:	000035b7          	lui	a1,0x3
100003a8:	330317b7          	lui	a5,0x33031
100003ac:	01478513          	addi	a0,a5,20 # 33031014 <_etext+0x23030694>
100003b0:	f0dff0ef          	jal	ra,100002bc <wbWrite>
100003b4:	0240006f          	j	100003d8 <nextTest+0x54>
100003b8:	000015b7          	lui	a1,0x1
100003bc:	330317b7          	lui	a5,0x33031
100003c0:	01878513          	addi	a0,a5,24 # 33031018 <_etext+0x23030698>
100003c4:	ef9ff0ef          	jal	ra,100002bc <wbWrite>
100003c8:	000025b7          	lui	a1,0x2
100003cc:	330317b7          	lui	a5,0x33031
100003d0:	01478513          	addi	a0,a5,20 # 33031014 <_etext+0x23030694>
100003d4:	ee9ff0ef          	jal	ra,100002bc <wbWrite>
100003d8:	000025b7          	lui	a1,0x2
100003dc:	330317b7          	lui	a5,0x33031
100003e0:	01878513          	addi	a0,a5,24 # 33031018 <_etext+0x23030698>
100003e4:	ed9ff0ef          	jal	ra,100002bc <wbWrite>
100003e8:	00000013          	nop
100003ec:	01c12083          	lw	ra,28(sp)
100003f0:	01812403          	lw	s0,24(sp)
100003f4:	02010113          	addi	sp,sp,32
100003f8:	00008067          	ret

100003fc <tryGetPWMState>:
100003fc:	fd010113          	addi	sp,sp,-48
10000400:	02112623          	sw	ra,44(sp)
10000404:	02812423          	sw	s0,40(sp)
10000408:	03010413          	addi	s0,sp,48
1000040c:	fca42e23          	sw	a0,-36(s0)
10000410:	fcb42c23          	sw	a1,-40(s0)
10000414:	fcc42a23          	sw	a2,-44(s0)
10000418:	fcd42823          	sw	a3,-48(s0)
1000041c:	fd042783          	lw	a5,-48(s0)
10000420:	fef42623          	sw	a5,-20(s0)
10000424:	0100006f          	j	10000434 <tryGetPWMState+0x38>
10000428:	fec42783          	lw	a5,-20(s0)
1000042c:	fff78793          	addi	a5,a5,-1
10000430:	fef42623          	sw	a5,-20(s0)
10000434:	fec42783          	lw	a5,-20(s0)
10000438:	02078063          	beqz	a5,10000458 <tryGetPWMState+0x5c>
1000043c:	fdc42503          	lw	a0,-36(s0)
10000440:	ee5ff0ef          	jal	ra,10000324 <wbRead>
10000444:	00050713          	mv	a4,a0
10000448:	fd842783          	lw	a5,-40(s0)
1000044c:	00f777b3          	and	a5,a4,a5
10000450:	fd442703          	lw	a4,-44(s0)
10000454:	fcf71ae3          	bne	a4,a5,10000428 <tryGetPWMState+0x2c>
10000458:	fec42783          	lw	a5,-20(s0)
1000045c:	00078513          	mv	a0,a5
10000460:	02c12083          	lw	ra,44(sp)
10000464:	02812403          	lw	s0,40(sp)
10000468:	03010113          	addi	sp,sp,48
1000046c:	00008067          	ret

10000470 <main>:
10000470:	fc010113          	addi	sp,sp,-64
10000474:	02112e23          	sw	ra,60(sp)
10000478:	02812c23          	sw	s0,56(sp)
1000047c:	04010413          	addi	s0,sp,64
10000480:	f00047b7          	lui	a5,0xf0004
10000484:	80078793          	addi	a5,a5,-2048 # f0003800 <_etext+0xe0002e80>
10000488:	00100713          	li	a4,1
1000048c:	00e7a023          	sw	a4,0(a5)
10000490:	260007b7          	lui	a5,0x26000
10000494:	05478793          	addi	a5,a5,84 # 26000054 <_etext+0x15fff6d4>
10000498:	00002737          	lui	a4,0x2
1000049c:	80870713          	addi	a4,a4,-2040 # 1808 <_fstack+0x1208>
100004a0:	00e7a023          	sw	a4,0(a5)
100004a4:	260007b7          	lui	a5,0x26000
100004a8:	05878793          	addi	a5,a5,88 # 26000058 <_etext+0x15fff6d8>
100004ac:	00002737          	lui	a4,0x2
100004b0:	80870713          	addi	a4,a4,-2040 # 1808 <_fstack+0x1208>
100004b4:	00e7a023          	sw	a4,0(a5)
100004b8:	260007b7          	lui	a5,0x26000
100004bc:	05c78793          	addi	a5,a5,92 # 2600005c <_etext+0x15fff6dc>
100004c0:	00002737          	lui	a4,0x2
100004c4:	80870713          	addi	a4,a4,-2040 # 1808 <_fstack+0x1208>
100004c8:	00e7a023          	sw	a4,0(a5)
100004cc:	260007b7          	lui	a5,0x26000
100004d0:	06078793          	addi	a5,a5,96 # 26000060 <_etext+0x15fff6e0>
100004d4:	00002737          	lui	a4,0x2
100004d8:	80870713          	addi	a4,a4,-2040 # 1808 <_fstack+0x1208>
100004dc:	00e7a023          	sw	a4,0(a5)
100004e0:	260007b7          	lui	a5,0x26000
100004e4:	06478793          	addi	a5,a5,100 # 26000064 <_etext+0x15fff6e4>
100004e8:	00002737          	lui	a4,0x2
100004ec:	80870713          	addi	a4,a4,-2040 # 1808 <_fstack+0x1208>
100004f0:	00e7a023          	sw	a4,0(a5)
100004f4:	260007b7          	lui	a5,0x26000
100004f8:	00100713          	li	a4,1
100004fc:	00e7a023          	sw	a4,0(a5) # 26000000 <_etext+0x15fff680>
10000500:	00000013          	nop
10000504:	260007b7          	lui	a5,0x26000
10000508:	0007a703          	lw	a4,0(a5) # 26000000 <_etext+0x15fff680>
1000050c:	00100793          	li	a5,1
10000510:	fef70ae3          	beq	a4,a5,10000504 <main+0x94>
10000514:	00100793          	li	a5,1
10000518:	fef407a3          	sb	a5,-17(s0)
1000051c:	000015b7          	lui	a1,0x1
10000520:	330317b7          	lui	a5,0x33031
10000524:	01078513          	addi	a0,a5,16 # 33031010 <_etext+0x23030690>
10000528:	d95ff0ef          	jal	ra,100002bc <wbWrite>
1000052c:	ffffd7b7          	lui	a5,0xffffd
10000530:	fff78593          	addi	a1,a5,-1 # ffffcfff <_etext+0xefffc67f>
10000534:	33031537          	lui	a0,0x33031
10000538:	d85ff0ef          	jal	ra,100002bc <wbWrite>
1000053c:	000037b7          	lui	a5,0x3
10000540:	32378793          	addi	a5,a5,803 # 3323 <_fstack+0x2d23>
10000544:	fef42423          	sw	a5,-24(s0)
10000548:	fe842583          	lw	a1,-24(s0)
1000054c:	33021537          	lui	a0,0x33021
10000550:	d6dff0ef          	jal	ra,100002bc <wbWrite>
10000554:	33021537          	lui	a0,0x33021
10000558:	dcdff0ef          	jal	ra,10000324 <wbRead>
1000055c:	00050713          	mv	a4,a0
10000560:	fe842783          	lw	a5,-24(s0)
10000564:	00e78463          	beq	a5,a4,1000056c <main+0xfc>
10000568:	fe0407a3          	sb	zero,-17(s0)
1000056c:	fef44783          	lbu	a5,-17(s0)
10000570:	00078513          	mv	a0,a5
10000574:	e11ff0ef          	jal	ra,10000384 <nextTest>
10000578:	000017b7          	lui	a5,0x1
1000057c:	38778793          	addi	a5,a5,903 # 1387 <_fstack+0xd87>
10000580:	fef42223          	sw	a5,-28(s0)
10000584:	fe442583          	lw	a1,-28(s0)
10000588:	330217b7          	lui	a5,0x33021
1000058c:	00478513          	addi	a0,a5,4 # 33021004 <_etext+0x23020684>
10000590:	d2dff0ef          	jal	ra,100002bc <wbWrite>
10000594:	330217b7          	lui	a5,0x33021
10000598:	00478513          	addi	a0,a5,4 # 33021004 <_etext+0x23020684>
1000059c:	d89ff0ef          	jal	ra,10000324 <wbRead>
100005a0:	00050713          	mv	a4,a0
100005a4:	fe442783          	lw	a5,-28(s0)
100005a8:	00e78463          	beq	a5,a4,100005b0 <main+0x140>
100005ac:	fe0407a3          	sb	zero,-17(s0)
100005b0:	fef44783          	lbu	a5,-17(s0)
100005b4:	00078513          	mv	a0,a5
100005b8:	dcdff0ef          	jal	ra,10000384 <nextTest>
100005bc:	46200793          	li	a5,1122
100005c0:	fef42023          	sw	a5,-32(s0)
100005c4:	fe042583          	lw	a1,-32(s0)
100005c8:	33022537          	lui	a0,0x33022
100005cc:	cf1ff0ef          	jal	ra,100002bc <wbWrite>
100005d0:	33022537          	lui	a0,0x33022
100005d4:	d51ff0ef          	jal	ra,10000324 <wbRead>
100005d8:	00050713          	mv	a4,a0
100005dc:	fe042783          	lw	a5,-32(s0)
100005e0:	00e78463          	beq	a5,a4,100005e8 <main+0x178>
100005e4:	fe0407a3          	sb	zero,-17(s0)
100005e8:	fef44783          	lbu	a5,-17(s0)
100005ec:	00078513          	mv	a0,a5
100005f0:	d95ff0ef          	jal	ra,10000384 <nextTest>
100005f4:	000027b7          	lui	a5,0x2
100005f8:	70f78793          	addi	a5,a5,1807 # 270f <_fstack+0x210f>
100005fc:	fcf42e23          	sw	a5,-36(s0)
10000600:	fdc42583          	lw	a1,-36(s0)
10000604:	330227b7          	lui	a5,0x33022
10000608:	00478513          	addi	a0,a5,4 # 33022004 <_etext+0x23021684>
1000060c:	cb1ff0ef          	jal	ra,100002bc <wbWrite>
10000610:	330227b7          	lui	a5,0x33022
10000614:	00478513          	addi	a0,a5,4 # 33022004 <_etext+0x23021684>
10000618:	d0dff0ef          	jal	ra,10000324 <wbRead>
1000061c:	00050713          	mv	a4,a0
10000620:	fdc42783          	lw	a5,-36(s0)
10000624:	00e78463          	beq	a5,a4,1000062c <main+0x1bc>
10000628:	fe0407a3          	sb	zero,-17(s0)
1000062c:	fef44783          	lbu	a5,-17(s0)
10000630:	00078513          	mv	a0,a5
10000634:	d51ff0ef          	jal	ra,10000384 <nextTest>
10000638:	000017b7          	lui	a5,0x1
1000063c:	9c378793          	addi	a5,a5,-1597 # 9c3 <_fstack+0x3c3>
10000640:	fcf42c23          	sw	a5,-40(s0)
10000644:	fd842583          	lw	a1,-40(s0)
10000648:	330217b7          	lui	a5,0x33021
1000064c:	01878513          	addi	a0,a5,24 # 33021018 <_etext+0x23020698>
10000650:	c6dff0ef          	jal	ra,100002bc <wbWrite>
10000654:	330217b7          	lui	a5,0x33021
10000658:	01878513          	addi	a0,a5,24 # 33021018 <_etext+0x23020698>
1000065c:	cc9ff0ef          	jal	ra,10000324 <wbRead>
10000660:	00050713          	mv	a4,a0
10000664:	fd842783          	lw	a5,-40(s0)
10000668:	00e78463          	beq	a5,a4,10000670 <main+0x200>
1000066c:	fe0407a3          	sb	zero,-17(s0)
10000670:	fef44783          	lbu	a5,-17(s0)
10000674:	00078513          	mv	a0,a5
10000678:	d0dff0ef          	jal	ra,10000384 <nextTest>
1000067c:	000017b7          	lui	a5,0x1
10000680:	dab78793          	addi	a5,a5,-597 # dab <_fstack+0x7ab>
10000684:	fcf42a23          	sw	a5,-44(s0)
10000688:	fd442583          	lw	a1,-44(s0)
1000068c:	330217b7          	lui	a5,0x33021
10000690:	01c78513          	addi	a0,a5,28 # 3302101c <_etext+0x2302069c>
10000694:	c29ff0ef          	jal	ra,100002bc <wbWrite>
10000698:	330217b7          	lui	a5,0x33021
1000069c:	01c78513          	addi	a0,a5,28 # 3302101c <_etext+0x2302069c>
100006a0:	c85ff0ef          	jal	ra,10000324 <wbRead>
100006a4:	00050713          	mv	a4,a0
100006a8:	fd442783          	lw	a5,-44(s0)
100006ac:	00e78463          	beq	a5,a4,100006b4 <main+0x244>
100006b0:	fe0407a3          	sb	zero,-17(s0)
100006b4:	fef44783          	lbu	a5,-17(s0)
100006b8:	00078513          	mv	a0,a5
100006bc:	cc9ff0ef          	jal	ra,10000384 <nextTest>
100006c0:	7cf00793          	li	a5,1999
100006c4:	fcf42823          	sw	a5,-48(s0)
100006c8:	fd042583          	lw	a1,-48(s0)
100006cc:	330227b7          	lui	a5,0x33022
100006d0:	01078513          	addi	a0,a5,16 # 33022010 <_etext+0x23021690>
100006d4:	be9ff0ef          	jal	ra,100002bc <wbWrite>
100006d8:	330227b7          	lui	a5,0x33022
100006dc:	01078513          	addi	a0,a5,16 # 33022010 <_etext+0x23021690>
100006e0:	c45ff0ef          	jal	ra,10000324 <wbRead>
100006e4:	00050713          	mv	a4,a0
100006e8:	fd042783          	lw	a5,-48(s0)
100006ec:	00e78463          	beq	a5,a4,100006f4 <main+0x284>
100006f0:	fe0407a3          	sb	zero,-17(s0)
100006f4:	fef44783          	lbu	a5,-17(s0)
100006f8:	00078513          	mv	a0,a5
100006fc:	c89ff0ef          	jal	ra,10000384 <nextTest>
10000700:	330217b7          	lui	a5,0x33021
10000704:	00878513          	addi	a0,a5,8 # 33021008 <_etext+0x23020688>
10000708:	c1dff0ef          	jal	ra,10000324 <wbRead>
1000070c:	00050713          	mv	a4,a0
10000710:	000107b7          	lui	a5,0x10
10000714:	fff78793          	addi	a5,a5,-1 # ffff <_fstack+0xf9ff>
10000718:	00f777b3          	and	a5,a4,a5
1000071c:	fcf42623          	sw	a5,-52(s0)
10000720:	330217b7          	lui	a5,0x33021
10000724:	00878513          	addi	a0,a5,8 # 33021008 <_etext+0x23020688>
10000728:	bfdff0ef          	jal	ra,10000324 <wbRead>
1000072c:	00050713          	mv	a4,a0
10000730:	000107b7          	lui	a5,0x10
10000734:	fff78793          	addi	a5,a5,-1 # ffff <_fstack+0xf9ff>
10000738:	00f777b3          	and	a5,a4,a5
1000073c:	fcc42703          	lw	a4,-52(s0)
10000740:	02f71663          	bne	a4,a5,1000076c <main+0x2fc>
10000744:	330217b7          	lui	a5,0x33021
10000748:	00878513          	addi	a0,a5,8 # 33021008 <_etext+0x23020688>
1000074c:	bd9ff0ef          	jal	ra,10000324 <wbRead>
10000750:	00050713          	mv	a4,a0
10000754:	000107b7          	lui	a5,0x10
10000758:	fff78793          	addi	a5,a5,-1 # ffff <_fstack+0xf9ff>
1000075c:	00f777b3          	and	a5,a4,a5
10000760:	fcc42703          	lw	a4,-52(s0)
10000764:	00f71463          	bne	a4,a5,1000076c <main+0x2fc>
10000768:	fe0407a3          	sb	zero,-17(s0)
1000076c:	fef44783          	lbu	a5,-17(s0)
10000770:	00078513          	mv	a0,a5
10000774:	c11ff0ef          	jal	ra,10000384 <nextTest>
10000778:	01400693          	li	a3,20
1000077c:	00040637          	lui	a2,0x40
10000780:	000405b7          	lui	a1,0x40
10000784:	330217b7          	lui	a5,0x33021
10000788:	00878513          	addi	a0,a5,8 # 33021008 <_etext+0x23020688>
1000078c:	c71ff0ef          	jal	ra,100003fc <tryGetPWMState>
10000790:	fca42423          	sw	a0,-56(s0)
10000794:	fc842783          	lw	a5,-56(s0)
10000798:	00079463          	bnez	a5,100007a0 <main+0x330>
1000079c:	fe0407a3          	sb	zero,-17(s0)
100007a0:	fef44783          	lbu	a5,-17(s0)
100007a4:	00078513          	mv	a0,a5
100007a8:	bddff0ef          	jal	ra,10000384 <nextTest>
100007ac:	01400693          	li	a3,20
100007b0:	00000613          	li	a2,0
100007b4:	000405b7          	lui	a1,0x40
100007b8:	330217b7          	lui	a5,0x33021
100007bc:	00878513          	addi	a0,a5,8 # 33021008 <_etext+0x23020688>
100007c0:	c3dff0ef          	jal	ra,100003fc <tryGetPWMState>
100007c4:	fca42423          	sw	a0,-56(s0)
100007c8:	fc842783          	lw	a5,-56(s0)
100007cc:	00079463          	bnez	a5,100007d4 <main+0x364>
100007d0:	fe0407a3          	sb	zero,-17(s0)
100007d4:	fef44783          	lbu	a5,-17(s0)
100007d8:	00078513          	mv	a0,a5
100007dc:	ba9ff0ef          	jal	ra,10000384 <nextTest>
100007e0:	01400693          	li	a3,20
100007e4:	00000613          	li	a2,0
100007e8:	000405b7          	lui	a1,0x40
100007ec:	330217b7          	lui	a5,0x33021
100007f0:	00878513          	addi	a0,a5,8 # 33021008 <_etext+0x23020688>
100007f4:	c09ff0ef          	jal	ra,100003fc <tryGetPWMState>
100007f8:	fca42423          	sw	a0,-56(s0)
100007fc:	fc842783          	lw	a5,-56(s0)
10000800:	00079463          	bnez	a5,10000808 <main+0x398>
10000804:	fe0407a3          	sb	zero,-17(s0)
10000808:	01400693          	li	a3,20
1000080c:	00040637          	lui	a2,0x40
10000810:	000405b7          	lui	a1,0x40
10000814:	330217b7          	lui	a5,0x33021
10000818:	00878513          	addi	a0,a5,8 # 33021008 <_etext+0x23020688>
1000081c:	be1ff0ef          	jal	ra,100003fc <tryGetPWMState>
10000820:	fca42423          	sw	a0,-56(s0)
10000824:	fc842783          	lw	a5,-56(s0)
10000828:	00079463          	bnez	a5,10000830 <main+0x3c0>
1000082c:	fe0407a3          	sb	zero,-17(s0)
10000830:	01400693          	li	a3,20
10000834:	00000613          	li	a2,0
10000838:	000405b7          	lui	a1,0x40
1000083c:	330217b7          	lui	a5,0x33021
10000840:	00878513          	addi	a0,a5,8 # 33021008 <_etext+0x23020688>
10000844:	bb9ff0ef          	jal	ra,100003fc <tryGetPWMState>
10000848:	fca42423          	sw	a0,-56(s0)
1000084c:	fc842783          	lw	a5,-56(s0)
10000850:	00079463          	bnez	a5,10000858 <main+0x3e8>
10000854:	fe0407a3          	sb	zero,-17(s0)
10000858:	fef44783          	lbu	a5,-17(s0)
1000085c:	00078513          	mv	a0,a5
10000860:	b25ff0ef          	jal	ra,10000384 <nextTest>
10000864:	01400693          	li	a3,20
10000868:	00000613          	li	a2,0
1000086c:	000805b7          	lui	a1,0x80
10000870:	330217b7          	lui	a5,0x33021
10000874:	00878513          	addi	a0,a5,8 # 33021008 <_etext+0x23020688>
10000878:	b85ff0ef          	jal	ra,100003fc <tryGetPWMState>
1000087c:	fca42423          	sw	a0,-56(s0)
10000880:	fc842783          	lw	a5,-56(s0)
10000884:	00079463          	bnez	a5,1000088c <main+0x41c>
10000888:	fe0407a3          	sb	zero,-17(s0)
1000088c:	01400693          	li	a3,20
10000890:	00080637          	lui	a2,0x80
10000894:	000805b7          	lui	a1,0x80
10000898:	330217b7          	lui	a5,0x33021
1000089c:	00878513          	addi	a0,a5,8 # 33021008 <_etext+0x23020688>
100008a0:	b5dff0ef          	jal	ra,100003fc <tryGetPWMState>
100008a4:	fca42423          	sw	a0,-56(s0)
100008a8:	fc842783          	lw	a5,-56(s0)
100008ac:	00079463          	bnez	a5,100008b4 <main+0x444>
100008b0:	fe0407a3          	sb	zero,-17(s0)
100008b4:	01400693          	li	a3,20
100008b8:	00000613          	li	a2,0
100008bc:	000805b7          	lui	a1,0x80
100008c0:	330217b7          	lui	a5,0x33021
100008c4:	00878513          	addi	a0,a5,8 # 33021008 <_etext+0x23020688>
100008c8:	b35ff0ef          	jal	ra,100003fc <tryGetPWMState>
100008cc:	fca42423          	sw	a0,-56(s0)
100008d0:	fc842783          	lw	a5,-56(s0)
100008d4:	00079463          	bnez	a5,100008dc <main+0x46c>
100008d8:	fe0407a3          	sb	zero,-17(s0)
100008dc:	fef44783          	lbu	a5,-17(s0)
100008e0:	00078513          	mv	a0,a5
100008e4:	aa1ff0ef          	jal	ra,10000384 <nextTest>
100008e8:	01400693          	li	a3,20
100008ec:	00000613          	li	a2,0
100008f0:	000105b7          	lui	a1,0x10
100008f4:	330227b7          	lui	a5,0x33022
100008f8:	00878513          	addi	a0,a5,8 # 33022008 <_etext+0x23021688>
100008fc:	b01ff0ef          	jal	ra,100003fc <tryGetPWMState>
10000900:	fca42423          	sw	a0,-56(s0)
10000904:	fc842783          	lw	a5,-56(s0)
10000908:	00079463          	bnez	a5,10000910 <main+0x4a0>
1000090c:	fe0407a3          	sb	zero,-17(s0)
10000910:	01400693          	li	a3,20
10000914:	00010637          	lui	a2,0x10
10000918:	000105b7          	lui	a1,0x10
1000091c:	330227b7          	lui	a5,0x33022
10000920:	00878513          	addi	a0,a5,8 # 33022008 <_etext+0x23021688>
10000924:	ad9ff0ef          	jal	ra,100003fc <tryGetPWMState>
10000928:	fca42423          	sw	a0,-56(s0)
1000092c:	fc842783          	lw	a5,-56(s0)
10000930:	00079463          	bnez	a5,10000938 <main+0x4c8>
10000934:	fe0407a3          	sb	zero,-17(s0)
10000938:	01400693          	li	a3,20
1000093c:	00000613          	li	a2,0
10000940:	000105b7          	lui	a1,0x10
10000944:	330227b7          	lui	a5,0x33022
10000948:	00878513          	addi	a0,a5,8 # 33022008 <_etext+0x23021688>
1000094c:	ab1ff0ef          	jal	ra,100003fc <tryGetPWMState>
10000950:	fca42423          	sw	a0,-56(s0)
10000954:	fc842783          	lw	a5,-56(s0)
10000958:	00079463          	bnez	a5,10000960 <main+0x4f0>
1000095c:	fe0407a3          	sb	zero,-17(s0)
10000960:	fef44783          	lbu	a5,-17(s0)
10000964:	00078513          	mv	a0,a5
10000968:	a1dff0ef          	jal	ra,10000384 <nextTest>
1000096c:	00000013          	nop
10000970:	03c12083          	lw	ra,60(sp)
10000974:	03812403          	lw	s0,56(sp)
10000978:	04010113          	addi	sp,sp,64
1000097c:	00008067          	ret
